Log file open, 10/13/20 15:10:06
LogWindows: Failed to load 'aqProf.dll' (GetLastError=126)
LogWindows: File 'aqProf.dll' does not exist
LogWindows: Failed to load 'VSPerf140.dll' (GetLastError=126)
LogWindows: File 'VSPerf140.dll' does not exist
LogWindows: Failed to load 'VtuneApi.dll' (GetLastError=126)
LogWindows: File 'VtuneApi.dll' does not exist
LogWindows: Failed to load 'VtuneApi32e.dll' (GetLastError=126)
LogWindows: File 'VtuneApi32e.dll' does not exist
LogInit: Display: Running engine for game: MazeGame
LogPlatformFile: Not using cached read wrapper
LogTaskGraph: Started task graph with 5 named threads and 23 total threads with 3 sets of task threads.
LogStats: Stats thread started at 0.276766
LogD3D11RHI: Loaded GFSDK_Aftermath_Lib.x64.dll
LogICUInternationalization: Display: ICU TimeZone Detection - Raw Offset: +1:00, Platform Override: ''
LogPluginManager: Mounting plugin Paper2D
LogPluginManager: Mounting plugin AISupport
LogPluginManager: Mounting plugin LightPropagationVolume
LogPluginManager: Mounting plugin CLionSourceCodeAccess
LogPluginManager: Mounting plugin CodeLiteSourceCodeAccess
LogPluginManager: Mounting plugin GitSourceControl
LogPluginManager: Mounting plugin KDevelopSourceCodeAccess
LogPluginManager: Mounting plugin NullSourceCodeAccess
LogPluginManager: Mounting plugin PerforceSourceControl
LogPluginManager: Mounting plugin SubversionSourceControl
LogPluginManager: Mounting plugin UObjectPlugin
LogPluginManager: Mounting plugin VisualStudioCodeSourceCodeAccess
LogPluginManager: Mounting plugin VisualStudioSourceCodeAccess
LogPluginManager: Mounting plugin XCodeSourceCodeAccess
LogPluginManager: Mounting plugin AssetManagerEditor
LogPluginManager: Mounting plugin CryptoKeys
LogPluginManager: Mounting plugin DataValidation
LogPluginManager: Mounting plugin FacialAnimation
LogPluginManager: Mounting plugin GameplayTagsEditor
LogPluginManager: Mounting plugin MacGraphicsSwitching
LogPluginManager: Mounting plugin MeshEditor
LogPluginManager: Mounting plugin MobileLauncherProfileWizard
LogPluginManager: Mounting plugin PluginBrowser
LogPluginManager: Mounting plugin SpeedTreeImporter
LogPluginManager: Mounting plugin DatasmithContent
LogPluginManager: Mounting plugin AlembicImporter
LogPluginManager: Mounting plugin AppleImageUtils
LogPluginManager: Mounting plugin AppleVision
LogPluginManager: Mounting plugin BackChannel
LogPluginManager: Mounting plugin CharacterAI
LogPluginManager: Mounting plugin GeometryCache
LogPluginManager: Mounting plugin HTML5Networking
LogPluginManager: Mounting plugin ProxyLODPlugin
LogPluginManager: Mounting plugin MagicLeap
LogPluginManager: Mounting plugin MagicLeapEmulator
LogPluginManager: Mounting plugin MagicLeapMedia
LogPluginManager: Mounting plugin AndroidMedia
LogPluginManager: Mounting plugin AvfMedia
LogPluginManager: Mounting plugin ImgMedia
LogPluginManager: Mounting plugin LinearTimecode
LogPluginManager: Mounting plugin MediaCompositing
LogPluginManager: Mounting plugin MediaPlayerEditor
LogPluginManager: Mounting plugin WmfMedia
LogPluginManager: Mounting plugin TcpMessaging
LogPluginManager: Mounting plugin UdpMessaging
LogPluginManager: Mounting plugin ActorSequence
LogPluginManager: Mounting plugin LevelSequenceEditor
LogPluginManager: Mounting plugin MatineeToLevelSequence
LogPluginManager: Mounting plugin NetcodeUnitTest
LogPluginManager: Mounting plugin NUTUnrealEngine4
LogPluginManager: Mounting plugin OnlineSubsystemGooglePlay
LogPluginManager: Mounting plugin OnlineSubsystemIOS
LogPluginManager: Mounting plugin OnlineSubsystem
LogPluginManager: Mounting plugin OnlineSubsystemNull
LogPluginManager: Mounting plugin OnlineSubsystemUtils
LogPluginManager: Mounting plugin LauncherChunkInstaller
LogPluginManager: Mounting plugin AndroidDeviceProfileSelector
LogPluginManager: Mounting plugin AndroidMoviePlayer
LogPluginManager: Mounting plugin AndroidPermission
LogPluginManager: Mounting plugin AppleMoviePlayer
LogPluginManager: Mounting plugin ArchVisCharacter
LogPluginManager: Mounting plugin AudioCapture
LogPluginManager: Mounting plugin CableComponent
LogPluginManager: Mounting plugin CustomMeshComponent
LogPluginManager: Mounting plugin EditableMesh
LogPluginManager: Mounting plugin ExampleDeviceProfileSelector
LogPluginManager: Mounting plugin GoogleCloudMessaging
LogPluginManager: Mounting plugin ImmediatePhysics
LogPluginManager: Mounting plugin IOSDeviceProfileSelector
LogPluginManager: Mounting plugin LinuxDeviceProfileSelector
LogPluginManager: Mounting plugin LocationServicesBPLibrary
LogPluginManager: Mounting plugin MobilePatchingUtils
LogPluginManager: Mounting plugin OculusVR
LogPluginManager: Plugin shader directory ../../../Engine/Plugins/Runtime/Oculus/OculusVR/Shaders found
LogPluginManager: Mapping shader source directory ../../../Engine/Plugins/Runtime/Oculus/OculusVR/Shaders to virtual directory /Plugin/OculusVR
LogPluginManager: Mounting plugin PhysXVehicles
LogPluginManager: Mounting plugin ProceduralMeshComponent
LogPluginManager: Mounting plugin RuntimePhysXCooking
LogPluginManager: Mounting plugin SteamVR
LogPluginManager: Mounting plugin WindowsMoviePlayer
LogStreaming: Display: Took  0.124s to configure plugins.
LogInit: Using libcurl 7.55.1-DEV
LogInit:  - built for x86_64-pc-win32
LogInit:  - supports SSL with OpenSSL/1.0.2h
LogInit:  - supports HTTP deflate (compression) using libz 1.2.8
LogInit:  - other features:
LogInit:      CURL_VERSION_SSL
LogInit:      CURL_VERSION_LIBZ
LogInit:      CURL_VERSION_IPV6
LogInit:      CURL_VERSION_ASYNCHDNS
LogInit:      CURL_VERSION_LARGEFILE
LogInit:      CURL_VERSION_IDN
LogInit:  CurlRequestOptions (configurable via config and command line):
LogInit:  - bVerifyPeer = false  - Libcurl will NOT verify peer certificate
LogInit:  - bUseHttpProxy = false  - Libcurl will NOT use HTTP proxy
LogInit:  - bDontReuseConnections = false  - Libcurl will reuse connections
LogInit:  - CertBundlePath = nullptr  - Libcurl will use whatever was configured at build time.
LogInit:  - MaxHostConnections = 16  - Libcurl will limit the number of connections to a host
LogInit:  - LocalHostAddr = Default
LogInit:  - BufferSize = 65536
LogInit: WinSock: version 1.1 (2.2), MaxSocks=32767, MaxUdp=65467
LogInit: Build: ++UE4+Release-4.20-CL-4369336
LogInit: Engine Version: 4.20.3-4369336+++UE4+Release-4.20
LogInit: Compatible Engine Version: 4.20.0-4212847+++UE4+Release-4.20
LogInit: Net CL: 4212847
LogInit: OS: Windows 10 (), CPU: Intel(R) Core(TM) i5-8300H CPU @ 2.30GHz, GPU: Intel(R) UHD Graphics 630
LogInit: Compiled (64-bit): Sep 17 2018 12:26:19
LogInit: Compiled with Visual C++: 19.13.26129.00
LogInit: Build Configuration: Development
LogInit: Branch Name: ++UE4+Release-4.20
LogInit: Command Line: 
LogInit: Base Directory: C:/Program Files/Epic Games/UE_4.20/Engine/Binaries/Win64/
LogInit: Installed Engine Build: 1
LogDevObjectVersion: Number of dev versions registered: 20
LogDevObjectVersion:   Dev-Blueprints (B0D832E4-1F89-4F0D-ACCF-7EB736FD4AA2): 10
LogDevObjectVersion:   Dev-Build (E1C64328-A22C-4D53-A36C-8E866417BD8C): 0
LogDevObjectVersion:   Dev-Core (375EC13C-06E4-48FB-B500-84F0262A717E): 2
LogDevObjectVersion:   Dev-Editor (E4B068ED-F494-42E9-A231-DA0B2E46BB41): 24
LogDevObjectVersion:   Dev-Framework (CFFC743F-43B0-4480-9391-14DF171D2073): 34
LogDevObjectVersion:   Dev-Mobile (B02B49B5-BB20-44E9-A304-32B752E40360): 2
LogDevObjectVersion:   Dev-Networking (A4E4105C-59A1-49B5-A7C5-40C4547EDFEE): 0
LogDevObjectVersion:   Dev-Online (39C831C9-5AE6-47DC-9A44-9C173E1C8E7C): 0
LogDevObjectVersion:   Dev-Physics (78F01B33-EBEA-4F98-B9B4-84EACCB95AA2): 0
LogDevObjectVersion:   Dev-Platform (6631380F-2D4D-43E0-8009-CF276956A95A): 0
LogDevObjectVersion:   Dev-Rendering (12F88B9F-8875-4AFC-A67C-D90C383ABD29): 26
LogDevObjectVersion:   Dev-Sequencer (7B5AE74C-D270-4C10-A958-57980B212A5A): 9
LogDevObjectVersion:   Dev-VR (D7296918-1DD6-4BDD-9DE2-64A83CC13884): 2
LogDevObjectVersion:   Dev-LoadTimes (C2A15278-BFE7-4AFE-6C17-90FF531DF755): 1
LogDevObjectVersion:   Private-Geometry (6EACA3D4-40EC-4CC1-B786-8BED09428FC5): 3
LogDevObjectVersion:   Dev-AnimPhys (29E575DD-E0A3-4627-9D10-D276232CDCEA): 17
LogDevObjectVersion:   Dev-ReflectionCapture (6B266CEC-1EC7-4B8F-A30B-E4D90942FC07): 1
LogDevObjectVersion:   Dev-Automation (0DF73D61-A23F-47EA-B727-89E90C41499A): 1
LogDevObjectVersion:   FortniteMain (601D1886-AC64-4F84-AA16-D3DE0DEAC7D6): 12
LogDevObjectVersion:   Dev-Enterprise (9DFFBCD6-494F-0158-E221-12823C92A888): 1
LogStreaming: Display: Took  0.000s to delete old logs.
LogInit: Presizing for max 8388607 objects, including 0 objects not considered by GC, pre-allocating 0 bytes for permanent pool.
LogInit: Object subsystem initialized
[2020.10.13-13.10.06:637][  0]LogInit: Selected Device Profile: [Windows]
[2020.10.13-13.10.06:637][  0]LogInit: Applying CVar settings loaded from the selected device profile: [Windows]
[2020.10.13-13.10.06:648][  0]LogHAL: Display: Platform has ~ 8 GB [8458031104 / 8589934592 / 8], which maps to Default [LargestMinGB=32, LargerMinGB=12, DefaultMinGB=8, SmallerMinGB=6, SmallestMinGB=0)
[2020.10.13-13.10.06:648][  0]LogInit: Setting Device Profile CVar: [[r.Vulkan.UseRealUBs:1]]
[2020.10.13-13.10.06:648][  0]LogInit: Going up to parent DeviceProfile []
[2020.10.13-13.10.06:648][  0]LogInit: Computer: DESKTOP-L4EJC2M
[2020.10.13-13.10.06:648][  0]LogInit: User: niech
[2020.10.13-13.10.06:648][  0]LogInit: CPU Page size=4096, Cores=4
[2020.10.13-13.10.06:648][  0]LogInit: High frequency timer resolution =10.000000 MHz
[2020.10.13-13.10.06:648][  0]LogMemory: Memory total: Physical=7.9GB (8GB approx)
[2020.10.13-13.10.06:648][  0]LogMemory: Platform Memory Stats for Windows
[2020.10.13-13.10.06:648][  0]LogMemory: Process Physical Memory: 100.18 MB used, 100.18 MB peak
[2020.10.13-13.10.06:648][  0]LogMemory: Process Virtual Memory: 91.18 MB used, 91.19 MB peak
[2020.10.13-13.10.06:648][  0]LogMemory: Physical Memory: 6218.95 MB used,  1847.26 MB free, 8066.21 MB total
[2020.10.13-13.10.06:648][  0]LogMemory: Virtual Memory: 4614.22 MB used,  1847.26 MB free, 134217728.00 MB total
[2020.10.13-13.10.06:668][  0]LogInit: Using OS detected language (pl-PL).
[2020.10.13-13.10.06:668][  0]LogInit: Using OS detected locale (pl-PL).
[2020.10.13-13.10.06:669][  0]LogTextLocalizationManager: No specific localization for 'pl-PL' exists, so the 'pl' localization will be used.
[2020.10.13-13.10.06:671][  0]LogStreaming: Display: Took  0.003s to InitEngineTextLocalization.
[2020.10.13-13.10.06:671][  0]LogInit: Setting process to per monitor DPI aware
[2020.10.13-13.10.06:706][  0]LogSlate: New Slate User Created.  User Index 0, Is Virtual User: 0
[2020.10.13-13.10.06:706][  0]LogSlate: Slate User Registered.  User Index 0, Is Virtual User: 0
[2020.10.13-13.10.06:984][  0]LogHMD: Failed to initialize OpenVR with code 110
[2020.10.13-13.10.06:984][  0]LogD3D11RHI: D3D11 adapters:
[2020.10.13-13.10.07:052][  0]LogD3D11RHI:    0. 'NVIDIA GeForce GTX 1050' (Feature Level 11_0)
[2020.10.13-13.10.07:052][  0]LogD3D11RHI:       4021/0/4033 MB DedicatedVideo/DedicatedSystem/SharedSystem, Outputs:1, VendorId:0x10de
[2020.10.13-13.10.07:074][  0]LogD3D11RHI:    1. 'Intel(R) UHD Graphics 630' (Feature Level 11_0)
[2020.10.13-13.10.07:074][  0]LogD3D11RHI:       128/0/4033 MB DedicatedVideo/DedicatedSystem/SharedSystem, Outputs:0, VendorId:0x8086
[2020.10.13-13.10.07:076][  0]LogD3D11RHI:    2. 'Microsoft Basic Render Driver' (Feature Level 11_0)
[2020.10.13-13.10.07:076][  0]LogD3D11RHI:       0/0/4033 MB DedicatedVideo/DedicatedSystem/SharedSystem, Outputs:0, VendorId:0x1414
[2020.10.13-13.10.07:076][  0]LogD3D11RHI: Chosen D3D11 Adapter: 0
[2020.10.13-13.10.07:123][  0]LogD3D11RHI: Creating new Direct3DDevice
[2020.10.13-13.10.07:123][  0]LogD3D11RHI:     GPU DeviceId: 0x1c8d (for the marketing name, search the web for "GPU Device Id")
[2020.10.13-13.10.07:123][  0]LogWindows: EnumDisplayDevices:
[2020.10.13-13.10.07:124][  0]LogWindows:    0. 'Intel(R) UHD Graphics 630' (P:1 D:1)
[2020.10.13-13.10.07:124][  0]LogWindows:    1. 'Intel(R) UHD Graphics 630' (P:0 D:0)
[2020.10.13-13.10.07:124][  0]LogWindows:    2. 'Intel(R) UHD Graphics 630' (P:0 D:0)
[2020.10.13-13.10.07:125][  0]LogWindows: DebugString: PrimaryIsNotTheChoosenAdapter PrimaryIsNotTheChoosenAdapter PrimaryIsNotTheChoosenAdapter FoundDriverCount:0 
[2020.10.13-13.10.07:125][  0]LogD3D11RHI:     Adapter Name: NVIDIA GeForce GTX 1050
[2020.10.13-13.10.07:125][  0]LogD3D11RHI:   Driver Version: Unknown (internal:Unknown, unified:Unknown)
[2020.10.13-13.10.07:125][  0]LogD3D11RHI:      Driver Date: Unknown
[2020.10.13-13.10.07:125][  0]LogRHI: Texture pool is 2814 MB (70% of 4021 MB)
[2020.10.13-13.10.07:166][  0]LogD3D11RHI: Async texture creation enabled
[2020.10.13-13.10.07:178][  0]LogD3D11RHI: GPU Timing Frequency: 1000.000000 (Debug: 2 1)
[2020.10.13-13.10.07:180][  0]LogShaderCompilers: Guid format shader working directory is -5 characters bigger than the processId version (../../../../../../UnrealEngine/MazeGameIB/MazeGame/Intermediate/Shaders/WorkingDirectory/12684/).
[2020.10.13-13.10.07:180][  0]LogShaderCompilers: Cleaned the shader compiler working directory 'C:/Users/niech/AppData/Local/Temp/UnrealShaderWorkingDir/E1D41E824E37D24DC9D146AFA69C9F76/'.
[2020.10.13-13.10.07:479][  0]LogTemp: Display: Loaded TP AllDesktopTargetPlatform
[2020.10.13-13.10.07:492][  0]LogTemp: Display: Loaded TP MacClientTargetPlatform
[2020.10.13-13.10.07:506][  0]LogTemp: Display: Loaded TP MacNoEditorTargetPlatform
[2020.10.13-13.10.07:520][  0]LogTemp: Display: Loaded TP MacServerTargetPlatform
[2020.10.13-13.10.07:533][  0]LogTemp: Display: Loaded TP MacTargetPlatform
[2020.10.13-13.10.07:546][  0]LogTemp: Display: Loaded TP WindowsClientTargetPlatform
[2020.10.13-13.10.07:559][  0]LogTemp: Display: Loaded TP WindowsNoEditorTargetPlatform
[2020.10.13-13.10.07:572][  0]LogTemp: Display: Loaded TP WindowsServerTargetPlatform
[2020.10.13-13.10.07:579][  0]LogTemp: Display: Loaded TP WindowsTargetPlatform
[2020.10.13-13.10.07:654][  0]LogTemp: Display: Loaded TP AndroidTargetPlatform
[2020.10.13-13.10.07:655][  0]LogTemp: Display: Loaded TP AndroidTargetPlatform
[2020.10.13-13.10.07:655][  0]LogTemp: Display: Loaded TP AndroidTargetPlatform
[2020.10.13-13.10.07:655][  0]LogTemp: Display: Loaded TP AndroidTargetPlatform
[2020.10.13-13.10.07:655][  0]LogTemp: Display: Loaded TP AndroidTargetPlatform
[2020.10.13-13.10.07:655][  0]LogTemp: Display: Loaded TP AndroidTargetPlatform
[2020.10.13-13.10.07:655][  0]LogTemp: Display: Loaded TP AndroidTargetPlatform
[2020.10.13-13.10.07:655][  0]LogTemp: Display: Loaded TP AndroidTargetPlatform
[2020.10.13-13.10.07:655][  0]LogTemp: Display: Loaded TP AndroidTargetPlatform
[2020.10.13-13.10.07:655][  0]LogTemp: Display: Loaded TP AndroidTargetPlatform
[2020.10.13-13.10.07:655][  0]LogTemp: Display: Loaded TP AndroidTargetPlatform
[2020.10.13-13.10.07:655][  0]LogTemp: Display: Loaded TP AndroidTargetPlatform
[2020.10.13-13.10.07:655][  0]LogTemp: Display: Loaded TP AndroidTargetPlatform
[2020.10.13-13.10.07:655][  0]LogTemp: Display: Loaded TP AndroidTargetPlatform
[2020.10.13-13.10.07:655][  0]LogTemp: Display: Loaded TP AndroidTargetPlatform
[2020.10.13-13.10.07:655][  0]LogTemp: Display: Loaded TP AndroidTargetPlatform
[2020.10.13-13.10.07:655][  0]LogTemp: Display: Loaded TP AndroidTargetPlatform
[2020.10.13-13.10.07:655][  0]LogTemp: Display: Loaded TP AndroidTargetPlatform
[2020.10.13-13.10.07:656][  0]LogTemp: Display: Loaded TP HTML5TargetPlatform
[2020.10.13-13.10.07:716][  0]LogTemp: Display: Loaded TP IOSTargetPlatform
[2020.10.13-13.10.07:716][  0]LogTemp: Display: Loaded TP IOSTargetPlatform
[2020.10.13-13.10.07:736][  0]LogTemp: Display: Loaded TP TVOSTargetPlatform
[2020.10.13-13.10.07:736][  0]LogTemp: Display: Loaded TP TVOSTargetPlatform
[2020.10.13-13.10.07:747][  0]LogTemp: Display: Loaded TP LinuxClientTargetPlatform
[2020.10.13-13.10.07:758][  0]LogTemp: Display: Loaded TP LinuxNoEditorTargetPlatform
[2020.10.13-13.10.07:769][  0]LogTemp: Display: Loaded TP LinuxServerTargetPlatform
[2020.10.13-13.10.07:781][  0]LogTemp: Display: Loaded TP LinuxTargetPlatform
[2020.10.13-13.10.07:789][  0]LogTemp: Display: Loaded TP LuminTargetPlatform
[2020.10.13-13.10.07:789][  0]LogTargetPlatformManager: Display: Building Assets For Windows
[2020.10.13-13.10.07:853][  0]LogXGEController: Cannot use XGE Controller as Incredibuild is not installed on this machine.
[2020.10.13-13.10.07:853][  0]LogShaderCompilers: Cannot use XGE Shader Compiler as Incredibuild is not installed on this machine.
[2020.10.13-13.10.07:853][  0]LogShaderCompilers: Display: Using Local Shader Compiler.
[2020.10.13-13.10.08:621][  0]LogDerivedDataCache: Display: Max Cache Size: 512 MB
[2020.10.13-13.10.08:666][  0]LogDerivedDataCache: Loaded boot cache 0.05s 71MB C:/Users/niech/AppData/Local/UnrealEngine/4.20/DerivedDataCache/Boot.ddc.
[2020.10.13-13.10.08:667][  0]LogDerivedDataCache: Display: Loaded Boot cache: C:/Users/niech/AppData/Local/UnrealEngine/4.20/DerivedDataCache/Boot.ddc
[2020.10.13-13.10.08:667][  0]LogDerivedDataCache: FDerivedDataBackendGraph:  Pak pak cache file ../../../../../../UnrealEngine/MazeGameIB/MazeGame/DerivedDataCache/DDC.ddp not found, will not use a pak cache.
[2020.10.13-13.10.08:667][  0]LogDerivedDataCache: Unable to find inner node Pak for hierarchical cache Hierarchy.
[2020.10.13-13.10.08:667][  0]LogDerivedDataCache: FDerivedDataBackendGraph:  CompressedPak pak cache file ../../../../../../UnrealEngine/MazeGameIB/MazeGame/DerivedDataCache/Compressed.ddp not found, will not use a pak cache.
[2020.10.13-13.10.08:667][  0]LogDerivedDataCache: Unable to find inner node CompressedPak for hierarchical cache Hierarchy.
[2020.10.13-13.10.08:680][  0]LogDerivedDataCache: Display: Pak cache opened for reading ../../../Engine/DerivedDataCache/Compressed.ddp.
[2020.10.13-13.10.08:692][  0]LogDerivedDataCache: Using Local data cache path C:/Users/niech/AppData/Local/UnrealEngine/Common/DerivedDataCache: Writable
[2020.10.13-13.10.08:692][  0]LogDerivedDataCache: Shared data cache path not found in *engine.ini, will not use an Shared cache.
[2020.10.13-13.10.08:692][  0]LogDerivedDataCache: Unable to find inner node Shared for hierarchical cache Hierarchy.
[2020.10.13-13.10.08:707][  0]LogMaterial: Verifying Global Shaders for PCD3D_SM5
[2020.10.13-13.10.08:709][  0]LogSlate: Using FreeType 2.6.0
[2020.10.13-13.10.08:709][  0]LogSlate: SlateFontServices - WITH_FREETYPE: 1, WITH_HARFBUZZ: 1
[2020.10.13-13.10.08:784][  0]LogAssetRegistry: FAssetRegistry took 0.0260 seconds to start up
[2020.10.13-13.10.09:070][  0]LogInit: Selected Device Profile: [Windows]
[2020.10.13-13.10.09:191][  0]LogSimplygon: Simplygon DLL not present - disabling.
[2020.10.13-13.10.09:195][  0]LogMeshReduction: Using SimplygonSwarm for distributed automatic mesh merging
[2020.10.13-13.10.09:195][  0]LogMeshReduction: Using ProxyLODMeshReduction for automatic mesh merging
[2020.10.13-13.10.09:195][  0]LogMeshReduction: Using QuadricMeshReduction for automatic static mesh reduction
[2020.10.13-13.10.09:195][  0]LogMeshReduction: No automatic skeletal mesh reduction module available
[2020.10.13-13.10.09:212][  0]LogNetVersion: MazeGame 1.0.0, NetCL: 4212847, EngineNetVer: 5, GameNetVer: 0 (Checksum: 803854447)
[2020.10.13-13.10.09:672][  0]LogPackageLocalizationCache: Processed 11 localized package path(s) for 2 prioritized culture(s) in 0.084678 seconds
[2020.10.13-13.10.09:678][  0]LogUObjectArray: 38425 objects as part of root set at end of initial load.
[2020.10.13-13.10.09:678][  0]LogUObjectAllocator: 6690872 out of 0 bytes used by permanent object pool.
[2020.10.13-13.10.09:678][  0]LogUObjectArray: CloseDisregardForGC: 0/0 objects in disregard for GC pool
[2020.10.13-13.10.10:531][  0]LogTcpMessaging: Initializing TcpMessaging bridge
[2020.10.13-13.10.10:545][  0]LogUdpMessaging: Initializing bridge on interface 0.0.0.0:0 to multicast group 230.0.0.1:6666.
[2020.10.13-13.10.10:686][  0]SourceControl: Source control is disabled
[2020.10.13-13.10.10:686][  0]SourceControl: Source control is disabled
[2020.10.13-13.10.10:687][  0]SourceControl: Source control is disabled
[2020.10.13-13.10.10:688][  0]SourceControl: Source control is disabled
[2020.10.13-13.10.10:853][  0]LogAndroidPermission: UAndroidPermissionCallbackProxy::GetInstance
[2020.10.13-13.10.10:922][  0]LogOcInput: OculusInput pre-init called
[2020.10.13-13.10.10:982][  0]LogEngine: Initializing Engine...
[2020.10.13-13.10.10:982][  0]LogHMD: Failed to initialize OpenVR with code 110
[2020.10.13-13.10.10:983][  0]LogStats: UGameplayTagsManager::ConstructGameplayTagTree: ImportINI prefixes -  0.000 s
[2020.10.13-13.10.10:983][  0]LogStats: UGameplayTagsManager::ConstructGameplayTagTree: Construct from data asset -  0.000 s
[2020.10.13-13.10.10:984][  0]LogStats: UGameplayTagsManager::ConstructGameplayTagTree: ImportINI -  0.000 s
[2020.10.13-13.10.10:984][  0]LogStats: UGameplayTagsManager::ConstructGameplayTagTree: GameplayTagTreeChangedEvent.Broadcast -  0.000 s
[2020.10.13-13.10.11:171][  0]LogInit: Initializing FReadOnlyCVARCache
[2020.10.13-13.10.11:185][  0]LogAIModule: Creating AISystem for world Untitled
[2020.10.13-13.10.11:204][  0]LogInit: XAudio2 using 'Głośniki (Realtek(R) Audio)' : 2 channels at 48 kHz using 16 bits per sample (channel mask 0x3)
[2020.10.13-13.10.11:228][  0]LogInit: FAudioDevice initialized.
[2020.10.13-13.10.11:229][  0]LogNetVersion: Set ProjectVersion to 1.0.0.0. Version Checksum will be recalculated on next use.
[2020.10.13-13.10.11:341][  0]LogDerivedDataCache: Saved boot cache 0.11s 71MB C:/Users/niech/AppData/Local/UnrealEngine/4.20/DerivedDataCache/Boot.ddc.
[2020.10.13-13.10.11:343][  0]LogInit: Texture streaming: Enabled
[2020.10.13-13.10.11:364][  0]LogEngineSessionManager: EngineSessionManager initialized
[2020.10.13-13.10.11:378][  0]LogInit: Transaction tracking system initialized
[2020.10.13-13.10.11:402][  0]BlueprintLog: New page: Editor Load
[2020.10.13-13.10.11:482][  0]LocalizationService: Localization service is disabled
[2020.10.13-13.10.11:742][  0]LogCook: Display: Max memory allowance for cook 16384mb min free memory 0mb
[2020.10.13-13.10.11:742][  0]LogCook: Display: Mobile HDR setting 1
[2020.10.13-13.10.11:742][  0]LogGameplayTags: Display: UGameplayTagsManager::DoneAddingNativeTags. DelegateIsBound: 0
[2020.10.13-13.10.11:742][  0]LogStats: UGameplayTagsManager::ConstructGameplayTagTree: ImportINI prefixes -  0.000 s
[2020.10.13-13.10.11:742][  0]LogStats: UGameplayTagsManager::ConstructGameplayTagTree: Construct from data asset -  0.000 s
[2020.10.13-13.10.11:742][  0]LogStats: UGameplayTagsManager::ConstructGameplayTagTree: ImportINI -  0.000 s
[2020.10.13-13.10.11:743][  0]LogStats: UGameplayTagsManager::ConstructGameplayTagTree: GameplayTagTreeChangedEvent.Broadcast -  0.000 s
[2020.10.13-13.10.11:874][  0]LogFileCache: Scanning file cache for directory 'C:/UnrealEngine/MazeGameIB/MazeGame/Content/' took 0.02s
[2020.10.13-13.10.11:874][  0]SourceControl: Source control is disabled
[2020.10.13-13.10.11:875][  0]Cmd: MAP LOAD FILE="../../../../../../UnrealEngine/MazeGameIB/MazeGame/Content/StarterContent/Maps/Minimal_Default.umap" TEMPLATE=0 SHOWPROGRESS=1 FEATURELEVEL=3
[2020.10.13-13.10.11:875][  0]LightingResults: New page: Lighting Build
[2020.10.13-13.10.11:878][  0]MapCheck: New page: Map Check
[2020.10.13-13.10.11:878][  0]LightingResults: New page: Lighting Build
[2020.10.13-13.10.12:366][  0]LogAIModule: Creating AISystem for world Minimal_Default
[2020.10.13-13.10.12:375][  0]LogEditorServer: Finished looking for orphan Actors (0.000 secs)
[2020.10.13-13.10.12:396][  0]Cmd: MAP CHECKDEP NOCLEARLOG
[2020.10.13-13.10.12:491][  0]MapCheck: Map check complete: 0 Error(s), 0 Warning(s), took 94,965ms to complete.
[2020.10.13-13.10.12:491][  0]LogFileHelpers: Loading map 'Minimal_Default' took 0.617
[2020.10.13-13.10.12:596][  0]LogSlate: Updating window title bar state: overlay mode, drag disabled, window buttons hidden, title bar hidden
[2020.10.13-13.10.12:602][  0]LogSlate: Updating window title bar state: overlay mode, drag disabled, window buttons hidden, title bar hidden
[2020.10.13-13.10.12:609][  0]LogSlate: Updating window title bar state: overlay mode, drag disabled, window buttons hidden, title bar hidden
[2020.10.13-13.10.12:615][  0]LogSlate: Updating window title bar state: overlay mode, drag disabled, window buttons hidden, title bar hidden
[2020.10.13-13.10.12:623][  0]LogCollectionManager: Loaded 0 collections in 0.002022 seconds
[2020.10.13-13.10.12:664][  0]LogFileCache: Scanning file cache for directory 'C:/UnrealEngine/MazeGameIB/MazeGame/Saved/Collections/' took 0.01s
[2020.10.13-13.10.12:664][  0]LogFileCache: Scanning file cache for directory 'C:/UnrealEngine/MazeGameIB/MazeGame/Content/Developers/niech/Collections/' took 0.01s
[2020.10.13-13.10.12:665][  0]LogFileCache: Scanning file cache for directory 'C:/UnrealEngine/MazeGameIB/MazeGame/Content/Collections/' took 0.01s
[2020.10.13-13.10.12:665][  0]LogCollectionManager: Rebuilt the GUID cache for 0 collections in 0.000000 seconds
[2020.10.13-13.10.12:673][  0]LogContentBrowser: Native class hierarchy populated in 0.0079 seconds. Added 2572 classes and 603 folders.
[2020.10.13-13.10.12:684][  0]LogContentBrowser: Native class hierarchy updated for 'WidgetCarousel' in 0.0002 seconds. Added 0 classes and 0 folders.
[2020.10.13-13.10.12:743][  0]LogContentBrowser: Native class hierarchy updated for 'AddContentDialog' in 0.0002 seconds. Added 0 classes and 0 folders.
[2020.10.13-13.10.12:753][  0]LogContentBrowser: Native class hierarchy updated for 'SceneOutliner' in 0.0002 seconds. Added 1 classes and 2 folders.
[2020.10.13-13.10.12:766][  0]LogSlate: Took 0.000287 seconds to synchronously load lazily loaded font '../../../Engine/Content/Slate/Fonts/Roboto-Regular.ttf' (155K)
[2020.10.13-13.10.12:768][  0]LogSlate: Took 0.000267 seconds to synchronously load lazily loaded font '../../../Engine/Content/Slate/Fonts/Roboto-Bold.ttf' (160K)
[2020.10.13-13.10.12:774][  0]LogSlate: Took 0.000329 seconds to synchronously load lazily loaded font '../../../Engine/Content/Editor/Slate/Fonts/FontAwesome.ttf' (139K)
[2020.10.13-13.10.12:861][  0]LogRenderer: Reallocating scene render targets to support 964x528 Format 10 NumSamples 1 (Frame:1).
[2020.10.13-13.10.13:024][  0]LogContentBrowser: Native class hierarchy updated for 'HierarchicalLODOutliner' in 0.0002 seconds. Added 0 classes and 0 folders.
[2020.10.13-13.10.13:024][  0]LogLoad: (Engine Initialization) Total time: 8.50 seconds
[2020.10.13-13.10.13:024][  0]LogLoad: (Engine Initialization) Total Blueprint compile time: 0.00 seconds
[2020.10.13-13.10.13:067][  0]LogContentStreaming: Texture pool size now 1000 MB
[2020.10.13-13.10.13:082][  0]LogSlate: Took 0.000221 seconds to synchronously load lazily loaded font '../../../Engine/Content/Slate/Fonts/Roboto-Light.ttf' (167K)
[2020.10.13-13.10.13:094][  1]LogAssetRegistry: Asset discovery search completed in 4.3322 seconds
[2020.10.13-13.10.13:097][  1]LogCollectionManager: Rebuilt the object cache for 0 collections in 0.000000 seconds (found 0 objects)
[2020.10.13-13.10.13:097][  1]LogCollectionManager: Fixed up redirectors for 0 collections in 0.000362 seconds (updated 0 objects)
[2020.10.13-13.10.15:580][138]LogSlate: FSceneViewport::OnFocusLost() reason 2
[2020.10.13-13.10.17:018][223]LogSlate: FSceneViewport::OnFocusLost() reason 2
[2020.10.13-13.10.19:564][223]LogSlate: Window 'New Level' being destroyed
[2020.10.13-13.10.19:571][223]Cmd: MAP LOAD FILE="../../../Engine/Content/Maps/Templates/Template_Default.umap" TEMPLATE=1 SHOWPROGRESS=1 FEATURELEVEL=3
[2020.10.13-13.10.19:577][223]LogSlate: Took 0.000314 seconds to synchronously load lazily loaded font '../../../Engine/Content/Slate/Fonts/Roboto-Light.ttf' (167K)
[2020.10.13-13.10.19:581][223]LogSlate: FSceneViewport::OnFocusLost() reason 2
[2020.10.13-13.10.19:601][223]LightingResults: New page: Lighting Build
[2020.10.13-13.10.19:602][223]LoadErrors: New page: Loading map: Template_Default.umap
[2020.10.13-13.10.19:604][223]MapCheck: New page: Map Check
[2020.10.13-13.10.19:604][223]LightingResults: New page: Lighting Build
[2020.10.13-13.10.19:649][223]LogAIModule: Creating AISystem for world Untitled_1
[2020.10.13-13.10.19:657][223]LogEditorServer: Finished looking for orphan Actors (0.000 secs)
[2020.10.13-13.10.19:683][223]Cmd: MAP CHECKDEP NOCLEARLOG
[2020.10.13-13.10.19:778][223]MapCheck: Map check complete: 0 Error(s), 0 Warning(s), took 95,54ms to complete.
[2020.10.13-13.10.19:778][223]LogFileHelpers: Loading map 'Template_Default' took 0.208
[2020.10.13-13.10.22:905][396]LogSlate: FSceneViewport::OnFocusLost() reason 2
[2020.10.13-13.10.45:640][687]LogSlate: Only BGRA pngs, bmps or icos are supported in by External Image Picker
[2020.10.13-13.10.45:729][689]LogTemp: Executing iPhonePackager certificates Engine -bundlename com.YourCompany.MazeGame
[2020.10.13-13.10.45:729][689]LogTemp: CWD: C:\Program Files\Epic Games\UE_4.20\Engine\Binaries\DotNET\IOS
[2020.10.13-13.10.45:729][689]LogTemp: Initial Dir: C:\Program Files\Epic Games\UE_4.20
[2020.10.13-13.10.45:729][689]LogTemp: Env CWD: C:\Program Files\Epic Games\UE_4.20\Engine\Binaries\DotNET\IOS
[2020.10.13-13.10.45:733][689]LogTemp: BranchPath = DESKTOP-L4EJC2M/C/Program Files/Epic Games/UE_4.20/Engine/Binaries --- GameBranchPath = DESKTOP-L4EJC2M/C/Program Files/Epic Games/UE_4.20/Engine/Binaries
[2020.10.13-13.10.45:752][689]LogTemp: IPP ERROR: Could not find provision directory 'C:\Users\niech\AppData\Local/Apple Computer/MobileDevice/Provisioning Profiles/'.
[2020.10.13-13.11.02:927][715]LogSlate: Window 'Project Settings' being destroyed
[2020.10.13-13.11.02:931][715]LogSlate: Window 'Project Settings' being destroyed
[2020.10.13-13.11.33:673][555]LogAssetEditorManager: Opening Asset editor for LevelScriptBlueprint /Temp/Untitled_1.Untitled_1:PersistentLevel.Untitled
[2020.10.13-13.11.34:098][555]LogContentBrowser: Native class hierarchy updated for 'BlueprintGraph' in 0.0006 seconds. Added 116 classes and 0 folders.
[2020.10.13-13.11.34:686][555]LogSlate: Took 0.000248 seconds to synchronously load lazily loaded font '../../../Engine/Content/Slate/Fonts/Roboto-BoldCondensed.ttf' (158K)
[2020.10.13-13.11.38:364][769]LogSlate: Window 'Untitled - Level Blueprint Editor' being destroyed
[2020.10.13-13.14.15:902][193]LogTemp: Repeating last play command: Selected Viewport
[2020.10.13-13.14.15:921][193]LogBlueprintUserMessages: Early PlayInEditor Detection: Level '/Temp/Untitled_1.Untitled_1:PersistentLevel' has LevelScriptBlueprint '/Temp/Untitled_1.Untitled_1:PersistentLevel.Untitled' with GeneratedClass '/Temp/Untitled_1.Untitled_C' with ClassGeneratedBy '/Temp/Untitled_1.Untitled_1:PersistentLevel.Untitled'
[2020.10.13-13.14.15:924][193]BlueprintLog: New page: Pre-Play auto-recompile
[2020.10.13-13.14.15:925][193]LogPlayLevel: [PlayLevel] Compiling Untitled before play...
[2020.10.13-13.14.15:957][193]LogPlayLevel: PlayLevel: Blueprint regeneration took 33 ms (1 blueprints)
[2020.10.13-13.14.15:982][193]PIE: New page: PIE session: Untitled_1 (13 paź 2020, 17:14:15)
[2020.10.13-13.14.15:982][193]LogPlayLevel: Creating play world package: /Temp/UEDPIE_0_Untitled_1
[2020.10.13-13.14.15:988][193]LogPlayLevel: PIE: StaticDuplicateObject took: (0.004772s)
[2020.10.13-13.14.15:989][193]LogAIModule: Creating AISystem for world Untitled_1
[2020.10.13-13.14.15:990][193]LogPlayLevel: PIE: World Init took: (0.001782s)
[2020.10.13-13.14.15:990][193]LogPlayLevel: PIE: Created PIE world by copying editor world from /Temp/Untitled_1.Untitled_1 to /Temp/UEDPIE_0_Untitled_1.Untitled_1 (0.006999s)
[2020.10.13-13.14.16:023][193]LogInit: XAudio2 using 'Głośniki (Realtek(R) Audio)' : 2 channels at 48 kHz using 16 bits per sample (channel mask 0x3)
[2020.10.13-13.14.16:041][193]LogInit: FAudioDevice initialized.
[2020.10.13-13.14.16:055][193]LogSlate: Updating window title bar state: overlay mode, drag disabled, window buttons hidden, title bar hidden
[2020.10.13-13.14.16:183][193]LogLoad: Game class is 'GameModeBase'
[2020.10.13-13.14.16:195][193]LogWorld: Bringing World /Temp/UEDPIE_0_Untitled_1.Untitled_1 up for play (max tick rate 60) at 2020.10.13-15.14.16
[2020.10.13-13.14.16:197][193]LogWorld: Bringing up level for play took: 0.002641
[2020.10.13-13.14.16:243][193]LogContentBrowser: Native class hierarchy updated for 'MovieSceneCapture' in 0.0003 seconds. Added 10 classes and 0 folders.
[2020.10.13-13.14.16:252][193]LogBlueprintUserMessages: [Untitled_C_0] Hello
[2020.10.13-13.14.16:254][193]PIE: Play in editor start time for /Temp/UEDPIE_0_Untitled_1 0,392
[2020.10.13-13.14.16:255][193]LogBlueprintUserMessages: Late PlayInEditor Detection: Level '/Temp/Untitled_1.Untitled_1:PersistentLevel' has LevelScriptBlueprint '/Temp/Untitled_1.Untitled_1:PersistentLevel.Untitled' with GeneratedClass '/Temp/Untitled_1.Untitled_C' with ClassGeneratedBy '/Temp/Untitled_1.Untitled_1:PersistentLevel.Untitled'
[2020.10.13-13.14.16:327][193]LogRenderer: Reallocating scene render targets to support 1024x576 Format 10 NumSamples 1 (Frame:1).
[2020.10.13-13.14.19:525][380]LogSlate: Window 'MazeGame Game Preview Standalone (64-bit/PCD3D_SM5)' being destroyed
[2020.10.13-13.14.19:538][380]LogBlueprintUserMessages: Early EndPlayMap Detection: Level '/Temp/Untitled_1.Untitled_1:PersistentLevel' has LevelScriptBlueprint '/Temp/Untitled_1.Untitled_1:PersistentLevel.Untitled' with GeneratedClass '/Temp/Untitled_1.Untitled_C' with ClassGeneratedBy '/Temp/Untitled_1.Untitled_1:PersistentLevel.Untitled'
[2020.10.13-13.14.19:576][380]LogPlayLevel: Display: Shutting down PIE online subsystems
[2020.10.13-13.14.19:576][380]LogBlueprintUserMessages: Late EndPlayMap Detection: Level '/Temp/Untitled_1.Untitled_1:PersistentLevel' has LevelScriptBlueprint '/Temp/Untitled_1.Untitled_1:PersistentLevel.Untitled' with GeneratedClass '/Temp/Untitled_1.Untitled_C' with ClassGeneratedBy '/Temp/Untitled_1.Untitled_1:PersistentLevel.Untitled'
[2020.10.13-13.14.19:632][382]LogPlayLevel: Display: Destroying online subsystem :Context_3
[2020.10.13-13.14.54:244][196]LogSlate: Window 'Color Picker' being destroyed
[2020.10.13-13.15.09:462][929]LogSlate: Window 'Color Picker' being destroyed
[2020.10.13-13.15.36:198][533]LogTemp: Repeating last play command: Selected Viewport
[2020.10.13-13.15.36:206][533]LogBlueprintUserMessages: Early PlayInEditor Detection: Level '/Temp/Untitled_1.Untitled_1:PersistentLevel' has LevelScriptBlueprint '/Temp/Untitled_1.Untitled_1:PersistentLevel.Untitled' with GeneratedClass '/Temp/Untitled_1.Untitled_C' with ClassGeneratedBy '/Temp/Untitled_1.Untitled_1:PersistentLevel.Untitled'
[2020.10.13-13.15.36:206][533]BlueprintLog: New page: Pre-Play auto-recompile
[2020.10.13-13.15.36:208][533]LogPlayLevel: [PlayLevel] Compiling Untitled before play...
[2020.10.13-13.15.36:318][533]LogPlayLevel: PlayLevel: Blueprint regeneration took 111 ms (1 blueprints)
[2020.10.13-13.15.36:318][533]PIE: New page: PIE session: Untitled_1 (13 paź 2020, 17:15:36)
[2020.10.13-13.15.36:318][533]LogPlayLevel: Creating play world package: /Temp/UEDPIE_0_Untitled_1
[2020.10.13-13.15.36:320][533]LogPlayLevel: PIE: StaticDuplicateObject took: (0.001724s)
[2020.10.13-13.15.36:321][533]LogAIModule: Creating AISystem for world Untitled_1
[2020.10.13-13.15.36:321][533]LogPlayLevel: PIE: World Init took: (0.000795s)
[2020.10.13-13.15.36:321][533]LogPlayLevel: PIE: Created PIE world by copying editor world from /Temp/Untitled_1.Untitled_1 to /Temp/UEDPIE_0_Untitled_1.Untitled_1 (0.002736s)
[2020.10.13-13.15.36:348][533]LogInit: XAudio2 using 'Głośniki (Realtek(R) Audio)' : 2 channels at 48 kHz using 16 bits per sample (channel mask 0x3)
[2020.10.13-13.15.36:368][533]LogInit: FAudioDevice initialized.
[2020.10.13-13.15.36:379][533]LogSlate: Updating window title bar state: overlay mode, drag disabled, window buttons hidden, title bar hidden
[2020.10.13-13.15.36:487][533]LogLoad: Game class is 'GameModeBase'
[2020.10.13-13.15.36:488][533]LogWorld: Bringing World /Temp/UEDPIE_0_Untitled_1.Untitled_1 up for play (max tick rate 60) at 2020.10.13-15.15.36
[2020.10.13-13.15.36:489][533]LogWorld: Bringing up level for play took: 0.000592
[2020.10.13-13.15.36:501][533]LogBlueprintUserMessages: [Untitled_C_1] Hello
[2020.10.13-13.15.36:501][533]LogBlueprintUserMessages: [Untitled_C_1] World
[2020.10.13-13.15.36:502][533]PIE: Play in editor start time for /Temp/UEDPIE_0_Untitled_1 0,64
[2020.10.13-13.15.36:502][533]LogBlueprintUserMessages: Late PlayInEditor Detection: Level '/Temp/Untitled_1.Untitled_1:PersistentLevel' has LevelScriptBlueprint '/Temp/Untitled_1.Untitled_1:PersistentLevel.Untitled' with GeneratedClass '/Temp/Untitled_1.Untitled_C' with ClassGeneratedBy '/Temp/Untitled_1.Untitled_1:PersistentLevel.Untitled'
[2020.10.13-13.15.39:490][704]LogSlate: Window 'MazeGame Game Preview Standalone (64-bit/PCD3D_SM5)' being destroyed
[2020.10.13-13.15.39:501][704]LogBlueprintUserMessages: Early EndPlayMap Detection: Level '/Temp/Untitled_1.Untitled_1:PersistentLevel' has LevelScriptBlueprint '/Temp/Untitled_1.Untitled_1:PersistentLevel.Untitled' with GeneratedClass '/Temp/Untitled_1.Untitled_C' with ClassGeneratedBy '/Temp/Untitled_1.Untitled_1:PersistentLevel.Untitled'
[2020.10.13-13.15.39:537][704]LogPlayLevel: Display: Shutting down PIE online subsystems
[2020.10.13-13.15.39:538][704]LogBlueprintUserMessages: Late EndPlayMap Detection: Level '/Temp/Untitled_1.Untitled_1:PersistentLevel' has LevelScriptBlueprint '/Temp/Untitled_1.Untitled_1:PersistentLevel.Untitled' with GeneratedClass '/Temp/Untitled_1.Untitled_C' with ClassGeneratedBy '/Temp/Untitled_1.Untitled_1:PersistentLevel.Untitled'
[2020.10.13-13.15.39:596][706]LogPlayLevel: Display: Destroying online subsystem :Context_4
[2020.10.13-13.16.38:082][196]LogTemp: Repeating last play command: Selected Viewport
[2020.10.13-13.16.38:091][196]LogBlueprintUserMessages: Early PlayInEditor Detection: Level '/Temp/Untitled_1.Untitled_1:PersistentLevel' has LevelScriptBlueprint '/Temp/Untitled_1.Untitled_1:PersistentLevel.Untitled' with GeneratedClass '/Temp/Untitled_1.Untitled_C' with ClassGeneratedBy '/Temp/Untitled_1.Untitled_1:PersistentLevel.Untitled'
[2020.10.13-13.16.38:091][196]BlueprintLog: New page: Pre-Play auto-recompile
[2020.10.13-13.16.38:092][196]LogPlayLevel: [PlayLevel] Compiling Untitled before play...
[2020.10.13-13.16.38:196][196]LogPlayLevel: PlayLevel: Blueprint regeneration took 106 ms (1 blueprints)
[2020.10.13-13.16.38:196][196]PIE: New page: PIE session: Untitled_1 (13 paź 2020, 17:16:38)
[2020.10.13-13.16.38:196][196]LogPlayLevel: Creating play world package: /Temp/UEDPIE_0_Untitled_1
[2020.10.13-13.16.38:198][196]LogPlayLevel: PIE: StaticDuplicateObject took: (0.001769s)
[2020.10.13-13.16.38:199][196]LogAIModule: Creating AISystem for world Untitled_1
[2020.10.13-13.16.38:199][196]LogPlayLevel: PIE: World Init took: (0.000733s)
[2020.10.13-13.16.38:199][196]LogPlayLevel: PIE: Created PIE world by copying editor world from /Temp/Untitled_1.Untitled_1 to /Temp/UEDPIE_0_Untitled_1.Untitled_1 (0.002714s)
[2020.10.13-13.16.38:225][196]LogInit: XAudio2 using 'Głośniki (Realtek(R) Audio)' : 2 channels at 48 kHz using 16 bits per sample (channel mask 0x3)
[2020.10.13-13.16.38:243][196]LogInit: FAudioDevice initialized.
[2020.10.13-13.16.38:253][196]LogSlate: Updating window title bar state: overlay mode, drag disabled, window buttons hidden, title bar hidden
[2020.10.13-13.16.38:339][196]LogLoad: Game class is 'GameModeBase'
[2020.10.13-13.16.38:341][196]LogWorld: Bringing World /Temp/UEDPIE_0_Untitled_1.Untitled_1 up for play (max tick rate 60) at 2020.10.13-15.16.38
[2020.10.13-13.16.38:341][196]LogWorld: Bringing up level for play took: 0.000538
[2020.10.13-13.16.38:353][196]LogBlueprintUserMessages: [Untitled_C_2] Hello
[2020.10.13-13.16.38:358][196]PIE: Play in editor start time for /Temp/UEDPIE_0_Untitled_1 0,497
[2020.10.13-13.16.38:359][196]LogBlueprintUserMessages: Late PlayInEditor Detection: Level '/Temp/Untitled_1.Untitled_1:PersistentLevel' has LevelScriptBlueprint '/Temp/Untitled_1.Untitled_1:PersistentLevel.Untitled' with GeneratedClass '/Temp/Untitled_1.Untitled_C' with ClassGeneratedBy '/Temp/Untitled_1.Untitled_1:PersistentLevel.Untitled'
[2020.10.13-13.16.38:462][197]LogBlueprintUserMessages: [Untitled_C_2] World
[2020.10.13-13.16.40:535][316]LogSlate: Window 'MazeGame Game Preview Standalone (64-bit/PCD3D_SM5)' being destroyed
[2020.10.13-13.16.40:545][316]LogBlueprintUserMessages: Early EndPlayMap Detection: Level '/Temp/Untitled_1.Untitled_1:PersistentLevel' has LevelScriptBlueprint '/Temp/Untitled_1.Untitled_1:PersistentLevel.Untitled' with GeneratedClass '/Temp/Untitled_1.Untitled_C' with ClassGeneratedBy '/Temp/Untitled_1.Untitled_1:PersistentLevel.Untitled'
[2020.10.13-13.16.40:580][316]LogPlayLevel: Display: Shutting down PIE online subsystems
[2020.10.13-13.16.40:580][316]LogBlueprintUserMessages: Late EndPlayMap Detection: Level '/Temp/Untitled_1.Untitled_1:PersistentLevel' has LevelScriptBlueprint '/Temp/Untitled_1.Untitled_1:PersistentLevel.Untitled' with GeneratedClass '/Temp/Untitled_1.Untitled_C' with ClassGeneratedBy '/Temp/Untitled_1.Untitled_1:PersistentLevel.Untitled'
[2020.10.13-13.16.40:635][318]LogPlayLevel: Display: Destroying online subsystem :Context_5
[2020.10.13-13.17.19:411][644]LogTemp: Repeating last play command: Selected Viewport
[2020.10.13-13.17.19:419][644]LogBlueprintUserMessages: Early PlayInEditor Detection: Level '/Temp/Untitled_1.Untitled_1:PersistentLevel' has LevelScriptBlueprint '/Temp/Untitled_1.Untitled_1:PersistentLevel.Untitled' with GeneratedClass '/Temp/Untitled_1.Untitled_C' with ClassGeneratedBy '/Temp/Untitled_1.Untitled_1:PersistentLevel.Untitled'
[2020.10.13-13.17.19:419][644]BlueprintLog: New page: Pre-Play auto-recompile
[2020.10.13-13.17.19:421][644]LogPlayLevel: [PlayLevel] Compiling Untitled before play...
[2020.10.13-13.17.19:528][644]LogPlayLevel: PlayLevel: Blueprint regeneration took 108 ms (1 blueprints)
[2020.10.13-13.17.19:528][644]PIE: New page: PIE session: Untitled_1 (13 paź 2020, 17:17:19)
[2020.10.13-13.17.19:528][644]LogPlayLevel: Creating play world package: /Temp/UEDPIE_0_Untitled_1
[2020.10.13-13.17.19:530][644]LogPlayLevel: PIE: StaticDuplicateObject took: (0.001702s)
[2020.10.13-13.17.19:530][644]LogAIModule: Creating AISystem for world Untitled_1
[2020.10.13-13.17.19:530][644]LogPlayLevel: PIE: World Init took: (0.000623s)
[2020.10.13-13.17.19:530][644]LogPlayLevel: PIE: Created PIE world by copying editor world from /Temp/Untitled_1.Untitled_1 to /Temp/UEDPIE_0_Untitled_1.Untitled_1 (0.002465s)
[2020.10.13-13.17.19:558][644]LogInit: XAudio2 using 'Głośniki (Realtek(R) Audio)' : 2 channels at 48 kHz using 16 bits per sample (channel mask 0x3)
[2020.10.13-13.17.19:578][644]LogInit: FAudioDevice initialized.
[2020.10.13-13.17.19:589][644]LogSlate: Updating window title bar state: overlay mode, drag disabled, window buttons hidden, title bar hidden
[2020.10.13-13.17.19:693][644]LogLoad: Game class is 'GameModeBase'
[2020.10.13-13.17.19:694][644]LogWorld: Bringing World /Temp/UEDPIE_0_Untitled_1.Untitled_1 up for play (max tick rate 60) at 2020.10.13-15.17.19
[2020.10.13-13.17.19:694][644]LogWorld: Bringing up level for play took: 0.000549
[2020.10.13-13.17.19:708][644]PIE: Play in editor start time for /Temp/UEDPIE_0_Untitled_1 -0,153
[2020.10.13-13.17.19:708][644]LogBlueprintUserMessages: Late PlayInEditor Detection: Level '/Temp/Untitled_1.Untitled_1:PersistentLevel' has LevelScriptBlueprint '/Temp/Untitled_1.Untitled_1:PersistentLevel.Untitled' with GeneratedClass '/Temp/Untitled_1.Untitled_C' with ClassGeneratedBy '/Temp/Untitled_1.Untitled_1:PersistentLevel.Untitled'
[2020.10.13-13.17.19:812][645]LogBlueprintUserMessages: [Untitled_C_3] Hello
[2020.10.13-13.17.22:004][773]LogSlate: Window 'MazeGame Game Preview Standalone (64-bit/PCD3D_SM5)' being destroyed
[2020.10.13-13.17.22:013][773]LogBlueprintUserMessages: Early EndPlayMap Detection: Level '/Temp/Untitled_1.Untitled_1:PersistentLevel' has LevelScriptBlueprint '/Temp/Untitled_1.Untitled_1:PersistentLevel.Untitled' with GeneratedClass '/Temp/Untitled_1.Untitled_C' with ClassGeneratedBy '/Temp/Untitled_1.Untitled_1:PersistentLevel.Untitled'
[2020.10.13-13.17.22:050][773]LogPlayLevel: Display: Shutting down PIE online subsystems
[2020.10.13-13.17.22:050][773]LogBlueprintUserMessages: Late EndPlayMap Detection: Level '/Temp/Untitled_1.Untitled_1:PersistentLevel' has LevelScriptBlueprint '/Temp/Untitled_1.Untitled_1:PersistentLevel.Untitled' with GeneratedClass '/Temp/Untitled_1.Untitled_C' with ClassGeneratedBy '/Temp/Untitled_1.Untitled_1:PersistentLevel.Untitled'
[2020.10.13-13.17.22:106][775]LogPlayLevel: Display: Destroying online subsystem :Context_6
[2020.10.13-13.18.55:674][371]LogTemp: Repeating last play command: Selected Viewport
[2020.10.13-13.18.55:682][371]LogBlueprintUserMessages: Early PlayInEditor Detection: Level '/Temp/Untitled_1.Untitled_1:PersistentLevel' has LevelScriptBlueprint '/Temp/Untitled_1.Untitled_1:PersistentLevel.Untitled' with GeneratedClass '/Temp/Untitled_1.Untitled_C' with ClassGeneratedBy '/Temp/Untitled_1.Untitled_1:PersistentLevel.Untitled'
[2020.10.13-13.18.55:682][371]BlueprintLog: New page: Pre-Play auto-recompile
[2020.10.13-13.18.55:683][371]LogPlayLevel: [PlayLevel] Compiling Untitled before play...
[2020.10.13-13.18.55:794][371]LogPlayLevel: PlayLevel: Blueprint regeneration took 111 ms (1 blueprints)
[2020.10.13-13.18.55:794][371]PIE: New page: PIE session: Untitled_1 (13 paź 2020, 17:18:55)
[2020.10.13-13.18.55:794][371]LogPlayLevel: Creating play world package: /Temp/UEDPIE_0_Untitled_1
[2020.10.13-13.18.55:796][371]LogPlayLevel: PIE: StaticDuplicateObject took: (0.001669s)
[2020.10.13-13.18.55:797][371]LogAIModule: Creating AISystem for world Untitled_1
[2020.10.13-13.18.55:797][371]LogPlayLevel: PIE: World Init took: (0.000765s)
[2020.10.13-13.18.55:797][371]LogPlayLevel: PIE: Created PIE world by copying editor world from /Temp/Untitled_1.Untitled_1 to /Temp/UEDPIE_0_Untitled_1.Untitled_1 (0.002713s)
[2020.10.13-13.18.55:824][371]LogInit: XAudio2 using 'Głośniki (Realtek(R) Audio)' : 2 channels at 48 kHz using 16 bits per sample (channel mask 0x3)
[2020.10.13-13.18.55:844][371]LogInit: FAudioDevice initialized.
[2020.10.13-13.18.55:854][371]LogSlate: Updating window title bar state: overlay mode, drag disabled, window buttons hidden, title bar hidden
[2020.10.13-13.18.55:970][371]LogLoad: Game class is 'GameModeBase'
[2020.10.13-13.18.55:972][371]LogWorld: Bringing World /Temp/UEDPIE_0_Untitled_1.Untitled_1 up for play (max tick rate 60) at 2020.10.13-15.18.55
[2020.10.13-13.18.55:972][371]LogWorld: Bringing up level for play took: 0.000788
[2020.10.13-13.18.55:986][371]PIE: Play in editor start time for /Temp/UEDPIE_0_Untitled_1 0,124
[2020.10.13-13.18.55:987][371]LogBlueprintUserMessages: Late PlayInEditor Detection: Level '/Temp/Untitled_1.Untitled_1:PersistentLevel' has LevelScriptBlueprint '/Temp/Untitled_1.Untitled_1:PersistentLevel.Untitled' with GeneratedClass '/Temp/Untitled_1.Untitled_C' with ClassGeneratedBy '/Temp/Untitled_1.Untitled_1:PersistentLevel.Untitled'
[2020.10.13-13.18.57:682][464]LogBlueprintUserMessages: [Untitled_C_4] Hello
[2020.10.13-13.18.59:205][555]LogSlate: Window 'MazeGame Game Preview Standalone (64-bit/PCD3D_SM5)' being destroyed
[2020.10.13-13.18.59:212][555]LogBlueprintUserMessages: Early EndPlayMap Detection: Level '/Temp/Untitled_1.Untitled_1:PersistentLevel' has LevelScriptBlueprint '/Temp/Untitled_1.Untitled_1:PersistentLevel.Untitled' with GeneratedClass '/Temp/Untitled_1.Untitled_C' with ClassGeneratedBy '/Temp/Untitled_1.Untitled_1:PersistentLevel.Untitled'
[2020.10.13-13.18.59:247][555]LogPlayLevel: Display: Shutting down PIE online subsystems
[2020.10.13-13.18.59:247][555]LogBlueprintUserMessages: Late EndPlayMap Detection: Level '/Temp/Untitled_1.Untitled_1:PersistentLevel' has LevelScriptBlueprint '/Temp/Untitled_1.Untitled_1:PersistentLevel.Untitled' with GeneratedClass '/Temp/Untitled_1.Untitled_C' with ClassGeneratedBy '/Temp/Untitled_1.Untitled_1:PersistentLevel.Untitled'
[2020.10.13-13.18.59:300][557]LogPlayLevel: Display: Destroying online subsystem :Context_7
[2020.10.13-13.19.31:549][454]LogTemp: Repeating last play command: Selected Viewport
[2020.10.13-13.19.31:559][454]LogBlueprintUserMessages: Early PlayInEditor Detection: Level '/Temp/Untitled_1.Untitled_1:PersistentLevel' has LevelScriptBlueprint '/Temp/Untitled_1.Untitled_1:PersistentLevel.Untitled' with GeneratedClass '/Temp/Untitled_1.Untitled_C' with ClassGeneratedBy '/Temp/Untitled_1.Untitled_1:PersistentLevel.Untitled'
[2020.10.13-13.19.31:559][454]BlueprintLog: New page: Pre-Play auto-recompile
[2020.10.13-13.19.31:561][454]LogPlayLevel: [PlayLevel] Compiling Untitled before play...
[2020.10.13-13.19.31:668][454]LogPlayLevel: PlayLevel: Blueprint regeneration took 109 ms (1 blueprints)
[2020.10.13-13.19.31:668][454]PIE: New page: PIE session: Untitled_1 (13 paź 2020, 17:19:31)
[2020.10.13-13.19.31:668][454]LogPlayLevel: Creating play world package: /Temp/UEDPIE_0_Untitled_1
[2020.10.13-13.19.31:670][454]LogPlayLevel: PIE: StaticDuplicateObject took: (0.001954s)
[2020.10.13-13.19.31:671][454]LogAIModule: Creating AISystem for world Untitled_1
[2020.10.13-13.19.31:672][454]LogPlayLevel: PIE: World Init took: (0.001150s)
[2020.10.13-13.19.31:672][454]LogPlayLevel: PIE: Created PIE world by copying editor world from /Temp/Untitled_1.Untitled_1 to /Temp/UEDPIE_0_Untitled_1.Untitled_1 (0.003315s)
[2020.10.13-13.19.31:699][454]LogInit: XAudio2 using 'Głośniki (Realtek(R) Audio)' : 2 channels at 48 kHz using 16 bits per sample (channel mask 0x3)
[2020.10.13-13.19.31:719][454]LogInit: FAudioDevice initialized.
[2020.10.13-13.19.31:730][454]LogSlate: Updating window title bar state: overlay mode, drag disabled, window buttons hidden, title bar hidden
[2020.10.13-13.19.31:841][454]LogLoad: Game class is 'GameModeBase'
[2020.10.13-13.19.31:843][454]LogWorld: Bringing World /Temp/UEDPIE_0_Untitled_1.Untitled_1 up for play (max tick rate 60) at 2020.10.13-15.19.31
[2020.10.13-13.19.31:843][454]LogWorld: Bringing up level for play took: 0.000691
[2020.10.13-13.19.31:857][454]PIE: Play in editor start time for /Temp/UEDPIE_0_Untitled_1 -0,005
[2020.10.13-13.19.31:858][454]LogBlueprintUserMessages: Late PlayInEditor Detection: Level '/Temp/Untitled_1.Untitled_1:PersistentLevel' has LevelScriptBlueprint '/Temp/Untitled_1.Untitled_1:PersistentLevel.Untitled' with GeneratedClass '/Temp/Untitled_1.Untitled_C' with ClassGeneratedBy '/Temp/Untitled_1.Untitled_1:PersistentLevel.Untitled'
[2020.10.13-13.19.33:550][547]LogBlueprintUserMessages: [Untitled_C_5] Hello
[2020.10.13-13.19.35:550][667]LogBlueprintUserMessages: [Untitled_C_5] World
[2020.10.13-13.19.37:489][783]LogSlate: Window 'MazeGame Game Preview Standalone (64-bit/PCD3D_SM5)' being destroyed
[2020.10.13-13.19.37:497][783]LogBlueprintUserMessages: Early EndPlayMap Detection: Level '/Temp/Untitled_1.Untitled_1:PersistentLevel' has LevelScriptBlueprint '/Temp/Untitled_1.Untitled_1:PersistentLevel.Untitled' with GeneratedClass '/Temp/Untitled_1.Untitled_C' with ClassGeneratedBy '/Temp/Untitled_1.Untitled_1:PersistentLevel.Untitled'
[2020.10.13-13.19.37:535][783]LogPlayLevel: Display: Shutting down PIE online subsystems
[2020.10.13-13.19.37:536][783]LogBlueprintUserMessages: Late EndPlayMap Detection: Level '/Temp/Untitled_1.Untitled_1:PersistentLevel' has LevelScriptBlueprint '/Temp/Untitled_1.Untitled_1:PersistentLevel.Untitled' with GeneratedClass '/Temp/Untitled_1.Untitled_C' with ClassGeneratedBy '/Temp/Untitled_1.Untitled_1:PersistentLevel.Untitled'
[2020.10.13-13.19.37:595][785]LogPlayLevel: Display: Destroying online subsystem :Context_8
[2020.10.13-13.19.42:796][ 97]LogTemp: Repeating last play command: Selected Viewport
[2020.10.13-13.19.42:804][ 97]LogBlueprintUserMessages: Early PlayInEditor Detection: Level '/Temp/Untitled_1.Untitled_1:PersistentLevel' has LevelScriptBlueprint '/Temp/Untitled_1.Untitled_1:PersistentLevel.Untitled' with GeneratedClass '/Temp/Untitled_1.Untitled_C' with ClassGeneratedBy '/Temp/Untitled_1.Untitled_1:PersistentLevel.Untitled'
[2020.10.13-13.19.42:804][ 97]BlueprintLog: New page: Pre-Play auto-recompile
[2020.10.13-13.19.42:806][ 97]LogPlayLevel: [PlayLevel] Compiling Untitled before play...
[2020.10.13-13.19.42:916][ 97]LogPlayLevel: PlayLevel: Blueprint regeneration took 111 ms (1 blueprints)
[2020.10.13-13.19.42:917][ 97]PIE: New page: PIE session: Untitled_1 (13 paź 2020, 17:19:42)
[2020.10.13-13.19.42:917][ 97]LogPlayLevel: Creating play world package: /Temp/UEDPIE_0_Untitled_1
[2020.10.13-13.19.42:919][ 97]LogPlayLevel: PIE: StaticDuplicateObject took: (0.001742s)
[2020.10.13-13.19.42:919][ 97]LogAIModule: Creating AISystem for world Untitled_1
[2020.10.13-13.19.42:919][ 97]LogPlayLevel: PIE: World Init took: (0.000709s)
[2020.10.13-13.19.42:919][ 97]LogPlayLevel: PIE: Created PIE world by copying editor world from /Temp/Untitled_1.Untitled_1 to /Temp/UEDPIE_0_Untitled_1.Untitled_1 (0.002631s)
[2020.10.13-13.19.42:945][ 97]LogInit: XAudio2 using 'Głośniki (Realtek(R) Audio)' : 2 channels at 48 kHz using 16 bits per sample (channel mask 0x3)
[2020.10.13-13.19.42:964][ 97]LogInit: FAudioDevice initialized.
[2020.10.13-13.19.42:974][ 97]LogSlate: Updating window title bar state: overlay mode, drag disabled, window buttons hidden, title bar hidden
[2020.10.13-13.19.43:075][ 97]LogLoad: Game class is 'GameModeBase'
[2020.10.13-13.19.43:076][ 97]LogWorld: Bringing World /Temp/UEDPIE_0_Untitled_1.Untitled_1 up for play (max tick rate 60) at 2020.10.13-15.19.43
[2020.10.13-13.19.43:076][ 97]LogWorld: Bringing up level for play took: 0.000485
[2020.10.13-13.19.43:093][ 97]PIE: Play in editor start time for /Temp/UEDPIE_0_Untitled_1 1,231
[2020.10.13-13.19.43:093][ 97]LogBlueprintUserMessages: Late PlayInEditor Detection: Level '/Temp/Untitled_1.Untitled_1:PersistentLevel' has LevelScriptBlueprint '/Temp/Untitled_1.Untitled_1:PersistentLevel.Untitled' with GeneratedClass '/Temp/Untitled_1.Untitled_C' with ClassGeneratedBy '/Temp/Untitled_1.Untitled_1:PersistentLevel.Untitled'
[2020.10.13-13.19.44:781][191]LogBlueprintUserMessages: [Untitled_C_6] Hello
[2020.10.13-13.19.46:781][311]LogBlueprintUserMessages: [Untitled_C_6] World
[2020.10.13-13.19.48:804][432]LogSlate: Window 'MazeGame Game Preview Standalone (64-bit/PCD3D_SM5)' being destroyed
[2020.10.13-13.19.48:814][432]LogBlueprintUserMessages: Early EndPlayMap Detection: Level '/Temp/Untitled_1.Untitled_1:PersistentLevel' has LevelScriptBlueprint '/Temp/Untitled_1.Untitled_1:PersistentLevel.Untitled' with GeneratedClass '/Temp/Untitled_1.Untitled_C' with ClassGeneratedBy '/Temp/Untitled_1.Untitled_1:PersistentLevel.Untitled'
[2020.10.13-13.19.48:848][432]LogPlayLevel: Display: Shutting down PIE online subsystems
[2020.10.13-13.19.48:848][432]LogBlueprintUserMessages: Late EndPlayMap Detection: Level '/Temp/Untitled_1.Untitled_1:PersistentLevel' has LevelScriptBlueprint '/Temp/Untitled_1.Untitled_1:PersistentLevel.Untitled' with GeneratedClass '/Temp/Untitled_1.Untitled_C' with ClassGeneratedBy '/Temp/Untitled_1.Untitled_1:PersistentLevel.Untitled'
[2020.10.13-13.19.48:906][434]LogPlayLevel: Display: Destroying online subsystem :Context_9
[2020.10.13-13.20.47:721][795]LogTemp: Repeating last play command: Selected Viewport
[2020.10.13-13.20.47:730][795]LogBlueprintUserMessages: Early PlayInEditor Detection: Level '/Temp/Untitled_1.Untitled_1:PersistentLevel' has LevelScriptBlueprint '/Temp/Untitled_1.Untitled_1:PersistentLevel.Untitled' with GeneratedClass '/Temp/Untitled_1.Untitled_C' with ClassGeneratedBy '/Temp/Untitled_1.Untitled_1:PersistentLevel.Untitled'
[2020.10.13-13.20.47:730][795]LogPlayLevel: PlayLevel: No blueprints needed recompiling
[2020.10.13-13.20.47:730][795]PIE: New page: PIE session: Untitled_1 (13 paź 2020, 17:20:47)
[2020.10.13-13.20.47:730][795]LogPlayLevel: Creating play world package: /Temp/UEDPIE_0_Untitled_1
[2020.10.13-13.20.47:732][795]LogPlayLevel: PIE: StaticDuplicateObject took: (0.001828s)
[2020.10.13-13.20.47:733][795]LogAIModule: Creating AISystem for world Untitled_1
[2020.10.13-13.20.47:733][795]LogPlayLevel: PIE: World Init took: (0.001043s)
[2020.10.13-13.20.47:734][795]LogPlayLevel: PIE: Created PIE world by copying editor world from /Temp/Untitled_1.Untitled_1 to /Temp/UEDPIE_0_Untitled_1.Untitled_1 (0.003184s)
[2020.10.13-13.20.47:763][795]LogInit: XAudio2 using 'Głośniki (Realtek(R) Audio)' : 2 channels at 48 kHz using 16 bits per sample (channel mask 0x3)
[2020.10.13-13.20.47:782][795]LogInit: FAudioDevice initialized.
[2020.10.13-13.20.47:817][795]LogLoad: Game class is 'GameModeBase'
[2020.10.13-13.20.47:818][795]LogWorld: Bringing World /Temp/UEDPIE_0_Untitled_1.Untitled_1 up for play (max tick rate 60) at 2020.10.13-15.20.47
[2020.10.13-13.20.47:818][795]LogWorld: Bringing up level for play took: 0.000455
[2020.10.13-13.20.47:831][795]PIE: Play in editor start time for /Temp/UEDPIE_0_Untitled_1 -0,03
[2020.10.13-13.20.47:831][795]LogBlueprintUserMessages: Late PlayInEditor Detection: Level '/Temp/Untitled_1.Untitled_1:PersistentLevel' has LevelScriptBlueprint '/Temp/Untitled_1.Untitled_1:PersistentLevel.Untitled' with GeneratedClass '/Temp/Untitled_1.Untitled_C' with ClassGeneratedBy '/Temp/Untitled_1.Untitled_1:PersistentLevel.Untitled'
[2020.10.13-13.20.49:713][907]LogBlueprintUserMessages: [Untitled_C_6] Hello
[2020.10.13-13.20.51:714][ 27]LogBlueprintUserMessages: [Untitled_C_6] World
[2020.10.13-13.20.58:231][418]LogBlueprintUserMessages: Early EndPlayMap Detection: Level '/Temp/Untitled_1.Untitled_1:PersistentLevel' has LevelScriptBlueprint '/Temp/Untitled_1.Untitled_1:PersistentLevel.Untitled' with GeneratedClass '/Temp/Untitled_1.Untitled_C' with ClassGeneratedBy '/Temp/Untitled_1.Untitled_1:PersistentLevel.Untitled'
[2020.10.13-13.20.58:231][418]LogSlate: Updating window title bar state: overlay mode, drag disabled, window buttons hidden, title bar hidden
[2020.10.13-13.20.58:275][418]LogPlayLevel: Display: Shutting down PIE online subsystems
[2020.10.13-13.20.58:275][418]LogBlueprintUserMessages: Late EndPlayMap Detection: Level '/Temp/Untitled_1.Untitled_1:PersistentLevel' has LevelScriptBlueprint '/Temp/Untitled_1.Untitled_1:PersistentLevel.Untitled' with GeneratedClass '/Temp/Untitled_1.Untitled_C' with ClassGeneratedBy '/Temp/Untitled_1.Untitled_1:PersistentLevel.Untitled'
[2020.10.13-13.20.58:294][418]LogSlate: Updating window title bar state: overlay mode, drag disabled, window buttons hidden, title bar hidden
[2020.10.13-13.20.58:341][420]LogPlayLevel: Display: Destroying online subsystem :Context_10
[2020.10.13-13.21.18:671][595]LogSlate: FSceneViewport::OnFocusLost() reason 0
[2020.10.13-13.21.20:236][689]LogEditorViewport: Clicking on Actor (LMB): BP_Sky_Sphere_C (Sky Sphere)
[2020.10.13-13.21.21:987][792]LogSlate: FSceneViewport::OnFocusLost() reason 2
[2020.10.13-13.21.46:377][104]LogSlate: Only BGRA pngs, bmps or icos are supported in by External Image Picker
[2020.10.13-13.21.46:508][107]LogTemp: Executing iPhonePackager certificates Engine -bundlename com.YourCompany.MazeGame
[2020.10.13-13.21.46:508][107]LogTemp: CWD: C:\Program Files\Epic Games\UE_4.20\Engine\Binaries\DotNET\IOS
[2020.10.13-13.21.46:508][107]LogTemp: Initial Dir: C:\Program Files\Epic Games\UE_4.20
[2020.10.13-13.21.46:508][107]LogTemp: Env CWD: C:\Program Files\Epic Games\UE_4.20\Engine\Binaries\DotNET\IOS
[2020.10.13-13.21.46:508][107]LogTemp: BranchPath = DESKTOP-L4EJC2M/C/Program Files/Epic Games/UE_4.20/Engine/Binaries --- GameBranchPath = DESKTOP-L4EJC2M/C/Program Files/Epic Games/UE_4.20/Engine/Binaries
[2020.10.13-13.21.46:553][109]LogTemp: IPP ERROR: Could not find provision directory 'C:\Users\niech\AppData\Local/Apple Computer/MobileDevice/Provisioning Profiles/'.
[2020.10.13-13.22.47:607][758]LogSlate: Window 'Project Settings' being destroyed
[2020.10.13-13.22.47:616][758]LogSlate: Window 'Project Settings' being destroyed
[2020.10.13-13.22.55:862][251]LogSlate: Window 'Untitled* - Level Blueprint Editor' being destroyed
[2020.10.13-13.22.55:871][251]LogSlate: Window 'Untitled* - Level Blueprint Editor' being destroyed
[2020.10.13-13.23.18:156][434]LogAssetEditorManager: Opening Asset editor for LevelScriptBlueprint /Temp/Untitled_1.Untitled_1:PersistentLevel.Untitled
[2020.10.13-13.24.17:911][528]Cmd: OBJ SAVEPACKAGE PACKAGE="/Temp/Untitled_1" FILE="../../../../../../UnrealEngine/MazeGameIB/MazeGame/Saved/Autosaves/Temp/Untitled_1_Auto1.umap" SILENT=true AUTOSAVING=true KEEPDIRTY=false
[2020.10.13-13.24.18:073][528]LogSavePackage: Moving '../../../../../../UnrealEngine/MazeGameIB/MazeGame/Saved/Untitled_1_Auto118E57885436F77F12819EAAD5B101B97.tmp' to '../../../../../../UnrealEngine/MazeGameIB/MazeGame/Saved/Autosaves/Temp/Untitled_1_Auto1.umap'
[2020.10.13-13.24.18:077][528]LogFileHelpers: Editor autosave (incl. sublevels) for '/Temp/Untitled_1' took 0.192
[2020.10.13-13.24.18:077][528]LogFileHelpers: Editor autosave (incl. sublevels) for all levels took 0.192
[2020.10.13-13.26.21:630][387]LogSlate: Window 'Untitled* - Level Blueprint Editor' being destroyed
[2020.10.13-13.26.21:640][387]LogSlate: Window 'Untitled* - Level Blueprint Editor' being destroyed
[2020.10.13-13.26.21:797][395]LogSlate: Took 0.004495 seconds to synchronously load lazily loaded font '../../../Engine/Content/Slate/Fonts/Roboto-Italic.ttf' (157K)
[2020.10.13-13.30.04:305][435]LogSlate: Window 'Save Content' being destroyed
[2020.10.13-13.30.06:771][435]LogSlate: Window 'Save Level As' being destroyed
[2020.10.13-13.30.09:301][466]LogSlate: Window 'Save Content' being destroyed
[2020.10.13-13.30.09:344][466]LogSlate: Window 'MazeGame - Unreal Editor' being destroyed
[2020.10.13-13.30.09:524][467]Cmd: QUIT_EDITOR
[2020.10.13-13.30.09:607][467]LogWindowsTextInputMethodSystem: Display: IME system now deactivated.
[2020.10.13-13.30.09:618][467]LogExit: Preparing to exit.
[2020.10.13-13.30.10:208][467]LogExit: Editor shut down
[2020.10.13-13.30.10:208][467]LogExit: Transaction tracking system shut down
[2020.10.13-13.30.10:486][467]LogExit: Object subsystem successfully closed.
[2020.10.13-13.30.10:505][467]LogShaderCompilers: Display: Shaders left to compile 0
[2020.10.13-13.30.10:508][467]LogD3D11RHI: Shutdown
[2020.10.13-13.30.10:508][467]LogD3D11RHI: CleanupD3DDevice
[2020.10.13-13.30.10:510][467]LogD3D11RHI: ~FD3D11DynamicRHI
[2020.10.13-13.30.10:533][467]LogModuleManager: Shutting down and abandoning module MovieSceneCapture (622)
[2020.10.13-13.30.10:534][467]LogModuleManager: Shutting down and abandoning module Voice (620)
[2020.10.13-13.30.10:537][467]LogModuleManager: Shutting down and abandoning module BlueprintGraph (618)
[2020.10.13-13.30.10:537][467]LogModuleManager: Shutting down and abandoning module ExternalImagePicker (616)
[2020.10.13-13.30.10:537][467]LogModuleManager: Shutting down and abandoning module HierarchicalLODUtilities (614)
[2020.10.13-13.30.10:537][467]LogModuleManager: Shutting down and abandoning module NewLevelDialog (612)
[2020.10.13-13.30.10:537][467]LogModuleManager: Shutting down and abandoning module HierarchicalLODOutliner (610)
[2020.10.13-13.30.10:537][467]LogModuleManager: Shutting down and abandoning module SceneOutliner (608)
[2020.10.13-13.30.10:537][467]LogModuleManager: Shutting down and abandoning module AddContentDialog (606)
[2020.10.13-13.30.10:537][467]LogModuleManager: Shutting down and abandoning module WidgetCarousel (605)
[2020.10.13-13.30.10:537][467]LogModuleManager: Shutting down and abandoning module EditorWidgets (602)
[2020.10.13-13.30.10:537][467]LogModuleManager: Shutting down and abandoning module CollectionManager (600)
[2020.10.13-13.30.10:537][467]LogModuleManager: Shutting down and abandoning module StatsViewer (598)
[2020.10.13-13.30.10:538][467]LogModuleManager: Shutting down and abandoning module FoliageEdit (596)
[2020.10.13-13.30.10:538][467]LogModuleManager: Shutting down and abandoning module LandscapeEditor (594)
[2020.10.13-13.30.10:538][467]LogModuleManager: Shutting down and abandoning module MeshPaintMode (592)
[2020.10.13-13.30.10:538][467]LogModuleManager: Shutting down and abandoning module SceneDepthPickerMode (590)
[2020.10.13-13.30.10:538][467]LogModuleManager: Shutting down and abandoning module ActorPickerMode (588)
[2020.10.13-13.30.10:538][467]LogModuleManager: Shutting down and abandoning module GeometryMode (586)
[2020.10.13-13.30.10:538][467]LogModuleManager: Shutting down and abandoning module TextureAlignMode (584)
[2020.10.13-13.30.10:538][467]LogModuleManager: Shutting down and abandoning module BspMode (582)
[2020.10.13-13.30.10:538][467]LogModuleManager: Shutting down and abandoning module PIEPreviewDeviceProfileSelector (580)
[2020.10.13-13.30.10:538][467]LogModuleManager: Shutting down and abandoning module SequenceRecorderSections (578)
[2020.10.13-13.30.10:538][467]LogModuleManager: Shutting down and abandoning module AutomationWorker (576)
[2020.10.13-13.30.10:538][467]LogModuleManager: Shutting down and abandoning module AudioCaptureEditor (574)
[2020.10.13-13.30.10:538][467]LogModuleManager: Shutting down and abandoning module SequenceRecorder (573)
[2020.10.13-13.30.10:538][467]LogModuleManager: Shutting down and abandoning module MatineeToLevelSequence (570)
[2020.10.13-13.30.10:538][467]LogModuleManager: Shutting down and abandoning module LevelSequenceEditor (568)
[2020.10.13-13.30.10:538][467]LogModuleManager: Shutting down and abandoning module PlacementMode (567)
[2020.10.13-13.30.10:538][467]LogModuleManager: Shutting down and abandoning module MaterialEditor (566)
[2020.10.13-13.30.10:538][467]LogModuleManager: Shutting down and abandoning module WmfMediaFactory (562)
[2020.10.13-13.30.10:538][467]LogModuleManager: Shutting down and abandoning module WmfMediaEditor (560)
[2020.10.13-13.30.10:538][467]LogModuleManager: Shutting down and abandoning module MediaPlayerEditor (558)
[2020.10.13-13.30.10:538][467]LogModuleManager: Shutting down and abandoning module OpenExrWrapper (556)
[2020.10.13-13.30.10:538][467]LogModuleManager: Shutting down and abandoning module ImgMediaFactory (554)
[2020.10.13-13.30.10:538][467]LogModuleManager: Shutting down and abandoning module ImgMediaEditor (552)
[2020.10.13-13.30.10:538][467]LogModuleManager: Shutting down and abandoning module AvfMediaFactory (550)
[2020.10.13-13.30.10:538][467]LogModuleManager: Shutting down and abandoning module AvfMediaEditor (548)
[2020.10.13-13.30.10:538][467]LogModuleManager: Shutting down and abandoning module AndroidMediaFactory (546)
[2020.10.13-13.30.10:538][467]LogModuleManager: Shutting down and abandoning module AndroidMediaEditor (544)
[2020.10.13-13.30.10:539][467]LogModuleManager: Shutting down and abandoning module MagicLeapCameraPreviewFactory (542)
[2020.10.13-13.30.10:539][467]LogModuleManager: Shutting down and abandoning module MagicLeapMediaFactory (540)
[2020.10.13-13.30.10:539][467]LogModuleManager: Shutting down and abandoning module MagicLeapMediaEditor (538)
[2020.10.13-13.30.10:539][467]LogModuleManager: Shutting down and abandoning module CharacterAI (536)
[2020.10.13-13.30.10:539][467]LogModuleManager: Shutting down and abandoning module SmartSnapping (534)
[2020.10.13-13.30.10:539][467]LogModuleManager: Shutting down and abandoning module SessionServices (532)
[2020.10.13-13.30.10:539][467]LogModuleManager: Shutting down and abandoning module ViewportSnapping (530)
[2020.10.13-13.30.10:539][467]LogModuleManager: Shutting down and abandoning module ViewportInteraction (528)
[2020.10.13-13.30.10:539][467]LogModuleManager: Shutting down and abandoning module ClothPainter (526)
[2020.10.13-13.30.10:539][467]LogModuleManager: Shutting down and abandoning module SkeletalMeshEditor (525)
[2020.10.13-13.30.10:539][467]LogModuleManager: Shutting down and abandoning module LogVisualizer (522)
[2020.10.13-13.30.10:539][467]LogModuleManager: Shutting down and abandoning module IntroTutorials (520)
[2020.10.13-13.30.10:539][467]LogModuleManager: Shutting down and abandoning module GameProjectGeneration (519)
[2020.10.13-13.30.10:539][467]LogModuleManager: Shutting down and abandoning module LuminPlatformEditor (516)
[2020.10.13-13.30.10:539][467]LogModuleManager: Shutting down and abandoning module IOSPlatformEditor (514)
[2020.10.13-13.30.10:539][467]LogModuleManager: Shutting down and abandoning module HTML5PlatformEditor (512)
[2020.10.13-13.30.10:539][467]LogModuleManager: Shutting down and abandoning module AndroidPlatformEditor (510)
[2020.10.13-13.30.10:539][467]LogModuleManager: Shutting down and abandoning module AndroidDeviceDetection (509)
[2020.10.13-13.30.11:210][467]LogModuleManager: Shutting down and abandoning module WindowsPlatformEditor (506)
[2020.10.13-13.30.11:210][467]LogModuleManager: Shutting down and abandoning module LuminRuntimeSettings (504)
[2020.10.13-13.30.11:210][467]LogModuleManager: Shutting down and abandoning module IOSRuntimeSettings (502)
[2020.10.13-13.30.11:210][467]LogModuleManager: Shutting down and abandoning module AndroidRuntimeSettings (500)
[2020.10.13-13.30.11:210][467]LogModuleManager: Shutting down and abandoning module InputBindingEditor (498)
[2020.10.13-13.30.11:210][467]LogModuleManager: Shutting down and abandoning module MergeActors (496)
[2020.10.13-13.30.11:210][467]LogModuleManager: Shutting down and abandoning module LocalizationDashboard (494)
[2020.10.13-13.30.11:210][467]LogModuleManager: Shutting down and abandoning module LocalizationService (493)
[2020.10.13-13.30.11:211][467]LogModuleManager: Shutting down and abandoning module HardwareTargeting (490)
[2020.10.13-13.30.11:211][467]LogModuleManager: Shutting down and abandoning module DeviceProfileEditor (488)
[2020.10.13-13.30.11:211][467]LogModuleManager: Shutting down and abandoning module UndoHistory (486)
[2020.10.13-13.30.11:211][467]LogModuleManager: Shutting down and abandoning module XmlParser (484)
[2020.10.13-13.30.11:211][467]LogModuleManager: Shutting down and abandoning module Blutility (482)
[2020.10.13-13.30.11:211][467]LogModuleManager: Shutting down and abandoning module ProjectSettingsViewer (480)
[2020.10.13-13.30.11:211][467]LogModuleManager: Shutting down and abandoning module ProjectTargetPlatformEditor (479)
[2020.10.13-13.30.11:211][467]LogModuleManager: Shutting down and abandoning module EditorSettingsViewer (476)
[2020.10.13-13.30.11:211][467]LogModuleManager: Shutting down and abandoning module SettingsEditor (474)
[2020.10.13-13.30.11:211][467]LogModuleManager: Shutting down and abandoning module ProjectLauncher (472)
[2020.10.13-13.30.11:211][467]LogModuleManager: Shutting down and abandoning module SessionFrontend (470)
[2020.10.13-13.30.11:211][467]LogModuleManager: Shutting down and abandoning module ProfilerClient (468)
[2020.10.13-13.30.11:211][467]LogModuleManager: Shutting down and abandoning module DeviceManager (466)
[2020.10.13-13.30.11:211][467]LogModuleManager: Shutting down and abandoning module TargetDeviceServices (465)
[2020.10.13-13.30.11:275][467]LogModuleManager: Shutting down and abandoning module AutomationController (462)
[2020.10.13-13.30.11:275][467]LogModuleManager: Shutting down and abandoning module AutomationWindow (460)
[2020.10.13-13.30.11:275][467]LogModuleManager: Shutting down and abandoning module Layers (458)
[2020.10.13-13.30.11:275][467]LogModuleManager: Shutting down and abandoning module ComponentVisualizers (456)
[2020.10.13-13.30.11:275][467]LogModuleManager: Shutting down and abandoning module DetailCustomizations (454)
[2020.10.13-13.30.11:275][467]LogModuleManager: Shutting down and abandoning module PackagesDialog (452)
[2020.10.13-13.30.11:275][467]LogModuleManager: Shutting down and abandoning module Persona (450)
[2020.10.13-13.30.11:275][467]LogModuleManager: Shutting down and abandoning module AdvancedPreviewScene (449)
[2020.10.13-13.30.11:275][467]LogModuleManager: Shutting down and abandoning module AnimGraph (447)
[2020.10.13-13.30.11:275][467]LogModuleManager: Shutting down and abandoning module Kismet (444)
[2020.10.13-13.30.11:279][467]LogModuleManager: Shutting down and abandoning module GraphEditor (442)
[2020.10.13-13.30.11:279][467]LogModuleManager: Shutting down and abandoning module ClassViewer (440)
[2020.10.13-13.30.11:279][467]LogModuleManager: Shutting down and abandoning module Toolbox (438)
[2020.10.13-13.30.11:279][467]LogModuleManager: Shutting down and abandoning module ModuleUI (436)
[2020.10.13-13.30.11:279][467]LogModuleManager: Shutting down and abandoning module MovieSceneTools (434)
[2020.10.13-13.30.11:279][467]LogModuleManager: Shutting down and abandoning module OutputLog (432)
[2020.10.13-13.30.11:279][467]LogModuleManager: Shutting down and abandoning module GammaUI (430)
[2020.10.13-13.30.11:279][467]LogModuleManager: Shutting down and abandoning module Documentation (428)
[2020.10.13-13.30.11:279][467]LogModuleManager: Shutting down and abandoning module MovieSceneTracks (426)
[2020.10.13-13.30.11:279][467]LogModuleManager: Shutting down and abandoning module MovieScene (424)
[2020.10.13-13.30.11:279][467]LogModuleManager: Shutting down and abandoning module StreamingPauseRendering (422)
[2020.10.13-13.30.11:279][467]LogModuleManager: Shutting down and abandoning module LauncherPlatform (420)
[2020.10.13-13.30.11:279][467]LogModuleManager: Shutting down and abandoning module AnalyticsET (418)
[2020.10.13-13.30.11:279][467]LogModuleManager: Shutting down and abandoning module PortalServices (416)
[2020.10.13-13.30.11:279][467]LogModuleManager: Shutting down and abandoning module PortalRpc (414)
[2020.10.13-13.30.11:279][467]LogModuleManager: Shutting down and abandoning module MessagingRpc (412)
[2020.10.13-13.30.11:279][467]LogModuleManager: Shutting down and abandoning module AIModule (410)
[2020.10.13-13.30.11:279][467]LogModuleManager: Shutting down and abandoning module GameplayDebugger (409)
[2020.10.13-13.30.11:279][467]LogModuleManager: Shutting down and abandoning module AITestSuite (407)
[2020.10.13-13.30.11:279][467]LogModuleManager: Shutting down and abandoning module NavigationSystem (405)
[2020.10.13-13.30.11:279][467]LogModuleManager: Shutting down and abandoning module DesktopPlatform (402)
[2020.10.13-13.30.11:279][467]LogModuleManager: Shutting down and abandoning module ProfilerService (400)
[2020.10.13-13.30.11:336][467]LogModuleManager: Shutting down and abandoning module TaskGraph (398)
[2020.10.13-13.30.11:336][467]LogModuleManager: Shutting down and abandoning module SteamVRController (396)
[2020.10.13-13.30.11:336][467]LogModuleManager: Shutting down and abandoning module ProceduralMeshComponentEditor (394)
[2020.10.13-13.30.11:336][467]LogModuleManager: Shutting down and abandoning module ProceduralMeshComponent (392)
[2020.10.13-13.30.11:336][467]LogModuleManager: Shutting down and abandoning module OculusInput (390)
[2020.10.13-13.30.11:336][467]LogModuleManager: Shutting down and abandoning module MobilePatchingUtils (388)
[2020.10.13-13.30.11:336][467]LogModuleManager: Shutting down and abandoning module EditableMesh (386)
[2020.10.13-13.30.11:336][467]LogModuleManager: Shutting down and abandoning module CustomMeshComponent (384)
[2020.10.13-13.30.11:336][467]LogModuleManager: Shutting down and abandoning module CableComponent (382)
[2020.10.13-13.30.11:336][467]LogModuleManager: Shutting down and abandoning module AudioCapture (380)
[2020.10.13-13.30.11:336][467]LogModuleManager: Shutting down and abandoning module ArchVisCharacter (378)
[2020.10.13-13.30.11:336][467]LogModuleManager: Shutting down and abandoning module AndroidPermission (376)
[2020.10.13-13.30.11:336][467]LogModuleManager: Shutting down and abandoning module NUTUnrealEngine4 (374)
[2020.10.13-13.30.11:336][467]LogModuleManager: Shutting down and abandoning module NetcodeUnitTest (372)
[2020.10.13-13.30.11:336][467]LogModuleManager: Shutting down and abandoning module MediaCompositingEditor (370)
[2020.10.13-13.30.11:336][467]LogModuleManager: Shutting down and abandoning module MediaCompositing (368)
[2020.10.13-13.30.11:336][467]LogModuleManager: Shutting down and abandoning module LinearTimecode (366)
[2020.10.13-13.30.11:336][467]LogModuleManager: Shutting down and abandoning module ImgMedia (364)
[2020.10.13-13.30.11:339][467]LogModuleManager: Shutting down and abandoning module HTML5Networking (362)
[2020.10.13-13.30.11:339][467]LogModuleManager: Shutting down and abandoning module GeometryCacheTracks (360)
[2020.10.13-13.30.11:339][467]LogModuleManager: Shutting down and abandoning module GeometryCacheSequencer (358)
[2020.10.13-13.30.11:339][467]LogModuleManager: Shutting down and abandoning module BackChannel (356)
[2020.10.13-13.30.11:339][467]LogModuleManager: Shutting down and abandoning module AppleVision (354)
[2020.10.13-13.30.11:339][467]LogModuleManager: Shutting down and abandoning module AppleImageUtils (352)
[2020.10.13-13.30.11:339][467]LogModuleManager: Shutting down and abandoning module AlembicImporter (350)
[2020.10.13-13.30.11:339][467]LogModuleManager: Shutting down and abandoning module AlembicLibrary (349)
[2020.10.13-13.30.11:339][467]LogModuleManager: Shutting down and abandoning module GeometryCache (348)
[2020.10.13-13.30.11:339][467]LogModuleManager: Shutting down and abandoning module GeometryCacheEd (347)
[2020.10.13-13.30.11:339][467]LogModuleManager: Shutting down and abandoning module DatasmithContentEditor (342)
[2020.10.13-13.30.11:339][467]LogModuleManager: Shutting down and abandoning module DatasmithContent (340)
[2020.10.13-13.30.11:340][467]LogModuleManager: Shutting down and abandoning module SpeedTreeImporter (338)
[2020.10.13-13.30.11:340][467]LogModuleManager: Shutting down and abandoning module PluginBrowser (336)
[2020.10.13-13.30.11:340][467]LogModuleManager: Shutting down and abandoning module MobileLauncherProfileWizard (334)
[2020.10.13-13.30.11:340][467]LogModuleManager: Shutting down and abandoning module PolygonModeling (332)
[2020.10.13-13.30.11:340][467]LogModuleManager: Shutting down and abandoning module MeshEditor (330)
[2020.10.13-13.30.11:340][467]LogModuleManager: Shutting down and abandoning module CryptoKeysOpenSSL (328)
[2020.10.13-13.30.11:340][467]LogModuleManager: Shutting down and abandoning module CryptoKeys (326)
[2020.10.13-13.30.11:340][467]LogModuleManager: Shutting down and abandoning module VisualStudioSourceCodeAccess (324)
[2020.10.13-13.30.11:340][467]LogModuleManager: Shutting down and abandoning module VisualStudioCodeSourceCodeAccess (322)
[2020.10.13-13.30.11:340][467]LogModuleManager: Shutting down and abandoning module UObjectPlugin (320)
[2020.10.13-13.30.11:340][467]LogModuleManager: Shutting down and abandoning module SubversionSourceControl (318)
[2020.10.13-13.30.11:340][467]LogModuleManager: Shutting down and abandoning module PerforceSourceControl (316)
[2020.10.13-13.30.11:340][467]LogModuleManager: Shutting down and abandoning module GitSourceControl (314)
[2020.10.13-13.30.11:340][467]LogModuleManager: Shutting down and abandoning module SourceControl (313)
[2020.10.13-13.30.11:340][467]LogModuleManager: Shutting down and abandoning module CLionSourceCodeAccess (310)
[2020.10.13-13.30.11:340][467]LogModuleManager: Shutting down and abandoning module LightPropagationVolumeEditor (308)
[2020.10.13-13.30.11:340][467]LogModuleManager: Shutting down and abandoning module PaperTiledImporter (306)
[2020.10.13-13.30.11:341][467]LogModuleManager: Shutting down and abandoning module PaperSpriteSheetImporter (304)
[2020.10.13-13.30.11:341][467]LogModuleManager: Shutting down and abandoning module Paper2DEditor (302)
[2020.10.13-13.30.11:341][467]LogModuleManager: Shutting down and abandoning module MeshPaint (301)
[2020.10.13-13.30.11:341][467]LogModuleManager: Shutting down and abandoning module RuntimePhysXCooking (298)
[2020.10.13-13.30.11:341][467]LogModuleManager: Shutting down and abandoning module PhysXVehiclesEditor (296)
[2020.10.13-13.30.11:341][467]LogModuleManager: Shutting down and abandoning module PhysXVehicles (294)
[2020.10.13-13.30.11:341][467]LogModuleManager: Shutting down and abandoning module OculusEditor (292)
[2020.10.13-13.30.11:341][467]LogModuleManager: Shutting down and abandoning module LocationServicesBPLibrary (290)
[2020.10.13-13.30.11:341][467]LogModuleManager: Shutting down and abandoning module ImmediatePhysicsEditor (288)
[2020.10.13-13.30.11:341][467]LogModuleManager: Shutting down and abandoning module ImmediatePhysics (286)
[2020.10.13-13.30.11:341][467]LogModuleManager: Shutting down and abandoning module ActorSequence (284)
[2020.10.13-13.30.11:341][467]LogModuleManager: Shutting down and abandoning module UdpMessaging (282)
[2020.10.13-13.30.11:442][467]LogModuleManager: Shutting down and abandoning module TcpMessaging (280)
[2020.10.13-13.30.11:543][467]LogModuleManager: Shutting down and abandoning module MagicLeapAudio (278)
[2020.10.13-13.30.11:543][467]LogModuleManager: Shutting down and abandoning module GameplayTagsEditor (276)
[2020.10.13-13.30.11:543][467]LogModuleManager: Shutting down and abandoning module FacialAnimationEditor (274)
[2020.10.13-13.30.11:543][467]LogModuleManager: Shutting down and abandoning module FacialAnimation (272)
[2020.10.13-13.30.11:543][467]LogModuleManager: Shutting down and abandoning module DataValidation (270)
[2020.10.13-13.30.11:543][467]LogModuleManager: Shutting down and abandoning module AssetManagerEditor (268)
[2020.10.13-13.30.11:543][467]LogModuleManager: Shutting down and abandoning module LevelEditor (267)
[2020.10.13-13.30.11:543][467]LogModuleManager: Shutting down and abandoning module PixelInspectorModule (266)
[2020.10.13-13.30.11:543][467]LogModuleManager: Shutting down and abandoning module CommonMenuExtensions (264)
[2020.10.13-13.30.11:544][467]LogModuleManager: Shutting down and abandoning module MainFrame (262)
[2020.10.13-13.30.11:544][467]LogModuleManager: Shutting down and abandoning module HotReload (261)
[2020.10.13-13.30.11:544][467]LogModuleManager: Shutting down and abandoning module ContentBrowser (257)
[2020.10.13-13.30.11:545][467]LogModuleManager: Shutting down and abandoning module TreeMap (255)
[2020.10.13-13.30.11:545][467]LogModuleManager: Shutting down and abandoning module LightPropagationVolumeRuntime (252)
[2020.10.13-13.30.11:545][467]LogModuleManager: Shutting down and abandoning module AISupportModule (250)
[2020.10.13-13.30.11:545][467]LogModuleManager: Shutting down and abandoning module Paper2D (248)
[2020.10.13-13.30.11:545][467]LogModuleManager: Shutting down and abandoning module WindowsMoviePlayer (246)
[2020.10.13-13.30.11:545][467]LogModuleManager: Shutting down and abandoning module WmfMedia (244)
[2020.10.13-13.30.11:546][467]LogModuleManager: Shutting down and abandoning module Media (243)
[2020.10.13-13.30.11:552][467]LogModuleManager: Shutting down and abandoning module PacketHandler (240)
[2020.10.13-13.30.11:552][467]LogModuleManager: Shutting down and abandoning module ClothingSystemEditor (238)
[2020.10.13-13.30.11:552][467]LogModuleManager: Shutting down and abandoning module ClothingSystemRuntime (236)
[2020.10.13-13.30.11:552][467]LogModuleManager: Shutting down and abandoning module MediaAssets (234)
[2020.10.13-13.30.11:552][467]LogModuleManager: Shutting down and abandoning module Overlay (232)
[2020.10.13-13.30.11:552][467]LogModuleManager: Shutting down and abandoning module OverlayEditor (231)
[2020.10.13-13.30.11:552][467]LogModuleManager: Shutting down and abandoning module VREditor (228)
[2020.10.13-13.30.11:552][467]LogModuleManager: Shutting down and abandoning module StringTableEditor (226)
[2020.10.13-13.30.11:552][467]LogModuleManager: Shutting down and abandoning module GameplayTasksEditor (224)
[2020.10.13-13.30.11:552][467]LogModuleManager: Shutting down and abandoning module BehaviorTreeEditor (222)
[2020.10.13-13.30.11:552][467]LogModuleManager: Shutting down and abandoning module FunctionalTesting (220)
[2020.10.13-13.30.11:552][467]LogModuleManager: Shutting down and abandoning module CollisionAnalyzer (218)
[2020.10.13-13.30.11:552][467]LogModuleManager: Shutting down and abandoning module WorkspaceMenuStructure (217)
[2020.10.13-13.30.11:552][467]LogModuleManager: Shutting down and abandoning module UMG (214)
[2020.10.13-13.30.11:552][467]LogModuleManager: Shutting down and abandoning module UMGEditor (213)
[2020.10.13-13.30.11:552][467]LogModuleManager: Shutting down and abandoning module Sequencer (212)
[2020.10.13-13.30.11:552][467]LogModuleManager: Shutting down and abandoning module MessageLog (209)
[2020.10.13-13.30.11:552][467]LogModuleManager: Shutting down and abandoning module SlateReflector (204)
[2020.10.13-13.30.11:552][467]LogModuleManager: Shutting down and abandoning module Slate (202)
[2020.10.13-13.30.11:552][467]LogModuleManager: Shutting down and abandoning module EditorStyle (200)
[2020.10.13-13.30.11:554][467]LogModuleManager: Shutting down and abandoning module MRMesh (198)
[2020.10.13-13.30.11:554][467]LogModuleManager: Shutting down and abandoning module SourceCodeAccess (196)
[2020.10.13-13.30.11:554][467]LogModuleManager: Shutting down and abandoning module HeadMountedDisplay (194)
[2020.10.13-13.30.11:554][467]LogModuleManager: Shutting down and abandoning module XAudio2 (192)
[2020.10.13-13.30.11:554][467]LogModuleManager: Shutting down and abandoning module Networking (190)
[2020.10.13-13.30.11:554][467]LogModuleManager: Shutting down and abandoning module Core (188)
[2020.10.13-13.30.11:554][467]LogModuleManager: Shutting down and abandoning module LevelSequence (186)
[2020.10.13-13.30.11:554][467]LogModuleManager: Shutting down and abandoning module KismetCompiler (184)
[2020.10.13-13.30.11:554][467]LogModuleManager: Shutting down and abandoning module MeshUtilities (182)
[2020.10.13-13.30.11:554][467]LogModuleManager: Shutting down and abandoning module MeshMergeUtilities (181)
[2020.10.13-13.30.11:554][467]LogModuleManager: Shutting down and abandoning module MeshReductionInterface (180)
[2020.10.13-13.30.11:554][467]LogModuleManager: Shutting down and abandoning module SimplygonSwarm (179)
[2020.10.13-13.30.11:554][467]LogModuleManager: Shutting down and abandoning module ProxyLODMeshReduction (177)
[2020.10.13-13.30.11:554][467]LogModuleManager: Shutting down and abandoning module SimplygonMeshReduction (175)
[2020.10.13-13.30.11:554][467]LogModuleManager: Shutting down and abandoning module QuadricMeshReduction (173)
[2020.10.13-13.30.11:554][467]LogModuleManager: Shutting down and abandoning module MaterialBaking (169)
[2020.10.13-13.30.11:554][467]LogModuleManager: Shutting down and abandoning module DirectoryWatcher (165)
[2020.10.13-13.30.11:554][467]LogModuleManager: Shutting down and abandoning module DerivedDataCache (162)
[2020.10.13-13.30.11:655][467]LogDerivedDataCache: Shutdown
[2020.10.13-13.30.11:656][467]LogModuleManager: Shutting down and abandoning module XGEController (160)
[2020.10.13-13.30.11:656][467]LogModuleManager: Shutting down and abandoning module TargetPlatform (158)
[2020.10.13-13.30.11:656][467]LogModuleManager: Shutting down and abandoning module VulkanShaderFormat (157)
[2020.10.13-13.30.11:656][467]LogModuleManager: Shutting down and abandoning module ShaderFormatVectorVM (155)
[2020.10.13-13.30.11:656][467]LogModuleManager: Shutting down and abandoning module ShaderFormatOpenGL (153)
[2020.10.13-13.30.11:656][467]LogModuleManager: Shutting down and abandoning module ShaderFormatD3D (151)
[2020.10.13-13.30.11:656][467]LogModuleManager: Shutting down and abandoning module MetalShaderFormat (149)
[2020.10.13-13.30.11:656][467]LogModuleManager: Shutting down and abandoning module TextureFormatUncompressed (147)
[2020.10.13-13.30.11:656][467]LogModuleManager: Shutting down and abandoning module TextureFormatPVR (145)
[2020.10.13-13.30.11:656][467]LogModuleManager: Shutting down and abandoning module TextureFormatDXT (143)
[2020.10.13-13.30.11:656][467]LogModuleManager: Shutting down and abandoning module TextureFormatIntelISPCTexComp (141)
[2020.10.13-13.30.11:656][467]LogModuleManager: Shutting down and abandoning module TextureFormatASTC (139)
[2020.10.13-13.30.11:656][467]LogModuleManager: Shutting down and abandoning module ImageWrapper (138)
[2020.10.13-13.30.11:656][467]LogModuleManager: Shutting down and abandoning module TextureFormatAndroid (135)
[2020.10.13-13.30.11:656][467]LogModuleManager: Shutting down and abandoning module AudioFormatOpus (133)
[2020.10.13-13.30.11:656][467]LogModuleManager: Shutting down and abandoning module AudioFormatOgg (131)
[2020.10.13-13.30.11:656][467]LogModuleManager: Shutting down and abandoning module AudioFormatADPCM (129)
[2020.10.13-13.30.11:656][467]LogModuleManager: Shutting down and abandoning module LuminTargetPlatform (127)
[2020.10.13-13.30.11:656][467]LogModuleManager: Shutting down and abandoning module LinuxTargetPlatform (125)
[2020.10.13-13.30.11:656][467]LogModuleManager: Shutting down and abandoning module LinuxServerTargetPlatform (123)
[2020.10.13-13.30.11:656][467]LogModuleManager: Shutting down and abandoning module LinuxNoEditorTargetPlatform (121)
[2020.10.13-13.30.11:656][467]LogModuleManager: Shutting down and abandoning module LinuxClientTargetPlatform (119)
[2020.10.13-13.30.11:656][467]LogModuleManager: Shutting down and abandoning module TVOSTargetPlatform (117)
[2020.10.13-13.30.11:657][467]LogModuleManager: Shutting down and abandoning module Messaging (115)
[2020.10.13-13.30.11:657][467]LogModuleManager: Shutting down and abandoning module IOSTargetPlatform (113)
[2020.10.13-13.30.11:657][467]LogModuleManager: Shutting down and abandoning module HTML5TargetPlatform (111)
[2020.10.13-13.30.11:658][467]LogModuleManager: Shutting down and abandoning module AndroidTargetPlatform (109)
[2020.10.13-13.30.11:663][467]LogModuleManager: Shutting down and abandoning module WindowsTargetPlatform (107)
[2020.10.13-13.30.11:663][467]LogModuleManager: Shutting down and abandoning module WindowsServerTargetPlatform (105)
[2020.10.13-13.30.11:663][467]LogModuleManager: Shutting down and abandoning module WindowsNoEditorTargetPlatform (103)
[2020.10.13-13.30.11:663][467]LogModuleManager: Shutting down and abandoning module WindowsClientTargetPlatform (101)
[2020.10.13-13.30.11:663][467]LogModuleManager: Shutting down and abandoning module MacTargetPlatform (99)
[2020.10.13-13.30.11:663][467]LogModuleManager: Shutting down and abandoning module MacServerTargetPlatform (97)
[2020.10.13-13.30.11:663][467]LogModuleManager: Shutting down and abandoning module MacNoEditorTargetPlatform (95)
[2020.10.13-13.30.11:663][467]LogModuleManager: Shutting down and abandoning module MacClientTargetPlatform (93)
[2020.10.13-13.30.11:663][467]LogModuleManager: Shutting down and abandoning module AllDesktopTargetPlatform (91)
[2020.10.13-13.30.11:663][467]LogModuleManager: Shutting down and abandoning module InputCore (88)
[2020.10.13-13.30.11:663][467]LogModuleManager: Shutting down and abandoning module Settings (86)
[2020.10.13-13.30.11:664][467]LogModuleManager: Shutting down and abandoning module PhysXCooking (84)
[2020.10.13-13.30.11:664][467]LogModuleManager: Shutting down and abandoning module SteamVR (82)
[2020.10.13-13.30.11:664][467]LogModuleManager: Shutting down and abandoning module OculusHMD (80)
[2020.10.13-13.30.11:664][467]LogModuleManager: Shutting down and abandoning module ExampleDeviceProfileSelector (78)
[2020.10.13-13.30.11:664][467]LogModuleManager: Shutting down and abandoning module LauncherChunkInstaller (76)
[2020.10.13-13.30.11:664][467]LogModuleManager: Shutting down and abandoning module OnlineBlueprintSupport (74)
[2020.10.13-13.30.11:664][467]LogModuleManager: Shutting down and abandoning module OnlineSubsystem (70)
[2020.10.13-13.30.11:665][467]LogModuleManager: Shutting down and abandoning module XMPP (65)
[2020.10.13-13.30.11:665][467]LogModuleManager: Shutting down and abandoning module WebSockets (64)
[2020.10.13-13.30.11:700][467]LogModuleManager: Shutting down and abandoning module HTTP (61)
[2020.10.13-13.30.11:700][467]LogHttp: Display: Http module shutting down, but needs to wait on 1 outstanding Http requests:
[2020.10.13-13.30.11:700][467]LogHttp: Display: 	verb=[POST] url=[https://datarouter.ol.epicgames.com/datarouter/api/v1/public/data?SessionID=%7B13B43C75-4A3B-3505-9DF0-4E94823CD44E%7D&AppID=UEEditor.Rocket.Release&AppVersion=4.20.3-4369336%2B%2B%2BUE4%2BRelease-4.20&UserID=d7d3e7284b8a7f87e79664ad512aebe5%7C7ede1786c189451d8c8b058b8a6f1116%7C87cbad50-ee9d-4bb5-a81d-6bac323f0805&AppEnvironment=datacollector-binary&UploadType=eteventstream] status=Processing
[2020.10.13-13.30.11:711][467]LogModuleManager: Shutting down and abandoning module SSL (60)
[2020.10.13-13.30.11:712][467]LogModuleManager: Shutting down and abandoning module MagicLeapEmulator (56)
[2020.10.13-13.30.11:712][467]LogModuleManager: Shutting down and abandoning module MagicLeapPrivileges (54)
[2020.10.13-13.30.11:712][467]LogModuleManager: Shutting down and abandoning module MagicLeapIdentity (52)
[2020.10.13-13.30.11:712][467]LogModuleManager: Shutting down and abandoning module MagicLeapHelperVulkan (50)
[2020.10.13-13.30.11:712][467]LogModuleManager: Shutting down and abandoning module MagicLeapHelperOpenGL (48)
[2020.10.13-13.30.11:712][467]LogModuleManager: Shutting down and abandoning module MagicLeapSecureStorage (46)
[2020.10.13-13.30.11:712][467]LogModuleManager: Shutting down and abandoning module MagicLeapGestures (44)
[2020.10.13-13.30.11:712][467]LogModuleManager: Shutting down and abandoning module MagicLeapEyeTracker (42)
[2020.10.13-13.30.11:712][467]LogModuleManager: Shutting down and abandoning module MagicLeapController (40)
[2020.10.13-13.30.11:712][467]LogSlate: Slate User Destroyed.  User Index 0, Is Virtual User: 0
[2020.10.13-13.30.11:712][467]LogModuleManager: Shutting down and abandoning module MagicLeap (38)
[2020.10.13-13.30.11:712][467]LogModuleManager: Shutting down and abandoning module AnimationModifiers (36)
[2020.10.13-13.30.11:712][467]LogModuleManager: Shutting down and abandoning module PropertyEditor (35)
[2020.10.13-13.30.11:712][467]LogModuleManager: Shutting down and abandoning module AudioEditor (32)
[2020.10.13-13.30.11:712][467]LogModuleManager: Shutting down and abandoning module TextureCompressor (30)
[2020.10.13-13.30.11:713][467]LogModuleManager: Shutting down and abandoning module ShaderCore (28)
[2020.10.13-13.30.11:713][467]LogModuleManager: Shutting down and abandoning module Landscape (26)
[2020.10.13-13.30.11:713][467]LogModuleManager: Shutting down and abandoning module SlateRHIRenderer (24)
[2020.10.13-13.30.11:713][467]LogModuleManager: Shutting down and abandoning module OpenGLDrv (22)
[2020.10.13-13.30.11:713][467]LogModuleManager: Shutting down and abandoning module D3D11RHI (20)
[2020.10.13-13.30.11:713][467]LogModuleManager: Shutting down and abandoning module AnimGraphRuntime (18)
[2020.10.13-13.30.11:713][467]LogModuleManager: Shutting down and abandoning module Renderer (16)
[2020.10.13-13.30.11:713][467]LogModuleManager: Shutting down and abandoning module Engine (14)
[2020.10.13-13.30.11:713][467]LogModuleManager: Shutting down and abandoning module CoreUObject (12)
[2020.10.13-13.30.11:713][467]LogModuleManager: Shutting down and abandoning module NetworkFile (10)
[2020.10.13-13.30.11:713][467]LogModuleManager: Shutting down and abandoning module CookedIterativeFile (8)
[2020.10.13-13.30.11:713][467]LogModuleManager: Shutting down and abandoning module StreamingFile (6)
[2020.10.13-13.30.11:713][467]LogModuleManager: Shutting down and abandoning module SandboxFile (4)
[2020.10.13-13.30.11:713][467]LogModuleManager: Shutting down and abandoning module PakFile (2)
[2020.10.13-13.30.11:720][467]LogExit: Exiting.
[2020.10.13-13.30.11:727][467]Log file closed, 10/13/20 15:30:11
