Log file open, 01/18/21 13:27:58
LogWindows: Failed to load 'aqProf.dll' (GetLastError=126)
LogWindows: File 'aqProf.dll' does not exist
LogWindows: Failed to load 'VSPerf140.dll' (GetLastError=126)
LogWindows: File 'VSPerf140.dll' does not exist
LogWindows: Failed to load 'VtuneApi.dll' (GetLastError=126)
LogWindows: File 'VtuneApi.dll' does not exist
LogWindows: Failed to load 'VtuneApi32e.dll' (GetLastError=126)
LogWindows: File 'VtuneApi32e.dll' does not exist
LogInit: Display: Running engine for game: MazeGameIgaBudnik
LogPlatformFile: Not using cached read wrapper
LogTaskGraph: Started task graph with 5 named threads and 23 total threads with 3 sets of task threads.
LogStats: Stats thread started at 0.370598
LogD3D11RHI: Loaded GFSDK_Aftermath_Lib.x64.dll
LogICUInternationalization: Display: ICU TimeZone Detection - Raw Offset: +1:00, Platform Override: ''
LogPluginManager: Mounting plugin Paper2D
LogPluginManager: Mounting plugin AISupport
LogPluginManager: Mounting plugin LightPropagationVolume
LogPluginManager: Mounting plugin CLionSourceCodeAccess
LogPluginManager: Mounting plugin CodeLiteSourceCodeAccess
LogPluginManager: Mounting plugin GitSourceControl
LogPluginManager: Mounting plugin KDevelopSourceCodeAccess
LogPluginManager: Mounting plugin NullSourceCodeAccess
LogPluginManager: Mounting plugin PerforceSourceControl
LogPluginManager: Mounting plugin SubversionSourceControl
LogPluginManager: Mounting plugin UObjectPlugin
LogPluginManager: Mounting plugin VisualStudioCodeSourceCodeAccess
LogPluginManager: Mounting plugin VisualStudioSourceCodeAccess
LogPluginManager: Mounting plugin XCodeSourceCodeAccess
LogPluginManager: Mounting plugin AssetManagerEditor
LogPluginManager: Mounting plugin CryptoKeys
LogPluginManager: Mounting plugin DataValidation
LogPluginManager: Mounting plugin FacialAnimation
LogPluginManager: Mounting plugin GameplayTagsEditor
LogPluginManager: Mounting plugin MacGraphicsSwitching
LogPluginManager: Mounting plugin MeshEditor
LogPluginManager: Mounting plugin MobileLauncherProfileWizard
LogPluginManager: Mounting plugin PluginBrowser
LogPluginManager: Mounting plugin SpeedTreeImporter
LogPluginManager: Mounting plugin DatasmithContent
LogPluginManager: Mounting plugin AlembicImporter
LogPluginManager: Mounting plugin AppleImageUtils
LogPluginManager: Mounting plugin AppleVision
LogPluginManager: Mounting plugin BackChannel
LogPluginManager: Mounting plugin CharacterAI
LogPluginManager: Mounting plugin GeometryCache
LogPluginManager: Mounting plugin HTML5Networking
LogPluginManager: Mounting plugin ProxyLODPlugin
LogPluginManager: Mounting plugin MagicLeap
LogPluginManager: Mounting plugin MagicLeapEmulator
LogPluginManager: Mounting plugin MagicLeapMedia
LogPluginManager: Mounting plugin AndroidMedia
LogPluginManager: Mounting plugin AvfMedia
LogPluginManager: Mounting plugin ImgMedia
LogPluginManager: Mounting plugin LinearTimecode
LogPluginManager: Mounting plugin MediaCompositing
LogPluginManager: Mounting plugin MediaPlayerEditor
LogPluginManager: Mounting plugin WmfMedia
LogPluginManager: Mounting plugin TcpMessaging
LogPluginManager: Mounting plugin UdpMessaging
LogPluginManager: Mounting plugin ActorSequence
LogPluginManager: Mounting plugin LevelSequenceEditor
LogPluginManager: Mounting plugin MatineeToLevelSequence
LogPluginManager: Mounting plugin NetcodeUnitTest
LogPluginManager: Mounting plugin NUTUnrealEngine4
LogPluginManager: Mounting plugin OnlineSubsystemGooglePlay
LogPluginManager: Mounting plugin OnlineSubsystemIOS
LogPluginManager: Mounting plugin OnlineSubsystem
LogPluginManager: Mounting plugin OnlineSubsystemNull
LogPluginManager: Mounting plugin OnlineSubsystemUtils
LogPluginManager: Mounting plugin LauncherChunkInstaller
LogPluginManager: Mounting plugin AndroidDeviceProfileSelector
LogPluginManager: Mounting plugin AndroidMoviePlayer
LogPluginManager: Mounting plugin AndroidPermission
LogPluginManager: Mounting plugin AppleMoviePlayer
LogPluginManager: Mounting plugin ArchVisCharacter
LogPluginManager: Mounting plugin AudioCapture
LogPluginManager: Mounting plugin CableComponent
LogPluginManager: Mounting plugin CustomMeshComponent
LogPluginManager: Mounting plugin EditableMesh
LogPluginManager: Mounting plugin ExampleDeviceProfileSelector
LogPluginManager: Mounting plugin GoogleCloudMessaging
LogPluginManager: Mounting plugin ImmediatePhysics
LogPluginManager: Mounting plugin IOSDeviceProfileSelector
LogPluginManager: Mounting plugin LinuxDeviceProfileSelector
LogPluginManager: Mounting plugin LocationServicesBPLibrary
LogPluginManager: Mounting plugin MobilePatchingUtils
LogPluginManager: Mounting plugin OculusVR
LogPluginManager: Plugin shader directory ../../../Engine/Plugins/Runtime/Oculus/OculusVR/Shaders found
LogPluginManager: Mapping shader source directory ../../../Engine/Plugins/Runtime/Oculus/OculusVR/Shaders to virtual directory /Plugin/OculusVR
LogPluginManager: Mounting plugin PhysXVehicles
LogPluginManager: Mounting plugin ProceduralMeshComponent
LogPluginManager: Mounting plugin RuntimePhysXCooking
LogPluginManager: Mounting plugin SteamVR
LogPluginManager: Mounting plugin WindowsMoviePlayer
LogStreaming: Display: Took  0.157s to configure plugins.
LogInit: Using libcurl 7.55.1-DEV
LogInit:  - built for x86_64-pc-win32
LogInit:  - supports SSL with OpenSSL/1.0.2h
LogInit:  - supports HTTP deflate (compression) using libz 1.2.8
LogInit:  - other features:
LogInit:      CURL_VERSION_SSL
LogInit:      CURL_VERSION_LIBZ
LogInit:      CURL_VERSION_IPV6
LogInit:      CURL_VERSION_ASYNCHDNS
LogInit:      CURL_VERSION_LARGEFILE
LogInit:      CURL_VERSION_IDN
LogInit:  CurlRequestOptions (configurable via config and command line):
LogInit:  - bVerifyPeer = false  - Libcurl will NOT verify peer certificate
LogInit:  - bUseHttpProxy = false  - Libcurl will NOT use HTTP proxy
LogInit:  - bDontReuseConnections = false  - Libcurl will reuse connections
LogInit:  - CertBundlePath = nullptr  - Libcurl will use whatever was configured at build time.
LogInit:  - MaxHostConnections = 16  - Libcurl will limit the number of connections to a host
LogInit:  - LocalHostAddr = Default
LogInit:  - BufferSize = 65536
LogInit: WinSock: version 1.1 (2.2), MaxSocks=32767, MaxUdp=65467
LogInit: Build: ++UE4+Release-4.20-CL-4369336
LogInit: Engine Version: 4.20.3-4369336+++UE4+Release-4.20
LogInit: Compatible Engine Version: 4.20.0-4212847+++UE4+Release-4.20
LogInit: Net CL: 4212847
LogInit: OS: Windows 10 (), CPU: Intel(R) Core(TM) i5-8300H CPU @ 2.30GHz, GPU: Intel(R) UHD Graphics 630
LogInit: Compiled (64-bit): Sep 17 2018 12:26:19
LogInit: Compiled with Visual C++: 19.13.26129.00
LogInit: Build Configuration: Development
LogInit: Branch Name: ++UE4+Release-4.20
LogInit: Command Line: 
LogInit: Base Directory: C:/Program Files/Epic Games/UE_4.20/Engine/Binaries/Win64/
LogInit: Installed Engine Build: 1
LogDevObjectVersion: Number of dev versions registered: 20
LogDevObjectVersion:   Dev-Blueprints (B0D832E4-1F89-4F0D-ACCF-7EB736FD4AA2): 10
LogDevObjectVersion:   Dev-Build (E1C64328-A22C-4D53-A36C-8E866417BD8C): 0
LogDevObjectVersion:   Dev-Core (375EC13C-06E4-48FB-B500-84F0262A717E): 2
LogDevObjectVersion:   Dev-Editor (E4B068ED-F494-42E9-A231-DA0B2E46BB41): 24
LogDevObjectVersion:   Dev-Framework (CFFC743F-43B0-4480-9391-14DF171D2073): 34
LogDevObjectVersion:   Dev-Mobile (B02B49B5-BB20-44E9-A304-32B752E40360): 2
LogDevObjectVersion:   Dev-Networking (A4E4105C-59A1-49B5-A7C5-40C4547EDFEE): 0
LogDevObjectVersion:   Dev-Online (39C831C9-5AE6-47DC-9A44-9C173E1C8E7C): 0
LogDevObjectVersion:   Dev-Physics (78F01B33-EBEA-4F98-B9B4-84EACCB95AA2): 0
LogDevObjectVersion:   Dev-Platform (6631380F-2D4D-43E0-8009-CF276956A95A): 0
LogDevObjectVersion:   Dev-Rendering (12F88B9F-8875-4AFC-A67C-D90C383ABD29): 26
LogDevObjectVersion:   Dev-Sequencer (7B5AE74C-D270-4C10-A958-57980B212A5A): 9
LogDevObjectVersion:   Dev-VR (D7296918-1DD6-4BDD-9DE2-64A83CC13884): 2
LogDevObjectVersion:   Dev-LoadTimes (C2A15278-BFE7-4AFE-6C17-90FF531DF755): 1
LogDevObjectVersion:   Private-Geometry (6EACA3D4-40EC-4CC1-B786-8BED09428FC5): 3
LogDevObjectVersion:   Dev-AnimPhys (29E575DD-E0A3-4627-9D10-D276232CDCEA): 17
LogDevObjectVersion:   Dev-ReflectionCapture (6B266CEC-1EC7-4B8F-A30B-E4D90942FC07): 1
LogDevObjectVersion:   Dev-Automation (0DF73D61-A23F-47EA-B727-89E90C41499A): 1
LogDevObjectVersion:   FortniteMain (601D1886-AC64-4F84-AA16-D3DE0DEAC7D6): 12
LogDevObjectVersion:   Dev-Enterprise (9DFFBCD6-494F-0158-E221-12823C92A888): 1
LogStreaming: Display: Took  0.001s to delete old logs.
LogInit: Presizing for max 8388607 objects, including 0 objects not considered by GC, pre-allocating 0 bytes for permanent pool.
LogInit: Object subsystem initialized
[2021.01.18-12.27.59:308][  0]LogInit: Selected Device Profile: [Windows]
[2021.01.18-12.27.59:308][  0]LogInit: Applying CVar settings loaded from the selected device profile: [Windows]
[2021.01.18-12.27.59:318][  0]LogHAL: Display: Platform has ~ 8 GB [8458031104 / 8589934592 / 8], which maps to Default [LargestMinGB=32, LargerMinGB=12, DefaultMinGB=8, SmallerMinGB=6, SmallestMinGB=0)
[2021.01.18-12.27.59:318][  0]LogInit: Setting Device Profile CVar: [[r.Vulkan.UseRealUBs:1]]
[2021.01.18-12.27.59:318][  0]LogInit: Going up to parent DeviceProfile []
[2021.01.18-12.27.59:318][  0]LogInit: Computer: DESKTOP-L4EJC2M
[2021.01.18-12.27.59:318][  0]LogInit: User: niech
[2021.01.18-12.27.59:318][  0]LogInit: CPU Page size=4096, Cores=4
[2021.01.18-12.27.59:318][  0]LogInit: High frequency timer resolution =10.000000 MHz
[2021.01.18-12.27.59:318][  0]LogMemory: Memory total: Physical=7.9GB (8GB approx)
[2021.01.18-12.27.59:318][  0]LogMemory: Platform Memory Stats for Windows
[2021.01.18-12.27.59:318][  0]LogMemory: Process Physical Memory: 100.64 MB used, 100.65 MB peak
[2021.01.18-12.27.59:318][  0]LogMemory: Process Virtual Memory: 90.90 MB used, 90.91 MB peak
[2021.01.18-12.27.59:318][  0]LogMemory: Physical Memory: 6961.38 MB used,  1104.83 MB free, 8066.21 MB total
[2021.01.18-12.27.59:318][  0]LogMemory: Virtual Memory: 4614.73 MB used,  1104.83 MB free, 134217728.00 MB total
[2021.01.18-12.27.59:339][  0]LogInit: Using OS detected language (pl-PL).
[2021.01.18-12.27.59:339][  0]LogInit: Using OS detected locale (pl-PL).
[2021.01.18-12.27.59:340][  0]LogTextLocalizationManager: No specific localization for 'pl-PL' exists, so the 'pl' localization will be used.
[2021.01.18-12.27.59:343][  0]LogStreaming: Display: Took  0.003s to InitEngineTextLocalization.
[2021.01.18-12.27.59:343][  0]LogInit: Setting process to per monitor DPI aware
[2021.01.18-12.27.59:386][  0]LogSlate: New Slate User Created.  User Index 0, Is Virtual User: 0
[2021.01.18-12.27.59:386][  0]LogSlate: Slate User Registered.  User Index 0, Is Virtual User: 0
[2021.01.18-12.27.59:681][  0]LogHMD: Failed to initialize OpenVR with code 110
[2021.01.18-12.27.59:681][  0]LogD3D11RHI: D3D11 adapters:
[2021.01.18-12.27.59:777][  0]LogD3D11RHI:    0. 'NVIDIA GeForce GTX 1050' (Feature Level 11_0)
[2021.01.18-12.27.59:777][  0]LogD3D11RHI:       4021/0/4033 MB DedicatedVideo/DedicatedSystem/SharedSystem, Outputs:1, VendorId:0x10de
[2021.01.18-12.27.59:800][  0]LogD3D11RHI:    1. 'Intel(R) UHD Graphics 630' (Feature Level 11_0)
[2021.01.18-12.27.59:800][  0]LogD3D11RHI:       128/0/4033 MB DedicatedVideo/DedicatedSystem/SharedSystem, Outputs:0, VendorId:0x8086
[2021.01.18-12.27.59:802][  0]LogD3D11RHI:    2. 'Microsoft Basic Render Driver' (Feature Level 11_0)
[2021.01.18-12.27.59:802][  0]LogD3D11RHI:       0/0/4033 MB DedicatedVideo/DedicatedSystem/SharedSystem, Outputs:0, VendorId:0x1414
[2021.01.18-12.27.59:802][  0]LogD3D11RHI: Chosen D3D11 Adapter: 0
[2021.01.18-12.27.59:850][  0]LogD3D11RHI: Creating new Direct3DDevice
[2021.01.18-12.27.59:850][  0]LogD3D11RHI:     GPU DeviceId: 0x1c8d (for the marketing name, search the web for "GPU Device Id")
[2021.01.18-12.27.59:850][  0]LogWindows: EnumDisplayDevices:
[2021.01.18-12.27.59:850][  0]LogWindows:    0. 'Intel(R) UHD Graphics 630' (P:1 D:1)
[2021.01.18-12.27.59:850][  0]LogWindows:    1. 'Intel(R) UHD Graphics 630' (P:0 D:0)
[2021.01.18-12.27.59:851][  0]LogWindows:    2. 'Intel(R) UHD Graphics 630' (P:0 D:0)
[2021.01.18-12.27.59:851][  0]LogWindows: DebugString: PrimaryIsNotTheChoosenAdapter PrimaryIsNotTheChoosenAdapter PrimaryIsNotTheChoosenAdapter FoundDriverCount:0 
[2021.01.18-12.27.59:851][  0]LogD3D11RHI:     Adapter Name: NVIDIA GeForce GTX 1050
[2021.01.18-12.27.59:851][  0]LogD3D11RHI:   Driver Version: Unknown (internal:Unknown, unified:Unknown)
[2021.01.18-12.27.59:851][  0]LogD3D11RHI:      Driver Date: Unknown
[2021.01.18-12.27.59:851][  0]LogRHI: Texture pool is 2814 MB (70% of 4021 MB)
[2021.01.18-12.27.59:915][  0]LogD3D11RHI: Async texture creation enabled
[2021.01.18-12.27.59:926][  0]LogD3D11RHI: GPU Timing Frequency: 1000.000000 (Debug: 2 1)
[2021.01.18-12.27.59:927][  0]LogShaderCompilers: Guid format shader working directory is -13 characters bigger than the processId version (../../../../../../UnrealEngine/MazeGameIB/MazeGameIgaBudnik/Intermediate/Shaders/WorkingDirectory/3556/).
[2021.01.18-12.27.59:927][  0]LogShaderCompilers: Cleaned the shader compiler working directory 'C:/Users/niech/AppData/Local/Temp/UnrealShaderWorkingDir/6A78E60E4DACC829364B59BC2A510350/'.
[2021.01.18-12.28.00:251][  0]LogTemp: Display: Loaded TP AllDesktopTargetPlatform
[2021.01.18-12.28.00:264][  0]LogTemp: Display: Loaded TP MacClientTargetPlatform
[2021.01.18-12.28.00:277][  0]LogTemp: Display: Loaded TP MacNoEditorTargetPlatform
[2021.01.18-12.28.00:289][  0]LogTemp: Display: Loaded TP MacServerTargetPlatform
[2021.01.18-12.28.00:301][  0]LogTemp: Display: Loaded TP MacTargetPlatform
[2021.01.18-12.28.00:315][  0]LogTemp: Display: Loaded TP WindowsClientTargetPlatform
[2021.01.18-12.28.00:327][  0]LogTemp: Display: Loaded TP WindowsNoEditorTargetPlatform
[2021.01.18-12.28.00:341][  0]LogTemp: Display: Loaded TP WindowsServerTargetPlatform
[2021.01.18-12.28.00:347][  0]LogTemp: Display: Loaded TP WindowsTargetPlatform
[2021.01.18-12.28.00:429][  0]LogTemp: Display: Loaded TP AndroidTargetPlatform
[2021.01.18-12.28.00:429][  0]LogTemp: Display: Loaded TP AndroidTargetPlatform
[2021.01.18-12.28.00:429][  0]LogTemp: Display: Loaded TP AndroidTargetPlatform
[2021.01.18-12.28.00:429][  0]LogTemp: Display: Loaded TP AndroidTargetPlatform
[2021.01.18-12.28.00:429][  0]LogTemp: Display: Loaded TP AndroidTargetPlatform
[2021.01.18-12.28.00:429][  0]LogTemp: Display: Loaded TP AndroidTargetPlatform
[2021.01.18-12.28.00:429][  0]LogTemp: Display: Loaded TP AndroidTargetPlatform
[2021.01.18-12.28.00:429][  0]LogTemp: Display: Loaded TP AndroidTargetPlatform
[2021.01.18-12.28.00:429][  0]LogTemp: Display: Loaded TP AndroidTargetPlatform
[2021.01.18-12.28.00:429][  0]LogTemp: Display: Loaded TP AndroidTargetPlatform
[2021.01.18-12.28.00:429][  0]LogTemp: Display: Loaded TP AndroidTargetPlatform
[2021.01.18-12.28.00:429][  0]LogTemp: Display: Loaded TP AndroidTargetPlatform
[2021.01.18-12.28.00:429][  0]LogTemp: Display: Loaded TP AndroidTargetPlatform
[2021.01.18-12.28.00:429][  0]LogTemp: Display: Loaded TP AndroidTargetPlatform
[2021.01.18-12.28.00:429][  0]LogTemp: Display: Loaded TP AndroidTargetPlatform
[2021.01.18-12.28.00:429][  0]LogTemp: Display: Loaded TP AndroidTargetPlatform
[2021.01.18-12.28.00:429][  0]LogTemp: Display: Loaded TP AndroidTargetPlatform
[2021.01.18-12.28.00:429][  0]LogTemp: Display: Loaded TP AndroidTargetPlatform
[2021.01.18-12.28.00:431][  0]LogTemp: Display: Loaded TP HTML5TargetPlatform
[2021.01.18-12.28.00:495][  0]LogTemp: Display: Loaded TP IOSTargetPlatform
[2021.01.18-12.28.00:495][  0]LogTemp: Display: Loaded TP IOSTargetPlatform
[2021.01.18-12.28.00:518][  0]LogTemp: Display: Loaded TP TVOSTargetPlatform
[2021.01.18-12.28.00:518][  0]LogTemp: Display: Loaded TP TVOSTargetPlatform
[2021.01.18-12.28.00:532][  0]LogTemp: Display: Loaded TP LinuxClientTargetPlatform
[2021.01.18-12.28.00:544][  0]LogTemp: Display: Loaded TP LinuxNoEditorTargetPlatform
[2021.01.18-12.28.00:556][  0]LogTemp: Display: Loaded TP LinuxServerTargetPlatform
[2021.01.18-12.28.00:568][  0]LogTemp: Display: Loaded TP LinuxTargetPlatform
[2021.01.18-12.28.00:576][  0]LogTemp: Display: Loaded TP LuminTargetPlatform
[2021.01.18-12.28.00:576][  0]LogTargetPlatformManager: Display: Building Assets For Windows
[2021.01.18-12.28.00:632][  0]LogXGEController: Cannot use XGE Controller as Incredibuild is not installed on this machine.
[2021.01.18-12.28.00:632][  0]LogShaderCompilers: Cannot use XGE Shader Compiler as Incredibuild is not installed on this machine.
[2021.01.18-12.28.00:632][  0]LogShaderCompilers: Display: Using Local Shader Compiler.
[2021.01.18-12.28.01:410][  0]LogDerivedDataCache: Display: Max Cache Size: 512 MB
[2021.01.18-12.28.01:458][  0]LogDerivedDataCache: Loaded boot cache 0.05s 71MB C:/Users/niech/AppData/Local/UnrealEngine/4.20/DerivedDataCache/Boot.ddc.
[2021.01.18-12.28.01:459][  0]LogDerivedDataCache: Display: Loaded Boot cache: C:/Users/niech/AppData/Local/UnrealEngine/4.20/DerivedDataCache/Boot.ddc
[2021.01.18-12.28.01:459][  0]LogDerivedDataCache: FDerivedDataBackendGraph:  Pak pak cache file ../../../../../../UnrealEngine/MazeGameIB/MazeGameIgaBudnik/DerivedDataCache/DDC.ddp not found, will not use a pak cache.
[2021.01.18-12.28.01:459][  0]LogDerivedDataCache: Unable to find inner node Pak for hierarchical cache Hierarchy.
[2021.01.18-12.28.01:459][  0]LogDerivedDataCache: FDerivedDataBackendGraph:  CompressedPak pak cache file ../../../../../../UnrealEngine/MazeGameIB/MazeGameIgaBudnik/DerivedDataCache/Compressed.ddp not found, will not use a pak cache.
[2021.01.18-12.28.01:459][  0]LogDerivedDataCache: Unable to find inner node CompressedPak for hierarchical cache Hierarchy.
[2021.01.18-12.28.01:472][  0]LogDerivedDataCache: Display: Pak cache opened for reading ../../../Engine/DerivedDataCache/Compressed.ddp.
[2021.01.18-12.28.01:484][  0]LogDerivedDataCache: Using Local data cache path C:/Users/niech/AppData/Local/UnrealEngine/Common/DerivedDataCache: Writable
[2021.01.18-12.28.01:484][  0]LogDerivedDataCache: Shared data cache path not found in *engine.ini, will not use an Shared cache.
[2021.01.18-12.28.01:484][  0]LogDerivedDataCache: Unable to find inner node Shared for hierarchical cache Hierarchy.
[2021.01.18-12.28.01:500][  0]LogMaterial: Verifying Global Shaders for PCD3D_SM5
[2021.01.18-12.28.01:501][  0]LogSlate: Using FreeType 2.6.0
[2021.01.18-12.28.01:502][  0]LogSlate: SlateFontServices - WITH_FREETYPE: 1, WITH_HARFBUZZ: 1
[2021.01.18-12.28.01:575][  0]LogAssetRegistry: FAssetRegistry took 0.0256 seconds to start up
[2021.01.18-12.28.01:855][  0]LogInit: Selected Device Profile: [Windows]
[2021.01.18-12.28.01:977][  0]LogSimplygon: Simplygon DLL not present - disabling.
[2021.01.18-12.28.01:980][  0]LogMeshReduction: Using SimplygonSwarm for distributed automatic mesh merging
[2021.01.18-12.28.01:980][  0]LogMeshReduction: Using ProxyLODMeshReduction for automatic mesh merging
[2021.01.18-12.28.01:980][  0]LogMeshReduction: Using QuadricMeshReduction for automatic static mesh reduction
[2021.01.18-12.28.01:981][  0]LogMeshReduction: No automatic skeletal mesh reduction module available
[2021.01.18-12.28.01:998][  0]LogNetVersion: MazeGameIgaBudnik 1.0.0, NetCL: 4212847, EngineNetVer: 5, GameNetVer: 0 (Checksum: 330926393)
[2021.01.18-12.28.02:458][  0]LogPackageLocalizationCache: Processed 11 localized package path(s) for 2 prioritized culture(s) in 0.086033 seconds
[2021.01.18-12.28.02:462][  0]LogUObjectArray: 38425 objects as part of root set at end of initial load.
[2021.01.18-12.28.02:462][  0]LogUObjectAllocator: 6690864 out of 0 bytes used by permanent object pool.
[2021.01.18-12.28.02:462][  0]LogUObjectArray: CloseDisregardForGC: 0/0 objects in disregard for GC pool
[2021.01.18-12.28.03:279][  0]LogTcpMessaging: Initializing TcpMessaging bridge
[2021.01.18-12.28.03:293][  0]LogUdpMessaging: Initializing bridge on interface 0.0.0.0:0 to multicast group 230.0.0.1:6666.
[2021.01.18-12.28.03:430][  0]SourceControl: Source control is disabled
[2021.01.18-12.28.03:430][  0]SourceControl: Source control is disabled
[2021.01.18-12.28.03:431][  0]SourceControl: Source control is disabled
[2021.01.18-12.28.03:432][  0]SourceControl: Source control is disabled
[2021.01.18-12.28.03:591][  0]LogAndroidPermission: UAndroidPermissionCallbackProxy::GetInstance
[2021.01.18-12.28.03:657][  0]LogOcInput: OculusInput pre-init called
[2021.01.18-12.28.03:711][  0]LogEngine: Initializing Engine...
[2021.01.18-12.28.03:712][  0]LogHMD: Failed to initialize OpenVR with code 110
[2021.01.18-12.28.03:713][  0]LogStats: UGameplayTagsManager::ConstructGameplayTagTree: ImportINI prefixes -  0.000 s
[2021.01.18-12.28.03:713][  0]LogStats: UGameplayTagsManager::ConstructGameplayTagTree: Construct from data asset -  0.000 s
[2021.01.18-12.28.03:714][  0]LogStats: UGameplayTagsManager::ConstructGameplayTagTree: ImportINI -  0.000 s
[2021.01.18-12.28.03:714][  0]LogStats: UGameplayTagsManager::ConstructGameplayTagTree: GameplayTagTreeChangedEvent.Broadcast -  0.000 s
[2021.01.18-12.28.03:901][  0]LogInit: Initializing FReadOnlyCVARCache
[2021.01.18-12.28.03:913][  0]LogAIModule: Creating AISystem for world Untitled
[2021.01.18-12.28.03:935][  0]LogInit: XAudio2 using 'Głośniki (Realtek(R) Audio)' : 2 channels at 48 kHz using 32 bits per sample (channel mask 0x3)
[2021.01.18-12.28.05:528][  0]LogInit: FAudioDevice initialized.
[2021.01.18-12.28.05:528][  0]LogNetVersion: Set ProjectVersion to 1.0.0.0. Version Checksum will be recalculated on next use.
[2021.01.18-12.28.05:604][  0]LogDerivedDataCache: Saved boot cache 0.08s 71MB C:/Users/niech/AppData/Local/UnrealEngine/4.20/DerivedDataCache/Boot.ddc.
[2021.01.18-12.28.05:609][  0]LogInit: Texture streaming: Enabled
[2021.01.18-12.28.05:624][  0]LogEngineSessionManager: EngineSessionManager initialized
[2021.01.18-12.28.05:637][  0]LogInit: Transaction tracking system initialized
[2021.01.18-12.28.05:656][  0]BlueprintLog: New page: Editor Load
[2021.01.18-12.28.05:725][  0]LocalizationService: Localization service is disabled
[2021.01.18-12.28.05:981][  0]LogCook: Display: Max memory allowance for cook 16384mb min free memory 0mb
[2021.01.18-12.28.05:981][  0]LogCook: Display: Mobile HDR setting 1
[2021.01.18-12.28.05:986][  0]LogFileCache: Scanning file cache for directory 'C:/UnrealEngine/MazeGameIB/MazeGameIgaBudnik/Content/' took 0.01s
[2021.01.18-12.28.05:986][  0]LogGameplayTags: Display: UGameplayTagsManager::DoneAddingNativeTags. DelegateIsBound: 0
[2021.01.18-12.28.05:986][  0]LogStats: UGameplayTagsManager::ConstructGameplayTagTree: ImportINI prefixes -  0.000 s
[2021.01.18-12.28.05:986][  0]LogStats: UGameplayTagsManager::ConstructGameplayTagTree: Construct from data asset -  0.000 s
[2021.01.18-12.28.05:987][  0]LogStats: UGameplayTagsManager::ConstructGameplayTagTree: ImportINI -  0.000 s
[2021.01.18-12.28.05:987][  0]LogStats: UGameplayTagsManager::ConstructGameplayTagTree: GameplayTagTreeChangedEvent.Broadcast -  0.000 s
[2021.01.18-12.28.06:101][  0]SourceControl: Source control is disabled
[2021.01.18-12.28.06:101][  0]Cmd: MAP LOAD FILE="../../../../../../UnrealEngine/MazeGameIB/MazeGameIgaBudnik/Content/StarterContent/Maps/Minimal_Default.umap" TEMPLATE=0 SHOWPROGRESS=1 FEATURELEVEL=3
[2021.01.18-12.28.06:101][  0]LogEditorServer: Warning: Can't find file '../../../../../../UnrealEngine/MazeGameIB/MazeGameIgaBudnik/Content/StarterContent/Maps/Minimal_Default.umap'
[2021.01.18-12.28.06:101][  0]Cmd: MAP CHECKDEP NOCLEARLOG
[2021.01.18-12.28.06:188][  0]MapCheck: Map check complete: 0 Error(s), 0 Warning(s), took 87,159ms to complete.
[2021.01.18-12.28.06:188][  0]LogFileHelpers: Loading map 'Minimal_Default' took 0.088
[2021.01.18-12.28.06:337][  0]LogSlate: Updating window title bar state: overlay mode, drag disabled, window buttons hidden, title bar hidden
[2021.01.18-12.28.06:347][  0]LogSlate: Updating window title bar state: overlay mode, drag disabled, window buttons hidden, title bar hidden
[2021.01.18-12.28.06:354][  0]LogSlate: Updating window title bar state: overlay mode, drag disabled, window buttons hidden, title bar hidden
[2021.01.18-12.28.06:361][  0]LogSlate: Updating window title bar state: overlay mode, drag disabled, window buttons hidden, title bar hidden
[2021.01.18-12.28.06:374][  0]LogCollectionManager: Loaded 0 collections in 0.001568 seconds
[2021.01.18-12.28.06:436][  0]LogFileCache: Scanning file cache for directory 'C:/UnrealEngine/MazeGameIB/MazeGameIgaBudnik/Saved/Collections/' took 0.01s
[2021.01.18-12.28.06:436][  0]LogFileCache: Scanning file cache for directory 'C:/UnrealEngine/MazeGameIB/MazeGameIgaBudnik/Content/Developers/niech/Collections/' took 0.01s
[2021.01.18-12.28.06:436][  0]LogFileCache: Scanning file cache for directory 'C:/UnrealEngine/MazeGameIB/MazeGameIgaBudnik/Content/Collections/' took 0.01s
[2021.01.18-12.28.06:436][  0]LogCollectionManager: Rebuilt the GUID cache for 0 collections in 0.000001 seconds
[2021.01.18-12.28.06:447][  0]LogContentBrowser: Native class hierarchy populated in 0.0097 seconds. Added 2572 classes and 603 folders.
[2021.01.18-12.28.06:462][  0]LogContentBrowser: Native class hierarchy updated for 'WidgetCarousel' in 0.0002 seconds. Added 0 classes and 0 folders.
[2021.01.18-12.28.06:622][  0]LogContentBrowser: Native class hierarchy updated for 'AddContentDialog' in 0.0002 seconds. Added 0 classes and 0 folders.
[2021.01.18-12.28.06:690][  0]LogContentBrowser: Native class hierarchy updated for 'SceneOutliner' in 0.0003 seconds. Added 1 classes and 2 folders.
[2021.01.18-12.28.06:714][  0]LogSlate: Took 0.000293 seconds to synchronously load lazily loaded font '../../../Engine/Content/Slate/Fonts/Roboto-Regular.ttf' (155K)
[2021.01.18-12.28.06:717][  0]LogSlate: Took 0.000324 seconds to synchronously load lazily loaded font '../../../Engine/Content/Slate/Fonts/Roboto-Bold.ttf' (160K)
[2021.01.18-12.28.06:728][  0]LogSlate: Took 0.002127 seconds to synchronously load lazily loaded font '../../../Engine/Content/Editor/Slate/Fonts/FontAwesome.ttf' (139K)
[2021.01.18-12.28.06:835][  0]LogRenderer: Reallocating scene render targets to support 964x500 Format 10 NumSamples 1 (Frame:1).
[2021.01.18-12.28.07:001][  0]LogContentBrowser: Native class hierarchy updated for 'HierarchicalLODOutliner' in 0.0003 seconds. Added 0 classes and 0 folders.
[2021.01.18-12.28.07:002][  0]LogLoad: (Engine Initialization) Total time: 9.59 seconds
[2021.01.18-12.28.07:002][  0]LogLoad: (Engine Initialization) Total Blueprint compile time: 0.00 seconds
[2021.01.18-12.28.07:043][  0]LogContentStreaming: Texture pool size now 1000 MB
[2021.01.18-12.28.07:071][  0]LogSlate: Took 0.001946 seconds to synchronously load lazily loaded font '../../../Engine/Content/Slate/Fonts/Roboto-Light.ttf' (167K)
[2021.01.18-12.28.07:096][  1]LogAssetRegistry: Asset discovery search completed in 5.5439 seconds
[2021.01.18-12.28.07:098][  1]LogCollectionManager: Rebuilt the object cache for 0 collections in 0.000000 seconds (found 0 objects)
[2021.01.18-12.28.07:098][  1]LogCollectionManager: Fixed up redirectors for 0 collections in 0.000057 seconds (updated 0 objects)
[2021.01.18-12.28.13:652][379]LogSlate: FSceneViewport::OnFocusLost() reason 0
[2021.01.18-12.28.13:823][389]LogSlate: Took 0.000237 seconds to synchronously load lazily loaded font '../../../Engine/Content/Slate/Fonts/Roboto-Light.ttf' (167K)
[2021.01.18-12.28.14:033][389]LogAIModule: Creating AISystem for world Main
[2021.01.18-12.28.14:048][389]LogAssetEditorManager: Opening Asset editor for World /Game/StarterContent/Maps/Main.Main
[2021.01.18-12.28.14:070][389]Cmd: MAP LOAD FILE="../../../../../../UnrealEngine/MazeGameIB/MazeGameIgaBudnik/Content/StarterContent/Maps/Main.umap" TEMPLATE=0 SHOWPROGRESS=1 FEATURELEVEL=3
[2021.01.18-12.28.14:070][389]LightingResults: New page: Lighting Build
[2021.01.18-12.28.14:073][389]LogContentBrowser: Native class hierarchy updated for 'StatsViewer' in 0.0002 seconds. Added 5 classes and 0 folders.
[2021.01.18-12.28.14:074][389]LoadErrors: New page: Loading map: Main.umap
[2021.01.18-12.28.14:074][389]MapCheck: New page: Map Check
[2021.01.18-12.28.14:074][389]LightingResults: New page: Lighting Build
[2021.01.18-12.28.14:096][389]LogEditorServer: Finished looking for orphan Actors (0.000 secs)
[2021.01.18-12.28.14:125][389]Cmd: MAP CHECKDEP NOCLEARLOG
[2021.01.18-12.28.14:221][389]MapCheck: Map check complete: 0 Error(s), 0 Warning(s), took 94,853ms to complete.
[2021.01.18-12.28.14:221][389]LogFileHelpers: Loading map 'Main' took 0.152
[2021.01.18-12.43.00:088][410]LogAIModule: Creating AISystem for world StarterMap
[2021.01.18-12.43.00:126][410]LogAssetEditorManager: Opening Asset editor for World /Game/StarterContent/Maps/StarterMap.StarterMap
[2021.01.18-12.43.00:145][410]Cmd: MAP LOAD FILE="../../../../../../UnrealEngine/MazeGameIB/MazeGameIgaBudnik/Content/StarterContent/Maps/StarterMap.umap" TEMPLATE=0 SHOWPROGRESS=1 FEATURELEVEL=3
[2021.01.18-12.43.00:145][410]LightingResults: New page: Lighting Build
[2021.01.18-12.43.00:146][410]LoadErrors: New page: Loading map: StarterMap.umap
[2021.01.18-12.43.00:148][410]MapCheck: New page: Map Check
[2021.01.18-12.43.00:148][410]LightingResults: New page: Lighting Build
[2021.01.18-12.43.00:182][410]LogEditorServer: Finished looking for orphan Actors (0.000 secs)
[2021.01.18-12.43.00:212][410]Cmd: MAP CHECKDEP NOCLEARLOG
[2021.01.18-12.43.00:362][410]MapCheck: Map check complete: 0 Error(s), 0 Warning(s), took 150,243ms to complete.
[2021.01.18-12.43.00:363][410]LogFileHelpers: Loading map 'StarterMap' took 0.219
[2021.01.18-12.43.02:092][503]LogAIModule: Creating AISystem for world Main
[2021.01.18-12.43.02:097][503]LogAssetEditorManager: Opening Asset editor for World /Game/StarterContent/Maps/Main.Main
[2021.01.18-12.43.02:115][503]Cmd: MAP LOAD FILE="../../../../../../UnrealEngine/MazeGameIB/MazeGameIgaBudnik/Content/StarterContent/Maps/Main.umap" TEMPLATE=0 SHOWPROGRESS=1 FEATURELEVEL=3
[2021.01.18-12.43.02:115][503]LightingResults: New page: Lighting Build
[2021.01.18-12.43.02:116][503]LoadErrors: New page: Loading map: Main.umap
[2021.01.18-12.43.02:118][503]MapCheck: New page: Map Check
[2021.01.18-12.43.02:118][503]LightingResults: New page: Lighting Build
[2021.01.18-12.43.02:142][503]LogEditorServer: Finished looking for orphan Actors (0.000 secs)
[2021.01.18-12.43.02:172][503]Cmd: MAP CHECKDEP NOCLEARLOG
[2021.01.18-12.43.02:334][503]MapCheck: Map check complete: 0 Error(s), 0 Warning(s), took 161,708ms to complete.
[2021.01.18-12.43.02:337][503]LogFileHelpers: Loading map 'Main' took 0.222
[2021.01.18-12.43.08:940][894]LogTemp: Repeating last play command: Selected Viewport
[2021.01.18-12.43.08:955][894]LogBlueprintUserMessages: Early PlayInEditor Detection: Level '/Game/StarterContent/Maps/Main.Main:PersistentLevel' has LevelScriptBlueprint '/Game/StarterContent/Maps/Main.Main:PersistentLevel.Main' with GeneratedClass '/Game/StarterContent/Maps/Main.Main_C' with ClassGeneratedBy '/Game/StarterContent/Maps/Main.Main:PersistentLevel.Main'
[2021.01.18-12.43.08:958][894]LogPlayLevel: PlayLevel: No blueprints needed recompiling
[2021.01.18-12.43.08:978][894]PIE: New page: PIE session: Main (18 sty 2021, 14:43:08)
[2021.01.18-12.43.08:978][894]LogPlayLevel: Creating play world package: /Game/StarterContent/Maps/UEDPIE_0_Main
[2021.01.18-12.43.08:984][894]LogPlayLevel: PIE: StaticDuplicateObject took: (0.005951s)
[2021.01.18-12.43.08:984][894]LogAIModule: Creating AISystem for world Main
[2021.01.18-12.43.08:985][894]LogPlayLevel: PIE: World Init took: (0.000895s)
[2021.01.18-12.43.08:985][894]LogPlayLevel: PIE: Created PIE world by copying editor world from /Game/StarterContent/Maps/Main.Main to /Game/StarterContent/Maps/UEDPIE_0_Main.Main (0.007478s)
[2021.01.18-12.43.09:012][894]LogInit: XAudio2 using 'Głośniki (Realtek(R) Audio)' : 2 channels at 48 kHz using 32 bits per sample (channel mask 0x3)
[2021.01.18-12.43.09:034][894]LogInit: FAudioDevice initialized.
[2021.01.18-12.43.09:082][894]LogLoad: Game class is 'GameModeBase'
[2021.01.18-12.43.09:092][894]LogWorld: Bringing World /Game/StarterContent/Maps/UEDPIE_0_Main.Main up for play (max tick rate 60) at 2021.01.18-13.43.09
[2021.01.18-12.43.09:097][894]LogWorld: Bringing up level for play took: 0.004764
[2021.01.18-12.43.09:131][894]LogContentBrowser: Native class hierarchy updated for 'MovieSceneCapture' in 0.0003 seconds. Added 10 classes and 0 folders.
[2021.01.18-12.43.09:137][894]PIE: Play in editor start time for /Game/StarterContent/Maps/UEDPIE_0_Main -0,349
[2021.01.18-12.43.09:137][894]LogBlueprintUserMessages: Late PlayInEditor Detection: Level '/Game/StarterContent/Maps/Main.Main:PersistentLevel' has LevelScriptBlueprint '/Game/StarterContent/Maps/Main.Main:PersistentLevel.Main' with GeneratedClass '/Game/StarterContent/Maps/Main.Main_C' with ClassGeneratedBy '/Game/StarterContent/Maps/Main.Main:PersistentLevel.Main'
[2021.01.18-12.43.14:418][201]LogBlueprintUserMessages: Early EndPlayMap Detection: Level '/Game/StarterContent/Maps/Main.Main:PersistentLevel' has LevelScriptBlueprint '/Game/StarterContent/Maps/Main.Main:PersistentLevel.Main' with GeneratedClass '/Game/StarterContent/Maps/Main.Main_C' with ClassGeneratedBy '/Game/StarterContent/Maps/Main.Main:PersistentLevel.Main'
[2021.01.18-12.43.14:422][201]LogSlate: Updating window title bar state: overlay mode, drag disabled, window buttons hidden, title bar hidden
[2021.01.18-12.43.14:458][201]LogPlayLevel: Display: Shutting down PIE online subsystems
[2021.01.18-12.43.14:458][201]LogBlueprintUserMessages: Late EndPlayMap Detection: Level '/Game/StarterContent/Maps/Main.Main:PersistentLevel' has LevelScriptBlueprint '/Game/StarterContent/Maps/Main.Main:PersistentLevel.Main' with GeneratedClass '/Game/StarterContent/Maps/Main.Main_C' with ClassGeneratedBy '/Game/StarterContent/Maps/Main.Main:PersistentLevel.Main'
[2021.01.18-12.43.14:481][201]LogSlate: Updating window title bar state: overlay mode, drag disabled, window buttons hidden, title bar hidden
[2021.01.18-12.43.14:520][203]LogPlayLevel: Display: Destroying online subsystem :Context_1
[2021.01.18-12.43.15:204][244]Cmd: SELECT NONE
[2021.01.18-13.04.44:472][313]LogD3D11RHI: Timed out while waiting for GPU to catch up. (0.5 s)
[2021.01.18-13.05.04:452][983]LogD3D11RHI: Timed out while waiting for GPU to catch up. (0.5 s)
[2021.01.18-13.05.08:045][ 92]LogD3D11RHI: Timed out while waiting for GPU to catch up. (0.5 s)
[2021.01.18-13.05.09:595][131]LogD3D11RHI: Timed out while waiting for GPU to catch up. (0.5 s)
[2021.01.18-13.05.11:138][170]LogD3D11RHI: Timed out while waiting for GPU to catch up. (0.5 s)
[2021.01.18-13.05.12:685][209]LogD3D11RHI: Timed out while waiting for GPU to catch up. (0.5 s)
[2021.01.18-13.05.14:231][248]LogD3D11RHI: Timed out while waiting for GPU to catch up. (0.5 s)
[2021.01.18-13.05.15:781][287]LogD3D11RHI: Timed out while waiting for GPU to catch up. (0.5 s)
[2021.01.18-13.05.17:329][326]LogD3D11RHI: Timed out while waiting for GPU to catch up. (0.5 s)
[2021.01.18-13.05.18:874][365]LogD3D11RHI: Timed out while waiting for GPU to catch up. (0.5 s)
[2021.01.18-13.05.22:452][473]LogD3D11RHI: Timed out while waiting for GPU to catch up. (0.5 s)
[2021.01.18-13.06.42:781][356]LogD3D11RHI: Timed out while waiting for GPU to catch up. (0.5 s)
[2021.01.18-13.06.52:529][677]LogD3D11RHI: Timed out while waiting for GPU to catch up. (0.5 s)
[2021.01.18-13.06.54:061][715]LogD3D11RHI: Timed out while waiting for GPU to catch up. (0.5 s)
[2021.01.18-13.06.57:657][824]LogD3D11RHI: Timed out while waiting for GPU to catch up. (0.5 s)
[2021.01.18-13.06.59:188][862]LogD3D11RHI: Timed out while waiting for GPU to catch up. (0.5 s)
[2021.01.18-13.07.00:737][901]LogD3D11RHI: Timed out while waiting for GPU to catch up. (0.5 s)
[2021.01.18-13.07.22:282][770]LogD3D11RHI: Timed out while waiting for GPU to catch up. (0.5 s)
[2021.01.18-13.07.26:860][911]LogD3D11RHI: Timed out while waiting for GPU to catch up. (0.5 s)
[2021.01.18-13.07.29:419][985]LogD3D11RHI: Timed out while waiting for GPU to catch up. (0.5 s)
[2021.01.18-13.07.33:013][ 94]LogD3D11RHI: Timed out while waiting for GPU to catch up. (0.5 s)
[2021.01.18-13.07.37:685][241]LogD3D11RHI: Timed out while waiting for GPU to catch up. (0.5 s)
[2021.01.18-13.07.40:234][313]LogD3D11RHI: Timed out while waiting for GPU to catch up. (0.5 s)
[2021.01.18-13.07.41:781][352]LogD3D11RHI: Timed out while waiting for GPU to catch up. (0.5 s)
[2021.01.18-13.07.45:374][462]LogD3D11RHI: Timed out while waiting for GPU to catch up. (0.5 s)
[2021.01.18-13.07.46:921][501]LogD3D11RHI: Timed out while waiting for GPU to catch up. (0.5 s)
[2021.01.18-13.07.53:639][743]LogD3D11RHI: Timed out while waiting for GPU to catch up. (0.5 s)
[2021.01.18-13.07.56:221][816]LogD3D11RHI: Timed out while waiting for GPU to catch up. (0.5 s)
[2021.01.18-13.08.01:358][966]LogD3D11RHI: Timed out while waiting for GPU to catch up. (0.5 s)
[2021.01.18-13.08.02:904][  5]LogD3D11RHI: Timed out while waiting for GPU to catch up. (0.5 s)
[2021.01.18-13.08.06:485][114]LogD3D11RHI: Timed out while waiting for GPU to catch up. (0.5 s)
[2021.01.18-13.08.12:094][292]LogD3D11RHI: Timed out while waiting for GPU to catch up. (0.5 s)
[2021.01.18-13.08.24:812][713]LogD3D11RHI: Timed out while waiting for GPU to catch up. (0.5 s)
[2021.01.18-13.08.42:403][289]LogD3D11RHI: Timed out while waiting for GPU to catch up. (0.5 s)
[2021.01.18-13.08.47:016][433]LogD3D11RHI: Timed out while waiting for GPU to catch up. (0.5 s)
[2021.01.18-13.08.50:096][511]LogD3D11RHI: Timed out while waiting for GPU to catch up. (0.5 s)
[2021.01.18-13.09.03:404][939]LogD3D11RHI: Timed out while waiting for GPU to catch up. (0.5 s)
[2021.01.18-13.09.04:952][978]LogD3D11RHI: Timed out while waiting for GPU to catch up. (0.5 s)
[2021.01.18-13.09.31:232][842]LogD3D11RHI: Timed out while waiting for GPU to catch up. (0.5 s)
[2021.01.18-13.10.03:892][955]LogD3D11RHI: Timed out while waiting for GPU to catch up. (0.5 s)
[2021.01.18-13.10.07:465][ 63]LogD3D11RHI: Timed out while waiting for GPU to catch up. (0.5 s)
[2021.01.18-13.10.24:001][660]LogD3D11RHI: Timed out while waiting for GPU to catch up. (0.5 s)
[2021.01.18-13.10.25:547][699]LogD3D11RHI: Timed out while waiting for GPU to catch up. (0.5 s)
[2021.01.18-13.10.31:686][881]LogD3D11RHI: Timed out while waiting for GPU to catch up. (0.5 s)
[2021.01.18-13.10.33:234][920]LogD3D11RHI: Timed out while waiting for GPU to catch up. (0.5 s)
[2021.01.18-13.10.36:857][ 31]LogD3D11RHI: Timed out while waiting for GPU to catch up. (0.5 s)
[2021.01.18-13.10.39:421][105]LogD3D11RHI: Timed out while waiting for GPU to catch up. (0.5 s)
[2021.01.18-13.10.45:030][282]LogD3D11RHI: Timed out while waiting for GPU to catch up. (0.5 s)
[2021.01.18-13.10.51:657][493]LogD3D11RHI: Timed out while waiting for GPU to catch up. (0.5 s)
[2021.01.18-13.10.55:234][601]LogD3D11RHI: Timed out while waiting for GPU to catch up. (0.5 s)
[2021.01.18-13.11.01:376][782]LogD3D11RHI: Timed out while waiting for GPU to catch up. (0.5 s)
[2021.01.18-13.11.14:140][202]LogD3D11RHI: Timed out while waiting for GPU to catch up. (0.5 s)
[2021.01.18-13.11.15:669][240]LogD3D11RHI: Timed out while waiting for GPU to catch up. (0.5 s)
[2021.01.18-13.11.40:371][ 81]LogD3D11RHI: Timed out while waiting for GPU to catch up. (0.5 s)
[2021.01.18-13.11.44:985][224]LogD3D11RHI: Timed out while waiting for GPU to catch up. (0.5 s)
[2021.01.18-13.12.12:731][201]LogD3D11RHI: Timed out while waiting for GPU to catch up. (0.5 s)
[2021.01.18-13.12.15:276][274]LogD3D11RHI: Timed out while waiting for GPU to catch up. (0.5 s)
[2021.01.18-13.12.16:825][313]LogD3D11RHI: Timed out while waiting for GPU to catch up. (0.5 s)
[2021.01.18-13.12.23:484][528]LogD3D11RHI: Timed out while waiting for GPU to catch up. (0.5 s)
[2021.01.18-13.12.26:045][601]LogD3D11RHI: Timed out while waiting for GPU to catch up. (0.5 s)
[2021.01.18-13.12.27:593][640]LogD3D11RHI: Timed out while waiting for GPU to catch up. (0.5 s)
[2021.01.18-13.13.00:952][792]LogD3D11RHI: Timed out while waiting for GPU to catch up. (0.5 s)
[2021.01.18-13.13.03:529][867]LogD3D11RHI: Timed out while waiting for GPU to catch up. (0.5 s)
[2021.01.18-13.13.06:095][941]LogD3D11RHI: Timed out while waiting for GPU to catch up. (0.5 s)
[2021.01.18-13.13.09:700][ 51]LogD3D11RHI: Timed out while waiting for GPU to catch up. (0.5 s)
[2021.01.18-13.13.12:263][124]LogD3D11RHI: Timed out while waiting for GPU to catch up. (0.5 s)
[2021.01.18-13.13.13:857][166]LogD3D11RHI: Timed out while waiting for GPU to catch up. (0.5 s)
[2021.01.18-13.13.17:420][274]LogD3D11RHI: Timed out while waiting for GPU to catch up. (0.5 s)
[2021.01.18-13.14.52:858][431]LogD3D11RHI: Timed out while waiting for GPU to catch up. (0.5 s)
[2021.01.18-13.14.54:405][470]LogD3D11RHI: Timed out while waiting for GPU to catch up. (0.5 s)
[2021.01.18-13.14.58:499][582]LogD3D11RHI: Timed out while waiting for GPU to catch up. (0.5 s)
[2021.01.18-13.15.00:028][620]LogD3D11RHI: Timed out while waiting for GPU to catch up. (0.5 s)
[2021.01.18-13.15.01:558][658]LogD3D11RHI: Timed out while waiting for GPU to catch up. (0.5 s)
[2021.01.18-13.15.05:125][765]LogD3D11RHI: Timed out while waiting for GPU to catch up. (0.5 s)
[2021.01.18-13.15.14:470][ 86]LogD3D11RHI: Timed out while waiting for GPU to catch up. (0.5 s)
[2021.01.18-13.15.17:045][161]LogD3D11RHI: Timed out while waiting for GPU to catch up. (0.5 s)
[2021.01.18-13.15.42:387][ 73]LogD3D11RHI: Timed out while waiting for GPU to catch up. (0.5 s)
[2021.01.18-13.16.30:404][788]LogD3D11RHI: Timed out while waiting for GPU to catch up. (0.5 s)
[2021.01.18-13.17.09:046][121]LogD3D11RHI: Timed out while waiting for GPU to catch up. (0.5 s)
[2021.01.18-13.17.10:576][159]LogD3D11RHI: Timed out while waiting for GPU to catch up. (0.5 s)
[2021.01.18-13.17.12:109][197]LogD3D11RHI: Timed out while waiting for GPU to catch up. (0.5 s)
[2021.01.18-13.17.13:656][236]LogD3D11RHI: Timed out while waiting for GPU to catch up. (0.5 s)
[2021.01.18-13.17.18:278][381]LogD3D11RHI: Timed out while waiting for GPU to catch up. (0.5 s)
[2021.01.18-13.17.19:827][420]LogD3D11RHI: Timed out while waiting for GPU to catch up. (0.5 s)
[2021.01.18-13.17.21:359][458]LogD3D11RHI: Timed out while waiting for GPU to catch up. (0.5 s)
[2021.01.18-13.17.22:909][497]LogD3D11RHI: Timed out while waiting for GPU to catch up. (0.5 s)
[2021.01.18-13.17.33:579][845]LogD3D11RHI: Timed out while waiting for GPU to catch up. (0.5 s)
[2021.01.18-13.18.39:748][588]LogD3D11RHI: Timed out while waiting for GPU to catch up. (0.5 s)
[2021.01.18-13.18.41:283][626]LogD3D11RHI: Timed out while waiting for GPU to catch up. (0.5 s)
[2021.01.18-13.18.44:854][734]LogD3D11RHI: Timed out while waiting for GPU to catch up. (0.5 s)
[2021.01.18-13.18.55:558][ 86]LogD3D11RHI: Timed out while waiting for GPU to catch up. (0.5 s)
[2021.01.18-13.19.01:203][265]LogD3D11RHI: Timed out while waiting for GPU to catch up. (0.5 s)
[2021.01.18-13.19.04:780][374]LogD3D11RHI: Timed out while waiting for GPU to catch up. (0.5 s)
[2021.01.18-13.19.06:312][412]LogD3D11RHI: Timed out while waiting for GPU to catch up. (0.5 s)
[2021.01.18-13.19.43:966][740]LogD3D11RHI: Timed out while waiting for GPU to catch up. (0.5 s)
[2021.01.18-13.19.45:498][778]LogD3D11RHI: Timed out while waiting for GPU to catch up. (0.5 s)
[2021.01.18-13.19.47:045][817]LogD3D11RHI: Timed out while waiting for GPU to catch up. (0.5 s)
[2021.01.18-13.19.52:657][994]LogD3D11RHI: Timed out while waiting for GPU to catch up. (0.5 s)
[2021.01.18-13.19.54:204][ 33]LogD3D11RHI: Timed out while waiting for GPU to catch up. (0.5 s)
[2021.01.18-13.19.57:812][142]LogD3D11RHI: Timed out while waiting for GPU to catch up. (0.5 s)
[2021.01.18-13.20.48:454][ 62]LogD3D11RHI: Timed out while waiting for GPU to catch up. (0.5 s)
[2021.01.18-13.20.54:123][242]LogD3D11RHI: Timed out while waiting for GPU to catch up. (0.5 s)
[2021.01.18-13.20.55:670][281]LogD3D11RHI: Timed out while waiting for GPU to catch up. (0.5 s)
[2021.01.18-13.21.33:638][634]LogD3D11RHI: Timed out while waiting for GPU to catch up. (0.5 s)
[2021.01.18-13.21.36:216][708]LogD3D11RHI: Timed out while waiting for GPU to catch up. (0.5 s)
[2021.01.18-13.21.37:750][746]LogD3D11RHI: Timed out while waiting for GPU to catch up. (0.5 s)
[2021.01.18-13.22.39:137][229]LogD3D11RHI: Timed out while waiting for GPU to catch up. (0.5 s)
[2021.01.18-13.22.45:781][441]LogD3D11RHI: Timed out while waiting for GPU to catch up. (0.5 s)
[2021.01.18-13.22.48:341][515]LogD3D11RHI: Timed out while waiting for GPU to catch up. (0.5 s)
[2021.01.18-13.22.50:891][588]LogD3D11RHI: Timed out while waiting for GPU to catch up. (0.5 s)
[2021.01.18-13.23.08:718][178]LogD3D11RHI: Timed out while waiting for GPU to catch up. (0.5 s)
[2021.01.18-13.23.10:251][216]LogD3D11RHI: Timed out while waiting for GPU to catch up. (0.5 s)
[2021.01.18-13.24.47:579][529]LogD3D11RHI: Timed out while waiting for GPU to catch up. (0.5 s)
[2021.01.18-13.26.10:936][646]LogD3D11RHI: Timed out while waiting for GPU to catch up. (0.5 s)
[2021.01.18-13.26.35:016][455]LogD3D11RHI: Timed out while waiting for GPU to catch up. (0.5 s)
[2021.01.18-13.27.33:452][556]LogD3D11RHI: Timed out while waiting for GPU to catch up. (0.5 s)
[2021.01.18-13.27.34:982][594]LogD3D11RHI: Timed out while waiting for GPU to catch up. (0.5 s)
[2021.01.18-13.28.09:468][738]LogD3D11RHI: Timed out while waiting for GPU to catch up. (0.5 s)
[2021.01.18-13.28.11:012][777]LogD3D11RHI: Timed out while waiting for GPU to catch up. (0.5 s)
[2021.01.18-13.28.22:730][163]LogD3D11RHI: Timed out while waiting for GPU to catch up. (0.5 s)
[2021.01.18-13.28.32:420][479]LogD3D11RHI: Timed out while waiting for GPU to catch up. (0.5 s)
[2021.01.18-13.29.25:610][290]LogD3D11RHI: Timed out while waiting for GPU to catch up. (0.5 s)
[2021.01.18-13.29.30:199][432]LogD3D11RHI: Timed out while waiting for GPU to catch up. (0.5 s)
[2021.01.18-13.29.32:750][505]LogD3D11RHI: Timed out while waiting for GPU to catch up. (0.5 s)
[2021.01.18-13.30.12:591][941]LogD3D11RHI: Timed out while waiting for GPU to catch up. (0.5 s)
[2021.01.18-13.30.18:748][123]LogD3D11RHI: Timed out while waiting for GPU to catch up. (0.5 s)
[2021.01.18-13.30.24:357][301]LogD3D11RHI: Timed out while waiting for GPU to catch up. (0.5 s)
[2021.01.18-13.30.27:935][409]LogD3D11RHI: Timed out while waiting for GPU to catch up. (0.5 s)
[2021.01.18-13.30.29:468][447]LogD3D11RHI: Timed out while waiting for GPU to catch up. (0.5 s)
[2021.01.18-13.30.33:060][557]LogD3D11RHI: Timed out while waiting for GPU to catch up. (0.5 s)
[2021.01.18-13.30.39:658][766]LogD3D11RHI: Timed out while waiting for GPU to catch up. (0.5 s)
[2021.01.18-13.31.32:672][543]LogD3D11RHI: Timed out while waiting for GPU to catch up. (0.5 s)
[2021.01.18-13.31.34:204][581]LogD3D11RHI: Timed out while waiting for GPU to catch up. (0.5 s)
[2021.01.18-13.31.39:810][758]LogD3D11RHI: Timed out while waiting for GPU to catch up. (0.5 s)
[2021.01.18-13.31.47:576][986]LogD3D11RHI: Timed out while waiting for GPU to catch up. (0.5 s)
[2021.01.18-13.32.17:796][187]LogD3D11RHI: Timed out while waiting for GPU to catch up. (0.5 s)
[2021.01.18-13.34.12:234][430]LogD3D11RHI: Timed out while waiting for GPU to catch up. (0.5 s)
[2021.01.18-13.34.18:887][643]LogD3D11RHI: Timed out while waiting for GPU to catch up. (0.5 s)
[2021.01.18-13.34.24:574][825]LogD3D11RHI: Timed out while waiting for GPU to catch up. (0.5 s)
[2021.01.18-13.34.26:108][863]LogD3D11RHI: Timed out while waiting for GPU to catch up. (0.5 s)
[2021.01.18-13.34.33:247][ 79]LogD3D11RHI: Timed out while waiting for GPU to catch up. (0.5 s)
[2021.01.18-13.34.34:780][117]LogD3D11RHI: Timed out while waiting for GPU to catch up. (0.5 s)
[2021.01.18-13.34.40:374][293]LogD3D11RHI: Timed out while waiting for GPU to catch up. (0.5 s)
[2021.01.18-13.34.43:937][400]LogD3D11RHI: Timed out while waiting for GPU to catch up. (0.5 s)
[2021.01.18-13.35.01:078][947]LogD3D11RHI: Timed out while waiting for GPU to catch up. (0.5 s)
[2021.01.18-13.36.12:873][452]LogD3D11RHI: Timed out while waiting for GPU to catch up. (0.5 s)
[2021.01.18-13.36.42:636][417]LogD3D11RHI: Timed out while waiting for GPU to catch up. (0.5 s)
[2021.01.18-13.36.45:203][491]LogD3D11RHI: Timed out while waiting for GPU to catch up. (0.5 s)
[2021.01.18-13.36.48:793][601]LogD3D11RHI: Timed out while waiting for GPU to catch up. (0.5 s)
[2021.01.18-13.36.52:435][713]LogD3D11RHI: Timed out while waiting for GPU to catch up. (0.5 s)
[2021.01.18-13.38.04:298][219]LogD3D11RHI: Timed out while waiting for GPU to catch up. (0.5 s)
[2021.01.18-13.38.05:841][258]LogD3D11RHI: Timed out while waiting for GPU to catch up. (0.5 s)
[2021.01.18-13.38.07:392][297]LogD3D11RHI: Timed out while waiting for GPU to catch up. (0.5 s)
[2021.01.18-13.38.08:937][336]LogD3D11RHI: Timed out while waiting for GPU to catch up. (0.5 s)
[2021.01.18-13.38.10:469][374]LogD3D11RHI: Timed out while waiting for GPU to catch up. (0.5 s)
[2021.01.18-13.38.46:093][687]LogD3D11RHI: Timed out while waiting for GPU to catch up. (0.5 s)
[2021.01.18-13.39.43:605][756]LogD3D11RHI: Timed out while waiting for GPU to catch up. (0.5 s)
[2021.01.18-13.40.26:355][363]LogD3D11RHI: Timed out while waiting for GPU to catch up. (0.5 s)
[2021.01.18-13.40.27:951][405]LogD3D11RHI: Timed out while waiting for GPU to catch up. (0.5 s)
[2021.01.18-13.40.29:497][444]LogD3D11RHI: Timed out while waiting for GPU to catch up. (0.5 s)
[2021.01.18-13.40.31:094][486]LogD3D11RHI: Timed out while waiting for GPU to catch up. (0.5 s)
[2021.01.18-13.40.57:387][453]LogD3D11RHI: Timed out while waiting for GPU to catch up. (0.5 s)
[2021.01.18-13.40.58:936][492]LogD3D11RHI: Timed out while waiting for GPU to catch up. (0.5 s)
[2021.01.18-13.41.03:594][637]LogD3D11RHI: Timed out while waiting for GPU to catch up. (0.5 s)
[2021.01.18-13.41.43:263][ 35]LogD3D11RHI: Timed out while waiting for GPU to catch up. (0.5 s)
[2021.01.18-13.41.44:794][ 73]LogD3D11RHI: Timed out while waiting for GPU to catch up. (0.5 s)
[2021.01.18-13.41.46:342][112]LogD3D11RHI: Timed out while waiting for GPU to catch up. (0.5 s)
[2021.01.18-13.41.47:889][151]LogD3D11RHI: Timed out while waiting for GPU to catch up. (0.5 s)
[2021.01.18-13.41.50:434][223]LogD3D11RHI: Timed out while waiting for GPU to catch up. (0.5 s)
[2021.01.18-13.41.54:014][331]LogD3D11RHI: Timed out while waiting for GPU to catch up. (0.5 s)
[2021.01.18-13.42.03:233][618]LogD3D11RHI: Timed out while waiting for GPU to catch up. (0.5 s)
[2021.01.18-13.42.08:842][795]LogD3D11RHI: Timed out while waiting for GPU to catch up. (0.5 s)
[2021.01.18-13.42.19:593][148]LogD3D11RHI: Timed out while waiting for GPU to catch up. (0.5 s)
[2021.01.18-13.42.24:201][291]LogD3D11RHI: Timed out while waiting for GPU to catch up. (0.5 s)
[2021.01.18-13.43.36:202][724]LogD3D11RHI: Timed out while waiting for GPU to catch up. (0.5 s)
[2021.01.18-13.44.12:749][986]LogD3D11RHI: Timed out while waiting for GPU to catch up. (0.5 s)
[2021.01.18-13.44.16:326][ 94]LogD3D11RHI: Timed out while waiting for GPU to catch up. (0.5 s)
[2021.01.18-13.44.18:953][171]LogD3D11RHI: Timed out while waiting for GPU to catch up. (0.5 s)
[2021.01.18-13.44.20:498][210]LogD3D11RHI: Timed out while waiting for GPU to catch up. (0.5 s)
[2021.01.18-13.44.22:033][248]LogD3D11RHI: Timed out while waiting for GPU to catch up. (0.5 s)
[2021.01.18-13.44.26:639][390]LogD3D11RHI: Timed out while waiting for GPU to catch up. (0.5 s)
[2021.01.18-13.44.28:173][428]LogD3D11RHI: Timed out while waiting for GPU to catch up. (0.5 s)
[2021.01.18-13.44.42:153][947]LogD3D11RHI: Timed out while waiting for GPU to catch up. (0.5 s)
[2021.01.18-13.44.43:701][986]LogD3D11RHI: Timed out while waiting for GPU to catch up. (0.5 s)
[2021.01.18-13.44.45:234][ 24]LogD3D11RHI: Timed out while waiting for GPU to catch up. (0.5 s)
[2021.01.18-13.44.46:779][ 63]LogD3D11RHI: Timed out while waiting for GPU to catch up. (0.5 s)
[2021.01.18-13.44.50:372][172]LogD3D11RHI: Timed out while waiting for GPU to catch up. (0.5 s)
[2021.01.18-13.45.49:280][327]LogD3D11RHI: Timed out while waiting for GPU to catch up. (0.5 s)
[2021.01.18-13.45.50:824][366]LogD3D11RHI: Timed out while waiting for GPU to catch up. (0.5 s)
[2021.01.18-13.45.52:357][404]LogD3D11RHI: Timed out while waiting for GPU to catch up. (0.5 s)
[2021.01.18-13.45.57:982][582]LogD3D11RHI: Timed out while waiting for GPU to catch up. (0.5 s)
[2021.01.18-13.45.59:529][621]LogD3D11RHI: Timed out while waiting for GPU to catch up. (0.5 s)
[2021.01.18-13.46.09:706][939]LogD3D11RHI: Timed out while waiting for GPU to catch up. (0.5 s)
[2021.01.18-13.46.12:266][ 12]LogD3D11RHI: Timed out while waiting for GPU to catch up. (0.5 s)
[2021.01.18-13.46.15:342][ 90]LogD3D11RHI: Timed out while waiting for GPU to catch up. (0.5 s)
[2021.01.18-13.46.19:950][234]LogD3D11RHI: Timed out while waiting for GPU to catch up. (0.5 s)
[2021.01.18-13.46.30:640][584]LogD3D11RHI: Timed out while waiting for GPU to catch up. (0.5 s)
[2021.01.18-13.46.32:185][623]LogD3D11RHI: Timed out while waiting for GPU to catch up. (0.5 s)
[2021.01.18-13.47.21:326][326]LogD3D11RHI: Timed out while waiting for GPU to catch up. (0.5 s)
[2021.01.18-13.47.26:950][503]LogD3D11RHI: Timed out while waiting for GPU to catch up. (0.5 s)
[2021.01.18-13.47.31:562][646]LogD3D11RHI: Timed out while waiting for GPU to catch up. (0.5 s)
[2021.01.18-13.47.33:108][685]LogD3D11RHI: Timed out while waiting for GPU to catch up. (0.5 s)
[2021.01.18-13.47.57:342][528]LogD3D11RHI: Timed out while waiting for GPU to catch up. (0.5 s)
[2021.01.18-13.47.58:871][566]LogD3D11RHI: Timed out while waiting for GPU to catch up. (0.5 s)
[2021.01.18-13.48.00:419][605]LogD3D11RHI: Timed out while waiting for GPU to catch up. (0.5 s)
[2021.01.18-13.48.01:969][644]LogD3D11RHI: Timed out while waiting for GPU to catch up. (0.5 s)
[2021.01.18-13.48.05:543][751]LogD3D11RHI: Timed out while waiting for GPU to catch up. (0.5 s)
[2021.01.18-13.48.09:124][859]LogD3D11RHI: Timed out while waiting for GPU to catch up. (0.5 s)
[2021.01.18-13.49.48:999][302]LogD3D11RHI: Timed out while waiting for GPU to catch up. (0.5 s)
[2021.01.18-13.49.52:558][409]LogD3D11RHI: Timed out while waiting for GPU to catch up. (0.5 s)
[2021.01.18-13.50.02:312][727]LogD3D11RHI: Timed out while waiting for GPU to catch up. (0.5 s)
[2021.01.18-13.50.11:968][ 40]LogD3D11RHI: Timed out while waiting for GPU to catch up. (0.5 s)
[2021.01.18-13.50.13:514][ 79]LogD3D11RHI: Timed out while waiting for GPU to catch up. (0.5 s)
[2021.01.18-13.50.18:108][222]LogD3D11RHI: Timed out while waiting for GPU to catch up. (0.5 s)
[2021.01.18-13.50.33:876][744]LogD3D11RHI: Timed out while waiting for GPU to catch up. (0.5 s)
[2021.01.18-13.50.52:420][430]LogD3D11RHI: Timed out while waiting for GPU to catch up. (0.5 s)
[2021.01.18-13.51.01:105][714]LogD3D11RHI: Timed out while waiting for GPU to catch up. (0.5 s)
[2021.01.18-13.52.11:121][135]LogD3D11RHI: Timed out while waiting for GPU to catch up. (0.5 s)
[2021.01.18-13.53.00:646][943]LogD3D11RHI: Timed out while waiting for GPU to catch up. (0.5 s)
[2021.01.18-13.53.01:863][  3]LogSlate: FSceneViewport::OnFocusLost() reason 0
[2021.01.18-13.53.01:951][  5]LogSlate: Window 'MazeGameIgaBudnik - Unreal Editor' being destroyed
[2021.01.18-13.53.02:150][  6]Cmd: QUIT_EDITOR
[2021.01.18-13.53.02:833][  6]LogWindowsTextInputMethodSystem: Display: IME system now deactivated.
[2021.01.18-13.53.02:844][  6]LogExit: Preparing to exit.
[2021.01.18-13.53.03:899][  6]LogExit: Editor shut down
[2021.01.18-13.53.03:900][  6]LogExit: Transaction tracking system shut down
[2021.01.18-13.53.04:202][  6]LogExit: Object subsystem successfully closed.
[2021.01.18-13.53.04:217][  6]LogShaderCompilers: Display: Shaders left to compile 0
[2021.01.18-13.53.04:221][  6]LogD3D11RHI: Shutdown
[2021.01.18-13.53.04:221][  6]LogD3D11RHI: CleanupD3DDevice
[2021.01.18-13.53.04:223][  6]LogD3D11RHI: ~FD3D11DynamicRHI
[2021.01.18-13.53.04:263][  6]LogModuleManager: Shutting down and abandoning module MovieSceneCapture (614)
[2021.01.18-13.53.04:263][  6]LogModuleManager: Shutting down and abandoning module Voice (612)
[2021.01.18-13.53.04:264][  6]LogModuleManager: Shutting down and abandoning module StatsViewer (610)
[2021.01.18-13.53.04:264][  6]LogModuleManager: Shutting down and abandoning module HierarchicalLODOutliner (608)
[2021.01.18-13.53.04:264][  6]LogModuleManager: Shutting down and abandoning module SceneOutliner (606)
[2021.01.18-13.53.04:264][  6]LogModuleManager: Shutting down and abandoning module AddContentDialog (604)
[2021.01.18-13.53.04:265][  6]LogModuleManager: Shutting down and abandoning module WidgetCarousel (603)
[2021.01.18-13.53.04:265][  6]LogModuleManager: Shutting down and abandoning module EditorWidgets (600)
[2021.01.18-13.53.04:265][  6]LogModuleManager: Shutting down and abandoning module CollectionManager (598)
[2021.01.18-13.53.04:265][  6]LogModuleManager: Shutting down and abandoning module FoliageEdit (596)
[2021.01.18-13.53.04:265][  6]LogModuleManager: Shutting down and abandoning module LandscapeEditor (594)
[2021.01.18-13.53.04:265][  6]LogModuleManager: Shutting down and abandoning module MeshPaintMode (592)
[2021.01.18-13.53.04:265][  6]LogModuleManager: Shutting down and abandoning module SceneDepthPickerMode (590)
[2021.01.18-13.53.04:265][  6]LogModuleManager: Shutting down and abandoning module ActorPickerMode (588)
[2021.01.18-13.53.04:265][  6]LogModuleManager: Shutting down and abandoning module GeometryMode (586)
[2021.01.18-13.53.04:265][  6]LogModuleManager: Shutting down and abandoning module TextureAlignMode (584)
[2021.01.18-13.53.04:266][  6]LogModuleManager: Shutting down and abandoning module BspMode (582)
[2021.01.18-13.53.04:266][  6]LogModuleManager: Shutting down and abandoning module PIEPreviewDeviceProfileSelector (580)
[2021.01.18-13.53.04:266][  6]LogModuleManager: Shutting down and abandoning module SequenceRecorderSections (578)
[2021.01.18-13.53.04:266][  6]LogModuleManager: Shutting down and abandoning module AutomationWorker (576)
[2021.01.18-13.53.04:266][  6]LogModuleManager: Shutting down and abandoning module AudioCaptureEditor (574)
[2021.01.18-13.53.04:266][  6]LogModuleManager: Shutting down and abandoning module SequenceRecorder (573)
[2021.01.18-13.53.04:266][  6]LogModuleManager: Shutting down and abandoning module MatineeToLevelSequence (570)
[2021.01.18-13.53.04:266][  6]LogModuleManager: Shutting down and abandoning module LevelSequenceEditor (568)
[2021.01.18-13.53.04:266][  6]LogModuleManager: Shutting down and abandoning module PlacementMode (567)
[2021.01.18-13.53.04:266][  6]LogModuleManager: Shutting down and abandoning module MaterialEditor (566)
[2021.01.18-13.53.04:266][  6]LogModuleManager: Shutting down and abandoning module WmfMediaFactory (562)
[2021.01.18-13.53.04:266][  6]LogModuleManager: Shutting down and abandoning module WmfMediaEditor (560)
[2021.01.18-13.53.04:266][  6]LogModuleManager: Shutting down and abandoning module MediaPlayerEditor (558)
[2021.01.18-13.53.04:266][  6]LogModuleManager: Shutting down and abandoning module OpenExrWrapper (556)
[2021.01.18-13.53.04:266][  6]LogModuleManager: Shutting down and abandoning module ImgMediaFactory (554)
[2021.01.18-13.53.04:267][  6]LogModuleManager: Shutting down and abandoning module ImgMediaEditor (552)
[2021.01.18-13.53.04:267][  6]LogModuleManager: Shutting down and abandoning module AvfMediaFactory (550)
[2021.01.18-13.53.04:267][  6]LogModuleManager: Shutting down and abandoning module AvfMediaEditor (548)
[2021.01.18-13.53.04:267][  6]LogModuleManager: Shutting down and abandoning module AndroidMediaFactory (546)
[2021.01.18-13.53.04:267][  6]LogModuleManager: Shutting down and abandoning module AndroidMediaEditor (544)
[2021.01.18-13.53.04:267][  6]LogModuleManager: Shutting down and abandoning module MagicLeapCameraPreviewFactory (542)
[2021.01.18-13.53.04:267][  6]LogModuleManager: Shutting down and abandoning module MagicLeapMediaFactory (540)
[2021.01.18-13.53.04:267][  6]LogModuleManager: Shutting down and abandoning module MagicLeapMediaEditor (538)
[2021.01.18-13.53.04:267][  6]LogModuleManager: Shutting down and abandoning module CharacterAI (536)
[2021.01.18-13.53.04:267][  6]LogModuleManager: Shutting down and abandoning module SmartSnapping (534)
[2021.01.18-13.53.04:267][  6]LogModuleManager: Shutting down and abandoning module SessionServices (532)
[2021.01.18-13.53.04:267][  6]LogModuleManager: Shutting down and abandoning module ViewportSnapping (530)
[2021.01.18-13.53.04:267][  6]LogModuleManager: Shutting down and abandoning module ViewportInteraction (528)
[2021.01.18-13.53.04:267][  6]LogModuleManager: Shutting down and abandoning module ClothPainter (526)
[2021.01.18-13.53.04:267][  6]LogModuleManager: Shutting down and abandoning module SkeletalMeshEditor (525)
[2021.01.18-13.53.04:267][  6]LogModuleManager: Shutting down and abandoning module LogVisualizer (522)
[2021.01.18-13.53.04:268][  6]LogModuleManager: Shutting down and abandoning module IntroTutorials (520)
[2021.01.18-13.53.04:268][  6]LogModuleManager: Shutting down and abandoning module GameProjectGeneration (519)
[2021.01.18-13.53.04:268][  6]LogModuleManager: Shutting down and abandoning module LuminPlatformEditor (516)
[2021.01.18-13.53.04:268][  6]LogModuleManager: Shutting down and abandoning module IOSPlatformEditor (514)
[2021.01.18-13.53.04:268][  6]LogModuleManager: Shutting down and abandoning module HTML5PlatformEditor (512)
[2021.01.18-13.53.04:268][  6]LogModuleManager: Shutting down and abandoning module AndroidPlatformEditor (510)
[2021.01.18-13.53.04:268][  6]LogModuleManager: Shutting down and abandoning module AndroidDeviceDetection (509)
[2021.01.18-13.53.04:638][  6]LogModuleManager: Shutting down and abandoning module WindowsPlatformEditor (506)
[2021.01.18-13.53.04:639][  6]LogModuleManager: Shutting down and abandoning module LuminRuntimeSettings (504)
[2021.01.18-13.53.04:639][  6]LogModuleManager: Shutting down and abandoning module IOSRuntimeSettings (502)
[2021.01.18-13.53.04:639][  6]LogModuleManager: Shutting down and abandoning module AndroidRuntimeSettings (500)
[2021.01.18-13.53.04:639][  6]LogModuleManager: Shutting down and abandoning module InputBindingEditor (498)
[2021.01.18-13.53.04:639][  6]LogModuleManager: Shutting down and abandoning module MergeActors (496)
[2021.01.18-13.53.04:639][  6]LogModuleManager: Shutting down and abandoning module LocalizationDashboard (494)
[2021.01.18-13.53.04:639][  6]LogModuleManager: Shutting down and abandoning module LocalizationService (493)
[2021.01.18-13.53.04:639][  6]LogModuleManager: Shutting down and abandoning module HardwareTargeting (490)
[2021.01.18-13.53.04:639][  6]LogModuleManager: Shutting down and abandoning module DeviceProfileEditor (488)
[2021.01.18-13.53.04:639][  6]LogModuleManager: Shutting down and abandoning module UndoHistory (486)
[2021.01.18-13.53.04:639][  6]LogModuleManager: Shutting down and abandoning module XmlParser (484)
[2021.01.18-13.53.04:639][  6]LogModuleManager: Shutting down and abandoning module Blutility (482)
[2021.01.18-13.53.04:639][  6]LogModuleManager: Shutting down and abandoning module ProjectSettingsViewer (480)
[2021.01.18-13.53.04:639][  6]LogModuleManager: Shutting down and abandoning module ProjectTargetPlatformEditor (479)
[2021.01.18-13.53.04:639][  6]LogModuleManager: Shutting down and abandoning module EditorSettingsViewer (476)
[2021.01.18-13.53.04:639][  6]LogModuleManager: Shutting down and abandoning module SettingsEditor (474)
[2021.01.18-13.53.04:639][  6]LogModuleManager: Shutting down and abandoning module ProjectLauncher (472)
[2021.01.18-13.53.04:639][  6]LogModuleManager: Shutting down and abandoning module SessionFrontend (470)
[2021.01.18-13.53.04:639][  6]LogModuleManager: Shutting down and abandoning module ProfilerClient (468)
[2021.01.18-13.53.04:639][  6]LogModuleManager: Shutting down and abandoning module DeviceManager (466)
[2021.01.18-13.53.04:639][  6]LogModuleManager: Shutting down and abandoning module TargetDeviceServices (465)
[2021.01.18-13.53.04:703][  6]LogModuleManager: Shutting down and abandoning module AutomationController (462)
[2021.01.18-13.53.04:703][  6]LogModuleManager: Shutting down and abandoning module AutomationWindow (460)
[2021.01.18-13.53.04:703][  6]LogModuleManager: Shutting down and abandoning module Layers (458)
[2021.01.18-13.53.04:703][  6]LogModuleManager: Shutting down and abandoning module ComponentVisualizers (456)
[2021.01.18-13.53.04:703][  6]LogModuleManager: Shutting down and abandoning module DetailCustomizations (454)
[2021.01.18-13.53.04:703][  6]LogModuleManager: Shutting down and abandoning module PackagesDialog (452)
[2021.01.18-13.53.04:703][  6]LogModuleManager: Shutting down and abandoning module Persona (450)
[2021.01.18-13.53.04:703][  6]LogModuleManager: Shutting down and abandoning module AdvancedPreviewScene (449)
[2021.01.18-13.53.04:703][  6]LogModuleManager: Shutting down and abandoning module AnimGraph (447)
[2021.01.18-13.53.04:703][  6]LogModuleManager: Shutting down and abandoning module Kismet (444)
[2021.01.18-13.53.04:703][  6]LogModuleManager: Shutting down and abandoning module GraphEditor (442)
[2021.01.18-13.53.04:703][  6]LogModuleManager: Shutting down and abandoning module ClassViewer (440)
[2021.01.18-13.53.04:703][  6]LogModuleManager: Shutting down and abandoning module Toolbox (438)
[2021.01.18-13.53.04:703][  6]LogModuleManager: Shutting down and abandoning module ModuleUI (436)
[2021.01.18-13.53.04:703][  6]LogModuleManager: Shutting down and abandoning module MovieSceneTools (434)
[2021.01.18-13.53.04:703][  6]LogModuleManager: Shutting down and abandoning module OutputLog (432)
[2021.01.18-13.53.04:703][  6]LogModuleManager: Shutting down and abandoning module GammaUI (430)
[2021.01.18-13.53.04:703][  6]LogModuleManager: Shutting down and abandoning module Documentation (428)
[2021.01.18-13.53.04:703][  6]LogModuleManager: Shutting down and abandoning module MovieSceneTracks (426)
[2021.01.18-13.53.04:703][  6]LogModuleManager: Shutting down and abandoning module MovieScene (424)
[2021.01.18-13.53.04:703][  6]LogModuleManager: Shutting down and abandoning module StreamingPauseRendering (422)
[2021.01.18-13.53.04:703][  6]LogModuleManager: Shutting down and abandoning module LauncherPlatform (420)
[2021.01.18-13.53.04:703][  6]LogModuleManager: Shutting down and abandoning module AnalyticsET (418)
[2021.01.18-13.53.04:703][  6]LogModuleManager: Shutting down and abandoning module PortalServices (416)
[2021.01.18-13.53.04:703][  6]LogModuleManager: Shutting down and abandoning module PortalRpc (414)
[2021.01.18-13.53.04:703][  6]LogModuleManager: Shutting down and abandoning module MessagingRpc (412)
[2021.01.18-13.53.04:703][  6]LogModuleManager: Shutting down and abandoning module AIModule (410)
[2021.01.18-13.53.04:703][  6]LogModuleManager: Shutting down and abandoning module GameplayDebugger (409)
[2021.01.18-13.53.04:703][  6]LogModuleManager: Shutting down and abandoning module AITestSuite (407)
[2021.01.18-13.53.04:703][  6]LogModuleManager: Shutting down and abandoning module NavigationSystem (405)
[2021.01.18-13.53.04:703][  6]LogModuleManager: Shutting down and abandoning module DesktopPlatform (402)
[2021.01.18-13.53.04:703][  6]LogModuleManager: Shutting down and abandoning module ProfilerService (400)
[2021.01.18-13.53.04:942][  6]LogModuleManager: Shutting down and abandoning module TaskGraph (398)
[2021.01.18-13.53.04:943][  6]LogModuleManager: Shutting down and abandoning module SteamVRController (396)
[2021.01.18-13.53.04:943][  6]LogModuleManager: Shutting down and abandoning module ProceduralMeshComponentEditor (394)
[2021.01.18-13.53.04:943][  6]LogModuleManager: Shutting down and abandoning module ProceduralMeshComponent (392)
[2021.01.18-13.53.04:943][  6]LogModuleManager: Shutting down and abandoning module OculusInput (390)
[2021.01.18-13.53.04:943][  6]LogModuleManager: Shutting down and abandoning module MobilePatchingUtils (388)
[2021.01.18-13.53.04:943][  6]LogModuleManager: Shutting down and abandoning module EditableMesh (386)
[2021.01.18-13.53.04:943][  6]LogModuleManager: Shutting down and abandoning module CustomMeshComponent (384)
[2021.01.18-13.53.04:943][  6]LogModuleManager: Shutting down and abandoning module CableComponent (382)
[2021.01.18-13.53.04:943][  6]LogModuleManager: Shutting down and abandoning module AudioCapture (380)
[2021.01.18-13.53.04:943][  6]LogModuleManager: Shutting down and abandoning module ArchVisCharacter (378)
[2021.01.18-13.53.04:943][  6]LogModuleManager: Shutting down and abandoning module AndroidPermission (376)
[2021.01.18-13.53.04:943][  6]LogModuleManager: Shutting down and abandoning module NUTUnrealEngine4 (374)
[2021.01.18-13.53.04:943][  6]LogModuleManager: Shutting down and abandoning module NetcodeUnitTest (372)
[2021.01.18-13.53.04:943][  6]LogModuleManager: Shutting down and abandoning module MediaCompositingEditor (370)
[2021.01.18-13.53.04:943][  6]LogModuleManager: Shutting down and abandoning module MediaCompositing (368)
[2021.01.18-13.53.04:943][  6]LogModuleManager: Shutting down and abandoning module LinearTimecode (366)
[2021.01.18-13.53.04:943][  6]LogModuleManager: Shutting down and abandoning module ImgMedia (364)
[2021.01.18-13.53.04:946][  6]LogModuleManager: Shutting down and abandoning module HTML5Networking (362)
[2021.01.18-13.53.04:946][  6]LogModuleManager: Shutting down and abandoning module GeometryCacheTracks (360)
[2021.01.18-13.53.04:946][  6]LogModuleManager: Shutting down and abandoning module GeometryCacheSequencer (358)
[2021.01.18-13.53.04:946][  6]LogModuleManager: Shutting down and abandoning module BackChannel (356)
[2021.01.18-13.53.04:946][  6]LogModuleManager: Shutting down and abandoning module AppleVision (354)
[2021.01.18-13.53.04:946][  6]LogModuleManager: Shutting down and abandoning module AppleImageUtils (352)
[2021.01.18-13.53.04:946][  6]LogModuleManager: Shutting down and abandoning module AlembicImporter (350)
[2021.01.18-13.53.04:946][  6]LogModuleManager: Shutting down and abandoning module AlembicLibrary (349)
[2021.01.18-13.53.04:946][  6]LogModuleManager: Shutting down and abandoning module GeometryCache (348)
[2021.01.18-13.53.04:946][  6]LogModuleManager: Shutting down and abandoning module GeometryCacheEd (347)
[2021.01.18-13.53.04:946][  6]LogModuleManager: Shutting down and abandoning module DatasmithContentEditor (342)
[2021.01.18-13.53.04:946][  6]LogModuleManager: Shutting down and abandoning module DatasmithContent (340)
[2021.01.18-13.53.04:946][  6]LogModuleManager: Shutting down and abandoning module SpeedTreeImporter (338)
[2021.01.18-13.53.04:946][  6]LogModuleManager: Shutting down and abandoning module PluginBrowser (336)
[2021.01.18-13.53.04:946][  6]LogModuleManager: Shutting down and abandoning module MobileLauncherProfileWizard (334)
[2021.01.18-13.53.04:946][  6]LogModuleManager: Shutting down and abandoning module PolygonModeling (332)
[2021.01.18-13.53.04:946][  6]LogModuleManager: Shutting down and abandoning module MeshEditor (330)
[2021.01.18-13.53.04:946][  6]LogModuleManager: Shutting down and abandoning module CryptoKeysOpenSSL (328)
[2021.01.18-13.53.04:946][  6]LogModuleManager: Shutting down and abandoning module CryptoKeys (326)
[2021.01.18-13.53.04:947][  6]LogModuleManager: Shutting down and abandoning module VisualStudioSourceCodeAccess (324)
[2021.01.18-13.53.04:947][  6]LogModuleManager: Shutting down and abandoning module VisualStudioCodeSourceCodeAccess (322)
[2021.01.18-13.53.04:947][  6]LogModuleManager: Shutting down and abandoning module UObjectPlugin (320)
[2021.01.18-13.53.04:947][  6]LogModuleManager: Shutting down and abandoning module SubversionSourceControl (318)
[2021.01.18-13.53.04:947][  6]LogModuleManager: Shutting down and abandoning module PerforceSourceControl (316)
[2021.01.18-13.53.04:947][  6]LogModuleManager: Shutting down and abandoning module GitSourceControl (314)
[2021.01.18-13.53.04:947][  6]LogModuleManager: Shutting down and abandoning module SourceControl (313)
[2021.01.18-13.53.04:947][  6]LogModuleManager: Shutting down and abandoning module CLionSourceCodeAccess (310)
[2021.01.18-13.53.04:947][  6]LogModuleManager: Shutting down and abandoning module LightPropagationVolumeEditor (308)
[2021.01.18-13.53.04:947][  6]LogModuleManager: Shutting down and abandoning module PaperTiledImporter (306)
[2021.01.18-13.53.04:947][  6]LogModuleManager: Shutting down and abandoning module PaperSpriteSheetImporter (304)
[2021.01.18-13.53.04:947][  6]LogModuleManager: Shutting down and abandoning module Paper2DEditor (302)
[2021.01.18-13.53.04:947][  6]LogModuleManager: Shutting down and abandoning module MeshPaint (301)
[2021.01.18-13.53.04:947][  6]LogModuleManager: Shutting down and abandoning module RuntimePhysXCooking (298)
[2021.01.18-13.53.04:947][  6]LogModuleManager: Shutting down and abandoning module PhysXVehiclesEditor (296)
[2021.01.18-13.53.04:947][  6]LogModuleManager: Shutting down and abandoning module PhysXVehicles (294)
[2021.01.18-13.53.04:947][  6]LogModuleManager: Shutting down and abandoning module OculusEditor (292)
[2021.01.18-13.53.04:947][  6]LogModuleManager: Shutting down and abandoning module LocationServicesBPLibrary (290)
[2021.01.18-13.53.04:947][  6]LogModuleManager: Shutting down and abandoning module ImmediatePhysicsEditor (288)
[2021.01.18-13.53.04:947][  6]LogModuleManager: Shutting down and abandoning module ImmediatePhysics (286)
[2021.01.18-13.53.04:947][  6]LogModuleManager: Shutting down and abandoning module ActorSequence (284)
[2021.01.18-13.53.04:947][  6]LogModuleManager: Shutting down and abandoning module UdpMessaging (282)
[2021.01.18-13.53.05:048][  6]LogModuleManager: Shutting down and abandoning module TcpMessaging (280)
[2021.01.18-13.53.05:149][  6]LogModuleManager: Shutting down and abandoning module MagicLeapAudio (278)
[2021.01.18-13.53.05:149][  6]LogModuleManager: Shutting down and abandoning module GameplayTagsEditor (276)
[2021.01.18-13.53.05:149][  6]LogModuleManager: Shutting down and abandoning module FacialAnimationEditor (274)
[2021.01.18-13.53.05:149][  6]LogModuleManager: Shutting down and abandoning module FacialAnimation (272)
[2021.01.18-13.53.05:149][  6]LogModuleManager: Shutting down and abandoning module DataValidation (270)
[2021.01.18-13.53.05:149][  6]LogModuleManager: Shutting down and abandoning module AssetManagerEditor (268)
[2021.01.18-13.53.05:149][  6]LogModuleManager: Shutting down and abandoning module LevelEditor (267)
[2021.01.18-13.53.05:150][  6]LogModuleManager: Shutting down and abandoning module PixelInspectorModule (266)
[2021.01.18-13.53.05:150][  6]LogModuleManager: Shutting down and abandoning module CommonMenuExtensions (264)
[2021.01.18-13.53.05:151][  6]LogModuleManager: Shutting down and abandoning module MainFrame (262)
[2021.01.18-13.53.05:151][  6]LogModuleManager: Shutting down and abandoning module HotReload (261)
[2021.01.18-13.53.05:151][  6]LogModuleManager: Shutting down and abandoning module ContentBrowser (257)
[2021.01.18-13.53.05:152][  6]LogModuleManager: Shutting down and abandoning module TreeMap (255)
[2021.01.18-13.53.05:152][  6]LogModuleManager: Shutting down and abandoning module LightPropagationVolumeRuntime (252)
[2021.01.18-13.53.05:153][  6]LogModuleManager: Shutting down and abandoning module AISupportModule (250)
[2021.01.18-13.53.05:153][  6]LogModuleManager: Shutting down and abandoning module Paper2D (248)
[2021.01.18-13.53.05:153][  6]LogModuleManager: Shutting down and abandoning module WindowsMoviePlayer (246)
[2021.01.18-13.53.05:153][  6]LogModuleManager: Shutting down and abandoning module WmfMedia (244)
[2021.01.18-13.53.05:155][  6]LogModuleManager: Shutting down and abandoning module Media (243)
[2021.01.18-13.53.05:161][  6]LogModuleManager: Shutting down and abandoning module PacketHandler (240)
[2021.01.18-13.53.05:161][  6]LogModuleManager: Shutting down and abandoning module ClothingSystemEditor (238)
[2021.01.18-13.53.05:161][  6]LogModuleManager: Shutting down and abandoning module ClothingSystemRuntime (236)
[2021.01.18-13.53.05:162][  6]LogModuleManager: Shutting down and abandoning module MediaAssets (234)
[2021.01.18-13.53.05:162][  6]LogModuleManager: Shutting down and abandoning module Overlay (232)
[2021.01.18-13.53.05:162][  6]LogModuleManager: Shutting down and abandoning module OverlayEditor (231)
[2021.01.18-13.53.05:162][  6]LogModuleManager: Shutting down and abandoning module VREditor (228)
[2021.01.18-13.53.05:162][  6]LogModuleManager: Shutting down and abandoning module StringTableEditor (226)
[2021.01.18-13.53.05:162][  6]LogModuleManager: Shutting down and abandoning module GameplayTasksEditor (224)
[2021.01.18-13.53.05:162][  6]LogModuleManager: Shutting down and abandoning module BehaviorTreeEditor (222)
[2021.01.18-13.53.05:162][  6]LogModuleManager: Shutting down and abandoning module FunctionalTesting (220)
[2021.01.18-13.53.05:162][  6]LogModuleManager: Shutting down and abandoning module CollisionAnalyzer (218)
[2021.01.18-13.53.05:162][  6]LogModuleManager: Shutting down and abandoning module WorkspaceMenuStructure (217)
[2021.01.18-13.53.05:162][  6]LogModuleManager: Shutting down and abandoning module UMG (214)
[2021.01.18-13.53.05:162][  6]LogModuleManager: Shutting down and abandoning module UMGEditor (213)
[2021.01.18-13.53.05:162][  6]LogModuleManager: Shutting down and abandoning module Sequencer (212)
[2021.01.18-13.53.05:162][  6]LogModuleManager: Shutting down and abandoning module MessageLog (209)
[2021.01.18-13.53.05:162][  6]LogModuleManager: Shutting down and abandoning module SlateReflector (204)
[2021.01.18-13.53.05:162][  6]LogModuleManager: Shutting down and abandoning module Slate (202)
[2021.01.18-13.53.05:162][  6]LogModuleManager: Shutting down and abandoning module EditorStyle (200)
[2021.01.18-13.53.05:164][  6]LogModuleManager: Shutting down and abandoning module MRMesh (198)
[2021.01.18-13.53.05:164][  6]LogModuleManager: Shutting down and abandoning module SourceCodeAccess (196)
[2021.01.18-13.53.05:164][  6]LogModuleManager: Shutting down and abandoning module HeadMountedDisplay (194)
[2021.01.18-13.53.05:164][  6]LogModuleManager: Shutting down and abandoning module XAudio2 (192)
[2021.01.18-13.53.05:164][  6]LogModuleManager: Shutting down and abandoning module Networking (190)
[2021.01.18-13.53.05:164][  6]LogModuleManager: Shutting down and abandoning module Core (188)
[2021.01.18-13.53.05:164][  6]LogModuleManager: Shutting down and abandoning module LevelSequence (186)
[2021.01.18-13.53.05:164][  6]LogModuleManager: Shutting down and abandoning module KismetCompiler (184)
[2021.01.18-13.53.05:164][  6]LogModuleManager: Shutting down and abandoning module MeshUtilities (182)
[2021.01.18-13.53.05:164][  6]LogModuleManager: Shutting down and abandoning module MeshMergeUtilities (181)
[2021.01.18-13.53.05:164][  6]LogModuleManager: Shutting down and abandoning module MeshReductionInterface (180)
[2021.01.18-13.53.05:164][  6]LogModuleManager: Shutting down and abandoning module SimplygonSwarm (179)
[2021.01.18-13.53.05:164][  6]LogModuleManager: Shutting down and abandoning module ProxyLODMeshReduction (177)
[2021.01.18-13.53.05:164][  6]LogModuleManager: Shutting down and abandoning module SimplygonMeshReduction (175)
[2021.01.18-13.53.05:164][  6]LogModuleManager: Shutting down and abandoning module QuadricMeshReduction (173)
[2021.01.18-13.53.05:164][  6]LogModuleManager: Shutting down and abandoning module MaterialBaking (169)
[2021.01.18-13.53.05:164][  6]LogModuleManager: Shutting down and abandoning module DirectoryWatcher (165)
[2021.01.18-13.53.05:164][  6]LogModuleManager: Shutting down and abandoning module DerivedDataCache (162)
[2021.01.18-13.53.05:195][  6]LogDerivedDataCache: Shutdown
[2021.01.18-13.53.05:195][  6]LogModuleManager: Shutting down and abandoning module XGEController (160)
[2021.01.18-13.53.05:197][  6]LogModuleManager: Shutting down and abandoning module TargetPlatform (158)
[2021.01.18-13.53.05:198][  6]LogModuleManager: Shutting down and abandoning module VulkanShaderFormat (157)
[2021.01.18-13.53.05:198][  6]LogModuleManager: Shutting down and abandoning module ShaderFormatVectorVM (155)
[2021.01.18-13.53.05:198][  6]LogModuleManager: Shutting down and abandoning module ShaderFormatOpenGL (153)
[2021.01.18-13.53.05:198][  6]LogModuleManager: Shutting down and abandoning module ShaderFormatD3D (151)
[2021.01.18-13.53.05:198][  6]LogModuleManager: Shutting down and abandoning module MetalShaderFormat (149)
[2021.01.18-13.53.05:198][  6]LogModuleManager: Shutting down and abandoning module TextureFormatUncompressed (147)
[2021.01.18-13.53.05:198][  6]LogModuleManager: Shutting down and abandoning module TextureFormatPVR (145)
[2021.01.18-13.53.05:199][  6]LogModuleManager: Shutting down and abandoning module TextureFormatDXT (143)
[2021.01.18-13.53.05:199][  6]LogModuleManager: Shutting down and abandoning module TextureFormatIntelISPCTexComp (141)
[2021.01.18-13.53.05:199][  6]LogModuleManager: Shutting down and abandoning module TextureFormatASTC (139)
[2021.01.18-13.53.05:199][  6]LogModuleManager: Shutting down and abandoning module ImageWrapper (138)
[2021.01.18-13.53.05:199][  6]LogModuleManager: Shutting down and abandoning module TextureFormatAndroid (135)
[2021.01.18-13.53.05:208][  6]LogModuleManager: Shutting down and abandoning module AudioFormatOpus (133)
[2021.01.18-13.53.05:211][  6]LogModuleManager: Shutting down and abandoning module AudioFormatOgg (131)
[2021.01.18-13.53.05:211][  6]LogModuleManager: Shutting down and abandoning module AudioFormatADPCM (129)
[2021.01.18-13.53.05:211][  6]LogModuleManager: Shutting down and abandoning module LuminTargetPlatform (127)
[2021.01.18-13.53.05:211][  6]LogModuleManager: Shutting down and abandoning module LinuxTargetPlatform (125)
[2021.01.18-13.53.05:211][  6]LogModuleManager: Shutting down and abandoning module LinuxServerTargetPlatform (123)
[2021.01.18-13.53.05:211][  6]LogModuleManager: Shutting down and abandoning module LinuxNoEditorTargetPlatform (121)
[2021.01.18-13.53.05:211][  6]LogModuleManager: Shutting down and abandoning module LinuxClientTargetPlatform (119)
[2021.01.18-13.53.05:212][  6]LogModuleManager: Shutting down and abandoning module TVOSTargetPlatform (117)
[2021.01.18-13.53.05:213][  6]LogModuleManager: Shutting down and abandoning module Messaging (115)
[2021.01.18-13.53.05:213][  6]LogModuleManager: Shutting down and abandoning module IOSTargetPlatform (113)
[2021.01.18-13.53.05:232][  6]LogModuleManager: Shutting down and abandoning module HTML5TargetPlatform (111)
[2021.01.18-13.53.05:232][  6]LogModuleManager: Shutting down and abandoning module AndroidTargetPlatform (109)
[2021.01.18-13.53.05:272][  6]LogModuleManager: Shutting down and abandoning module WindowsTargetPlatform (107)
[2021.01.18-13.53.05:273][  6]LogModuleManager: Shutting down and abandoning module WindowsServerTargetPlatform (105)
[2021.01.18-13.53.05:273][  6]LogModuleManager: Shutting down and abandoning module WindowsNoEditorTargetPlatform (103)
[2021.01.18-13.53.05:273][  6]LogModuleManager: Shutting down and abandoning module WindowsClientTargetPlatform (101)
[2021.01.18-13.53.05:273][  6]LogModuleManager: Shutting down and abandoning module MacTargetPlatform (99)
[2021.01.18-13.53.05:273][  6]LogModuleManager: Shutting down and abandoning module MacServerTargetPlatform (97)
[2021.01.18-13.53.05:273][  6]LogModuleManager: Shutting down and abandoning module MacNoEditorTargetPlatform (95)
[2021.01.18-13.53.05:273][  6]LogModuleManager: Shutting down and abandoning module MacClientTargetPlatform (93)
[2021.01.18-13.53.05:273][  6]LogModuleManager: Shutting down and abandoning module AllDesktopTargetPlatform (91)
[2021.01.18-13.53.05:273][  6]LogModuleManager: Shutting down and abandoning module InputCore (88)
[2021.01.18-13.53.05:273][  6]LogModuleManager: Shutting down and abandoning module Settings (86)
[2021.01.18-13.53.05:273][  6]LogModuleManager: Shutting down and abandoning module PhysXCooking (84)
[2021.01.18-13.53.05:273][  6]LogModuleManager: Shutting down and abandoning module SteamVR (82)
[2021.01.18-13.53.05:273][  6]LogModuleManager: Shutting down and abandoning module OculusHMD (80)
[2021.01.18-13.53.05:273][  6]LogModuleManager: Shutting down and abandoning module ExampleDeviceProfileSelector (78)
[2021.01.18-13.53.05:273][  6]LogModuleManager: Shutting down and abandoning module LauncherChunkInstaller (76)
[2021.01.18-13.53.05:273][  6]LogModuleManager: Shutting down and abandoning module OnlineBlueprintSupport (74)
[2021.01.18-13.53.05:273][  6]LogModuleManager: Shutting down and abandoning module OnlineSubsystem (70)
[2021.01.18-13.53.05:274][  6]LogModuleManager: Shutting down and abandoning module XMPP (65)
[2021.01.18-13.53.05:275][  6]LogModuleManager: Shutting down and abandoning module WebSockets (64)
[2021.01.18-13.53.05:293][  6]LogModuleManager: Shutting down and abandoning module HTTP (61)
[2021.01.18-13.53.05:293][  6]LogHttp: Display: Http module shutting down, but needs to wait on 1 outstanding Http requests:
[2021.01.18-13.53.05:293][  6]LogHttp: Display: 	verb=[POST] url=[https://datarouter.ol.epicgames.com/datarouter/api/v1/public/data?SessionID=%7BE499BF21-42B8-6E06-990A-6B92AD0FBCF5%7D&AppID=UEEditor.Rocket.Release&AppVersion=4.20.3-4369336%2B%2B%2BUE4%2BRelease-4.20&UserID=d7d3e7284b8a7f87e79664ad512aebe5%7C7ede1786c189451d8c8b058b8a6f1116%7C87cbad50-ee9d-4bb5-a81d-6bac323f0805&AppEnvironment=datacollector-binary&UploadType=eteventstream] status=Processing
[2021.01.18-13.53.05:316][  6]LogModuleManager: Shutting down and abandoning module SSL (60)
[2021.01.18-13.53.05:317][  6]LogModuleManager: Shutting down and abandoning module MagicLeapEmulator (56)
[2021.01.18-13.53.05:317][  6]LogModuleManager: Shutting down and abandoning module MagicLeapPrivileges (54)
[2021.01.18-13.53.05:317][  6]LogModuleManager: Shutting down and abandoning module MagicLeapIdentity (52)
[2021.01.18-13.53.05:317][  6]LogModuleManager: Shutting down and abandoning module MagicLeapHelperVulkan (50)
[2021.01.18-13.53.05:317][  6]LogModuleManager: Shutting down and abandoning module MagicLeapHelperOpenGL (48)
[2021.01.18-13.53.05:317][  6]LogModuleManager: Shutting down and abandoning module MagicLeapSecureStorage (46)
[2021.01.18-13.53.05:317][  6]LogModuleManager: Shutting down and abandoning module MagicLeapGestures (44)
[2021.01.18-13.53.05:317][  6]LogModuleManager: Shutting down and abandoning module MagicLeapEyeTracker (42)
[2021.01.18-13.53.05:317][  6]LogModuleManager: Shutting down and abandoning module MagicLeapController (40)
[2021.01.18-13.53.05:317][  6]LogSlate: Slate User Destroyed.  User Index 0, Is Virtual User: 0
[2021.01.18-13.53.05:317][  6]LogModuleManager: Shutting down and abandoning module MagicLeap (38)
[2021.01.18-13.53.05:317][  6]LogModuleManager: Shutting down and abandoning module AnimationModifiers (36)
[2021.01.18-13.53.05:317][  6]LogModuleManager: Shutting down and abandoning module PropertyEditor (35)
[2021.01.18-13.53.05:317][  6]LogModuleManager: Shutting down and abandoning module AudioEditor (32)
[2021.01.18-13.53.05:317][  6]LogModuleManager: Shutting down and abandoning module TextureCompressor (30)
[2021.01.18-13.53.05:318][  6]LogModuleManager: Shutting down and abandoning module ShaderCore (28)
[2021.01.18-13.53.05:318][  6]LogModuleManager: Shutting down and abandoning module Landscape (26)
[2021.01.18-13.53.05:318][  6]LogModuleManager: Shutting down and abandoning module SlateRHIRenderer (24)
[2021.01.18-13.53.05:318][  6]LogModuleManager: Shutting down and abandoning module OpenGLDrv (22)
[2021.01.18-13.53.05:318][  6]LogModuleManager: Shutting down and abandoning module D3D11RHI (20)
[2021.01.18-13.53.05:318][  6]LogModuleManager: Shutting down and abandoning module AnimGraphRuntime (18)
[2021.01.18-13.53.05:318][  6]LogModuleManager: Shutting down and abandoning module Renderer (16)
[2021.01.18-13.53.05:318][  6]LogModuleManager: Shutting down and abandoning module Engine (14)
[2021.01.18-13.53.05:318][  6]LogModuleManager: Shutting down and abandoning module CoreUObject (12)
[2021.01.18-13.53.05:318][  6]LogModuleManager: Shutting down and abandoning module NetworkFile (10)
[2021.01.18-13.53.05:318][  6]LogModuleManager: Shutting down and abandoning module CookedIterativeFile (8)
[2021.01.18-13.53.05:318][  6]LogModuleManager: Shutting down and abandoning module StreamingFile (6)
[2021.01.18-13.53.05:318][  6]LogModuleManager: Shutting down and abandoning module SandboxFile (4)
[2021.01.18-13.53.05:318][  6]LogModuleManager: Shutting down and abandoning module PakFile (2)
[2021.01.18-13.53.05:327][  6]LogExit: Exiting.
[2021.01.18-13.53.05:331][  6]Log file closed, 01/18/21 14:53:05
