Log file open, 01/23/21 13:19:04
LogWindows: Failed to load 'aqProf.dll' (GetLastError=126)
LogWindows: File 'aqProf.dll' does not exist
LogWindows: Failed to load 'VSPerf140.dll' (GetLastError=126)
LogWindows: File 'VSPerf140.dll' does not exist
LogWindows: Failed to load 'VtuneApi.dll' (GetLastError=126)
LogWindows: File 'VtuneApi.dll' does not exist
LogWindows: Failed to load 'VtuneApi32e.dll' (GetLastError=126)
LogWindows: File 'VtuneApi32e.dll' does not exist
LogInit: Display: Running engine for game: MazeGameIgaBudnik
LogPlatformFile: Not using cached read wrapper
LogTaskGraph: Started task graph with 5 named threads and 23 total threads with 3 sets of task threads.
LogStats: Stats thread started at 0.389865
LogD3D11RHI: Loaded GFSDK_Aftermath_Lib.x64.dll
LogICUInternationalization: Display: ICU TimeZone Detection - Raw Offset: +1:00, Platform Override: ''
LogPluginManager: Mounting plugin Paper2D
LogPluginManager: Mounting plugin AISupport
LogPluginManager: Mounting plugin LightPropagationVolume
LogPluginManager: Mounting plugin CLionSourceCodeAccess
LogPluginManager: Mounting plugin CodeLiteSourceCodeAccess
LogPluginManager: Mounting plugin GitSourceControl
LogPluginManager: Mounting plugin KDevelopSourceCodeAccess
LogPluginManager: Mounting plugin NullSourceCodeAccess
LogPluginManager: Mounting plugin PerforceSourceControl
LogPluginManager: Mounting plugin SubversionSourceControl
LogPluginManager: Mounting plugin UObjectPlugin
LogPluginManager: Mounting plugin VisualStudioCodeSourceCodeAccess
LogPluginManager: Mounting plugin VisualStudioSourceCodeAccess
LogPluginManager: Mounting plugin XCodeSourceCodeAccess
LogPluginManager: Mounting plugin AssetManagerEditor
LogPluginManager: Mounting plugin CryptoKeys
LogPluginManager: Mounting plugin DataValidation
LogPluginManager: Mounting plugin FacialAnimation
LogPluginManager: Mounting plugin GameplayTagsEditor
LogPluginManager: Mounting plugin MacGraphicsSwitching
LogPluginManager: Mounting plugin MeshEditor
LogPluginManager: Mounting plugin MobileLauncherProfileWizard
LogPluginManager: Mounting plugin PluginBrowser
LogPluginManager: Mounting plugin SpeedTreeImporter
LogPluginManager: Mounting plugin DatasmithContent
LogPluginManager: Mounting plugin AlembicImporter
LogPluginManager: Mounting plugin AppleImageUtils
LogPluginManager: Mounting plugin AppleVision
LogPluginManager: Mounting plugin BackChannel
LogPluginManager: Mounting plugin CharacterAI
LogPluginManager: Mounting plugin GeometryCache
LogPluginManager: Mounting plugin HTML5Networking
LogPluginManager: Mounting plugin ProxyLODPlugin
LogPluginManager: Mounting plugin MagicLeap
LogPluginManager: Mounting plugin MagicLeapEmulator
LogPluginManager: Mounting plugin MagicLeapMedia
LogPluginManager: Mounting plugin AndroidMedia
LogPluginManager: Mounting plugin AvfMedia
LogPluginManager: Mounting plugin ImgMedia
LogPluginManager: Mounting plugin LinearTimecode
LogPluginManager: Mounting plugin MediaCompositing
LogPluginManager: Mounting plugin MediaPlayerEditor
LogPluginManager: Mounting plugin WmfMedia
LogPluginManager: Mounting plugin TcpMessaging
LogPluginManager: Mounting plugin UdpMessaging
LogPluginManager: Mounting plugin ActorSequence
LogPluginManager: Mounting plugin LevelSequenceEditor
LogPluginManager: Mounting plugin MatineeToLevelSequence
LogPluginManager: Mounting plugin NetcodeUnitTest
LogPluginManager: Mounting plugin NUTUnrealEngine4
LogPluginManager: Mounting plugin OnlineSubsystemGooglePlay
LogPluginManager: Mounting plugin OnlineSubsystemIOS
LogPluginManager: Mounting plugin OnlineSubsystem
LogPluginManager: Mounting plugin OnlineSubsystemNull
LogPluginManager: Mounting plugin OnlineSubsystemUtils
LogPluginManager: Mounting plugin LauncherChunkInstaller
LogPluginManager: Mounting plugin AndroidDeviceProfileSelector
LogPluginManager: Mounting plugin AndroidMoviePlayer
LogPluginManager: Mounting plugin AndroidPermission
LogPluginManager: Mounting plugin AppleMoviePlayer
LogPluginManager: Mounting plugin ArchVisCharacter
LogPluginManager: Mounting plugin AudioCapture
LogPluginManager: Mounting plugin CableComponent
LogPluginManager: Mounting plugin CustomMeshComponent
LogPluginManager: Mounting plugin EditableMesh
LogPluginManager: Mounting plugin ExampleDeviceProfileSelector
LogPluginManager: Mounting plugin GoogleCloudMessaging
LogPluginManager: Mounting plugin ImmediatePhysics
LogPluginManager: Mounting plugin IOSDeviceProfileSelector
LogPluginManager: Mounting plugin LinuxDeviceProfileSelector
LogPluginManager: Mounting plugin LocationServicesBPLibrary
LogPluginManager: Mounting plugin MobilePatchingUtils
LogPluginManager: Mounting plugin OculusVR
LogPluginManager: Plugin shader directory ../../../Engine/Plugins/Runtime/Oculus/OculusVR/Shaders found
LogPluginManager: Mapping shader source directory ../../../Engine/Plugins/Runtime/Oculus/OculusVR/Shaders to virtual directory /Plugin/OculusVR
LogPluginManager: Mounting plugin PhysXVehicles
LogPluginManager: Mounting plugin ProceduralMeshComponent
LogPluginManager: Mounting plugin RuntimePhysXCooking
LogPluginManager: Mounting plugin SteamVR
LogPluginManager: Mounting plugin WindowsMoviePlayer
LogStreaming: Display: Took  0.289s to configure plugins.
LogInit: Using libcurl 7.55.1-DEV
LogInit:  - built for x86_64-pc-win32
LogInit:  - supports SSL with OpenSSL/1.0.2h
LogInit:  - supports HTTP deflate (compression) using libz 1.2.8
LogInit:  - other features:
LogInit:      CURL_VERSION_SSL
LogInit:      CURL_VERSION_LIBZ
LogInit:      CURL_VERSION_IPV6
LogInit:      CURL_VERSION_ASYNCHDNS
LogInit:      CURL_VERSION_LARGEFILE
LogInit:      CURL_VERSION_IDN
LogInit:  CurlRequestOptions (configurable via config and command line):
LogInit:  - bVerifyPeer = false  - Libcurl will NOT verify peer certificate
LogInit:  - bUseHttpProxy = false  - Libcurl will NOT use HTTP proxy
LogInit:  - bDontReuseConnections = false  - Libcurl will reuse connections
LogInit:  - CertBundlePath = nullptr  - Libcurl will use whatever was configured at build time.
LogInit:  - MaxHostConnections = 16  - Libcurl will limit the number of connections to a host
LogInit:  - LocalHostAddr = Default
LogInit:  - BufferSize = 65536
LogInit: WinSock: version 1.1 (2.2), MaxSocks=32767, MaxUdp=65467
LogInit: Build: ++UE4+Release-4.20-CL-4369336
LogInit: Engine Version: 4.20.3-4369336+++UE4+Release-4.20
LogInit: Compatible Engine Version: 4.20.0-4212847+++UE4+Release-4.20
LogInit: Net CL: 4212847
LogInit: OS: Windows 10 (), CPU: Intel(R) Core(TM) i5-8300H CPU @ 2.30GHz, GPU: Intel(R) UHD Graphics 630
LogInit: Compiled (64-bit): Sep 17 2018 12:26:19
LogInit: Compiled with Visual C++: 19.13.26129.00
LogInit: Build Configuration: Development
LogInit: Branch Name: ++UE4+Release-4.20
LogInit: Command Line: 
LogInit: Base Directory: C:/Program Files/Epic Games/UE_4.20/Engine/Binaries/Win64/
LogInit: Installed Engine Build: 1
LogDevObjectVersion: Number of dev versions registered: 20
LogDevObjectVersion:   Dev-Blueprints (B0D832E4-1F89-4F0D-ACCF-7EB736FD4AA2): 10
LogDevObjectVersion:   Dev-Build (E1C64328-A22C-4D53-A36C-8E866417BD8C): 0
LogDevObjectVersion:   Dev-Core (375EC13C-06E4-48FB-B500-84F0262A717E): 2
LogDevObjectVersion:   Dev-Editor (E4B068ED-F494-42E9-A231-DA0B2E46BB41): 24
LogDevObjectVersion:   Dev-Framework (CFFC743F-43B0-4480-9391-14DF171D2073): 34
LogDevObjectVersion:   Dev-Mobile (B02B49B5-BB20-44E9-A304-32B752E40360): 2
LogDevObjectVersion:   Dev-Networking (A4E4105C-59A1-49B5-A7C5-40C4547EDFEE): 0
LogDevObjectVersion:   Dev-Online (39C831C9-5AE6-47DC-9A44-9C173E1C8E7C): 0
LogDevObjectVersion:   Dev-Physics (78F01B33-EBEA-4F98-B9B4-84EACCB95AA2): 0
LogDevObjectVersion:   Dev-Platform (6631380F-2D4D-43E0-8009-CF276956A95A): 0
LogDevObjectVersion:   Dev-Rendering (12F88B9F-8875-4AFC-A67C-D90C383ABD29): 26
LogDevObjectVersion:   Dev-Sequencer (7B5AE74C-D270-4C10-A958-57980B212A5A): 9
LogDevObjectVersion:   Dev-VR (D7296918-1DD6-4BDD-9DE2-64A83CC13884): 2
LogDevObjectVersion:   Dev-LoadTimes (C2A15278-BFE7-4AFE-6C17-90FF531DF755): 1
LogDevObjectVersion:   Private-Geometry (6EACA3D4-40EC-4CC1-B786-8BED09428FC5): 3
LogDevObjectVersion:   Dev-AnimPhys (29E575DD-E0A3-4627-9D10-D276232CDCEA): 17
LogDevObjectVersion:   Dev-ReflectionCapture (6B266CEC-1EC7-4B8F-A30B-E4D90942FC07): 1
LogDevObjectVersion:   Dev-Automation (0DF73D61-A23F-47EA-B727-89E90C41499A): 1
LogDevObjectVersion:   FortniteMain (601D1886-AC64-4F84-AA16-D3DE0DEAC7D6): 12
LogDevObjectVersion:   Dev-Enterprise (9DFFBCD6-494F-0158-E221-12823C92A888): 1
LogStreaming: Display: Took  0.069s to delete old logs.
LogInit: Presizing for max 8388607 objects, including 0 objects not considered by GC, pre-allocating 0 bytes for permanent pool.
LogInit: Object subsystem initialized
[2021.01.23-12.19.05:604][  0]LogInit: Selected Device Profile: [Windows]
[2021.01.23-12.19.05:604][  0]LogInit: Applying CVar settings loaded from the selected device profile: [Windows]
[2021.01.23-12.19.05:627][  0]LogHAL: Display: Platform has ~ 8 GB [8458031104 / 8589934592 / 8], which maps to Default [LargestMinGB=32, LargerMinGB=12, DefaultMinGB=8, SmallerMinGB=6, SmallestMinGB=0)
[2021.01.23-12.19.05:628][  0]LogInit: Setting Device Profile CVar: [[r.Vulkan.UseRealUBs:1]]
[2021.01.23-12.19.05:628][  0]LogInit: Going up to parent DeviceProfile []
[2021.01.23-12.19.05:628][  0]LogInit: Computer: DESKTOP-L4EJC2M
[2021.01.23-12.19.05:628][  0]LogInit: User: niech
[2021.01.23-12.19.05:628][  0]LogInit: CPU Page size=4096, Cores=4
[2021.01.23-12.19.05:628][  0]LogInit: High frequency timer resolution =10.000000 MHz
[2021.01.23-12.19.05:628][  0]LogMemory: Memory total: Physical=7.9GB (8GB approx)
[2021.01.23-12.19.05:628][  0]LogMemory: Platform Memory Stats for Windows
[2021.01.23-12.19.05:628][  0]LogMemory: Process Physical Memory: 100.85 MB used, 100.85 MB peak
[2021.01.23-12.19.05:628][  0]LogMemory: Process Virtual Memory: 91.06 MB used, 91.07 MB peak
[2021.01.23-12.19.05:628][  0]LogMemory: Physical Memory: 6901.74 MB used,  1164.47 MB free, 8066.21 MB total
[2021.01.23-12.19.05:628][  0]LogMemory: Virtual Memory: 4614.73 MB used,  1164.47 MB free, 134217728.00 MB total
[2021.01.23-12.19.05:647][  0]LogInit: Using OS detected language (pl-PL).
[2021.01.23-12.19.05:647][  0]LogInit: Using OS detected locale (pl-PL).
[2021.01.23-12.19.05:648][  0]LogTextLocalizationManager: No specific localization for 'pl-PL' exists, so the 'pl' localization will be used.
[2021.01.23-12.19.05:650][  0]LogStreaming: Display: Took  0.003s to InitEngineTextLocalization.
[2021.01.23-12.19.05:650][  0]LogInit: Setting process to per monitor DPI aware
[2021.01.23-12.19.05:683][  0]LogSlate: New Slate User Created.  User Index 0, Is Virtual User: 0
[2021.01.23-12.19.05:683][  0]LogSlate: Slate User Registered.  User Index 0, Is Virtual User: 0
[2021.01.23-12.19.06:148][  0]LogHMD: Failed to initialize OpenVR with code 110
[2021.01.23-12.19.06:148][  0]LogD3D11RHI: D3D11 adapters:
[2021.01.23-12.19.06:240][  0]LogD3D11RHI:    0. 'NVIDIA GeForce GTX 1050' (Feature Level 11_0)
[2021.01.23-12.19.06:240][  0]LogD3D11RHI:       4021/0/4033 MB DedicatedVideo/DedicatedSystem/SharedSystem, Outputs:1, VendorId:0x10de
[2021.01.23-12.19.06:263][  0]LogD3D11RHI:    1. 'Intel(R) UHD Graphics 630' (Feature Level 11_0)
[2021.01.23-12.19.06:263][  0]LogD3D11RHI:       128/0/4033 MB DedicatedVideo/DedicatedSystem/SharedSystem, Outputs:0, VendorId:0x8086
[2021.01.23-12.19.06:266][  0]LogD3D11RHI:    2. 'Microsoft Basic Render Driver' (Feature Level 11_0)
[2021.01.23-12.19.06:266][  0]LogD3D11RHI:       0/0/4033 MB DedicatedVideo/DedicatedSystem/SharedSystem, Outputs:0, VendorId:0x1414
[2021.01.23-12.19.06:266][  0]LogD3D11RHI: Chosen D3D11 Adapter: 0
[2021.01.23-12.19.06:310][  0]LogD3D11RHI: Creating new Direct3DDevice
[2021.01.23-12.19.06:310][  0]LogD3D11RHI:     GPU DeviceId: 0x1c8d (for the marketing name, search the web for "GPU Device Id")
[2021.01.23-12.19.06:310][  0]LogWindows: EnumDisplayDevices:
[2021.01.23-12.19.06:311][  0]LogWindows:    0. 'Intel(R) UHD Graphics 630' (P:1 D:1)
[2021.01.23-12.19.06:311][  0]LogWindows:    1. 'Intel(R) UHD Graphics 630' (P:0 D:0)
[2021.01.23-12.19.06:312][  0]LogWindows:    2. 'Intel(R) UHD Graphics 630' (P:0 D:0)
[2021.01.23-12.19.06:312][  0]LogWindows: DebugString: PrimaryIsNotTheChoosenAdapter PrimaryIsNotTheChoosenAdapter PrimaryIsNotTheChoosenAdapter FoundDriverCount:0 
[2021.01.23-12.19.06:312][  0]LogD3D11RHI:     Adapter Name: NVIDIA GeForce GTX 1050
[2021.01.23-12.19.06:312][  0]LogD3D11RHI:   Driver Version: Unknown (internal:Unknown, unified:Unknown)
[2021.01.23-12.19.06:312][  0]LogD3D11RHI:      Driver Date: Unknown
[2021.01.23-12.19.06:312][  0]LogRHI: Texture pool is 2814 MB (70% of 4021 MB)
[2021.01.23-12.19.06:375][  0]LogD3D11RHI: Async texture creation enabled
[2021.01.23-12.19.06:386][  0]LogD3D11RHI: GPU Timing Frequency: 1000.000000 (Debug: 2 1)
[2021.01.23-12.19.06:387][  0]LogShaderCompilers: Guid format shader working directory is -14 characters bigger than the processId version (../../../../../../UnrealEngine/MazeGameIB/MazeGameIgaBudnik/Intermediate/Shaders/WorkingDirectory/16524/).
[2021.01.23-12.19.06:388][  0]LogShaderCompilers: Cleaned the shader compiler working directory 'C:/Users/niech/AppData/Local/Temp/UnrealShaderWorkingDir/AE82F0A14E0A3C88500A6FB8E3A20106/'.
[2021.01.23-12.19.06:701][  0]LogTemp: Display: Loaded TP AllDesktopTargetPlatform
[2021.01.23-12.19.06:715][  0]LogTemp: Display: Loaded TP MacClientTargetPlatform
[2021.01.23-12.19.06:727][  0]LogTemp: Display: Loaded TP MacNoEditorTargetPlatform
[2021.01.23-12.19.06:740][  0]LogTemp: Display: Loaded TP MacServerTargetPlatform
[2021.01.23-12.19.06:752][  0]LogTemp: Display: Loaded TP MacTargetPlatform
[2021.01.23-12.19.06:764][  0]LogTemp: Display: Loaded TP WindowsClientTargetPlatform
[2021.01.23-12.19.06:777][  0]LogTemp: Display: Loaded TP WindowsNoEditorTargetPlatform
[2021.01.23-12.19.06:789][  0]LogTemp: Display: Loaded TP WindowsServerTargetPlatform
[2021.01.23-12.19.06:795][  0]LogTemp: Display: Loaded TP WindowsTargetPlatform
[2021.01.23-12.19.06:869][  0]LogTemp: Display: Loaded TP AndroidTargetPlatform
[2021.01.23-12.19.06:869][  0]LogTemp: Display: Loaded TP AndroidTargetPlatform
[2021.01.23-12.19.06:869][  0]LogTemp: Display: Loaded TP AndroidTargetPlatform
[2021.01.23-12.19.06:869][  0]LogTemp: Display: Loaded TP AndroidTargetPlatform
[2021.01.23-12.19.06:869][  0]LogTemp: Display: Loaded TP AndroidTargetPlatform
[2021.01.23-12.19.06:869][  0]LogTemp: Display: Loaded TP AndroidTargetPlatform
[2021.01.23-12.19.06:869][  0]LogTemp: Display: Loaded TP AndroidTargetPlatform
[2021.01.23-12.19.06:869][  0]LogTemp: Display: Loaded TP AndroidTargetPlatform
[2021.01.23-12.19.06:869][  0]LogTemp: Display: Loaded TP AndroidTargetPlatform
[2021.01.23-12.19.06:869][  0]LogTemp: Display: Loaded TP AndroidTargetPlatform
[2021.01.23-12.19.06:869][  0]LogTemp: Display: Loaded TP AndroidTargetPlatform
[2021.01.23-12.19.06:869][  0]LogTemp: Display: Loaded TP AndroidTargetPlatform
[2021.01.23-12.19.06:869][  0]LogTemp: Display: Loaded TP AndroidTargetPlatform
[2021.01.23-12.19.06:869][  0]LogTemp: Display: Loaded TP AndroidTargetPlatform
[2021.01.23-12.19.06:869][  0]LogTemp: Display: Loaded TP AndroidTargetPlatform
[2021.01.23-12.19.06:869][  0]LogTemp: Display: Loaded TP AndroidTargetPlatform
[2021.01.23-12.19.06:869][  0]LogTemp: Display: Loaded TP AndroidTargetPlatform
[2021.01.23-12.19.06:869][  0]LogTemp: Display: Loaded TP AndroidTargetPlatform
[2021.01.23-12.19.06:871][  0]LogTemp: Display: Loaded TP HTML5TargetPlatform
[2021.01.23-12.19.06:929][  0]LogTemp: Display: Loaded TP IOSTargetPlatform
[2021.01.23-12.19.06:929][  0]LogTemp: Display: Loaded TP IOSTargetPlatform
[2021.01.23-12.19.06:950][  0]LogTemp: Display: Loaded TP TVOSTargetPlatform
[2021.01.23-12.19.06:950][  0]LogTemp: Display: Loaded TP TVOSTargetPlatform
[2021.01.23-12.19.06:962][  0]LogTemp: Display: Loaded TP LinuxClientTargetPlatform
[2021.01.23-12.19.06:973][  0]LogTemp: Display: Loaded TP LinuxNoEditorTargetPlatform
[2021.01.23-12.19.06:984][  0]LogTemp: Display: Loaded TP LinuxServerTargetPlatform
[2021.01.23-12.19.06:996][  0]LogTemp: Display: Loaded TP LinuxTargetPlatform
[2021.01.23-12.19.07:004][  0]LogTemp: Display: Loaded TP LuminTargetPlatform
[2021.01.23-12.19.07:004][  0]LogTargetPlatformManager: Display: Building Assets For Windows
[2021.01.23-12.19.07:059][  0]LogXGEController: Cannot use XGE Controller as Incredibuild is not installed on this machine.
[2021.01.23-12.19.07:059][  0]LogShaderCompilers: Cannot use XGE Shader Compiler as Incredibuild is not installed on this machine.
[2021.01.23-12.19.07:059][  0]LogShaderCompilers: Display: Using Local Shader Compiler.
[2021.01.23-12.19.07:857][  0]LogDerivedDataCache: Display: Max Cache Size: 512 MB
[2021.01.23-12.19.07:908][  0]LogDerivedDataCache: Loaded boot cache 0.05s 71MB C:/Users/niech/AppData/Local/UnrealEngine/4.20/DerivedDataCache/Boot.ddc.
[2021.01.23-12.19.07:909][  0]LogDerivedDataCache: Display: Loaded Boot cache: C:/Users/niech/AppData/Local/UnrealEngine/4.20/DerivedDataCache/Boot.ddc
[2021.01.23-12.19.07:909][  0]LogDerivedDataCache: FDerivedDataBackendGraph:  Pak pak cache file ../../../../../../UnrealEngine/MazeGameIB/MazeGameIgaBudnik/DerivedDataCache/DDC.ddp not found, will not use a pak cache.
[2021.01.23-12.19.07:909][  0]LogDerivedDataCache: Unable to find inner node Pak for hierarchical cache Hierarchy.
[2021.01.23-12.19.07:909][  0]LogDerivedDataCache: FDerivedDataBackendGraph:  CompressedPak pak cache file ../../../../../../UnrealEngine/MazeGameIB/MazeGameIgaBudnik/DerivedDataCache/Compressed.ddp not found, will not use a pak cache.
[2021.01.23-12.19.07:909][  0]LogDerivedDataCache: Unable to find inner node CompressedPak for hierarchical cache Hierarchy.
[2021.01.23-12.19.07:924][  0]LogDerivedDataCache: Display: Pak cache opened for reading ../../../Engine/DerivedDataCache/Compressed.ddp.
[2021.01.23-12.19.07:936][  0]LogDerivedDataCache: Using Local data cache path C:/Users/niech/AppData/Local/UnrealEngine/Common/DerivedDataCache: Writable
[2021.01.23-12.19.07:936][  0]LogDerivedDataCache: Shared data cache path not found in *engine.ini, will not use an Shared cache.
[2021.01.23-12.19.07:936][  0]LogDerivedDataCache: Unable to find inner node Shared for hierarchical cache Hierarchy.
[2021.01.23-12.19.07:955][  0]LogMaterial: Verifying Global Shaders for PCD3D_SM5
[2021.01.23-12.19.07:956][  0]LogSlate: Using FreeType 2.6.0
[2021.01.23-12.19.07:957][  0]LogSlate: SlateFontServices - WITH_FREETYPE: 1, WITH_HARFBUZZ: 1
[2021.01.23-12.19.08:037][  0]LogAssetRegistry: FAssetRegistry took 0.0256 seconds to start up
[2021.01.23-12.19.08:362][  0]LogInit: Selected Device Profile: [Windows]
[2021.01.23-12.19.08:483][  0]LogSimplygon: Simplygon DLL not present - disabling.
[2021.01.23-12.19.08:545][  0]LogMeshReduction: Using SimplygonSwarm for distributed automatic mesh merging
[2021.01.23-12.19.08:545][  0]LogMeshReduction: Using ProxyLODMeshReduction for automatic mesh merging
[2021.01.23-12.19.08:545][  0]LogMeshReduction: Using QuadricMeshReduction for automatic static mesh reduction
[2021.01.23-12.19.08:545][  0]LogMeshReduction: No automatic skeletal mesh reduction module available
[2021.01.23-12.19.08:562][  0]LogNetVersion: MazeGameIgaBudnik 1.0.0, NetCL: 4212847, EngineNetVer: 5, GameNetVer: 0 (Checksum: 330926393)
[2021.01.23-12.19.09:055][  0]LogPackageLocalizationCache: Processed 11 localized package path(s) for 2 prioritized culture(s) in 0.090007 seconds
[2021.01.23-12.19.09:060][  0]LogUObjectArray: 38425 objects as part of root set at end of initial load.
[2021.01.23-12.19.09:060][  0]LogUObjectAllocator: 6690872 out of 0 bytes used by permanent object pool.
[2021.01.23-12.19.09:061][  0]LogUObjectArray: CloseDisregardForGC: 0/0 objects in disregard for GC pool
[2021.01.23-12.19.09:961][  0]LogTcpMessaging: Initializing TcpMessaging bridge
[2021.01.23-12.19.09:974][  0]LogUdpMessaging: Initializing bridge on interface 0.0.0.0:0 to multicast group 230.0.0.1:6666.
[2021.01.23-12.19.10:116][  0]SourceControl: Source control is disabled
[2021.01.23-12.19.10:116][  0]SourceControl: Source control is disabled
[2021.01.23-12.19.10:117][  0]SourceControl: Source control is disabled
[2021.01.23-12.19.10:118][  0]SourceControl: Source control is disabled
[2021.01.23-12.19.10:280][  0]LogAndroidPermission: UAndroidPermissionCallbackProxy::GetInstance
[2021.01.23-12.19.10:345][  0]LogOcInput: OculusInput pre-init called
[2021.01.23-12.19.10:402][  0]LogEngine: Initializing Engine...
[2021.01.23-12.19.10:403][  0]LogHMD: Failed to initialize OpenVR with code 110
[2021.01.23-12.19.10:404][  0]LogStats: UGameplayTagsManager::ConstructGameplayTagTree: ImportINI prefixes -  0.000 s
[2021.01.23-12.19.10:404][  0]LogStats: UGameplayTagsManager::ConstructGameplayTagTree: Construct from data asset -  0.000 s
[2021.01.23-12.19.10:404][  0]LogStats: UGameplayTagsManager::ConstructGameplayTagTree: ImportINI -  0.000 s
[2021.01.23-12.19.10:404][  0]LogStats: UGameplayTagsManager::ConstructGameplayTagTree: GameplayTagTreeChangedEvent.Broadcast -  0.000 s
[2021.01.23-12.19.10:596][  0]LogInit: Initializing FReadOnlyCVARCache
[2021.01.23-12.19.10:607][  0]LogAIModule: Creating AISystem for world Untitled
[2021.01.23-12.19.10:629][  0]LogInit: XAudio2 using 'Głośniki (Realtek(R) Audio)' : 2 channels at 48 kHz using 32 bits per sample (channel mask 0x3)
[2021.01.23-12.19.12:215][  0]LogInit: FAudioDevice initialized.
[2021.01.23-12.19.12:215][  0]LogNetVersion: Set ProjectVersion to 1.0.0.0. Version Checksum will be recalculated on next use.
[2021.01.23-12.19.12:293][  0]LogDerivedDataCache: Saved boot cache 0.08s 71MB C:/Users/niech/AppData/Local/UnrealEngine/4.20/DerivedDataCache/Boot.ddc.
[2021.01.23-12.19.12:296][  0]LogInit: Texture streaming: Enabled
[2021.01.23-12.19.12:315][  0]LogEngineSessionManager: EngineSessionManager initialized
[2021.01.23-12.19.12:330][  0]LogInit: Transaction tracking system initialized
[2021.01.23-12.19.12:353][  0]BlueprintLog: New page: Editor Load
[2021.01.23-12.19.12:425][  0]LocalizationService: Localization service is disabled
[2021.01.23-12.19.12:674][  0]LogCook: Display: Max memory allowance for cook 16384mb min free memory 0mb
[2021.01.23-12.19.12:674][  0]LogCook: Display: Mobile HDR setting 1
[2021.01.23-12.19.12:675][  0]LogGameplayTags: Display: UGameplayTagsManager::DoneAddingNativeTags. DelegateIsBound: 0
[2021.01.23-12.19.12:675][  0]LogStats: UGameplayTagsManager::ConstructGameplayTagTree: ImportINI prefixes -  0.000 s
[2021.01.23-12.19.12:675][  0]LogStats: UGameplayTagsManager::ConstructGameplayTagTree: Construct from data asset -  0.000 s
[2021.01.23-12.19.12:675][  0]LogStats: UGameplayTagsManager::ConstructGameplayTagTree: ImportINI -  0.000 s
[2021.01.23-12.19.12:675][  0]LogStats: UGameplayTagsManager::ConstructGameplayTagTree: GameplayTagTreeChangedEvent.Broadcast -  0.000 s
[2021.01.23-12.19.12:796][  0]LogFileCache: Scanning file cache for directory 'C:/UnrealEngine/MazeGameIB/MazeGameIgaBudnik/Content/' took 0.02s
[2021.01.23-12.19.12:796][  0]SourceControl: Source control is disabled
[2021.01.23-12.19.12:796][  0]Cmd: MAP LOAD FILE="../../../../../../UnrealEngine/MazeGameIB/MazeGameIgaBudnik/Content/StarterContent/Maps/Minimal_Default.umap" TEMPLATE=0 SHOWPROGRESS=1 FEATURELEVEL=3
[2021.01.23-12.19.12:796][  0]LogEditorServer: Warning: Can't find file '../../../../../../UnrealEngine/MazeGameIB/MazeGameIgaBudnik/Content/StarterContent/Maps/Minimal_Default.umap'
[2021.01.23-12.19.12:796][  0]Cmd: MAP CHECKDEP NOCLEARLOG
[2021.01.23-12.19.12:886][  0]MapCheck: Map check complete: 0 Error(s), 0 Warning(s), took 89,342ms to complete.
[2021.01.23-12.19.12:886][  0]LogFileHelpers: Loading map 'Minimal_Default' took 0.090
[2021.01.23-12.19.13:057][  0]LogSlate: Updating window title bar state: overlay mode, drag disabled, window buttons hidden, title bar hidden
[2021.01.23-12.19.13:068][  0]LogSlate: Updating window title bar state: overlay mode, drag disabled, window buttons hidden, title bar hidden
[2021.01.23-12.19.13:075][  0]LogSlate: Updating window title bar state: overlay mode, drag disabled, window buttons hidden, title bar hidden
[2021.01.23-12.19.13:083][  0]LogSlate: Updating window title bar state: overlay mode, drag disabled, window buttons hidden, title bar hidden
[2021.01.23-12.19.13:096][  0]LogCollectionManager: Loaded 0 collections in 0.001535 seconds
[2021.01.23-12.19.13:159][  0]LogFileCache: Scanning file cache for directory 'C:/UnrealEngine/MazeGameIB/MazeGameIgaBudnik/Saved/Collections/' took 0.01s
[2021.01.23-12.19.13:159][  0]LogFileCache: Scanning file cache for directory 'C:/UnrealEngine/MazeGameIB/MazeGameIgaBudnik/Content/Developers/niech/Collections/' took 0.01s
[2021.01.23-12.19.13:159][  0]LogFileCache: Scanning file cache for directory 'C:/UnrealEngine/MazeGameIB/MazeGameIgaBudnik/Content/Collections/' took 0.01s
[2021.01.23-12.19.13:159][  0]LogCollectionManager: Rebuilt the GUID cache for 0 collections in 0.000000 seconds
[2021.01.23-12.19.13:172][  0]LogContentBrowser: Native class hierarchy populated in 0.0114 seconds. Added 2572 classes and 603 folders.
[2021.01.23-12.19.13:190][  0]LogContentBrowser: Native class hierarchy updated for 'WidgetCarousel' in 0.0003 seconds. Added 0 classes and 0 folders.
[2021.01.23-12.19.13:484][  0]LogContentBrowser: Native class hierarchy updated for 'AddContentDialog' in 0.0002 seconds. Added 0 classes and 0 folders.
[2021.01.23-12.19.13:568][  0]LogContentBrowser: Native class hierarchy updated for 'SceneOutliner' in 0.0003 seconds. Added 1 classes and 2 folders.
[2021.01.23-12.19.13:603][  0]LogSlate: Took 0.000213 seconds to synchronously load lazily loaded font '../../../Engine/Content/Slate/Fonts/Roboto-Regular.ttf' (155K)
[2021.01.23-12.19.13:605][  0]LogSlate: Took 0.000210 seconds to synchronously load lazily loaded font '../../../Engine/Content/Slate/Fonts/Roboto-Bold.ttf' (160K)
[2021.01.23-12.19.13:613][  0]LogSlate: Took 0.002038 seconds to synchronously load lazily loaded font '../../../Engine/Content/Editor/Slate/Fonts/FontAwesome.ttf' (139K)
[2021.01.23-12.19.13:722][  0]LogRenderer: Reallocating scene render targets to support 964x500 Format 10 NumSamples 1 (Frame:1).
[2021.01.23-12.19.13:887][  0]LogContentBrowser: Native class hierarchy updated for 'HierarchicalLODOutliner' in 0.0002 seconds. Added 0 classes and 0 folders.
[2021.01.23-12.19.13:887][  0]LogLoad: (Engine Initialization) Total time: 10.50 seconds
[2021.01.23-12.19.13:887][  0]LogLoad: (Engine Initialization) Total Blueprint compile time: 0.00 seconds
[2021.01.23-12.19.13:931][  0]LogContentStreaming: Texture pool size now 1000 MB
[2021.01.23-12.19.13:957][  0]LogSlate: Took 0.002226 seconds to synchronously load lazily loaded font '../../../Engine/Content/Slate/Fonts/Roboto-Light.ttf' (167K)
[2021.01.23-12.19.13:991][  1]LogAssetRegistry: Asset discovery search completed in 5.9768 seconds
[2021.01.23-12.19.13:993][  1]LogCollectionManager: Rebuilt the object cache for 0 collections in 0.000000 seconds (found 0 objects)
[2021.01.23-12.19.13:993][  1]LogCollectionManager: Fixed up redirectors for 0 collections in 0.000055 seconds (updated 0 objects)
[2021.01.23-12.19.14:922][ 49]LogSlate: Took 0.000224 seconds to synchronously load lazily loaded font '../../../Engine/Content/Slate/Fonts/Roboto-Light.ttf' (167K)
[2021.01.23-12.19.20:675][370]LogSlate: FSceneViewport::OnFocusLost() reason 0
[2021.01.23-12.19.34:247][184]LogLinker: Warning: Can't resolve asset name
[2021.01.23-12.19.52:800][272]LogAIModule: Creating AISystem for world Main
[2021.01.23-12.19.52:815][272]LogAssetEditorManager: Opening Asset editor for World /Game/StarterContent/Maps/Main.Main
[2021.01.23-12.19.52:839][272]Cmd: MAP LOAD FILE="../../../../../../UnrealEngine/MazeGameIB/MazeGameIgaBudnik/Content/StarterContent/Maps/Main.umap" TEMPLATE=0 SHOWPROGRESS=1 FEATURELEVEL=3
[2021.01.23-12.19.52:839][272]LightingResults: New page: Lighting Build
[2021.01.23-12.19.52:841][272]LogContentBrowser: Native class hierarchy updated for 'StatsViewer' in 0.0002 seconds. Added 5 classes and 0 folders.
[2021.01.23-12.19.52:841][272]LoadErrors: New page: Loading map: Main.umap
[2021.01.23-12.19.52:841][272]MapCheck: New page: Map Check
[2021.01.23-12.19.52:841][272]LightingResults: New page: Lighting Build
[2021.01.23-12.19.52:865][272]LogEditorServer: Finished looking for orphan Actors (0.000 secs)
[2021.01.23-12.19.52:895][272]Cmd: MAP CHECKDEP NOCLEARLOG
[2021.01.23-12.19.52:989][272]MapCheck: Map check complete: 0 Error(s), 0 Warning(s), took 94,914ms to complete.
[2021.01.23-12.19.52:989][272]LogFileHelpers: Loading map 'Main' took 0.152
[2021.01.23-12.19.57:281][516]LogAssetEditorManager: Opening Asset editor for LevelScriptBlueprint /Game/StarterContent/Maps/Main.Main:PersistentLevel.Main
[2021.01.23-12.19.57:854][516]LogContentBrowser: Native class hierarchy updated for 'BlueprintGraph' in 0.0005 seconds. Added 116 classes and 0 folders.
[2021.01.23-12.19.58:592][516]LogSlate: Took 0.001670 seconds to synchronously load lazily loaded font '../../../Engine/Content/Slate/Fonts/Roboto-BoldCondensed.ttf' (158K)
[2021.01.23-12.19.58:714][517]LogSlate: Took 0.002558 seconds to synchronously load lazily loaded font '../../../Engine/Content/Slate/Fonts/Roboto-Italic.ttf' (157K)
[2021.01.23-12.24.49:351][503]LogEditorViewport: Clicking on Actor (LMB): StaticMeshActor (Ball)
[2021.01.23-12.24.58:671][  1]LogSlate: FSceneViewport::OnFocusLost() reason 2
[2021.01.23-12.27.11:888][818]LogSlate: FSceneViewport::OnFocusLost() reason 2
[2021.01.23-12.29.03:784][499]LogEditorTransaction: Undo Add Node
[2021.01.23-12.29.45:022][886]LogEditorViewport: Clicking on Actor (LMB): BP_Sky_Sphere_C (Sky Sphere)
[2021.01.23-12.29.46:034][944]LogEditorViewport: Clicking on Actor (LMB): StaticMeshActor (Floor)
[2021.01.23-12.29.48:650][ 69]LogSlate: FSceneViewport::OnFocusLost() reason 2
[2021.01.23-12.30.42:786][225]LogEditorTransaction: Undo Add Node
[2021.01.23-12.32.07:687][222]Cmd: STAT FPS
[2021.01.23-12.32.36:388][872]LogSavePackage: Moving '../../../../../../UnrealEngine/MazeGameIB/MazeGameIgaBudnik/Saved/Main_Auto146574B874E7718B88F4CC18CF13DE234.tmp' to '../../../../../../UnrealEngine/MazeGameIB/MazeGameIgaBudnik/Saved/Autosaves/Game/StarterContent/Maps/Main_Auto1.umap'
[2021.01.23-12.32.36:399][872]LogFileHelpers: Editor autosave (incl. sublevels) for '/Game/StarterContent/Maps/Main' took 0.327
[2021.01.23-12.32.36:399][872]LogFileHelpers: Editor autosave (incl. sublevels) for all levels took 0.327
[2021.01.23-12.34.06:097][219]LogEditorTransaction: Undo Create Pin Link
[2021.01.23-12.34.08:257][345]LogEditorTransaction: Undo Create Pin Link
[2021.01.23-12.34.49:350][788]LogTemp: Repeating last play command: Selected Viewport
[2021.01.23-12.34.49:369][788]LogBlueprintUserMessages: Early PlayInEditor Detection: Level '/Game/StarterContent/Maps/Main.Main:PersistentLevel' has LevelScriptBlueprint '/Game/StarterContent/Maps/Main.Main:PersistentLevel.Main' with GeneratedClass '/Game/StarterContent/Maps/Main.Main_C' with ClassGeneratedBy '/Game/StarterContent/Maps/Main.Main:PersistentLevel.Main'
[2021.01.23-12.34.49:370][788]BlueprintLog: New page: Pre-Play auto-recompile
[2021.01.23-12.34.49:375][788]LogPlayLevel: [PlayLevel] Compiling Main before play...
[2021.01.23-12.34.49:554][788]LogPlayLevel: PlayLevel: Blueprint regeneration took 183 ms (1 blueprints)
[2021.01.23-12.34.49:585][788]PIE: New page: PIE session: Main (23 sty 2021, 14:34:49)
[2021.01.23-12.34.49:586][788]LogPlayLevel: Creating play world package: /Game/StarterContent/Maps/UEDPIE_0_Main
[2021.01.23-12.34.49:592][788]LogPlayLevel: PIE: StaticDuplicateObject took: (0.006243s)
[2021.01.23-12.34.49:593][788]LogAIModule: Creating AISystem for world Main
[2021.01.23-12.34.49:594][788]LogPlayLevel: PIE: World Init took: (0.001983s)
[2021.01.23-12.34.49:595][788]LogPlayLevel: PIE: Created PIE world by copying editor world from /Game/StarterContent/Maps/Main.Main to /Game/StarterContent/Maps/UEDPIE_0_Main.Main (0.008966s)
[2021.01.23-12.34.49:645][788]LogInit: XAudio2 using 'Głośniki (Realtek(R) Audio)' : 2 channels at 48 kHz using 32 bits per sample (channel mask 0x3)
[2021.01.23-12.34.49:679][788]LogInit: FAudioDevice initialized.
[2021.01.23-12.34.49:740][788]LogLoad: Game class is 'GameModeBase'
[2021.01.23-12.34.49:754][788]LogWorld: Bringing World /Game/StarterContent/Maps/UEDPIE_0_Main.Main up for play (max tick rate 60) at 2021.01.23-13.34.49
[2021.01.23-12.34.49:756][788]LogWorld: Bringing up level for play took: 0.002851
[2021.01.23-12.34.49:802][788]LogContentBrowser: Native class hierarchy updated for 'MovieSceneCapture' in 0.0004 seconds. Added 10 classes and 0 folders.
[2021.01.23-12.34.49:810][788]PIE: Play in editor start time for /Game/StarterContent/Maps/UEDPIE_0_Main 0,33
[2021.01.23-12.34.49:811][788]LogBlueprintUserMessages: Late PlayInEditor Detection: Level '/Game/StarterContent/Maps/Main.Main:PersistentLevel' has LevelScriptBlueprint '/Game/StarterContent/Maps/Main.Main:PersistentLevel.Main' with GeneratedClass '/Game/StarterContent/Maps/Main.Main_C' with ClassGeneratedBy '/Game/StarterContent/Maps/Main.Main:PersistentLevel.Main'
[2021.01.23-12.35.09:369][874]LogBlueprintUserMessages: Early EndPlayMap Detection: Level '/Game/StarterContent/Maps/Main.Main:PersistentLevel' has LevelScriptBlueprint '/Game/StarterContent/Maps/Main.Main:PersistentLevel.Main' with GeneratedClass '/Game/StarterContent/Maps/Main.Main_C' with ClassGeneratedBy '/Game/StarterContent/Maps/Main.Main:PersistentLevel.Main'
[2021.01.23-12.35.09:370][874]LogSlate: Updating window title bar state: overlay mode, drag disabled, window buttons hidden, title bar hidden
[2021.01.23-12.35.09:415][874]LogPlayLevel: Display: Shutting down PIE online subsystems
[2021.01.23-12.35.09:415][874]LogBlueprintUserMessages: Late EndPlayMap Detection: Level '/Game/StarterContent/Maps/Main.Main:PersistentLevel' has LevelScriptBlueprint '/Game/StarterContent/Maps/Main.Main:PersistentLevel.Main' with GeneratedClass '/Game/StarterContent/Maps/Main.Main_C' with ClassGeneratedBy '/Game/StarterContent/Maps/Main.Main:PersistentLevel.Main'
[2021.01.23-12.35.09:449][874]LogSlate: Updating window title bar state: overlay mode, drag disabled, window buttons hidden, title bar hidden
[2021.01.23-12.35.09:497][875]LogPlayLevel: Display: Destroying online subsystem :Context_3
[2021.01.23-12.35.12:034][992]LogSlate: FSceneViewport::OnFocusLost() reason 2
[2021.01.23-12.36.05:865][188]LogEditorTransaction: Undo Create Pin Link
[2021.01.23-12.36.10:554][467]LogEditorTransaction: Undo Move Node
[2021.01.23-12.36.11:259][507]LogEditorTransaction: Undo Move Node
[2021.01.23-12.36.11:770][536]LogEditorTransaction: Undo Paste clipboard contents
[2021.01.23-12.38.55:453][323]LogTemp: Repeating last play command: Selected Viewport
[2021.01.23-12.38.55:468][323]LogBlueprintUserMessages: Early PlayInEditor Detection: Level '/Game/StarterContent/Maps/Main.Main:PersistentLevel' has LevelScriptBlueprint '/Game/StarterContent/Maps/Main.Main:PersistentLevel.Main' with GeneratedClass '/Game/StarterContent/Maps/Main.Main_C' with ClassGeneratedBy '/Game/StarterContent/Maps/Main.Main:PersistentLevel.Main'
[2021.01.23-12.38.55:468][323]BlueprintLog: New page: Pre-Play auto-recompile
[2021.01.23-12.38.55:473][323]LogPlayLevel: [PlayLevel] Compiling Main before play...
[2021.01.23-12.38.55:652][323]LogPlayLevel: PlayLevel: Blueprint regeneration took 184 ms (1 blueprints)
[2021.01.23-12.38.55:653][323]PIE: New page: PIE session: Main (23 sty 2021, 14:38:55)
[2021.01.23-12.38.55:653][323]LogPlayLevel: Creating play world package: /Game/StarterContent/Maps/UEDPIE_0_Main
[2021.01.23-12.38.55:656][323]LogPlayLevel: PIE: StaticDuplicateObject took: (0.003430s)
[2021.01.23-12.38.55:657][323]LogAIModule: Creating AISystem for world Main
[2021.01.23-12.38.55:658][323]LogPlayLevel: PIE: World Init took: (0.001266s)
[2021.01.23-12.38.55:658][323]LogPlayLevel: PIE: Created PIE world by copying editor world from /Game/StarterContent/Maps/Main.Main to /Game/StarterContent/Maps/UEDPIE_0_Main.Main (0.004944s)
[2021.01.23-12.38.55:702][323]LogInit: XAudio2 using 'Głośniki (Realtek(R) Audio)' : 2 channels at 48 kHz using 32 bits per sample (channel mask 0x3)
[2021.01.23-12.38.55:731][323]LogInit: FAudioDevice initialized.
[2021.01.23-12.38.55:764][323]LogLoad: Game class is 'GameModeBase'
[2021.01.23-12.38.55:766][323]LogWorld: Bringing World /Game/StarterContent/Maps/UEDPIE_0_Main.Main up for play (max tick rate 60) at 2021.01.23-13.38.55
[2021.01.23-12.38.55:767][323]LogWorld: Bringing up level for play took: 0.000924
[2021.01.23-12.38.55:780][323]PIE: Play in editor start time for /Game/StarterContent/Maps/UEDPIE_0_Main 0,3
[2021.01.23-12.38.55:781][323]LogBlueprintUserMessages: Late PlayInEditor Detection: Level '/Game/StarterContent/Maps/Main.Main:PersistentLevel' has LevelScriptBlueprint '/Game/StarterContent/Maps/Main.Main:PersistentLevel.Main' with GeneratedClass '/Game/StarterContent/Maps/Main.Main_C' with ClassGeneratedBy '/Game/StarterContent/Maps/Main.Main:PersistentLevel.Main'
[2021.01.23-12.39.08:448][ 74]LogBlueprintUserMessages: Early EndPlayMap Detection: Level '/Game/StarterContent/Maps/Main.Main:PersistentLevel' has LevelScriptBlueprint '/Game/StarterContent/Maps/Main.Main:PersistentLevel.Main' with GeneratedClass '/Game/StarterContent/Maps/Main.Main_C' with ClassGeneratedBy '/Game/StarterContent/Maps/Main.Main:PersistentLevel.Main'
[2021.01.23-12.39.08:448][ 74]LogSlate: Updating window title bar state: overlay mode, drag disabled, window buttons hidden, title bar hidden
[2021.01.23-12.39.08:489][ 74]LogPlayLevel: Display: Shutting down PIE online subsystems
[2021.01.23-12.39.08:489][ 74]LogBlueprintUserMessages: Late EndPlayMap Detection: Level '/Game/StarterContent/Maps/Main.Main:PersistentLevel' has LevelScriptBlueprint '/Game/StarterContent/Maps/Main.Main:PersistentLevel.Main' with GeneratedClass '/Game/StarterContent/Maps/Main.Main_C' with ClassGeneratedBy '/Game/StarterContent/Maps/Main.Main:PersistentLevel.Main'
[2021.01.23-12.39.08:531][ 74]LogSlate: Updating window title bar state: overlay mode, drag disabled, window buttons hidden, title bar hidden
[2021.01.23-12.39.08:575][ 75]LogPlayLevel: Display: Destroying online subsystem :Context_4
[2021.01.23-12.39.09:902][151]LogSlate: FSceneViewport::OnFocusLost() reason 0
[2021.01.23-12.41.59:745][178]LogTemp: Repeating last play command: Selected Viewport
[2021.01.23-12.41.59:758][178]LogBlueprintUserMessages: Early PlayInEditor Detection: Level '/Game/StarterContent/Maps/Main.Main:PersistentLevel' has LevelScriptBlueprint '/Game/StarterContent/Maps/Main.Main:PersistentLevel.Main' with GeneratedClass '/Game/StarterContent/Maps/Main.Main_C' with ClassGeneratedBy '/Game/StarterContent/Maps/Main.Main:PersistentLevel.Main'
[2021.01.23-12.41.59:758][178]BlueprintLog: New page: Pre-Play auto-recompile
[2021.01.23-12.41.59:763][178]LogPlayLevel: [PlayLevel] Compiling Main before play...
[2021.01.23-12.41.59:945][178]LogPlayLevel: PlayLevel: Blueprint regeneration took 187 ms (1 blueprints)
[2021.01.23-12.41.59:945][178]PIE: New page: PIE session: Main (23 sty 2021, 14:41:59)
[2021.01.23-12.41.59:945][178]LogPlayLevel: Creating play world package: /Game/StarterContent/Maps/UEDPIE_0_Main
[2021.01.23-12.41.59:949][178]LogPlayLevel: PIE: StaticDuplicateObject took: (0.003592s)
[2021.01.23-12.41.59:950][178]LogAIModule: Creating AISystem for world Main
[2021.01.23-12.41.59:950][178]LogPlayLevel: PIE: World Init took: (0.000998s)
[2021.01.23-12.41.59:950][178]LogPlayLevel: PIE: Created PIE world by copying editor world from /Game/StarterContent/Maps/Main.Main to /Game/StarterContent/Maps/UEDPIE_0_Main.Main (0.004944s)
[2021.01.23-12.41.59:991][178]LogInit: XAudio2 using 'Głośniki (Realtek(R) Audio)' : 2 channels at 48 kHz using 32 bits per sample (channel mask 0x3)
[2021.01.23-12.42.00:024][178]LogInit: FAudioDevice initialized.
[2021.01.23-12.42.00:057][178]LogLoad: Game class is 'GameModeBase'
[2021.01.23-12.42.00:059][178]LogWorld: Bringing World /Game/StarterContent/Maps/UEDPIE_0_Main.Main up for play (max tick rate 60) at 2021.01.23-13.42.00
[2021.01.23-12.42.00:059][178]LogWorld: Bringing up level for play took: 0.000795
[2021.01.23-12.42.00:073][178]PIE: Play in editor start time for /Game/StarterContent/Maps/UEDPIE_0_Main 0,593
[2021.01.23-12.42.00:074][178]LogBlueprintUserMessages: Late PlayInEditor Detection: Level '/Game/StarterContent/Maps/Main.Main:PersistentLevel' has LevelScriptBlueprint '/Game/StarterContent/Maps/Main.Main:PersistentLevel.Main' with GeneratedClass '/Game/StarterContent/Maps/Main.Main_C' with ClassGeneratedBy '/Game/StarterContent/Maps/Main.Main:PersistentLevel.Main'
[2021.01.23-12.42.08:940][703]LogBlueprintUserMessages: Early EndPlayMap Detection: Level '/Game/StarterContent/Maps/Main.Main:PersistentLevel' has LevelScriptBlueprint '/Game/StarterContent/Maps/Main.Main:PersistentLevel.Main' with GeneratedClass '/Game/StarterContent/Maps/Main.Main_C' with ClassGeneratedBy '/Game/StarterContent/Maps/Main.Main:PersistentLevel.Main'
[2021.01.23-12.42.08:940][703]LogSlate: Updating window title bar state: overlay mode, drag disabled, window buttons hidden, title bar hidden
[2021.01.23-12.42.08:978][703]LogPlayLevel: Display: Shutting down PIE online subsystems
[2021.01.23-12.42.08:978][703]LogBlueprintUserMessages: Late EndPlayMap Detection: Level '/Game/StarterContent/Maps/Main.Main:PersistentLevel' has LevelScriptBlueprint '/Game/StarterContent/Maps/Main.Main:PersistentLevel.Main' with GeneratedClass '/Game/StarterContent/Maps/Main.Main_C' with ClassGeneratedBy '/Game/StarterContent/Maps/Main.Main:PersistentLevel.Main'
[2021.01.23-12.42.09:017][703]LogSlate: Updating window title bar state: overlay mode, drag disabled, window buttons hidden, title bar hidden
[2021.01.23-12.42.09:062][704]LogPlayLevel: Display: Destroying online subsystem :Context_5
[2021.01.23-12.42.10:326][774]LogSlate: FSceneViewport::OnFocusLost() reason 0
[2021.01.23-12.42.22:697][385]LogSlate: Window 'Main* - Level Blueprint Editor' being destroyed
[2021.01.23-12.43.19:107][742]LogSavePackage: Moving '../../../../../../UnrealEngine/MazeGameIB/MazeGameIgaBudnik/Saved/Main_Auto2C6E642E746E90B63649DA5B81E30C320.tmp' to '../../../../../../UnrealEngine/MazeGameIB/MazeGameIgaBudnik/Saved/Autosaves/Game/StarterContent/Maps/Main_Auto2.umap'
[2021.01.23-12.43.19:115][742]LogFileHelpers: Editor autosave (incl. sublevels) for '/Game/StarterContent/Maps/Main' took 0.257
[2021.01.23-12.43.19:115][742]LogFileHelpers: Editor autosave (incl. sublevels) for all levels took 0.257
[2021.01.23-12.43.33:387][369]LogSlate: FSceneViewport::OnFocusLost() reason 0
[2021.01.23-12.44.50:451][352]LogSlate: Window 'Main* - Level Blueprint Editor' being destroyed
[2021.01.23-12.46.05:424][169]LogEditorTransaction: Undo Create Pin Link
[2021.01.23-12.51.33:722][823]LogTemp: Repeating last play command: Selected Viewport
[2021.01.23-12.51.33:731][823]LogBlueprintUserMessages: Early PlayInEditor Detection: Level '/Game/StarterContent/Maps/Main.Main:PersistentLevel' has LevelScriptBlueprint '/Game/StarterContent/Maps/Main.Main:PersistentLevel.Main' with GeneratedClass '/Game/StarterContent/Maps/Main.Main_C' with ClassGeneratedBy '/Game/StarterContent/Maps/Main.Main:PersistentLevel.Main'
[2021.01.23-12.51.33:731][823]BlueprintLog: New page: Pre-Play auto-recompile
[2021.01.23-12.51.33:734][823]LogPlayLevel: [PlayLevel] Compiling Main before play...
[2021.01.23-12.51.33:850][823]LogPlayLevel: PlayLevel: Blueprint regeneration took 118 ms (1 blueprints)
[2021.01.23-12.51.33:850][823]PIE: New page: PIE session: Main (23 sty 2021, 14:51:33)
[2021.01.23-12.51.33:851][823]LogPlayLevel: Creating play world package: /Game/StarterContent/Maps/UEDPIE_0_Main
[2021.01.23-12.51.33:853][823]LogPlayLevel: PIE: StaticDuplicateObject took: (0.002251s)
[2021.01.23-12.51.33:854][823]LogAIModule: Creating AISystem for world Main
[2021.01.23-12.51.33:854][823]LogPlayLevel: PIE: World Init took: (0.001135s)
[2021.01.23-12.51.33:854][823]LogPlayLevel: PIE: Created PIE world by copying editor world from /Game/StarterContent/Maps/Main.Main to /Game/StarterContent/Maps/UEDPIE_0_Main.Main (0.003790s)
[2021.01.23-12.51.33:881][823]LogInit: XAudio2 using 'Głośniki (Realtek(R) Audio)' : 2 channels at 48 kHz using 32 bits per sample (channel mask 0x3)
[2021.01.23-12.51.33:902][823]LogInit: FAudioDevice initialized.
[2021.01.23-12.51.33:931][823]LogLoad: Game class is 'GameModeBase'
[2021.01.23-12.51.33:932][823]LogWorld: Bringing World /Game/StarterContent/Maps/UEDPIE_0_Main.Main up for play (max tick rate 60) at 2021.01.23-13.51.33
[2021.01.23-12.51.33:933][823]LogWorld: Bringing up level for play took: 0.000831
[2021.01.23-12.51.33:945][823]PIE: Play in editor start time for /Game/StarterContent/Maps/UEDPIE_0_Main 0,465
[2021.01.23-12.51.33:945][823]LogBlueprintUserMessages: Late PlayInEditor Detection: Level '/Game/StarterContent/Maps/Main.Main:PersistentLevel' has LevelScriptBlueprint '/Game/StarterContent/Maps/Main.Main:PersistentLevel.Main' with GeneratedClass '/Game/StarterContent/Maps/Main.Main_C' with ClassGeneratedBy '/Game/StarterContent/Maps/Main.Main:PersistentLevel.Main'
[2021.01.23-12.51.43:540][392]LogBlueprintUserMessages: Early EndPlayMap Detection: Level '/Game/StarterContent/Maps/Main.Main:PersistentLevel' has LevelScriptBlueprint '/Game/StarterContent/Maps/Main.Main:PersistentLevel.Main' with GeneratedClass '/Game/StarterContent/Maps/Main.Main_C' with ClassGeneratedBy '/Game/StarterContent/Maps/Main.Main:PersistentLevel.Main'
[2021.01.23-12.51.43:540][392]LogSlate: Updating window title bar state: overlay mode, drag disabled, window buttons hidden, title bar hidden
[2021.01.23-12.51.43:573][392]LogPlayLevel: Display: Shutting down PIE online subsystems
[2021.01.23-12.51.43:574][392]LogBlueprintUserMessages: Late EndPlayMap Detection: Level '/Game/StarterContent/Maps/Main.Main:PersistentLevel' has LevelScriptBlueprint '/Game/StarterContent/Maps/Main.Main:PersistentLevel.Main' with GeneratedClass '/Game/StarterContent/Maps/Main.Main_C' with ClassGeneratedBy '/Game/StarterContent/Maps/Main.Main:PersistentLevel.Main'
[2021.01.23-12.51.43:598][392]LogSlate: Updating window title bar state: overlay mode, drag disabled, window buttons hidden, title bar hidden
[2021.01.23-12.51.43:650][395]LogPlayLevel: Display: Destroying online subsystem :Context_6
[2021.01.23-12.51.45:017][477]LogSlate: FSceneViewport::OnFocusLost() reason 0
[2021.01.23-12.54.16:082][610]LogSavePackage: Moving '../../../../../../UnrealEngine/MazeGameIB/MazeGameIgaBudnik/Saved/Main_Auto36EC179324EE99DD1D76E2787202C0677.tmp' to '../../../../../../UnrealEngine/MazeGameIB/MazeGameIgaBudnik/Saved/Autosaves/Game/StarterContent/Maps/Main_Auto3.umap'
[2021.01.23-12.54.16:087][610]LogFileHelpers: Editor autosave (incl. sublevels) for '/Game/StarterContent/Maps/Main' took 0.164
[2021.01.23-12.54.16:087][610]LogFileHelpers: Editor autosave (incl. sublevels) for all levels took 0.164
[2021.01.23-12.57.14:197][249]LogEditorTransaction: Undo Split Struct Pin
[2021.01.23-13.04.19:477][998]LogSavePackage: Moving '../../../../../../UnrealEngine/MazeGameIB/MazeGameIgaBudnik/Saved/Main_Auto4DE8AF9D84B911F2B015EFC915C729A91.tmp' to '../../../../../../UnrealEngine/MazeGameIB/MazeGameIgaBudnik/Saved/Autosaves/Game/StarterContent/Maps/Main_Auto4.umap'
[2021.01.23-13.04.19:485][998]LogFileHelpers: Editor autosave (incl. sublevels) for '/Game/StarterContent/Maps/Main' took 0.176
[2021.01.23-13.04.19:485][998]LogFileHelpers: Editor autosave (incl. sublevels) for all levels took 0.176
[2021.01.23-13.05.08:121][913]LogTemp: Repeating last play command: Selected Viewport
[2021.01.23-13.05.08:129][913]LogBlueprintUserMessages: Early PlayInEditor Detection: Level '/Game/StarterContent/Maps/Main.Main:PersistentLevel' has LevelScriptBlueprint '/Game/StarterContent/Maps/Main.Main:PersistentLevel.Main' with GeneratedClass '/Game/StarterContent/Maps/Main.Main_C' with ClassGeneratedBy '/Game/StarterContent/Maps/Main.Main:PersistentLevel.Main'
[2021.01.23-13.05.08:129][913]BlueprintLog: New page: Pre-Play auto-recompile
[2021.01.23-13.05.08:133][913]LogPlayLevel: [PlayLevel] Compiling Main before play...
[2021.01.23-13.05.08:243][913]LogPlayLevel: PlayLevel: Blueprint regeneration took 114 ms (1 blueprints)
[2021.01.23-13.05.08:243][913]PIE: New page: PIE session: Main (23 sty 2021, 15:05:08)
[2021.01.23-13.05.08:243][913]LogPlayLevel: Creating play world package: /Game/StarterContent/Maps/UEDPIE_0_Main
[2021.01.23-13.05.08:246][913]LogPlayLevel: PIE: StaticDuplicateObject took: (0.002305s)
[2021.01.23-13.05.08:247][913]LogAIModule: Creating AISystem for world Main
[2021.01.23-13.05.08:247][913]LogPlayLevel: PIE: World Init took: (0.001221s)
[2021.01.23-13.05.08:247][913]LogPlayLevel: PIE: Created PIE world by copying editor world from /Game/StarterContent/Maps/Main.Main to /Game/StarterContent/Maps/UEDPIE_0_Main.Main (0.003756s)
[2021.01.23-13.05.08:276][913]LogInit: XAudio2 using 'Głośniki (Realtek(R) Audio)' : 2 channels at 48 kHz using 32 bits per sample (channel mask 0x3)
[2021.01.23-13.05.08:297][913]LogInit: FAudioDevice initialized.
[2021.01.23-13.05.08:332][913]LogLoad: Game class is 'GameModeBase'
[2021.01.23-13.05.08:334][913]LogWorld: Bringing World /Game/StarterContent/Maps/UEDPIE_0_Main.Main up for play (max tick rate 60) at 2021.01.23-14.05.08
[2021.01.23-13.05.08:334][913]LogWorld: Bringing up level for play took: 0.000623
[2021.01.23-13.05.08:346][913]PIE: Play in editor start time for /Game/StarterContent/Maps/UEDPIE_0_Main 0,866
[2021.01.23-13.05.08:346][913]LogBlueprintUserMessages: Late PlayInEditor Detection: Level '/Game/StarterContent/Maps/Main.Main:PersistentLevel' has LevelScriptBlueprint '/Game/StarterContent/Maps/Main.Main:PersistentLevel.Main' with GeneratedClass '/Game/StarterContent/Maps/Main.Main_C' with ClassGeneratedBy '/Game/StarterContent/Maps/Main.Main:PersistentLevel.Main'
[2021.01.23-13.05.20:081][609]LogBlueprintUserMessages: Early EndPlayMap Detection: Level '/Game/StarterContent/Maps/Main.Main:PersistentLevel' has LevelScriptBlueprint '/Game/StarterContent/Maps/Main.Main:PersistentLevel.Main' with GeneratedClass '/Game/StarterContent/Maps/Main.Main_C' with ClassGeneratedBy '/Game/StarterContent/Maps/Main.Main:PersistentLevel.Main'
[2021.01.23-13.05.20:081][609]LogSlate: Updating window title bar state: overlay mode, drag disabled, window buttons hidden, title bar hidden
[2021.01.23-13.05.20:120][609]LogPlayLevel: Display: Shutting down PIE online subsystems
[2021.01.23-13.05.20:120][609]LogBlueprintUserMessages: Late EndPlayMap Detection: Level '/Game/StarterContent/Maps/Main.Main:PersistentLevel' has LevelScriptBlueprint '/Game/StarterContent/Maps/Main.Main:PersistentLevel.Main' with GeneratedClass '/Game/StarterContent/Maps/Main.Main_C' with ClassGeneratedBy '/Game/StarterContent/Maps/Main.Main:PersistentLevel.Main'
[2021.01.23-13.05.20:143][609]LogSlate: Updating window title bar state: overlay mode, drag disabled, window buttons hidden, title bar hidden
[2021.01.23-13.05.20:196][612]LogPlayLevel: Display: Destroying online subsystem :Context_7
[2021.01.23-13.05.21:447][687]LogSlate: FSceneViewport::OnFocusLost() reason 0
[2021.01.23-13.07.41:517][ 70]LogTemp: Repeating last play command: Selected Viewport
[2021.01.23-13.07.41:525][ 70]LogBlueprintUserMessages: Early PlayInEditor Detection: Level '/Game/StarterContent/Maps/Main.Main:PersistentLevel' has LevelScriptBlueprint '/Game/StarterContent/Maps/Main.Main:PersistentLevel.Main' with GeneratedClass '/Game/StarterContent/Maps/Main.Main_C' with ClassGeneratedBy '/Game/StarterContent/Maps/Main.Main:PersistentLevel.Main'
[2021.01.23-13.07.41:525][ 70]BlueprintLog: New page: Pre-Play auto-recompile
[2021.01.23-13.07.41:529][ 70]LogPlayLevel: [PlayLevel] Compiling Main before play...
[2021.01.23-13.07.41:639][ 70]LogPlayLevel: PlayLevel: Blueprint regeneration took 113 ms (1 blueprints)
[2021.01.23-13.07.41:639][ 70]PIE: New page: PIE session: Main (23 sty 2021, 15:07:41)
[2021.01.23-13.07.41:639][ 70]LogPlayLevel: Creating play world package: /Game/StarterContent/Maps/UEDPIE_0_Main
[2021.01.23-13.07.41:641][ 70]LogPlayLevel: PIE: StaticDuplicateObject took: (0.002294s)
[2021.01.23-13.07.41:642][ 70]LogAIModule: Creating AISystem for world Main
[2021.01.23-13.07.41:642][ 70]LogPlayLevel: PIE: World Init took: (0.001002s)
[2021.01.23-13.07.41:643][ 70]LogPlayLevel: PIE: Created PIE world by copying editor world from /Game/StarterContent/Maps/Main.Main to /Game/StarterContent/Maps/UEDPIE_0_Main.Main (0.003661s)
[2021.01.23-13.07.41:669][ 70]LogInit: XAudio2 using 'Głośniki (Realtek(R) Audio)' : 2 channels at 48 kHz using 32 bits per sample (channel mask 0x3)
[2021.01.23-13.07.41:688][ 70]LogInit: FAudioDevice initialized.
[2021.01.23-13.07.41:721][ 70]LogLoad: Game class is 'GameModeBase'
[2021.01.23-13.07.41:722][ 70]LogWorld: Bringing World /Game/StarterContent/Maps/UEDPIE_0_Main.Main up for play (max tick rate 60) at 2021.01.23-14.07.41
[2021.01.23-13.07.41:722][ 70]LogWorld: Bringing up level for play took: 0.000543
[2021.01.23-13.07.41:736][ 70]PIE: Play in editor start time for /Game/StarterContent/Maps/UEDPIE_0_Main 0,256
[2021.01.23-13.07.41:736][ 70]LogBlueprintUserMessages: Late PlayInEditor Detection: Level '/Game/StarterContent/Maps/Main.Main:PersistentLevel' has LevelScriptBlueprint '/Game/StarterContent/Maps/Main.Main:PersistentLevel.Main' with GeneratedClass '/Game/StarterContent/Maps/Main.Main_C' with ClassGeneratedBy '/Game/StarterContent/Maps/Main.Main:PersistentLevel.Main'
[2021.01.23-13.07.44:844][253]LogBlueprintUserMessages: Early EndPlayMap Detection: Level '/Game/StarterContent/Maps/Main.Main:PersistentLevel' has LevelScriptBlueprint '/Game/StarterContent/Maps/Main.Main:PersistentLevel.Main' with GeneratedClass '/Game/StarterContent/Maps/Main.Main_C' with ClassGeneratedBy '/Game/StarterContent/Maps/Main.Main:PersistentLevel.Main'
[2021.01.23-13.07.44:845][253]LogSlate: Updating window title bar state: overlay mode, drag disabled, window buttons hidden, title bar hidden
[2021.01.23-13.07.44:884][253]LogPlayLevel: Display: Shutting down PIE online subsystems
[2021.01.23-13.07.44:884][253]LogBlueprintUserMessages: Late EndPlayMap Detection: Level '/Game/StarterContent/Maps/Main.Main:PersistentLevel' has LevelScriptBlueprint '/Game/StarterContent/Maps/Main.Main:PersistentLevel.Main' with GeneratedClass '/Game/StarterContent/Maps/Main.Main_C' with ClassGeneratedBy '/Game/StarterContent/Maps/Main.Main:PersistentLevel.Main'
[2021.01.23-13.07.44:907][253]LogSlate: Updating window title bar state: overlay mode, drag disabled, window buttons hidden, title bar hidden
[2021.01.23-13.07.44:959][256]LogPlayLevel: Display: Destroying online subsystem :Context_8
[2021.01.23-13.07.45:826][308]LogSlate: FSceneViewport::OnFocusLost() reason 0
[2021.01.23-13.08.35:704][300]LogTemp: Repeating last play command: Selected Viewport
[2021.01.23-13.08.35:712][300]LogBlueprintUserMessages: Early PlayInEditor Detection: Level '/Game/StarterContent/Maps/Main.Main:PersistentLevel' has LevelScriptBlueprint '/Game/StarterContent/Maps/Main.Main:PersistentLevel.Main' with GeneratedClass '/Game/StarterContent/Maps/Main.Main_C' with ClassGeneratedBy '/Game/StarterContent/Maps/Main.Main:PersistentLevel.Main'
[2021.01.23-13.08.35:712][300]BlueprintLog: New page: Pre-Play auto-recompile
[2021.01.23-13.08.35:717][300]LogPlayLevel: [PlayLevel] Compiling Main before play...
[2021.01.23-13.08.35:831][300]LogPlayLevel: PlayLevel: Blueprint regeneration took 118 ms (1 blueprints)
[2021.01.23-13.08.35:831][300]PIE: New page: PIE session: Main (23 sty 2021, 15:08:35)
[2021.01.23-13.08.35:831][300]LogPlayLevel: Creating play world package: /Game/StarterContent/Maps/UEDPIE_0_Main
[2021.01.23-13.08.35:833][300]LogPlayLevel: PIE: StaticDuplicateObject took: (0.002336s)
[2021.01.23-13.08.35:834][300]LogAIModule: Creating AISystem for world Main
[2021.01.23-13.08.35:834][300]LogPlayLevel: PIE: World Init took: (0.001033s)
[2021.01.23-13.08.35:835][300]LogPlayLevel: PIE: Created PIE world by copying editor world from /Game/StarterContent/Maps/Main.Main to /Game/StarterContent/Maps/UEDPIE_0_Main.Main (0.003540s)
[2021.01.23-13.08.35:864][300]LogInit: XAudio2 using 'Głośniki (Realtek(R) Audio)' : 2 channels at 48 kHz using 32 bits per sample (channel mask 0x3)
[2021.01.23-13.08.35:881][300]LogInit: FAudioDevice initialized.
[2021.01.23-13.08.35:910][300]LogLoad: Game class is 'GameModeBase'
[2021.01.23-13.08.35:911][300]LogWorld: Bringing World /Game/StarterContent/Maps/UEDPIE_0_Main.Main up for play (max tick rate 60) at 2021.01.23-14.08.35
[2021.01.23-13.08.35:911][300]LogWorld: Bringing up level for play took: 0.000498
[2021.01.23-13.08.35:923][300]PIE: Play in editor start time for /Game/StarterContent/Maps/UEDPIE_0_Main 0,443
[2021.01.23-13.08.35:923][300]LogBlueprintUserMessages: Late PlayInEditor Detection: Level '/Game/StarterContent/Maps/Main.Main:PersistentLevel' has LevelScriptBlueprint '/Game/StarterContent/Maps/Main.Main:PersistentLevel.Main' with GeneratedClass '/Game/StarterContent/Maps/Main.Main_C' with ClassGeneratedBy '/Game/StarterContent/Maps/Main.Main:PersistentLevel.Main'
[2021.01.23-13.08.43:165][726]LogBlueprintUserMessages: Early EndPlayMap Detection: Level '/Game/StarterContent/Maps/Main.Main:PersistentLevel' has LevelScriptBlueprint '/Game/StarterContent/Maps/Main.Main:PersistentLevel.Main' with GeneratedClass '/Game/StarterContent/Maps/Main.Main_C' with ClassGeneratedBy '/Game/StarterContent/Maps/Main.Main:PersistentLevel.Main'
[2021.01.23-13.08.43:165][726]LogSlate: Updating window title bar state: overlay mode, drag disabled, window buttons hidden, title bar hidden
[2021.01.23-13.08.43:201][726]LogPlayLevel: Display: Shutting down PIE online subsystems
[2021.01.23-13.08.43:201][726]LogBlueprintUserMessages: Late EndPlayMap Detection: Level '/Game/StarterContent/Maps/Main.Main:PersistentLevel' has LevelScriptBlueprint '/Game/StarterContent/Maps/Main.Main:PersistentLevel.Main' with GeneratedClass '/Game/StarterContent/Maps/Main.Main_C' with ClassGeneratedBy '/Game/StarterContent/Maps/Main.Main:PersistentLevel.Main'
[2021.01.23-13.08.43:224][726]LogSlate: Updating window title bar state: overlay mode, drag disabled, window buttons hidden, title bar hidden
[2021.01.23-13.08.43:277][729]LogPlayLevel: Display: Destroying online subsystem :Context_9
[2021.01.23-13.08.44:277][789]LogSlate: FSceneViewport::OnFocusLost() reason 0
[2021.01.23-13.12.10:321][128]LogTemp: Repeating last play command: Selected Viewport
[2021.01.23-13.12.10:329][128]LogBlueprintUserMessages: Early PlayInEditor Detection: Level '/Game/StarterContent/Maps/Main.Main:PersistentLevel' has LevelScriptBlueprint '/Game/StarterContent/Maps/Main.Main:PersistentLevel.Main' with GeneratedClass '/Game/StarterContent/Maps/Main.Main_C' with ClassGeneratedBy '/Game/StarterContent/Maps/Main.Main:PersistentLevel.Main'
[2021.01.23-13.12.10:329][128]BlueprintLog: New page: Pre-Play auto-recompile
[2021.01.23-13.12.10:334][128]LogPlayLevel: [PlayLevel] Compiling Main before play...
[2021.01.23-13.12.10:446][128]LogPlayLevel: PlayLevel: Blueprint regeneration took 116 ms (1 blueprints)
[2021.01.23-13.12.10:447][128]PIE: New page: PIE session: Main (23 sty 2021, 15:12:10)
[2021.01.23-13.12.10:447][128]LogPlayLevel: Creating play world package: /Game/StarterContent/Maps/UEDPIE_0_Main
[2021.01.23-13.12.10:449][128]LogPlayLevel: PIE: StaticDuplicateObject took: (0.002379s)
[2021.01.23-13.12.10:450][128]LogAIModule: Creating AISystem for world Main
[2021.01.23-13.12.10:450][128]LogPlayLevel: PIE: World Init took: (0.001324s)
[2021.01.23-13.12.10:451][128]LogPlayLevel: PIE: Created PIE world by copying editor world from /Game/StarterContent/Maps/Main.Main to /Game/StarterContent/Maps/UEDPIE_0_Main.Main (0.003943s)
[2021.01.23-13.12.10:479][128]LogInit: XAudio2 using 'Głośniki (Realtek(R) Audio)' : 2 channels at 48 kHz using 32 bits per sample (channel mask 0x3)
[2021.01.23-13.12.10:497][128]LogInit: FAudioDevice initialized.
[2021.01.23-13.12.10:527][128]LogLoad: Game class is 'GameModeBase'
[2021.01.23-13.12.10:528][128]LogWorld: Bringing World /Game/StarterContent/Maps/UEDPIE_0_Main.Main up for play (max tick rate 60) at 2021.01.23-14.12.10
[2021.01.23-13.12.10:529][128]LogWorld: Bringing up level for play took: 0.000561
[2021.01.23-13.12.10:541][128]PIE: Play in editor start time for /Game/StarterContent/Maps/UEDPIE_0_Main 1,06
[2021.01.23-13.12.10:541][128]LogBlueprintUserMessages: Late PlayInEditor Detection: Level '/Game/StarterContent/Maps/Main.Main:PersistentLevel' has LevelScriptBlueprint '/Game/StarterContent/Maps/Main.Main:PersistentLevel.Main' with GeneratedClass '/Game/StarterContent/Maps/Main.Main_C' with ClassGeneratedBy '/Game/StarterContent/Maps/Main.Main:PersistentLevel.Main'
[2021.01.23-13.12.18:817][617]LogBlueprintUserMessages: Early EndPlayMap Detection: Level '/Game/StarterContent/Maps/Main.Main:PersistentLevel' has LevelScriptBlueprint '/Game/StarterContent/Maps/Main.Main:PersistentLevel.Main' with GeneratedClass '/Game/StarterContent/Maps/Main.Main_C' with ClassGeneratedBy '/Game/StarterContent/Maps/Main.Main:PersistentLevel.Main'
[2021.01.23-13.12.18:817][617]LogSlate: Updating window title bar state: overlay mode, drag disabled, window buttons hidden, title bar hidden
[2021.01.23-13.12.18:855][617]LogPlayLevel: Display: Shutting down PIE online subsystems
[2021.01.23-13.12.18:855][617]LogBlueprintUserMessages: Late EndPlayMap Detection: Level '/Game/StarterContent/Maps/Main.Main:PersistentLevel' has LevelScriptBlueprint '/Game/StarterContent/Maps/Main.Main:PersistentLevel.Main' with GeneratedClass '/Game/StarterContent/Maps/Main.Main_C' with ClassGeneratedBy '/Game/StarterContent/Maps/Main.Main:PersistentLevel.Main'
[2021.01.23-13.12.18:879][617]LogSlate: Updating window title bar state: overlay mode, drag disabled, window buttons hidden, title bar hidden
[2021.01.23-13.12.18:916][619]LogPlayLevel: Display: Destroying online subsystem :Context_10
[2021.01.23-13.12.19:734][668]LogSlate: FSceneViewport::OnFocusLost() reason 0
[2021.01.23-13.12.36:863][695]LogTemp: Repeating last play command: Selected Viewport
[2021.01.23-13.12.36:871][695]LogBlueprintUserMessages: Early PlayInEditor Detection: Level '/Game/StarterContent/Maps/Main.Main:PersistentLevel' has LevelScriptBlueprint '/Game/StarterContent/Maps/Main.Main:PersistentLevel.Main' with GeneratedClass '/Game/StarterContent/Maps/Main.Main_C' with ClassGeneratedBy '/Game/StarterContent/Maps/Main.Main:PersistentLevel.Main'
[2021.01.23-13.12.36:871][695]BlueprintLog: New page: Pre-Play auto-recompile
[2021.01.23-13.12.36:875][695]LogPlayLevel: [PlayLevel] Compiling Main before play...
[2021.01.23-13.12.36:991][695]LogPlayLevel: PlayLevel: Blueprint regeneration took 120 ms (1 blueprints)
[2021.01.23-13.12.36:991][695]PIE: New page: PIE session: Main (23 sty 2021, 15:12:36)
[2021.01.23-13.12.36:991][695]LogPlayLevel: Creating play world package: /Game/StarterContent/Maps/UEDPIE_0_Main
[2021.01.23-13.12.36:994][695]LogPlayLevel: PIE: StaticDuplicateObject took: (0.002292s)
[2021.01.23-13.12.36:995][695]LogAIModule: Creating AISystem for world Main
[2021.01.23-13.12.36:995][695]LogPlayLevel: PIE: World Init took: (0.001053s)
[2021.01.23-13.12.36:995][695]LogPlayLevel: PIE: Created PIE world by copying editor world from /Game/StarterContent/Maps/Main.Main to /Game/StarterContent/Maps/UEDPIE_0_Main.Main (0.003557s)
[2021.01.23-13.12.37:019][695]LogInit: XAudio2 using 'Głośniki (Realtek(R) Audio)' : 2 channels at 48 kHz using 32 bits per sample (channel mask 0x3)
[2021.01.23-13.12.37:036][695]LogInit: FAudioDevice initialized.
[2021.01.23-13.12.37:069][695]LogLoad: Game class is 'GameModeBase'
[2021.01.23-13.12.37:070][695]LogWorld: Bringing World /Game/StarterContent/Maps/UEDPIE_0_Main.Main up for play (max tick rate 60) at 2021.01.23-14.12.37
[2021.01.23-13.12.37:070][695]LogWorld: Bringing up level for play took: 0.000493
[2021.01.23-13.12.37:083][695]PIE: Play in editor start time for /Game/StarterContent/Maps/UEDPIE_0_Main -0,397
[2021.01.23-13.12.37:083][695]LogBlueprintUserMessages: Late PlayInEditor Detection: Level '/Game/StarterContent/Maps/Main.Main:PersistentLevel' has LevelScriptBlueprint '/Game/StarterContent/Maps/Main.Main:PersistentLevel.Main' with GeneratedClass '/Game/StarterContent/Maps/Main.Main_C' with ClassGeneratedBy '/Game/StarterContent/Maps/Main.Main:PersistentLevel.Main'
[2021.01.23-13.12.44:611][138]LogBlueprintUserMessages: Early EndPlayMap Detection: Level '/Game/StarterContent/Maps/Main.Main:PersistentLevel' has LevelScriptBlueprint '/Game/StarterContent/Maps/Main.Main:PersistentLevel.Main' with GeneratedClass '/Game/StarterContent/Maps/Main.Main_C' with ClassGeneratedBy '/Game/StarterContent/Maps/Main.Main:PersistentLevel.Main'
[2021.01.23-13.12.44:611][138]LogSlate: Updating window title bar state: overlay mode, drag disabled, window buttons hidden, title bar hidden
[2021.01.23-13.12.44:648][138]LogPlayLevel: Display: Shutting down PIE online subsystems
[2021.01.23-13.12.44:648][138]LogBlueprintUserMessages: Late EndPlayMap Detection: Level '/Game/StarterContent/Maps/Main.Main:PersistentLevel' has LevelScriptBlueprint '/Game/StarterContent/Maps/Main.Main:PersistentLevel.Main' with GeneratedClass '/Game/StarterContent/Maps/Main.Main_C' with ClassGeneratedBy '/Game/StarterContent/Maps/Main.Main:PersistentLevel.Main'
[2021.01.23-13.12.44:671][138]LogSlate: Updating window title bar state: overlay mode, drag disabled, window buttons hidden, title bar hidden
[2021.01.23-13.12.44:722][141]LogPlayLevel: Display: Destroying online subsystem :Context_11
[2021.01.23-13.12.45:424][183]LogSlate: FSceneViewport::OnFocusLost() reason 0
[2021.01.23-13.14.38:357][169]LogEditorViewport: Clicking on Actor (LMB): StaticMeshActor (Floor)
[2021.01.23-13.14.46:495][647]LogSlate: FSceneViewport::OnFocusLost() reason 0
[2021.01.23-13.15.08:695][966]Cmd: TRANSACTION UNDO
[2021.01.23-13.15.08:696][966]LogEditorTransaction: Undo Move Actors
[2021.01.23-13.15.10:152][ 41]LogSavePackage: Moving '../../../../../../UnrealEngine/MazeGameIB/MazeGameIgaBudnik/Saved/Main94087ED1445F1A7B6C93E4A1F6940EC0.tmp' to '../../../../../../UnrealEngine/MazeGameIB/MazeGameIgaBudnik/Content/StarterContent/Maps/Main.umap'
[2021.01.23-13.15.10:177][ 41]Cmd: OBJ SAVEPACKAGE PACKAGE="/Game/StarterContent/Maps/Main_BuiltData" FILE="../../../../../../UnrealEngine/MazeGameIB/MazeGameIgaBudnik/Content/StarterContent/Maps/Main_BuiltData.uasset" SILENT=true
[2021.01.23-13.15.10:201][ 41]LogSavePackage: Moving '../../../../../../UnrealEngine/MazeGameIB/MazeGameIgaBudnik/Saved/Main_BuiltDataF1233F9F43EF0BC9560238B647414C60.tmp' to '../../../../../../UnrealEngine/MazeGameIB/MazeGameIgaBudnik/Content/StarterContent/Maps/Main_BuiltData.uasset'
[2021.01.23-13.15.13:701][243]Cmd: STAT FPS
[2021.01.23-13.15.56:332][660]LogEditorViewport: Clicking on Actor (LMB): BP_Sky_Sphere_C (Sky Sphere)
[2021.01.23-13.16.36:410][ 63]LogSlate: FSceneViewport::OnFocusLost() reason 0
[2021.01.23-13.18.07:849][625]LogSlate: Window 'Main* - Level Blueprint Editor' being destroyed
[2021.01.23-13.19.14:701][323]LogRenderer: Reallocating scene render targets to support 968x512 Format 10 NumSamples 1 (Frame:74064).
[2021.01.23-13.19.31:837][203]LogBlueprint: Warning: [Compiler ] Pasted node  CustomEvent   conflicted with  Event Tick  and was replaced as a Custom Event!
[2021.01.23-13.20.03:584][ 80]LogEditorViewport: Clicking on Actor (LMB): StaticMeshActor (Floor)
[2021.01.23-13.20.05:109][135]LogSlate: FSceneViewport::OnFocusLost() reason 2
[2021.01.23-13.21.51:740][155]LogBlueprint: Warning: [Compiler ] Pasted node  CustomEvent   conflicted with  Event Tick  and was replaced as a Custom Event!
[2021.01.23-13.22.29:823][948]Cmd: TRANSACTION UNDO
[2021.01.23-13.22.29:823][948]LogEditorTransaction: Undo Add In Parameter
[2021.01.23-13.23.04:364][999]LogBlueprint: Warning: [Compiler ] Pasted node  CustomEvent_1   conflicted with  Event Tick  and was replaced as a Custom Event!
[2021.01.23-13.23.05:641][ 73]LogEditorTransaction: Undo Paste clipboard contents
[2021.01.23-13.23.43:194][208]LogSlate: FSceneViewport::OnFocusLost() reason 0
[2021.01.23-13.24.06:302][861]LogSlate: Window 'Main* - Level Blueprint Editor' being destroyed
[2021.01.23-13.25.10:479][964]LogSavePackage: Moving '../../../../../../UnrealEngine/MazeGameIB/MazeGameIgaBudnik/Saved/Main_Auto508698E2B4827C65ED10CC2A159E9D6DF.tmp' to '../../../../../../UnrealEngine/MazeGameIB/MazeGameIgaBudnik/Saved/Autosaves/Game/StarterContent/Maps/Main_Auto5.umap'
[2021.01.23-13.25.10:485][964]LogFileHelpers: Editor autosave (incl. sublevels) for '/Game/StarterContent/Maps/Main' took 0.209
[2021.01.23-13.25.10:485][964]LogFileHelpers: Editor autosave (incl. sublevels) for all levels took 0.209
[2021.01.23-13.26.50:459][347]LogSavePackage: Moving '../../../../../../UnrealEngine/MazeGameIB/MazeGameIgaBudnik/Saved/MainCBA812D04DF420304C09A4B42A102DE1.tmp' to '../../../../../../UnrealEngine/MazeGameIB/MazeGameIgaBudnik/Content/StarterContent/Maps/Main.umap'
[2021.01.23-13.26.50:476][347]LogFileHelpers: Saving map 'Main' took 0.328
