Log file open, 01/19/21 13:46:32
LogWindows: Failed to load 'aqProf.dll' (GetLastError=126)
LogWindows: File 'aqProf.dll' does not exist
LogWindows: Failed to load 'VSPerf140.dll' (GetLastError=126)
LogWindows: File 'VSPerf140.dll' does not exist
LogWindows: Failed to load 'VtuneApi.dll' (GetLastError=126)
LogWindows: File 'VtuneApi.dll' does not exist
LogWindows: Failed to load 'VtuneApi32e.dll' (GetLastError=126)
LogWindows: File 'VtuneApi32e.dll' does not exist
LogInit: Display: Running engine for game: MazeGameIgaBudnik
LogPlatformFile: Not using cached read wrapper
LogTaskGraph: Started task graph with 5 named threads and 23 total threads with 3 sets of task threads.
LogStats: Stats thread started at 0.384764
LogD3D11RHI: Loaded GFSDK_Aftermath_Lib.x64.dll
LogICUInternationalization: Display: ICU TimeZone Detection - Raw Offset: +1:00, Platform Override: ''
LogPluginManager: Mounting plugin Paper2D
LogPluginManager: Mounting plugin AISupport
LogPluginManager: Mounting plugin LightPropagationVolume
LogPluginManager: Mounting plugin CLionSourceCodeAccess
LogPluginManager: Mounting plugin CodeLiteSourceCodeAccess
LogPluginManager: Mounting plugin GitSourceControl
LogPluginManager: Mounting plugin KDevelopSourceCodeAccess
LogPluginManager: Mounting plugin NullSourceCodeAccess
LogPluginManager: Mounting plugin PerforceSourceControl
LogPluginManager: Mounting plugin SubversionSourceControl
LogPluginManager: Mounting plugin UObjectPlugin
LogPluginManager: Mounting plugin VisualStudioCodeSourceCodeAccess
LogPluginManager: Mounting plugin VisualStudioSourceCodeAccess
LogPluginManager: Mounting plugin XCodeSourceCodeAccess
LogPluginManager: Mounting plugin AssetManagerEditor
LogPluginManager: Mounting plugin CryptoKeys
LogPluginManager: Mounting plugin DataValidation
LogPluginManager: Mounting plugin FacialAnimation
LogPluginManager: Mounting plugin GameplayTagsEditor
LogPluginManager: Mounting plugin MacGraphicsSwitching
LogPluginManager: Mounting plugin MeshEditor
LogPluginManager: Mounting plugin MobileLauncherProfileWizard
LogPluginManager: Mounting plugin PluginBrowser
LogPluginManager: Mounting plugin SpeedTreeImporter
LogPluginManager: Mounting plugin DatasmithContent
LogPluginManager: Mounting plugin AlembicImporter
LogPluginManager: Mounting plugin AppleImageUtils
LogPluginManager: Mounting plugin AppleVision
LogPluginManager: Mounting plugin BackChannel
LogPluginManager: Mounting plugin CharacterAI
LogPluginManager: Mounting plugin GeometryCache
LogPluginManager: Mounting plugin HTML5Networking
LogPluginManager: Mounting plugin ProxyLODPlugin
LogPluginManager: Mounting plugin MagicLeap
LogPluginManager: Mounting plugin MagicLeapEmulator
LogPluginManager: Mounting plugin MagicLeapMedia
LogPluginManager: Mounting plugin AndroidMedia
LogPluginManager: Mounting plugin AvfMedia
LogPluginManager: Mounting plugin ImgMedia
LogPluginManager: Mounting plugin LinearTimecode
LogPluginManager: Mounting plugin MediaCompositing
LogPluginManager: Mounting plugin MediaPlayerEditor
LogPluginManager: Mounting plugin WmfMedia
LogPluginManager: Mounting plugin TcpMessaging
LogPluginManager: Mounting plugin UdpMessaging
LogPluginManager: Mounting plugin ActorSequence
LogPluginManager: Mounting plugin LevelSequenceEditor
LogPluginManager: Mounting plugin MatineeToLevelSequence
LogPluginManager: Mounting plugin NetcodeUnitTest
LogPluginManager: Mounting plugin NUTUnrealEngine4
LogPluginManager: Mounting plugin OnlineSubsystemGooglePlay
LogPluginManager: Mounting plugin OnlineSubsystemIOS
LogPluginManager: Mounting plugin OnlineSubsystem
LogPluginManager: Mounting plugin OnlineSubsystemNull
LogPluginManager: Mounting plugin OnlineSubsystemUtils
LogPluginManager: Mounting plugin LauncherChunkInstaller
LogPluginManager: Mounting plugin AndroidDeviceProfileSelector
LogPluginManager: Mounting plugin AndroidMoviePlayer
LogPluginManager: Mounting plugin AndroidPermission
LogPluginManager: Mounting plugin AppleMoviePlayer
LogPluginManager: Mounting plugin ArchVisCharacter
LogPluginManager: Mounting plugin AudioCapture
LogPluginManager: Mounting plugin CableComponent
LogPluginManager: Mounting plugin CustomMeshComponent
LogPluginManager: Mounting plugin EditableMesh
LogPluginManager: Mounting plugin ExampleDeviceProfileSelector
LogPluginManager: Mounting plugin GoogleCloudMessaging
LogPluginManager: Mounting plugin ImmediatePhysics
LogPluginManager: Mounting plugin IOSDeviceProfileSelector
LogPluginManager: Mounting plugin LinuxDeviceProfileSelector
LogPluginManager: Mounting plugin LocationServicesBPLibrary
LogPluginManager: Mounting plugin MobilePatchingUtils
LogPluginManager: Mounting plugin OculusVR
LogPluginManager: Plugin shader directory ../../../Engine/Plugins/Runtime/Oculus/OculusVR/Shaders found
LogPluginManager: Mapping shader source directory ../../../Engine/Plugins/Runtime/Oculus/OculusVR/Shaders to virtual directory /Plugin/OculusVR
LogPluginManager: Mounting plugin PhysXVehicles
LogPluginManager: Mounting plugin ProceduralMeshComponent
LogPluginManager: Mounting plugin RuntimePhysXCooking
LogPluginManager: Mounting plugin SteamVR
LogPluginManager: Mounting plugin WindowsMoviePlayer
LogStreaming: Display: Took  0.133s to configure plugins.
LogInit: Using libcurl 7.55.1-DEV
LogInit:  - built for x86_64-pc-win32
LogInit:  - supports SSL with OpenSSL/1.0.2h
LogInit:  - supports HTTP deflate (compression) using libz 1.2.8
LogInit:  - other features:
LogInit:      CURL_VERSION_SSL
LogInit:      CURL_VERSION_LIBZ
LogInit:      CURL_VERSION_IPV6
LogInit:      CURL_VERSION_ASYNCHDNS
LogInit:      CURL_VERSION_LARGEFILE
LogInit:      CURL_VERSION_IDN
LogInit:  CurlRequestOptions (configurable via config and command line):
LogInit:  - bVerifyPeer = false  - Libcurl will NOT verify peer certificate
LogInit:  - bUseHttpProxy = false  - Libcurl will NOT use HTTP proxy
LogInit:  - bDontReuseConnections = false  - Libcurl will reuse connections
LogInit:  - CertBundlePath = nullptr  - Libcurl will use whatever was configured at build time.
LogInit:  - MaxHostConnections = 16  - Libcurl will limit the number of connections to a host
LogInit:  - LocalHostAddr = Default
LogInit:  - BufferSize = 65536
LogInit: WinSock: version 1.1 (2.2), MaxSocks=32767, MaxUdp=65467
LogInit: Build: ++UE4+Release-4.20-CL-4369336
LogInit: Engine Version: 4.20.3-4369336+++UE4+Release-4.20
LogInit: Compatible Engine Version: 4.20.0-4212847+++UE4+Release-4.20
LogInit: Net CL: 4212847
LogInit: OS: Windows 10 (), CPU: Intel(R) Core(TM) i5-8300H CPU @ 2.30GHz, GPU: Intel(R) UHD Graphics 630
LogInit: Compiled (64-bit): Sep 17 2018 12:26:19
LogInit: Compiled with Visual C++: 19.13.26129.00
LogInit: Build Configuration: Development
LogInit: Branch Name: ++UE4+Release-4.20
LogInit: Command Line: 
LogInit: Base Directory: C:/Program Files/Epic Games/UE_4.20/Engine/Binaries/Win64/
LogInit: Installed Engine Build: 1
LogDevObjectVersion: Number of dev versions registered: 20
LogDevObjectVersion:   Dev-Blueprints (B0D832E4-1F89-4F0D-ACCF-7EB736FD4AA2): 10
LogDevObjectVersion:   Dev-Build (E1C64328-A22C-4D53-A36C-8E866417BD8C): 0
LogDevObjectVersion:   Dev-Core (375EC13C-06E4-48FB-B500-84F0262A717E): 2
LogDevObjectVersion:   Dev-Editor (E4B068ED-F494-42E9-A231-DA0B2E46BB41): 24
LogDevObjectVersion:   Dev-Framework (CFFC743F-43B0-4480-9391-14DF171D2073): 34
LogDevObjectVersion:   Dev-Mobile (B02B49B5-BB20-44E9-A304-32B752E40360): 2
LogDevObjectVersion:   Dev-Networking (A4E4105C-59A1-49B5-A7C5-40C4547EDFEE): 0
LogDevObjectVersion:   Dev-Online (39C831C9-5AE6-47DC-9A44-9C173E1C8E7C): 0
LogDevObjectVersion:   Dev-Physics (78F01B33-EBEA-4F98-B9B4-84EACCB95AA2): 0
LogDevObjectVersion:   Dev-Platform (6631380F-2D4D-43E0-8009-CF276956A95A): 0
LogDevObjectVersion:   Dev-Rendering (12F88B9F-8875-4AFC-A67C-D90C383ABD29): 26
LogDevObjectVersion:   Dev-Sequencer (7B5AE74C-D270-4C10-A958-57980B212A5A): 9
LogDevObjectVersion:   Dev-VR (D7296918-1DD6-4BDD-9DE2-64A83CC13884): 2
LogDevObjectVersion:   Dev-LoadTimes (C2A15278-BFE7-4AFE-6C17-90FF531DF755): 1
LogDevObjectVersion:   Private-Geometry (6EACA3D4-40EC-4CC1-B786-8BED09428FC5): 3
LogDevObjectVersion:   Dev-AnimPhys (29E575DD-E0A3-4627-9D10-D276232CDCEA): 17
LogDevObjectVersion:   Dev-ReflectionCapture (6B266CEC-1EC7-4B8F-A30B-E4D90942FC07): 1
LogDevObjectVersion:   Dev-Automation (0DF73D61-A23F-47EA-B727-89E90C41499A): 1
LogDevObjectVersion:   FortniteMain (601D1886-AC64-4F84-AA16-D3DE0DEAC7D6): 12
LogDevObjectVersion:   Dev-Enterprise (9DFFBCD6-494F-0158-E221-12823C92A888): 1
LogStreaming: Display: Took  0.001s to delete old logs.
LogInit: Presizing for max 8388607 objects, including 0 objects not considered by GC, pre-allocating 0 bytes for permanent pool.
LogInit: Object subsystem initialized
[2021.01.19-12.46.32:933][  0]LogInit: Selected Device Profile: [Windows]
[2021.01.19-12.46.32:933][  0]LogInit: Applying CVar settings loaded from the selected device profile: [Windows]
[2021.01.19-12.46.32:943][  0]LogHAL: Display: Platform has ~ 8 GB [8458031104 / 8589934592 / 8], which maps to Default [LargestMinGB=32, LargerMinGB=12, DefaultMinGB=8, SmallerMinGB=6, SmallestMinGB=0)
[2021.01.19-12.46.32:944][  0]LogInit: Setting Device Profile CVar: [[r.Vulkan.UseRealUBs:1]]
[2021.01.19-12.46.32:944][  0]LogInit: Going up to parent DeviceProfile []
[2021.01.19-12.46.32:944][  0]LogInit: Computer: DESKTOP-L4EJC2M
[2021.01.19-12.46.32:944][  0]LogInit: User: niech
[2021.01.19-12.46.32:944][  0]LogInit: CPU Page size=4096, Cores=4
[2021.01.19-12.46.32:944][  0]LogInit: High frequency timer resolution =10.000000 MHz
[2021.01.19-12.46.32:944][  0]LogMemory: Memory total: Physical=7.9GB (8GB approx)
[2021.01.19-12.46.32:944][  0]LogMemory: Platform Memory Stats for Windows
[2021.01.19-12.46.32:944][  0]LogMemory: Process Physical Memory: 100.75 MB used, 100.76 MB peak
[2021.01.19-12.46.32:944][  0]LogMemory: Process Virtual Memory: 90.94 MB used, 90.94 MB peak
[2021.01.19-12.46.32:944][  0]LogMemory: Physical Memory: 6431.68 MB used,  1634.53 MB free, 8066.21 MB total
[2021.01.19-12.46.32:944][  0]LogMemory: Virtual Memory: 4614.73 MB used,  1634.53 MB free, 134217728.00 MB total
[2021.01.19-12.46.32:964][  0]LogInit: Using OS detected language (pl-PL).
[2021.01.19-12.46.32:964][  0]LogInit: Using OS detected locale (pl-PL).
[2021.01.19-12.46.32:965][  0]LogTextLocalizationManager: No specific localization for 'pl-PL' exists, so the 'pl' localization will be used.
[2021.01.19-12.46.32:967][  0]LogStreaming: Display: Took  0.003s to InitEngineTextLocalization.
[2021.01.19-12.46.32:967][  0]LogInit: Setting process to per monitor DPI aware
[2021.01.19-12.46.33:009][  0]LogSlate: New Slate User Created.  User Index 0, Is Virtual User: 0
[2021.01.19-12.46.33:010][  0]LogSlate: Slate User Registered.  User Index 0, Is Virtual User: 0
[2021.01.19-12.46.33:316][  0]LogHMD: Failed to initialize OpenVR with code 110
[2021.01.19-12.46.33:316][  0]LogD3D11RHI: D3D11 adapters:
[2021.01.19-12.46.33:429][  0]LogD3D11RHI:    0. 'NVIDIA GeForce GTX 1050' (Feature Level 11_0)
[2021.01.19-12.46.33:429][  0]LogD3D11RHI:       4021/0/4033 MB DedicatedVideo/DedicatedSystem/SharedSystem, Outputs:1, VendorId:0x10de
[2021.01.19-12.46.33:454][  0]LogD3D11RHI:    1. 'Intel(R) UHD Graphics 630' (Feature Level 11_0)
[2021.01.19-12.46.33:454][  0]LogD3D11RHI:       128/0/4033 MB DedicatedVideo/DedicatedSystem/SharedSystem, Outputs:0, VendorId:0x8086
[2021.01.19-12.46.33:457][  0]LogD3D11RHI:    2. 'Microsoft Basic Render Driver' (Feature Level 11_0)
[2021.01.19-12.46.33:457][  0]LogD3D11RHI:       0/0/4033 MB DedicatedVideo/DedicatedSystem/SharedSystem, Outputs:0, VendorId:0x1414
[2021.01.19-12.46.33:457][  0]LogD3D11RHI: Chosen D3D11 Adapter: 0
[2021.01.19-12.46.33:506][  0]LogD3D11RHI: Creating new Direct3DDevice
[2021.01.19-12.46.33:506][  0]LogD3D11RHI:     GPU DeviceId: 0x1c8d (for the marketing name, search the web for "GPU Device Id")
[2021.01.19-12.46.33:506][  0]LogWindows: EnumDisplayDevices:
[2021.01.19-12.46.33:506][  0]LogWindows:    0. 'Intel(R) UHD Graphics 630' (P:1 D:1)
[2021.01.19-12.46.33:507][  0]LogWindows:    1. 'Intel(R) UHD Graphics 630' (P:0 D:0)
[2021.01.19-12.46.33:507][  0]LogWindows:    2. 'Intel(R) UHD Graphics 630' (P:0 D:0)
[2021.01.19-12.46.33:508][  0]LogWindows: DebugString: PrimaryIsNotTheChoosenAdapter PrimaryIsNotTheChoosenAdapter PrimaryIsNotTheChoosenAdapter FoundDriverCount:0 
[2021.01.19-12.46.33:508][  0]LogD3D11RHI:     Adapter Name: NVIDIA GeForce GTX 1050
[2021.01.19-12.46.33:508][  0]LogD3D11RHI:   Driver Version: Unknown (internal:Unknown, unified:Unknown)
[2021.01.19-12.46.33:508][  0]LogD3D11RHI:      Driver Date: Unknown
[2021.01.19-12.46.33:508][  0]LogRHI: Texture pool is 2814 MB (70% of 4021 MB)
[2021.01.19-12.46.33:563][  0]LogD3D11RHI: Async texture creation enabled
[2021.01.19-12.46.33:572][  0]LogD3D11RHI: GPU Timing Frequency: 1000.000000 (Debug: 2 1)
[2021.01.19-12.46.33:573][  0]LogShaderCompilers: Guid format shader working directory is -13 characters bigger than the processId version (../../../../../../UnrealEngine/MazeGameIB/MazeGameIgaBudnik/Intermediate/Shaders/WorkingDirectory/1840/).
[2021.01.19-12.46.33:573][  0]LogShaderCompilers: Cleaned the shader compiler working directory 'C:/Users/niech/AppData/Local/Temp/UnrealShaderWorkingDir/C69480C441119C0E0136D7BDE0A2A622/'.
[2021.01.19-12.46.33:855][  0]LogTemp: Display: Loaded TP AllDesktopTargetPlatform
[2021.01.19-12.46.33:867][  0]LogTemp: Display: Loaded TP MacClientTargetPlatform
[2021.01.19-12.46.33:880][  0]LogTemp: Display: Loaded TP MacNoEditorTargetPlatform
[2021.01.19-12.46.33:892][  0]LogTemp: Display: Loaded TP MacServerTargetPlatform
[2021.01.19-12.46.33:905][  0]LogTemp: Display: Loaded TP MacTargetPlatform
[2021.01.19-12.46.33:917][  0]LogTemp: Display: Loaded TP WindowsClientTargetPlatform
[2021.01.19-12.46.33:929][  0]LogTemp: Display: Loaded TP WindowsNoEditorTargetPlatform
[2021.01.19-12.46.33:942][  0]LogTemp: Display: Loaded TP WindowsServerTargetPlatform
[2021.01.19-12.46.33:948][  0]LogTemp: Display: Loaded TP WindowsTargetPlatform
[2021.01.19-12.46.34:022][  0]LogTemp: Display: Loaded TP AndroidTargetPlatform
[2021.01.19-12.46.34:022][  0]LogTemp: Display: Loaded TP AndroidTargetPlatform
[2021.01.19-12.46.34:022][  0]LogTemp: Display: Loaded TP AndroidTargetPlatform
[2021.01.19-12.46.34:022][  0]LogTemp: Display: Loaded TP AndroidTargetPlatform
[2021.01.19-12.46.34:022][  0]LogTemp: Display: Loaded TP AndroidTargetPlatform
[2021.01.19-12.46.34:022][  0]LogTemp: Display: Loaded TP AndroidTargetPlatform
[2021.01.19-12.46.34:022][  0]LogTemp: Display: Loaded TP AndroidTargetPlatform
[2021.01.19-12.46.34:022][  0]LogTemp: Display: Loaded TP AndroidTargetPlatform
[2021.01.19-12.46.34:022][  0]LogTemp: Display: Loaded TP AndroidTargetPlatform
[2021.01.19-12.46.34:022][  0]LogTemp: Display: Loaded TP AndroidTargetPlatform
[2021.01.19-12.46.34:022][  0]LogTemp: Display: Loaded TP AndroidTargetPlatform
[2021.01.19-12.46.34:022][  0]LogTemp: Display: Loaded TP AndroidTargetPlatform
[2021.01.19-12.46.34:022][  0]LogTemp: Display: Loaded TP AndroidTargetPlatform
[2021.01.19-12.46.34:022][  0]LogTemp: Display: Loaded TP AndroidTargetPlatform
[2021.01.19-12.46.34:022][  0]LogTemp: Display: Loaded TP AndroidTargetPlatform
[2021.01.19-12.46.34:022][  0]LogTemp: Display: Loaded TP AndroidTargetPlatform
[2021.01.19-12.46.34:022][  0]LogTemp: Display: Loaded TP AndroidTargetPlatform
[2021.01.19-12.46.34:022][  0]LogTemp: Display: Loaded TP AndroidTargetPlatform
[2021.01.19-12.46.34:024][  0]LogTemp: Display: Loaded TP HTML5TargetPlatform
[2021.01.19-12.46.34:082][  0]LogTemp: Display: Loaded TP IOSTargetPlatform
[2021.01.19-12.46.34:082][  0]LogTemp: Display: Loaded TP IOSTargetPlatform
[2021.01.19-12.46.34:102][  0]LogTemp: Display: Loaded TP TVOSTargetPlatform
[2021.01.19-12.46.34:102][  0]LogTemp: Display: Loaded TP TVOSTargetPlatform
[2021.01.19-12.46.34:112][  0]LogTemp: Display: Loaded TP LinuxClientTargetPlatform
[2021.01.19-12.46.34:122][  0]LogTemp: Display: Loaded TP LinuxNoEditorTargetPlatform
[2021.01.19-12.46.34:133][  0]LogTemp: Display: Loaded TP LinuxServerTargetPlatform
[2021.01.19-12.46.34:144][  0]LogTemp: Display: Loaded TP LinuxTargetPlatform
[2021.01.19-12.46.34:152][  0]LogTemp: Display: Loaded TP LuminTargetPlatform
[2021.01.19-12.46.34:152][  0]LogTargetPlatformManager: Display: Building Assets For Windows
[2021.01.19-12.46.34:206][  0]LogXGEController: Cannot use XGE Controller as Incredibuild is not installed on this machine.
[2021.01.19-12.46.34:206][  0]LogShaderCompilers: Cannot use XGE Shader Compiler as Incredibuild is not installed on this machine.
[2021.01.19-12.46.34:206][  0]LogShaderCompilers: Display: Using Local Shader Compiler.
[2021.01.19-12.46.35:152][  0]LogDerivedDataCache: Display: Max Cache Size: 512 MB
[2021.01.19-12.46.35:222][  0]LogDerivedDataCache: Loaded boot cache 0.07s 71MB C:/Users/niech/AppData/Local/UnrealEngine/4.20/DerivedDataCache/Boot.ddc.
[2021.01.19-12.46.35:223][  0]LogDerivedDataCache: Display: Loaded Boot cache: C:/Users/niech/AppData/Local/UnrealEngine/4.20/DerivedDataCache/Boot.ddc
[2021.01.19-12.46.35:223][  0]LogDerivedDataCache: FDerivedDataBackendGraph:  Pak pak cache file ../../../../../../UnrealEngine/MazeGameIB/MazeGameIgaBudnik/DerivedDataCache/DDC.ddp not found, will not use a pak cache.
[2021.01.19-12.46.35:223][  0]LogDerivedDataCache: Unable to find inner node Pak for hierarchical cache Hierarchy.
[2021.01.19-12.46.35:223][  0]LogDerivedDataCache: FDerivedDataBackendGraph:  CompressedPak pak cache file ../../../../../../UnrealEngine/MazeGameIB/MazeGameIgaBudnik/DerivedDataCache/Compressed.ddp not found, will not use a pak cache.
[2021.01.19-12.46.35:223][  0]LogDerivedDataCache: Unable to find inner node CompressedPak for hierarchical cache Hierarchy.
[2021.01.19-12.46.35:246][  0]LogDerivedDataCache: Display: Pak cache opened for reading ../../../Engine/DerivedDataCache/Compressed.ddp.
[2021.01.19-12.46.35:259][  0]LogDerivedDataCache: Using Local data cache path C:/Users/niech/AppData/Local/UnrealEngine/Common/DerivedDataCache: Writable
[2021.01.19-12.46.35:259][  0]LogDerivedDataCache: Shared data cache path not found in *engine.ini, will not use an Shared cache.
[2021.01.19-12.46.35:259][  0]LogDerivedDataCache: Unable to find inner node Shared for hierarchical cache Hierarchy.
[2021.01.19-12.46.35:284][  0]LogMaterial: Verifying Global Shaders for PCD3D_SM5
[2021.01.19-12.46.35:286][  0]LogSlate: Using FreeType 2.6.0
[2021.01.19-12.46.35:287][  0]LogSlate: SlateFontServices - WITH_FREETYPE: 1, WITH_HARFBUZZ: 1
[2021.01.19-12.46.35:393][  0]LogAssetRegistry: FAssetRegistry took 0.0284 seconds to start up
[2021.01.19-12.46.35:856][  0]LogInit: Selected Device Profile: [Windows]
[2021.01.19-12.46.36:049][  0]LogSimplygon: Simplygon DLL not present - disabling.
[2021.01.19-12.46.36:054][  0]LogMeshReduction: Using SimplygonSwarm for distributed automatic mesh merging
[2021.01.19-12.46.36:055][  0]LogMeshReduction: Using ProxyLODMeshReduction for automatic mesh merging
[2021.01.19-12.46.36:055][  0]LogMeshReduction: Using QuadricMeshReduction for automatic static mesh reduction
[2021.01.19-12.46.36:055][  0]LogMeshReduction: No automatic skeletal mesh reduction module available
[2021.01.19-12.46.36:080][  0]LogNetVersion: MazeGameIgaBudnik 1.0.0, NetCL: 4212847, EngineNetVer: 5, GameNetVer: 0 (Checksum: 330926393)
[2021.01.19-12.46.36:795][  0]LogPackageLocalizationCache: Processed 11 localized package path(s) for 2 prioritized culture(s) in 0.129929 seconds
[2021.01.19-12.46.36:803][  0]LogUObjectArray: 38425 objects as part of root set at end of initial load.
[2021.01.19-12.46.36:803][  0]LogUObjectAllocator: 6690864 out of 0 bytes used by permanent object pool.
[2021.01.19-12.46.36:803][  0]LogUObjectArray: CloseDisregardForGC: 0/0 objects in disregard for GC pool
[2021.01.19-12.46.37:767][  0]LogTcpMessaging: Initializing TcpMessaging bridge
[2021.01.19-12.46.37:780][  0]LogUdpMessaging: Initializing bridge on interface 0.0.0.0:0 to multicast group 230.0.0.1:6666.
[2021.01.19-12.46.37:916][  0]SourceControl: Source control is disabled
[2021.01.19-12.46.37:916][  0]SourceControl: Source control is disabled
[2021.01.19-12.46.37:917][  0]SourceControl: Source control is disabled
[2021.01.19-12.46.37:918][  0]SourceControl: Source control is disabled
[2021.01.19-12.46.38:079][  0]LogAndroidPermission: UAndroidPermissionCallbackProxy::GetInstance
[2021.01.19-12.46.38:143][  0]LogOcInput: OculusInput pre-init called
[2021.01.19-12.46.38:203][  0]LogEngine: Initializing Engine...
[2021.01.19-12.46.38:204][  0]LogHMD: Failed to initialize OpenVR with code 110
[2021.01.19-12.46.38:205][  0]LogStats: UGameplayTagsManager::ConstructGameplayTagTree: ImportINI prefixes -  0.000 s
[2021.01.19-12.46.38:205][  0]LogStats: UGameplayTagsManager::ConstructGameplayTagTree: Construct from data asset -  0.000 s
[2021.01.19-12.46.38:205][  0]LogStats: UGameplayTagsManager::ConstructGameplayTagTree: ImportINI -  0.000 s
[2021.01.19-12.46.38:205][  0]LogStats: UGameplayTagsManager::ConstructGameplayTagTree: GameplayTagTreeChangedEvent.Broadcast -  0.000 s
[2021.01.19-12.46.38:390][  0]LogInit: Initializing FReadOnlyCVARCache
[2021.01.19-12.46.38:400][  0]LogAIModule: Creating AISystem for world Untitled
[2021.01.19-12.46.38:422][  0]LogInit: XAudio2 using 'Głośniki (Realtek(R) Audio)' : 2 channels at 48 kHz using 32 bits per sample (channel mask 0x3)
[2021.01.19-12.46.40:029][  0]LogInit: FAudioDevice initialized.
[2021.01.19-12.46.40:030][  0]LogNetVersion: Set ProjectVersion to 1.0.0.0. Version Checksum will be recalculated on next use.
[2021.01.19-12.46.40:107][  0]LogDerivedDataCache: Saved boot cache 0.08s 71MB C:/Users/niech/AppData/Local/UnrealEngine/4.20/DerivedDataCache/Boot.ddc.
[2021.01.19-12.46.40:110][  0]LogInit: Texture streaming: Enabled
[2021.01.19-12.46.40:132][  0]LogEngineSessionManager: EngineSessionManager initialized
[2021.01.19-12.46.40:143][  0]LogInit: Transaction tracking system initialized
[2021.01.19-12.46.40:162][  0]BlueprintLog: New page: Editor Load
[2021.01.19-12.46.40:231][  0]LocalizationService: Localization service is disabled
[2021.01.19-12.46.40:475][  0]LogCook: Display: Max memory allowance for cook 16384mb min free memory 0mb
[2021.01.19-12.46.40:475][  0]LogCook: Display: Mobile HDR setting 1
[2021.01.19-12.46.40:475][  0]LogGameplayTags: Display: UGameplayTagsManager::DoneAddingNativeTags. DelegateIsBound: 0
[2021.01.19-12.46.40:475][  0]LogStats: UGameplayTagsManager::ConstructGameplayTagTree: ImportINI prefixes -  0.000 s
[2021.01.19-12.46.40:475][  0]LogStats: UGameplayTagsManager::ConstructGameplayTagTree: Construct from data asset -  0.000 s
[2021.01.19-12.46.40:475][  0]LogStats: UGameplayTagsManager::ConstructGameplayTagTree: ImportINI -  0.000 s
[2021.01.19-12.46.40:475][  0]LogStats: UGameplayTagsManager::ConstructGameplayTagTree: GameplayTagTreeChangedEvent.Broadcast -  0.000 s
[2021.01.19-12.46.40:586][  0]LogFileCache: Scanning file cache for directory 'C:/UnrealEngine/MazeGameIB/MazeGameIgaBudnik/Content/' took 0.01s
[2021.01.19-12.46.40:586][  0]SourceControl: Source control is disabled
[2021.01.19-12.46.40:586][  0]Cmd: MAP LOAD FILE="../../../../../../UnrealEngine/MazeGameIB/MazeGameIgaBudnik/Content/StarterContent/Maps/Minimal_Default.umap" TEMPLATE=0 SHOWPROGRESS=1 FEATURELEVEL=3
[2021.01.19-12.46.40:586][  0]LogEditorServer: Warning: Can't find file '../../../../../../UnrealEngine/MazeGameIB/MazeGameIgaBudnik/Content/StarterContent/Maps/Minimal_Default.umap'
[2021.01.19-12.46.40:587][  0]Cmd: MAP CHECKDEP NOCLEARLOG
[2021.01.19-12.46.40:672][  0]MapCheck: Map check complete: 0 Error(s), 0 Warning(s), took 85,261ms to complete.
[2021.01.19-12.46.40:672][  0]LogFileHelpers: Loading map 'Minimal_Default' took 0.086
[2021.01.19-12.46.40:781][  0]LogSlate: Updating window title bar state: overlay mode, drag disabled, window buttons hidden, title bar hidden
[2021.01.19-12.46.40:788][  0]LogSlate: Updating window title bar state: overlay mode, drag disabled, window buttons hidden, title bar hidden
[2021.01.19-12.46.40:794][  0]LogSlate: Updating window title bar state: overlay mode, drag disabled, window buttons hidden, title bar hidden
[2021.01.19-12.46.40:802][  0]LogSlate: Updating window title bar state: overlay mode, drag disabled, window buttons hidden, title bar hidden
[2021.01.19-12.46.40:809][  0]LogCollectionManager: Loaded 0 collections in 0.001808 seconds
[2021.01.19-12.46.40:854][  0]LogFileCache: Scanning file cache for directory 'C:/UnrealEngine/MazeGameIB/MazeGameIgaBudnik/Saved/Collections/' took 0.01s
[2021.01.19-12.46.40:854][  0]LogFileCache: Scanning file cache for directory 'C:/UnrealEngine/MazeGameIB/MazeGameIgaBudnik/Content/Developers/niech/Collections/' took 0.01s
[2021.01.19-12.46.40:854][  0]LogFileCache: Scanning file cache for directory 'C:/UnrealEngine/MazeGameIB/MazeGameIgaBudnik/Content/Collections/' took 0.01s
[2021.01.19-12.46.40:854][  0]LogCollectionManager: Rebuilt the GUID cache for 0 collections in 0.000001 seconds
[2021.01.19-12.46.40:868][  0]LogContentBrowser: Native class hierarchy populated in 0.0135 seconds. Added 2572 classes and 603 folders.
[2021.01.19-12.46.40:877][  0]LogContentBrowser: Native class hierarchy updated for 'WidgetCarousel' in 0.0004 seconds. Added 0 classes and 0 folders.
[2021.01.19-12.46.41:020][  0]LogContentBrowser: Native class hierarchy updated for 'AddContentDialog' in 0.0003 seconds. Added 0 classes and 0 folders.
[2021.01.19-12.46.41:031][  0]LogContentBrowser: Native class hierarchy updated for 'SceneOutliner' in 0.0003 seconds. Added 1 classes and 2 folders.
[2021.01.19-12.46.41:045][  0]LogSlate: Took 0.000341 seconds to synchronously load lazily loaded font '../../../Engine/Content/Slate/Fonts/Roboto-Regular.ttf' (155K)
[2021.01.19-12.46.41:048][  0]LogSlate: Took 0.000308 seconds to synchronously load lazily loaded font '../../../Engine/Content/Slate/Fonts/Roboto-Bold.ttf' (160K)
[2021.01.19-12.46.41:056][  0]LogSlate: Took 0.001571 seconds to synchronously load lazily loaded font '../../../Engine/Content/Editor/Slate/Fonts/FontAwesome.ttf' (139K)
[2021.01.19-12.46.41:142][  0]LogRenderer: Reallocating scene render targets to support 964x500 Format 10 NumSamples 1 (Frame:1).
[2021.01.19-12.46.41:290][  0]LogContentBrowser: Native class hierarchy updated for 'HierarchicalLODOutliner' in 0.0002 seconds. Added 0 classes and 0 folders.
[2021.01.19-12.46.41:290][  0]LogLoad: (Engine Initialization) Total time: 10.24 seconds
[2021.01.19-12.46.41:290][  0]LogLoad: (Engine Initialization) Total Blueprint compile time: 0.00 seconds
[2021.01.19-12.46.41:332][  0]LogContentStreaming: Texture pool size now 1000 MB
[2021.01.19-12.46.41:541][  0]LogSlate: Took 0.002006 seconds to synchronously load lazily loaded font '../../../Engine/Content/Slate/Fonts/Roboto-Light.ttf' (167K)
[2021.01.19-12.46.41:564][  1]LogAssetRegistry: Asset discovery search completed in 6.1929 seconds
[2021.01.19-12.46.41:565][  1]LogCollectionManager: Rebuilt the object cache for 0 collections in 0.000000 seconds (found 0 objects)
[2021.01.19-12.46.41:565][  1]LogCollectionManager: Fixed up redirectors for 0 collections in 0.000052 seconds (updated 0 objects)
[2021.01.19-12.46.46:444][294]LogSlate: FSceneViewport::OnFocusLost() reason 0
[2021.01.19-12.46.46:601][303]LogSlate: Took 0.000205 seconds to synchronously load lazily loaded font '../../../Engine/Content/Slate/Fonts/Roboto-Light.ttf' (167K)
[2021.01.19-12.46.46:782][303]LogAIModule: Creating AISystem for world Main
[2021.01.19-12.46.46:797][303]LogAssetEditorManager: Opening Asset editor for World /Game/StarterContent/Maps/Main.Main
[2021.01.19-12.46.46:815][303]Cmd: MAP LOAD FILE="../../../../../../UnrealEngine/MazeGameIB/MazeGameIgaBudnik/Content/StarterContent/Maps/Main.umap" TEMPLATE=0 SHOWPROGRESS=1 FEATURELEVEL=3
[2021.01.19-12.46.46:815][303]LightingResults: New page: Lighting Build
[2021.01.19-12.46.46:817][303]LogContentBrowser: Native class hierarchy updated for 'StatsViewer' in 0.0002 seconds. Added 5 classes and 0 folders.
[2021.01.19-12.46.46:818][303]LoadErrors: New page: Loading map: Main.umap
[2021.01.19-12.46.46:818][303]MapCheck: New page: Map Check
[2021.01.19-12.46.46:818][303]LightingResults: New page: Lighting Build
[2021.01.19-12.46.46:839][303]LogEditorServer: Finished looking for orphan Actors (0.000 secs)
[2021.01.19-12.46.46:868][303]Cmd: MAP CHECKDEP NOCLEARLOG
[2021.01.19-12.46.46:967][303]MapCheck: Map check complete: 0 Error(s), 0 Warning(s), took 98,901ms to complete.
[2021.01.19-12.46.46:967][303]LogFileHelpers: Loading map 'Main' took 0.153
[2021.01.19-12.46.49:755][463]LogTemp: Repeating last play command: Selected Viewport
[2021.01.19-12.46.49:763][463]LogBlueprintUserMessages: Early PlayInEditor Detection: Level '/Game/StarterContent/Maps/Main.Main:PersistentLevel' has LevelScriptBlueprint '/Game/StarterContent/Maps/Main.Main:PersistentLevel.Main' with GeneratedClass '/Game/StarterContent/Maps/Main.Main_C' with ClassGeneratedBy '/Game/StarterContent/Maps/Main.Main:PersistentLevel.Main'
[2021.01.19-12.46.49:763][463]LogPlayLevel: PlayLevel: No blueprints needed recompiling
[2021.01.19-12.46.49:775][463]PIE: New page: PIE session: Main (19 sty 2021, 14:46:49)
[2021.01.19-12.46.49:775][463]LogPlayLevel: Creating play world package: /Game/StarterContent/Maps/UEDPIE_0_Main
[2021.01.19-12.46.49:778][463]LogPlayLevel: PIE: StaticDuplicateObject took: (0.002853s)
[2021.01.19-12.46.49:779][463]LogAIModule: Creating AISystem for world Main
[2021.01.19-12.46.49:779][463]LogPlayLevel: PIE: World Init took: (0.001007s)
[2021.01.19-12.46.49:779][463]LogPlayLevel: PIE: Created PIE world by copying editor world from /Game/StarterContent/Maps/Main.Main to /Game/StarterContent/Maps/UEDPIE_0_Main.Main (0.004142s)
[2021.01.19-12.46.49:800][463]LogInit: XAudio2 using 'Głośniki (Realtek(R) Audio)' : 2 channels at 48 kHz using 32 bits per sample (channel mask 0x3)
[2021.01.19-12.46.49:817][463]LogInit: FAudioDevice initialized.
[2021.01.19-12.46.49:857][463]LogLoad: Game class is 'GameModeBase'
[2021.01.19-12.46.49:859][463]LogWorld: Bringing World /Game/StarterContent/Maps/UEDPIE_0_Main.Main up for play (max tick rate 60) at 2021.01.19-13.46.49
[2021.01.19-12.46.49:859][463]LogWorld: Bringing up level for play took: 0.000675
[2021.01.19-12.46.49:876][463]LogContentBrowser: Native class hierarchy updated for 'MovieSceneCapture' in 0.0003 seconds. Added 10 classes and 0 folders.
[2021.01.19-12.46.49:877][463]PIE: Play in editor start time for /Game/StarterContent/Maps/UEDPIE_0_Main 0,936
[2021.01.19-12.46.49:877][463]LogBlueprintUserMessages: Late PlayInEditor Detection: Level '/Game/StarterContent/Maps/Main.Main:PersistentLevel' has LevelScriptBlueprint '/Game/StarterContent/Maps/Main.Main:PersistentLevel.Main' with GeneratedClass '/Game/StarterContent/Maps/Main.Main_C' with ClassGeneratedBy '/Game/StarterContent/Maps/Main.Main:PersistentLevel.Main'
[2021.01.19-12.46.52:201][601]LogBlueprintUserMessages: Early EndPlayMap Detection: Level '/Game/StarterContent/Maps/Main.Main:PersistentLevel' has LevelScriptBlueprint '/Game/StarterContent/Maps/Main.Main:PersistentLevel.Main' with GeneratedClass '/Game/StarterContent/Maps/Main.Main_C' with ClassGeneratedBy '/Game/StarterContent/Maps/Main.Main:PersistentLevel.Main'
[2021.01.19-12.46.52:202][601]LogSlate: Updating window title bar state: overlay mode, drag disabled, window buttons hidden, title bar hidden
[2021.01.19-12.46.52:241][601]LogPlayLevel: Display: Shutting down PIE online subsystems
[2021.01.19-12.46.52:241][601]LogBlueprintUserMessages: Late EndPlayMap Detection: Level '/Game/StarterContent/Maps/Main.Main:PersistentLevel' has LevelScriptBlueprint '/Game/StarterContent/Maps/Main.Main:PersistentLevel.Main' with GeneratedClass '/Game/StarterContent/Maps/Main.Main_C' with ClassGeneratedBy '/Game/StarterContent/Maps/Main.Main:PersistentLevel.Main'
[2021.01.19-12.46.52:260][601]LogSlate: Updating window title bar state: overlay mode, drag disabled, window buttons hidden, title bar hidden
[2021.01.19-12.46.52:316][604]LogPlayLevel: Display: Destroying online subsystem :Context_1
[2021.01.19-12.46.55:133][773]LogEditorViewport: Clicking on Actor (LMB): BP_Sky_Sphere_C (Sky Sphere)
[2021.01.19-12.46.55:714][807]LogEditorViewport: Clicking on Actor (LMB): SphereReflectionCapture (SphereReflectionCapture)
[2021.01.19-12.47.23:700][485]LogEditorViewport: Clicking on Actor (LMB): StaticMeshActor (Floor)
[2021.01.19-12.47.25:195][573]LogSlate: FSceneViewport::OnFocusLost() reason 0
[2021.01.19-12.47.25:504][587]LogSlate: Took 0.002253 seconds to synchronously load lazily loaded font '../../../Engine/Content/Slate/Fonts/Roboto-Italic.ttf' (157K)
[2021.01.19-12.48.15:072][518]LogActorFactory: Actor Factory created Shape_Sphere
[2021.01.19-12.48.16:194][585]LogActorFactory: Actor Factory created Shape_Sphere
[2021.01.19-12.48.23:170][  1]LogSlate: FSceneViewport::OnFocusLost() reason 0
[2021.01.19-12.49.03:096][340]LogSlate: FSceneViewport::OnFocusLost() reason 2
[2021.01.19-12.49.20:198][355]LogTemp: Repeating last play command: Selected Viewport
[2021.01.19-12.49.20:211][355]LogBlueprintUserMessages: Early PlayInEditor Detection: Level '/Game/StarterContent/Maps/Main.Main:PersistentLevel' has LevelScriptBlueprint '/Game/StarterContent/Maps/Main.Main:PersistentLevel.Main' with GeneratedClass '/Game/StarterContent/Maps/Main.Main_C' with ClassGeneratedBy '/Game/StarterContent/Maps/Main.Main:PersistentLevel.Main'
[2021.01.19-12.49.20:211][355]LogPlayLevel: PlayLevel: No blueprints needed recompiling
[2021.01.19-12.49.20:211][355]PIE: New page: PIE session: Main (19 sty 2021, 14:49:20)
[2021.01.19-12.49.20:212][355]LogPlayLevel: Creating play world package: /Game/StarterContent/Maps/UEDPIE_0_Main
[2021.01.19-12.49.20:215][355]LogPlayLevel: PIE: StaticDuplicateObject took: (0.003074s)
[2021.01.19-12.49.20:216][355]LogAIModule: Creating AISystem for world Main
[2021.01.19-12.49.20:216][355]LogPlayLevel: PIE: World Init took: (0.000910s)
[2021.01.19-12.49.20:216][355]LogPlayLevel: PIE: Created PIE world by copying editor world from /Game/StarterContent/Maps/Main.Main to /Game/StarterContent/Maps/UEDPIE_0_Main.Main (0.004223s)
[2021.01.19-12.49.20:253][355]LogInit: XAudio2 using 'Głośniki (Realtek(R) Audio)' : 2 channels at 48 kHz using 32 bits per sample (channel mask 0x3)
[2021.01.19-12.49.20:283][355]LogInit: FAudioDevice initialized.
[2021.01.19-12.49.20:313][355]LogLoad: Game class is 'GameModeBase'
[2021.01.19-12.49.20:315][355]LogWorld: Bringing World /Game/StarterContent/Maps/UEDPIE_0_Main.Main up for play (max tick rate 60) at 2021.01.19-13.49.20
[2021.01.19-12.49.20:315][355]LogWorld: Bringing up level for play took: 0.000838
[2021.01.19-12.49.20:328][355]PIE: Play in editor start time for /Game/StarterContent/Maps/UEDPIE_0_Main -0,613
[2021.01.19-12.49.20:328][355]LogBlueprintUserMessages: Late PlayInEditor Detection: Level '/Game/StarterContent/Maps/Main.Main:PersistentLevel' has LevelScriptBlueprint '/Game/StarterContent/Maps/Main.Main:PersistentLevel.Main' with GeneratedClass '/Game/StarterContent/Maps/Main.Main_C' with ClassGeneratedBy '/Game/StarterContent/Maps/Main.Main:PersistentLevel.Main'
[2021.01.19-12.49.24:037][576]LogBlueprintUserMessages: Early EndPlayMap Detection: Level '/Game/StarterContent/Maps/Main.Main:PersistentLevel' has LevelScriptBlueprint '/Game/StarterContent/Maps/Main.Main:PersistentLevel.Main' with GeneratedClass '/Game/StarterContent/Maps/Main.Main_C' with ClassGeneratedBy '/Game/StarterContent/Maps/Main.Main:PersistentLevel.Main'
[2021.01.19-12.49.24:037][576]LogSlate: Updating window title bar state: overlay mode, drag disabled, window buttons hidden, title bar hidden
[2021.01.19-12.49.24:071][576]LogPlayLevel: Display: Shutting down PIE online subsystems
[2021.01.19-12.49.24:071][576]LogBlueprintUserMessages: Late EndPlayMap Detection: Level '/Game/StarterContent/Maps/Main.Main:PersistentLevel' has LevelScriptBlueprint '/Game/StarterContent/Maps/Main.Main:PersistentLevel.Main' with GeneratedClass '/Game/StarterContent/Maps/Main.Main_C' with ClassGeneratedBy '/Game/StarterContent/Maps/Main.Main:PersistentLevel.Main'
[2021.01.19-12.49.24:102][576]LogSlate: Updating window title bar state: overlay mode, drag disabled, window buttons hidden, title bar hidden
[2021.01.19-12.49.24:182][578]LogPlayLevel: Display: Destroying online subsystem :Context_4
[2021.01.19-12.49.30:168][936]LogEditorViewport: Clicking on Actor (LMB): PlayerStart (Player Start)
[2021.01.19-12.49.32:699][ 85]LogNavigationPoint: PostEditMove Clear paths rebuilt
[2021.01.19-12.49.34:216][175]LogNavigationPoint: PostEditMove Clear paths rebuilt
[2021.01.19-12.49.34:912][216]LogSlate: FSceneViewport::OnFocusLost() reason 0
[2021.01.19-12.49.35:028][223]LogTemp: Repeating last play command: Selected Viewport
[2021.01.19-12.49.35:040][223]LogBlueprintUserMessages: Early PlayInEditor Detection: Level '/Game/StarterContent/Maps/Main.Main:PersistentLevel' has LevelScriptBlueprint '/Game/StarterContent/Maps/Main.Main:PersistentLevel.Main' with GeneratedClass '/Game/StarterContent/Maps/Main.Main_C' with ClassGeneratedBy '/Game/StarterContent/Maps/Main.Main:PersistentLevel.Main'
[2021.01.19-12.49.35:040][223]LogPlayLevel: PlayLevel: No blueprints needed recompiling
[2021.01.19-12.49.35:040][223]PIE: New page: PIE session: Main (19 sty 2021, 14:49:35)
[2021.01.19-12.49.35:040][223]LogPlayLevel: Creating play world package: /Game/StarterContent/Maps/UEDPIE_0_Main
[2021.01.19-12.49.35:043][223]LogPlayLevel: PIE: StaticDuplicateObject took: (0.002972s)
[2021.01.19-12.49.35:045][223]LogAIModule: Creating AISystem for world Main
[2021.01.19-12.49.35:045][223]LogPlayLevel: PIE: World Init took: (0.001607s)
[2021.01.19-12.49.35:045][223]LogPlayLevel: PIE: Created PIE world by copying editor world from /Game/StarterContent/Maps/Main.Main to /Game/StarterContent/Maps/UEDPIE_0_Main.Main (0.005001s)
[2021.01.19-12.49.35:082][223]LogInit: XAudio2 using 'Głośniki (Realtek(R) Audio)' : 2 channels at 48 kHz using 32 bits per sample (channel mask 0x3)
[2021.01.19-12.49.35:111][223]LogInit: FAudioDevice initialized.
[2021.01.19-12.49.35:147][223]LogLoad: Game class is 'GameModeBase'
[2021.01.19-12.49.35:149][223]LogWorld: Bringing World /Game/StarterContent/Maps/UEDPIE_0_Main.Main up for play (max tick rate 60) at 2021.01.19-13.49.35
[2021.01.19-12.49.35:150][223]LogWorld: Bringing up level for play took: 0.000769
[2021.01.19-12.49.35:162][223]PIE: Play in editor start time for /Game/StarterContent/Maps/UEDPIE_0_Main 0,222
[2021.01.19-12.49.35:163][223]LogBlueprintUserMessages: Late PlayInEditor Detection: Level '/Game/StarterContent/Maps/Main.Main:PersistentLevel' has LevelScriptBlueprint '/Game/StarterContent/Maps/Main.Main:PersistentLevel.Main' with GeneratedClass '/Game/StarterContent/Maps/Main.Main_C' with ClassGeneratedBy '/Game/StarterContent/Maps/Main.Main:PersistentLevel.Main'
[2021.01.19-12.49.36:763][318]LogBlueprintUserMessages: Early EndPlayMap Detection: Level '/Game/StarterContent/Maps/Main.Main:PersistentLevel' has LevelScriptBlueprint '/Game/StarterContent/Maps/Main.Main:PersistentLevel.Main' with GeneratedClass '/Game/StarterContent/Maps/Main.Main_C' with ClassGeneratedBy '/Game/StarterContent/Maps/Main.Main:PersistentLevel.Main'
[2021.01.19-12.49.36:763][318]LogSlate: Updating window title bar state: overlay mode, drag disabled, window buttons hidden, title bar hidden
[2021.01.19-12.49.36:797][318]LogPlayLevel: Display: Shutting down PIE online subsystems
[2021.01.19-12.49.36:797][318]LogBlueprintUserMessages: Late EndPlayMap Detection: Level '/Game/StarterContent/Maps/Main.Main:PersistentLevel' has LevelScriptBlueprint '/Game/StarterContent/Maps/Main.Main:PersistentLevel.Main' with GeneratedClass '/Game/StarterContent/Maps/Main.Main_C' with ClassGeneratedBy '/Game/StarterContent/Maps/Main.Main:PersistentLevel.Main'
[2021.01.19-12.49.36:827][318]LogSlate: Updating window title bar state: overlay mode, drag disabled, window buttons hidden, title bar hidden
[2021.01.19-12.49.36:869][321]LogPlayLevel: Display: Destroying online subsystem :Context_5
[2021.01.19-12.49.40:820][558]LogEditorViewport: Clicking on Actor (LMB): PlayerStart (Player Start)
[2021.01.19-12.49.42:333][647]LogNavigationPoint: PostEditMove Clear paths rebuilt
[2021.01.19-12.49.43:311][705]LogNavigationPoint: PostEditMove Clear paths rebuilt
[2021.01.19-12.49.44:088][751]LogSlate: FSceneViewport::OnFocusLost() reason 0
[2021.01.19-12.49.44:188][757]LogTemp: Repeating last play command: Selected Viewport
[2021.01.19-12.49.44:200][757]LogBlueprintUserMessages: Early PlayInEditor Detection: Level '/Game/StarterContent/Maps/Main.Main:PersistentLevel' has LevelScriptBlueprint '/Game/StarterContent/Maps/Main.Main:PersistentLevel.Main' with GeneratedClass '/Game/StarterContent/Maps/Main.Main_C' with ClassGeneratedBy '/Game/StarterContent/Maps/Main.Main:PersistentLevel.Main'
[2021.01.19-12.49.44:201][757]LogPlayLevel: PlayLevel: No blueprints needed recompiling
[2021.01.19-12.49.44:201][757]PIE: New page: PIE session: Main (19 sty 2021, 14:49:44)
[2021.01.19-12.49.44:201][757]LogPlayLevel: Creating play world package: /Game/StarterContent/Maps/UEDPIE_0_Main
[2021.01.19-12.49.44:204][757]LogPlayLevel: PIE: StaticDuplicateObject took: (0.003077s)
[2021.01.19-12.49.44:205][757]LogAIModule: Creating AISystem for world Main
[2021.01.19-12.49.44:205][757]LogPlayLevel: PIE: World Init took: (0.001146s)
[2021.01.19-12.49.44:205][757]LogPlayLevel: PIE: Created PIE world by copying editor world from /Game/StarterContent/Maps/Main.Main to /Game/StarterContent/Maps/UEDPIE_0_Main.Main (0.004465s)
[2021.01.19-12.49.44:241][757]LogInit: XAudio2 using 'Głośniki (Realtek(R) Audio)' : 2 channels at 48 kHz using 32 bits per sample (channel mask 0x3)
[2021.01.19-12.49.44:284][757]LogInit: FAudioDevice initialized.
[2021.01.19-12.49.44:316][757]LogLoad: Game class is 'GameModeBase'
[2021.01.19-12.49.44:318][757]LogWorld: Bringing World /Game/StarterContent/Maps/UEDPIE_0_Main.Main up for play (max tick rate 60) at 2021.01.19-13.49.44
[2021.01.19-12.49.44:319][757]LogWorld: Bringing up level for play took: 0.000772
[2021.01.19-12.49.44:332][757]PIE: Play in editor start time for /Game/StarterContent/Maps/UEDPIE_0_Main -0,608
[2021.01.19-12.49.44:332][757]LogBlueprintUserMessages: Late PlayInEditor Detection: Level '/Game/StarterContent/Maps/Main.Main:PersistentLevel' has LevelScriptBlueprint '/Game/StarterContent/Maps/Main.Main:PersistentLevel.Main' with GeneratedClass '/Game/StarterContent/Maps/Main.Main_C' with ClassGeneratedBy '/Game/StarterContent/Maps/Main.Main:PersistentLevel.Main'
[2021.01.19-12.49.46:930][907]LogBlueprintUserMessages: Early EndPlayMap Detection: Level '/Game/StarterContent/Maps/Main.Main:PersistentLevel' has LevelScriptBlueprint '/Game/StarterContent/Maps/Main.Main:PersistentLevel.Main' with GeneratedClass '/Game/StarterContent/Maps/Main.Main_C' with ClassGeneratedBy '/Game/StarterContent/Maps/Main.Main:PersistentLevel.Main'
[2021.01.19-12.49.46:931][907]LogSlate: Updating window title bar state: overlay mode, drag disabled, window buttons hidden, title bar hidden
[2021.01.19-12.49.46:971][907]LogPlayLevel: Display: Shutting down PIE online subsystems
[2021.01.19-12.49.46:971][907]LogBlueprintUserMessages: Late EndPlayMap Detection: Level '/Game/StarterContent/Maps/Main.Main:PersistentLevel' has LevelScriptBlueprint '/Game/StarterContent/Maps/Main.Main:PersistentLevel.Main' with GeneratedClass '/Game/StarterContent/Maps/Main.Main_C' with ClassGeneratedBy '/Game/StarterContent/Maps/Main.Main:PersistentLevel.Main'
[2021.01.19-12.49.47:000][907]LogSlate: Updating window title bar state: overlay mode, drag disabled, window buttons hidden, title bar hidden
[2021.01.19-12.49.47:041][909]LogPlayLevel: Display: Destroying online subsystem :Context_6
[2021.01.19-12.50.10:161][296]LogEditorViewport: Clicking on Actor (LMB): StaticMeshActor (Ball)
[2021.01.19-12.50.17:700][745]LogSlate: FSceneViewport::OnFocusLost() reason 0
[2021.01.19-12.50.28:741][406]LogTemp: Repeating last play command: Selected Viewport
[2021.01.19-12.50.28:754][406]LogBlueprintUserMessages: Early PlayInEditor Detection: Level '/Game/StarterContent/Maps/Main.Main:PersistentLevel' has LevelScriptBlueprint '/Game/StarterContent/Maps/Main.Main:PersistentLevel.Main' with GeneratedClass '/Game/StarterContent/Maps/Main.Main_C' with ClassGeneratedBy '/Game/StarterContent/Maps/Main.Main:PersistentLevel.Main'
[2021.01.19-12.50.28:754][406]LogPlayLevel: PlayLevel: No blueprints needed recompiling
[2021.01.19-12.50.28:754][406]PIE: New page: PIE session: Main (19 sty 2021, 14:50:28)
[2021.01.19-12.50.28:754][406]LogPlayLevel: Creating play world package: /Game/StarterContent/Maps/UEDPIE_0_Main
[2021.01.19-12.50.28:758][406]LogPlayLevel: PIE: StaticDuplicateObject took: (0.003024s)
[2021.01.19-12.50.28:758][406]LogAIModule: Creating AISystem for world Main
[2021.01.19-12.50.28:759][406]LogPlayLevel: PIE: World Init took: (0.001136s)
[2021.01.19-12.50.28:759][406]LogPlayLevel: PIE: Created PIE world by copying editor world from /Game/StarterContent/Maps/Main.Main to /Game/StarterContent/Maps/UEDPIE_0_Main.Main (0.004464s)
[2021.01.19-12.50.28:795][406]LogInit: XAudio2 using 'Głośniki (Realtek(R) Audio)' : 2 channels at 48 kHz using 32 bits per sample (channel mask 0x3)
[2021.01.19-12.50.28:824][406]LogInit: FAudioDevice initialized.
[2021.01.19-12.50.28:853][406]LogLoad: Game class is 'GameModeBase'
[2021.01.19-12.50.28:855][406]LogWorld: Bringing World /Game/StarterContent/Maps/UEDPIE_0_Main.Main up for play (max tick rate 60) at 2021.01.19-13.50.28
[2021.01.19-12.50.28:855][406]LogWorld: Bringing up level for play took: 0.000758
[2021.01.19-12.50.28:869][406]PIE: Play in editor start time for /Game/StarterContent/Maps/UEDPIE_0_Main -0,072
[2021.01.19-12.50.28:869][406]LogBlueprintUserMessages: Late PlayInEditor Detection: Level '/Game/StarterContent/Maps/Main.Main:PersistentLevel' has LevelScriptBlueprint '/Game/StarterContent/Maps/Main.Main:PersistentLevel.Main' with GeneratedClass '/Game/StarterContent/Maps/Main.Main_C' with ClassGeneratedBy '/Game/StarterContent/Maps/Main.Main:PersistentLevel.Main'
[2021.01.19-12.50.33:147][661]LogBlueprintUserMessages: Early EndPlayMap Detection: Level '/Game/StarterContent/Maps/Main.Main:PersistentLevel' has LevelScriptBlueprint '/Game/StarterContent/Maps/Main.Main:PersistentLevel.Main' with GeneratedClass '/Game/StarterContent/Maps/Main.Main_C' with ClassGeneratedBy '/Game/StarterContent/Maps/Main.Main:PersistentLevel.Main'
[2021.01.19-12.50.33:148][661]LogSlate: Updating window title bar state: overlay mode, drag disabled, window buttons hidden, title bar hidden
[2021.01.19-12.50.33:181][661]LogPlayLevel: Display: Shutting down PIE online subsystems
[2021.01.19-12.50.33:181][661]LogBlueprintUserMessages: Late EndPlayMap Detection: Level '/Game/StarterContent/Maps/Main.Main:PersistentLevel' has LevelScriptBlueprint '/Game/StarterContent/Maps/Main.Main:PersistentLevel.Main' with GeneratedClass '/Game/StarterContent/Maps/Main.Main_C' with ClassGeneratedBy '/Game/StarterContent/Maps/Main.Main:PersistentLevel.Main'
[2021.01.19-12.50.33:212][661]LogSlate: Updating window title bar state: overlay mode, drag disabled, window buttons hidden, title bar hidden
[2021.01.19-12.50.33:255][663]LogPlayLevel: Display: Destroying online subsystem :Context_7
[2021.01.19-12.50.53:088][852]LogSlate: FSceneViewport::OnFocusLost() reason 2
[2021.01.19-12.50.56:626][ 56]LogEditorViewport: Clicking on Actor (LMB): BP_Sky_Sphere_C (Sky Sphere)
[2021.01.19-12.50.57:232][ 89]LogEditorViewport: Clicking on Actor (LMB): StaticMeshActor (Floor)
[2021.01.19-12.50.59:128][198]LogSlate: FSceneViewport::OnFocusLost() reason 2
[2021.01.19-12.51.01:932][360]LogSlate: FSceneViewport::OnFocusLost() reason 2
[2021.01.19-12.51.01:939][360]LogAssetEditorManager: Opening Asset editor for LevelScriptBlueprint /Game/StarterContent/Maps/Main.Main:PersistentLevel.Main
[2021.01.19-12.51.02:729][360]LogContentBrowser: Native class hierarchy updated for 'BlueprintGraph' in 0.0008 seconds. Added 116 classes and 0 folders.
[2021.01.19-12.51.03:845][360]LogSlate: Took 0.001487 seconds to synchronously load lazily loaded font '../../../Engine/Content/Slate/Fonts/Roboto-BoldCondensed.ttf' (158K)
[2021.01.19-12.51.44:790][793]LogTemp: Repeating last play command: Selected Viewport
[2021.01.19-12.51.44:805][793]LogBlueprintUserMessages: Early PlayInEditor Detection: Level '/Game/StarterContent/Maps/Main.Main:PersistentLevel' has LevelScriptBlueprint '/Game/StarterContent/Maps/Main.Main:PersistentLevel.Main' with GeneratedClass '/Game/StarterContent/Maps/Main.Main_C' with ClassGeneratedBy '/Game/StarterContent/Maps/Main.Main:PersistentLevel.Main'
[2021.01.19-12.51.44:805][793]BlueprintLog: New page: Pre-Play auto-recompile
[2021.01.19-12.51.44:808][793]LogPlayLevel: [PlayLevel] Compiling Main before play...
[2021.01.19-12.51.45:003][793]LogPlayLevel: PlayLevel: Blueprint regeneration took 198 ms (1 blueprints)
[2021.01.19-12.51.45:003][793]PIE: New page: PIE session: Main (19 sty 2021, 14:51:45)
[2021.01.19-12.51.45:003][793]LogPlayLevel: Creating play world package: /Game/StarterContent/Maps/UEDPIE_0_Main
[2021.01.19-12.51.45:006][793]LogPlayLevel: PIE: StaticDuplicateObject took: (0.003131s)
[2021.01.19-12.51.45:007][793]LogAIModule: Creating AISystem for world Main
[2021.01.19-12.51.45:008][793]LogPlayLevel: PIE: World Init took: (0.001268s)
[2021.01.19-12.51.45:008][793]LogPlayLevel: PIE: Created PIE world by copying editor world from /Game/StarterContent/Maps/Main.Main to /Game/StarterContent/Maps/UEDPIE_0_Main.Main (0.004707s)
[2021.01.19-12.51.45:047][793]LogInit: XAudio2 using 'Głośniki (Realtek(R) Audio)' : 2 channels at 48 kHz using 32 bits per sample (channel mask 0x3)
[2021.01.19-12.51.45:077][793]LogInit: FAudioDevice initialized.
[2021.01.19-12.51.45:117][793]LogLoad: Game class is 'GameModeBase'
[2021.01.19-12.51.45:119][793]LogWorld: Bringing World /Game/StarterContent/Maps/UEDPIE_0_Main.Main up for play (max tick rate 60) at 2021.01.19-13.51.45
[2021.01.19-12.51.45:119][793]LogWorld: Bringing up level for play took: 0.000944
[2021.01.19-12.51.45:132][793]PIE: Play in editor start time for /Game/StarterContent/Maps/UEDPIE_0_Main 0,192
[2021.01.19-12.51.45:132][793]LogBlueprintUserMessages: Late PlayInEditor Detection: Level '/Game/StarterContent/Maps/Main.Main:PersistentLevel' has LevelScriptBlueprint '/Game/StarterContent/Maps/Main.Main:PersistentLevel.Main' with GeneratedClass '/Game/StarterContent/Maps/Main.Main_C' with ClassGeneratedBy '/Game/StarterContent/Maps/Main.Main:PersistentLevel.Main'
[2021.01.19-12.51.52:790][244]LogBlueprintUserMessages: Early EndPlayMap Detection: Level '/Game/StarterContent/Maps/Main.Main:PersistentLevel' has LevelScriptBlueprint '/Game/StarterContent/Maps/Main.Main:PersistentLevel.Main' with GeneratedClass '/Game/StarterContent/Maps/Main.Main_C' with ClassGeneratedBy '/Game/StarterContent/Maps/Main.Main:PersistentLevel.Main'
[2021.01.19-12.51.52:791][244]LogSlate: Updating window title bar state: overlay mode, drag disabled, window buttons hidden, title bar hidden
[2021.01.19-12.51.52:829][244]LogPlayLevel: Display: Shutting down PIE online subsystems
[2021.01.19-12.51.52:829][244]LogBlueprintUserMessages: Late EndPlayMap Detection: Level '/Game/StarterContent/Maps/Main.Main:PersistentLevel' has LevelScriptBlueprint '/Game/StarterContent/Maps/Main.Main:PersistentLevel.Main' with GeneratedClass '/Game/StarterContent/Maps/Main.Main_C' with ClassGeneratedBy '/Game/StarterContent/Maps/Main.Main:PersistentLevel.Main'
[2021.01.19-12.51.52:867][244]LogSlate: Updating window title bar state: overlay mode, drag disabled, window buttons hidden, title bar hidden
[2021.01.19-12.51.52:914][245]LogPlayLevel: Display: Destroying online subsystem :Context_9
[2021.01.19-12.57.09:944][260]LogSlate: FSceneViewport::OnFocusLost() reason 2
[2021.01.19-12.57.10:201][260]LogSavePackage: Moving '../../../../../../UnrealEngine/MazeGameIB/MazeGameIgaBudnik/Saved/Main_Auto104396AD548DB5D1FCD3E94A1A6EA19D6.tmp' to '../../../../../../UnrealEngine/MazeGameIB/MazeGameIgaBudnik/Saved/Autosaves/Game/StarterContent/Maps/Main_Auto1.umap'
[2021.01.19-12.57.10:208][260]LogFileHelpers: Editor autosave (incl. sublevels) for '/Game/StarterContent/Maps/Main' took 0.239
[2021.01.19-12.57.10:208][260]LogFileHelpers: Editor autosave (incl. sublevels) for all levels took 0.239
[2021.01.19-13.12.22:044][379]LogD3D11RHI: Timed out while waiting for GPU to catch up. (0.5 s)
[2021.01.19-13.12.29:697][590]LogD3D11RHI: Timed out while waiting for GPU to catch up. (0.5 s)
[2021.01.19-13.31.44:766][770]LogSlate: FSceneViewport::OnFocusLost() reason 2
[2021.01.19-13.32.02:417][731]LogSlate: FSceneViewport::OnFocusLost() reason 2
[2021.01.19-13.32.27:250][208]LogSlate: FSceneViewport::OnFocusLost() reason 2
[2021.01.19-13.32.31:405][457]Cmd: STAT FPS
[2021.01.19-13.32.43:067][156]LogEditorViewport: Clicking on Actor (LMB): BP_Sky_Sphere_C (Sky Sphere)
[2021.01.19-13.32.44:624][213]LogSlate: FSceneViewport::OnFocusLost() reason 2
[2021.01.19-13.35.45:816][759]LogSavePackage: Moving '../../../../../../UnrealEngine/MazeGameIB/MazeGameIgaBudnik/Saved/Main_Auto2CDA029A64E92DD109D6C099DC2841FC7.tmp' to '../../../../../../UnrealEngine/MazeGameIB/MazeGameIgaBudnik/Saved/Autosaves/Game/StarterContent/Maps/Main_Auto2.umap'
[2021.01.19-13.35.45:823][759]LogFileHelpers: Editor autosave (incl. sublevels) for '/Game/StarterContent/Maps/Main' took 0.252
[2021.01.19-13.35.45:823][759]LogFileHelpers: Editor autosave (incl. sublevels) for all levels took 0.252
[2021.01.19-13.35.47:679][853]LogSlate: FSceneViewport::OnFocusLost() reason 0
[2021.01.19-13.39.37:505][505]LogSlate: FSceneViewport::OnFocusLost() reason 2
[2021.01.19-13.40.40:884][239]LogSlate: FSceneViewport::OnFocusLost() reason 0
[2021.01.19-13.40.44:591][354]LogSlate: FSceneViewport::OnFocusLost() reason 2
[2021.01.19-13.45.46:315][383]LogSavePackage: Moving '../../../../../../UnrealEngine/MazeGameIB/MazeGameIgaBudnik/Saved/Main_Auto3A3C5D4154D8C9F23C769B8B99A6BF1FB.tmp' to '../../../../../../UnrealEngine/MazeGameIB/MazeGameIgaBudnik/Saved/Autosaves/Game/StarterContent/Maps/Main_Auto3.umap'
[2021.01.19-13.45.46:322][383]LogFileHelpers: Editor autosave (incl. sublevels) for '/Game/StarterContent/Maps/Main' took 0.255
[2021.01.19-13.45.46:322][383]LogFileHelpers: Editor autosave (incl. sublevels) for all levels took 0.255
[2021.01.19-13.49.27:737][618]LogSlate: FSceneViewport::OnFocusLost() reason 0
[2021.01.19-13.49.30:057][746]LogTemp: Repeating last play command: Selected Viewport
[2021.01.19-13.49.30:070][746]LogBlueprintUserMessages: Early PlayInEditor Detection: Level '/Game/StarterContent/Maps/Main.Main:PersistentLevel' has LevelScriptBlueprint '/Game/StarterContent/Maps/Main.Main:PersistentLevel.Main' with GeneratedClass '/Game/StarterContent/Maps/Main.Main_C' with ClassGeneratedBy '/Game/StarterContent/Maps/Main.Main:PersistentLevel.Main'
[2021.01.19-13.49.30:070][746]BlueprintLog: New page: Pre-Play auto-recompile
[2021.01.19-13.49.30:076][746]LogPlayLevel: [PlayLevel] Compiling Main before play...
[2021.01.19-13.49.30:252][746]LogPlayLevel: PlayLevel: Blueprint regeneration took 181 ms (1 blueprints)
[2021.01.19-13.49.30:252][746]PIE: New page: PIE session: Main (19 sty 2021, 15:49:30)
[2021.01.19-13.49.30:252][746]LogPlayLevel: Creating play world package: /Game/StarterContent/Maps/UEDPIE_0_Main
[2021.01.19-13.49.30:257][746]LogPlayLevel: PIE: StaticDuplicateObject took: (0.004933s)
[2021.01.19-13.49.30:259][746]LogAIModule: Creating AISystem for world Main
[2021.01.19-13.49.30:259][746]LogPlayLevel: PIE: World Init took: (0.001526s)
[2021.01.19-13.49.30:259][746]LogPlayLevel: PIE: Created PIE world by copying editor world from /Game/StarterContent/Maps/Main.Main to /Game/StarterContent/Maps/UEDPIE_0_Main.Main (0.006991s)
[2021.01.19-13.49.30:306][746]LogInit: XAudio2 using 'Głośniki (Realtek(R) Audio)' : 2 channels at 48 kHz using 32 bits per sample (channel mask 0x3)
[2021.01.19-13.49.30:341][746]LogInit: FAudioDevice initialized.
[2021.01.19-13.49.30:386][746]LogLoad: Game class is 'GameModeBase'
[2021.01.19-13.49.30:389][746]LogWorld: Bringing World /Game/StarterContent/Maps/UEDPIE_0_Main.Main up for play (max tick rate 60) at 2021.01.19-14.49.30
[2021.01.19-13.49.30:389][746]LogWorld: Bringing up level for play took: 0.001871
[2021.01.19-13.49.30:404][746]PIE: Play in editor start time for /Game/StarterContent/Maps/UEDPIE_0_Main -0,537
[2021.01.19-13.49.30:405][746]LogBlueprintUserMessages: Late PlayInEditor Detection: Level '/Game/StarterContent/Maps/Main.Main:PersistentLevel' has LevelScriptBlueprint '/Game/StarterContent/Maps/Main.Main:PersistentLevel.Main' with GeneratedClass '/Game/StarterContent/Maps/Main.Main_C' with ClassGeneratedBy '/Game/StarterContent/Maps/Main.Main:PersistentLevel.Main'
[2021.01.19-13.49.33:708][927]LogSlate: FSceneViewport::OnFocusLost() reason 0
[2021.01.19-13.49.37:892][177]LogBlueprintUserMessages: Early EndPlayMap Detection: Level '/Game/StarterContent/Maps/Main.Main:PersistentLevel' has LevelScriptBlueprint '/Game/StarterContent/Maps/Main.Main:PersistentLevel.Main' with GeneratedClass '/Game/StarterContent/Maps/Main.Main_C' with ClassGeneratedBy '/Game/StarterContent/Maps/Main.Main:PersistentLevel.Main'
[2021.01.19-13.49.37:892][177]LogSlate: Updating window title bar state: overlay mode, drag disabled, window buttons hidden, title bar hidden
[2021.01.19-13.49.37:931][177]LogPlayLevel: Display: Shutting down PIE online subsystems
[2021.01.19-13.49.37:931][177]LogBlueprintUserMessages: Late EndPlayMap Detection: Level '/Game/StarterContent/Maps/Main.Main:PersistentLevel' has LevelScriptBlueprint '/Game/StarterContent/Maps/Main.Main:PersistentLevel.Main' with GeneratedClass '/Game/StarterContent/Maps/Main.Main_C' with ClassGeneratedBy '/Game/StarterContent/Maps/Main.Main:PersistentLevel.Main'
[2021.01.19-13.49.37:970][177]LogSlate: Updating window title bar state: overlay mode, drag disabled, window buttons hidden, title bar hidden
[2021.01.19-13.49.38:015][178]LogPlayLevel: Display: Destroying online subsystem :Context_10
[2021.01.19-13.49.41:013][323]LogSlate: FSceneViewport::OnFocusLost() reason 2
[2021.01.19-13.49.49:471][791]LogEditorTransaction: Undo Create Pin Link
[2021.01.19-13.55.54:668][615]LogSavePackage: Moving '../../../../../../UnrealEngine/MazeGameIB/MazeGameIgaBudnik/Saved/Main_Auto4149A9AA84E9D537877F3E2AF274FF3D6.tmp' to '../../../../../../UnrealEngine/MazeGameIB/MazeGameIgaBudnik/Saved/Autosaves/Game/StarterContent/Maps/Main_Auto4.umap'
[2021.01.19-13.55.54:674][615]LogFileHelpers: Editor autosave (incl. sublevels) for '/Game/StarterContent/Maps/Main' took 0.254
[2021.01.19-13.55.54:674][615]LogFileHelpers: Editor autosave (incl. sublevels) for all levels took 0.254
[2021.01.19-14.07.06:571][908]LogSlate: FSceneViewport::OnFocusLost() reason 0
[2021.01.19-14.08.24:264][458]LogSavePackage: Moving '../../../../../../UnrealEngine/MazeGameIB/MazeGameIgaBudnik/Saved/Main_Auto5210D136D437B1E59EF93618B3690691C.tmp' to '../../../../../../UnrealEngine/MazeGameIB/MazeGameIgaBudnik/Saved/Autosaves/Game/StarterContent/Maps/Main_Auto5.umap'
[2021.01.19-14.08.24:270][458]LogFileHelpers: Editor autosave (incl. sublevels) for '/Game/StarterContent/Maps/Main' took 0.262
[2021.01.19-14.08.24:270][458]LogFileHelpers: Editor autosave (incl. sublevels) for all levels took 0.262
[2021.01.19-21.50.12:583][ 53]LogHttp: Warning: 000001AC3EB0E980: request failed, libcurl error: 6 (Couldn't resolve host name)
[2021.01.19-21.50.12:583][ 53]LogHttp: Warning: 000001AC3EB0E980: libcurl info message cache 0 (Connection 36 seems to be dead!)
[2021.01.19-21.50.12:583][ 53]LogHttp: Warning: 000001AC3EB0E980: libcurl info message cache 1 (Closing connection 36)
[2021.01.19-21.50.12:583][ 53]LogHttp: Warning: 000001AC3EB0E980: libcurl info message cache 2 (TLSv1.2 (OUT), TLS alert, Client hello (1):)
[2021.01.19-21.50.12:583][ 53]LogHttp: Warning: 000001AC3EB0E980: libcurl info message cache 3 (Could not resolve host: datarouter.ol.epicgames.com)
[2021.01.19-21.50.12:583][ 53]LogHttp: Warning: 000001AC3EB0E980: libcurl info message cache 4 (Closing connection 37)
[2021.01.19-21.50.27:644][226]LogSlate: FSceneViewport::OnFocusLost() reason 0
[2021.01.19-21.50.29:698][348]LogSlate: FSceneViewport::OnFocusLost() reason 0
[2021.01.20-10.46.38:889][764]LogD3D11RHI: Timed out while waiting for GPU to catch up. (500 ms)
[2021.01.20-16.37.33:977][989]LogSlate: FSceneViewport::OnFocusLost() reason 0
[2021.01.20-16.37.40:897][996]LogSlate: Window 'Save Content' being destroyed
[2021.01.20-16.37.40:959][996]LogSlate: FSceneViewport::OnFocusLost() reason 2
[2021.01.20-16.37.42:135][996]LogSavePackage: Moving '../../../../../../UnrealEngine/MazeGameIB/MazeGameIgaBudnik/Saved/Main106A45E848935D5A848195BBD7B83237.tmp' to '../../../../../../UnrealEngine/MazeGameIB/MazeGameIgaBudnik/Content/StarterContent/Maps/Main.umap'
[2021.01.20-16.37.42:228][996]LogFileHelpers: Saving map 'Main' took 1.234
[2021.01.20-16.37.42:305][996]LogSlate: Window 'Main - Level Blueprint Editor' being destroyed
[2021.01.20-16.37.42:546][996]LogSlate: Window 'MazeGameIgaBudnik - Unreal Editor' being destroyed
[2021.01.20-16.37.42:551][996]LogWindowsTextInputMethodSystem: Display: IME system now deactivated.
[2021.01.20-16.37.43:264][997]Cmd: QUIT_EDITOR
[2021.01.20-16.37.43:795][997]LogExit: Preparing to exit.
[2021.01.20-16.37.46:422][997]LogExit: Editor shut down
[2021.01.20-16.37.46:431][997]LogExit: Transaction tracking system shut down
[2021.01.20-16.37.47:973][997]LogExit: Object subsystem successfully closed.
[2021.01.20-16.37.48:082][997]LogShaderCompilers: Display: Shaders left to compile 0
[2021.01.20-16.37.48:116][997]LogD3D11RHI: Shutdown
[2021.01.20-16.37.48:116][997]LogD3D11RHI: CleanupD3DDevice
[2021.01.20-16.37.48:173][997]LogD3D11RHI: ~FD3D11DynamicRHI
[2021.01.20-16.37.48:482][997]LogModuleManager: Shutting down and abandoning module BlueprintGraph (618)
[2021.01.20-16.37.48:485][997]LogModuleManager: Shutting down and abandoning module HierarchicalLODUtilities (616)
[2021.01.20-16.37.48:486][997]LogModuleManager: Shutting down and abandoning module MovieSceneCapture (614)
[2021.01.20-16.37.48:486][997]LogModuleManager: Shutting down and abandoning module Voice (612)
[2021.01.20-16.37.48:488][997]LogModuleManager: Shutting down and abandoning module StatsViewer (610)
[2021.01.20-16.37.48:492][997]LogModuleManager: Shutting down and abandoning module HierarchicalLODOutliner (608)
[2021.01.20-16.37.48:493][997]LogModuleManager: Shutting down and abandoning module SceneOutliner (606)
[2021.01.20-16.37.48:494][997]LogModuleManager: Shutting down and abandoning module AddContentDialog (604)
[2021.01.20-16.37.48:558][997]LogModuleManager: Shutting down and abandoning module WidgetCarousel (603)
[2021.01.20-16.37.48:558][997]LogModuleManager: Shutting down and abandoning module EditorWidgets (600)
[2021.01.20-16.37.48:558][997]LogModuleManager: Shutting down and abandoning module CollectionManager (598)
[2021.01.20-16.37.48:564][997]LogModuleManager: Shutting down and abandoning module FoliageEdit (596)
[2021.01.20-16.37.48:565][997]LogModuleManager: Shutting down and abandoning module LandscapeEditor (594)
[2021.01.20-16.37.48:574][997]LogModuleManager: Shutting down and abandoning module MeshPaintMode (592)
[2021.01.20-16.37.48:575][997]LogModuleManager: Shutting down and abandoning module SceneDepthPickerMode (590)
[2021.01.20-16.37.48:575][997]LogModuleManager: Shutting down and abandoning module ActorPickerMode (588)
[2021.01.20-16.37.48:575][997]LogModuleManager: Shutting down and abandoning module GeometryMode (586)
[2021.01.20-16.37.48:576][997]LogModuleManager: Shutting down and abandoning module TextureAlignMode (584)
[2021.01.20-16.37.48:576][997]LogModuleManager: Shutting down and abandoning module BspMode (582)
[2021.01.20-16.37.48:577][997]LogModuleManager: Shutting down and abandoning module PIEPreviewDeviceProfileSelector (580)
[2021.01.20-16.37.48:578][997]LogModuleManager: Shutting down and abandoning module SequenceRecorderSections (578)
[2021.01.20-16.37.48:579][997]LogModuleManager: Shutting down and abandoning module AutomationWorker (576)
[2021.01.20-16.37.48:580][997]LogModuleManager: Shutting down and abandoning module AudioCaptureEditor (574)
[2021.01.20-16.37.48:580][997]LogModuleManager: Shutting down and abandoning module SequenceRecorder (573)
[2021.01.20-16.37.48:581][997]LogModuleManager: Shutting down and abandoning module MatineeToLevelSequence (570)
[2021.01.20-16.37.48:583][997]LogModuleManager: Shutting down and abandoning module LevelSequenceEditor (568)
[2021.01.20-16.37.48:591][997]LogModuleManager: Shutting down and abandoning module PlacementMode (567)
[2021.01.20-16.37.48:591][997]LogModuleManager: Shutting down and abandoning module MaterialEditor (566)
[2021.01.20-16.37.48:594][997]LogModuleManager: Shutting down and abandoning module WmfMediaFactory (562)
[2021.01.20-16.37.48:595][997]LogModuleManager: Shutting down and abandoning module WmfMediaEditor (560)
[2021.01.20-16.37.48:595][997]LogModuleManager: Shutting down and abandoning module MediaPlayerEditor (558)
[2021.01.20-16.37.48:597][997]LogModuleManager: Shutting down and abandoning module OpenExrWrapper (556)
[2021.01.20-16.37.48:597][997]LogModuleManager: Shutting down and abandoning module ImgMediaFactory (554)
[2021.01.20-16.37.48:597][997]LogModuleManager: Shutting down and abandoning module ImgMediaEditor (552)
[2021.01.20-16.37.48:598][997]LogModuleManager: Shutting down and abandoning module AvfMediaFactory (550)
[2021.01.20-16.37.48:598][997]LogModuleManager: Shutting down and abandoning module AvfMediaEditor (548)
[2021.01.20-16.37.48:598][997]LogModuleManager: Shutting down and abandoning module AndroidMediaFactory (546)
[2021.01.20-16.37.48:598][997]LogModuleManager: Shutting down and abandoning module AndroidMediaEditor (544)
[2021.01.20-16.37.48:598][997]LogModuleManager: Shutting down and abandoning module MagicLeapCameraPreviewFactory (542)
[2021.01.20-16.37.48:598][997]LogModuleManager: Shutting down and abandoning module MagicLeapMediaFactory (540)
[2021.01.20-16.37.48:598][997]LogModuleManager: Shutting down and abandoning module MagicLeapMediaEditor (538)
[2021.01.20-16.37.48:598][997]LogModuleManager: Shutting down and abandoning module CharacterAI (536)
[2021.01.20-16.37.48:598][997]LogModuleManager: Shutting down and abandoning module SmartSnapping (534)
[2021.01.20-16.37.48:599][997]LogModuleManager: Shutting down and abandoning module SessionServices (532)
[2021.01.20-16.37.48:599][997]LogModuleManager: Shutting down and abandoning module ViewportSnapping (530)
[2021.01.20-16.37.48:599][997]LogModuleManager: Shutting down and abandoning module ViewportInteraction (528)
[2021.01.20-16.37.48:599][997]LogModuleManager: Shutting down and abandoning module ClothPainter (526)
[2021.01.20-16.37.48:603][997]LogModuleManager: Shutting down and abandoning module SkeletalMeshEditor (525)
[2021.01.20-16.37.48:605][997]LogModuleManager: Shutting down and abandoning module LogVisualizer (522)
[2021.01.20-16.37.48:610][997]LogModuleManager: Shutting down and abandoning module IntroTutorials (520)
[2021.01.20-16.37.48:614][997]LogModuleManager: Shutting down and abandoning module GameProjectGeneration (519)
[2021.01.20-16.37.48:616][997]LogModuleManager: Shutting down and abandoning module LuminPlatformEditor (516)
[2021.01.20-16.37.48:616][997]LogModuleManager: Shutting down and abandoning module IOSPlatformEditor (514)
[2021.01.20-16.37.48:616][997]LogModuleManager: Shutting down and abandoning module HTML5PlatformEditor (512)
[2021.01.20-16.37.48:616][997]LogModuleManager: Shutting down and abandoning module AndroidPlatformEditor (510)
[2021.01.20-16.37.48:617][997]LogModuleManager: Shutting down and abandoning module AndroidDeviceDetection (509)
[2021.01.20-16.37.49:443][997]LogModuleManager: Shutting down and abandoning module WindowsPlatformEditor (506)
[2021.01.20-16.37.49:445][997]LogModuleManager: Shutting down and abandoning module LuminRuntimeSettings (504)
[2021.01.20-16.37.49:445][997]LogModuleManager: Shutting down and abandoning module IOSRuntimeSettings (502)
[2021.01.20-16.37.49:445][997]LogModuleManager: Shutting down and abandoning module AndroidRuntimeSettings (500)
[2021.01.20-16.37.49:445][997]LogModuleManager: Shutting down and abandoning module InputBindingEditor (498)
[2021.01.20-16.37.49:447][997]LogModuleManager: Shutting down and abandoning module MergeActors (496)
[2021.01.20-16.37.49:451][997]LogModuleManager: Shutting down and abandoning module LocalizationDashboard (494)
[2021.01.20-16.37.49:455][997]LogModuleManager: Shutting down and abandoning module LocalizationService (493)
[2021.01.20-16.37.49:458][997]LogModuleManager: Shutting down and abandoning module HardwareTargeting (490)
[2021.01.20-16.37.49:458][997]LogModuleManager: Shutting down and abandoning module DeviceProfileEditor (488)
[2021.01.20-16.37.49:459][997]LogModuleManager: Shutting down and abandoning module UndoHistory (486)
[2021.01.20-16.37.49:461][997]LogModuleManager: Shutting down and abandoning module XmlParser (484)
[2021.01.20-16.37.49:464][997]LogModuleManager: Shutting down and abandoning module Blutility (482)
[2021.01.20-16.37.49:465][997]LogModuleManager: Shutting down and abandoning module ProjectSettingsViewer (480)
[2021.01.20-16.37.49:469][997]LogModuleManager: Shutting down and abandoning module ProjectTargetPlatformEditor (479)
[2021.01.20-16.37.49:478][997]LogModuleManager: Shutting down and abandoning module EditorSettingsViewer (476)
[2021.01.20-16.37.49:481][997]LogModuleManager: Shutting down and abandoning module SettingsEditor (474)
[2021.01.20-16.37.49:485][997]LogModuleManager: Shutting down and abandoning module ProjectLauncher (472)
[2021.01.20-16.37.49:489][997]LogModuleManager: Shutting down and abandoning module SessionFrontend (470)
[2021.01.20-16.37.49:492][997]LogModuleManager: Shutting down and abandoning module ProfilerClient (468)
[2021.01.20-16.37.49:493][997]LogModuleManager: Shutting down and abandoning module DeviceManager (466)
[2021.01.20-16.37.49:495][997]LogModuleManager: Shutting down and abandoning module TargetDeviceServices (465)
[2021.01.20-16.37.49:570][997]LogModuleManager: Shutting down and abandoning module AutomationController (462)
[2021.01.20-16.37.49:576][997]LogModuleManager: Shutting down and abandoning module AutomationWindow (460)
[2021.01.20-16.37.49:578][997]LogModuleManager: Shutting down and abandoning module Layers (458)
[2021.01.20-16.37.49:585][997]LogModuleManager: Shutting down and abandoning module ComponentVisualizers (456)
[2021.01.20-16.37.49:585][997]LogModuleManager: Shutting down and abandoning module DetailCustomizations (454)
[2021.01.20-16.37.49:599][997]LogModuleManager: Shutting down and abandoning module PackagesDialog (452)
[2021.01.20-16.37.49:599][997]LogModuleManager: Shutting down and abandoning module Persona (450)
[2021.01.20-16.37.49:616][997]LogModuleManager: Shutting down and abandoning module AdvancedPreviewScene (449)
[2021.01.20-16.37.49:618][997]LogModuleManager: Shutting down and abandoning module AnimGraph (447)
[2021.01.20-16.37.49:619][997]LogModuleManager: Shutting down and abandoning module Kismet (444)
[2021.01.20-16.37.49:723][997]LogModuleManager: Shutting down and abandoning module GraphEditor (442)
[2021.01.20-16.37.49:728][997]LogModuleManager: Shutting down and abandoning module ClassViewer (440)
[2021.01.20-16.37.49:734][997]LogModuleManager: Shutting down and abandoning module Toolbox (438)
[2021.01.20-16.37.49:734][997]LogModuleManager: Shutting down and abandoning module ModuleUI (436)
[2021.01.20-16.37.49:736][997]LogModuleManager: Shutting down and abandoning module MovieSceneTools (434)
[2021.01.20-16.37.49:756][997]LogModuleManager: Shutting down and abandoning module OutputLog (432)
[2021.01.20-16.37.49:758][997]LogModuleManager: Shutting down and abandoning module GammaUI (430)
[2021.01.20-16.37.49:760][997]LogModuleManager: Shutting down and abandoning module Documentation (428)
[2021.01.20-16.37.49:774][997]LogModuleManager: Shutting down and abandoning module MovieSceneTracks (426)
[2021.01.20-16.37.49:776][997]LogModuleManager: Shutting down and abandoning module MovieScene (424)
[2021.01.20-16.37.49:784][997]LogModuleManager: Shutting down and abandoning module StreamingPauseRendering (422)
[2021.01.20-16.37.49:784][997]LogModuleManager: Shutting down and abandoning module LauncherPlatform (420)
[2021.01.20-16.37.49:784][997]LogModuleManager: Shutting down and abandoning module AnalyticsET (418)
[2021.01.20-16.37.49:784][997]LogModuleManager: Shutting down and abandoning module PortalServices (416)
[2021.01.20-16.37.49:785][997]LogModuleManager: Shutting down and abandoning module PortalRpc (414)
[2021.01.20-16.37.49:785][997]LogModuleManager: Shutting down and abandoning module MessagingRpc (412)
[2021.01.20-16.37.49:785][997]LogModuleManager: Shutting down and abandoning module AIModule (410)
[2021.01.20-16.37.49:800][997]LogModuleManager: Shutting down and abandoning module GameplayDebugger (409)
[2021.01.20-16.37.49:804][997]LogModuleManager: Shutting down and abandoning module AITestSuite (407)
[2021.01.20-16.37.49:805][997]LogModuleManager: Shutting down and abandoning module NavigationSystem (405)
[2021.01.20-16.37.49:807][997]LogModuleManager: Shutting down and abandoning module DesktopPlatform (402)
[2021.01.20-16.37.49:811][997]LogModuleManager: Shutting down and abandoning module ProfilerService (400)
[2021.01.20-16.37.50:071][997]LogModuleManager: Shutting down and abandoning module TaskGraph (398)
[2021.01.20-16.37.50:079][997]LogModuleManager: Shutting down and abandoning module SteamVRController (396)
[2021.01.20-16.37.50:079][997]LogModuleManager: Shutting down and abandoning module ProceduralMeshComponentEditor (394)
[2021.01.20-16.37.50:080][997]LogModuleManager: Shutting down and abandoning module ProceduralMeshComponent (392)
[2021.01.20-16.37.50:080][997]LogModuleManager: Shutting down and abandoning module OculusInput (390)
[2021.01.20-16.37.50:080][997]LogModuleManager: Shutting down and abandoning module MobilePatchingUtils (388)
[2021.01.20-16.37.50:080][997]LogModuleManager: Shutting down and abandoning module EditableMesh (386)
[2021.01.20-16.37.50:083][997]LogModuleManager: Shutting down and abandoning module CustomMeshComponent (384)
[2021.01.20-16.37.50:083][997]LogModuleManager: Shutting down and abandoning module CableComponent (382)
[2021.01.20-16.37.50:083][997]LogModuleManager: Shutting down and abandoning module AudioCapture (380)
[2021.01.20-16.37.50:083][997]LogModuleManager: Shutting down and abandoning module ArchVisCharacter (378)
[2021.01.20-16.37.50:083][997]LogModuleManager: Shutting down and abandoning module AndroidPermission (376)
[2021.01.20-16.37.50:084][997]LogModuleManager: Shutting down and abandoning module NUTUnrealEngine4 (374)
[2021.01.20-16.37.50:084][997]LogModuleManager: Shutting down and abandoning module NetcodeUnitTest (372)
[2021.01.20-16.37.50:098][997]LogModuleManager: Shutting down and abandoning module MediaCompositingEditor (370)
[2021.01.20-16.37.50:099][997]LogModuleManager: Shutting down and abandoning module MediaCompositing (368)
[2021.01.20-16.37.50:099][997]LogModuleManager: Shutting down and abandoning module LinearTimecode (366)
[2021.01.20-16.37.50:099][997]LogModuleManager: Shutting down and abandoning module ImgMedia (364)
[2021.01.20-16.37.50:107][997]LogModuleManager: Shutting down and abandoning module HTML5Networking (362)
[2021.01.20-16.37.50:107][997]LogModuleManager: Shutting down and abandoning module GeometryCacheTracks (360)
[2021.01.20-16.37.50:107][997]LogModuleManager: Shutting down and abandoning module GeometryCacheSequencer (358)
[2021.01.20-16.37.50:107][997]LogModuleManager: Shutting down and abandoning module BackChannel (356)
[2021.01.20-16.37.50:108][997]LogModuleManager: Shutting down and abandoning module AppleVision (354)
[2021.01.20-16.37.50:108][997]LogModuleManager: Shutting down and abandoning module AppleImageUtils (352)
[2021.01.20-16.37.50:108][997]LogModuleManager: Shutting down and abandoning module AlembicImporter (350)
[2021.01.20-16.37.50:108][997]LogModuleManager: Shutting down and abandoning module AlembicLibrary (349)
[2021.01.20-16.37.50:111][997]LogModuleManager: Shutting down and abandoning module GeometryCache (348)
[2021.01.20-16.37.50:111][997]LogModuleManager: Shutting down and abandoning module GeometryCacheEd (347)
[2021.01.20-16.37.50:112][997]LogModuleManager: Shutting down and abandoning module DatasmithContentEditor (342)
[2021.01.20-16.37.50:113][997]LogModuleManager: Shutting down and abandoning module DatasmithContent (340)
[2021.01.20-16.37.50:114][997]LogModuleManager: Shutting down and abandoning module SpeedTreeImporter (338)
[2021.01.20-16.37.50:115][997]LogModuleManager: Shutting down and abandoning module PluginBrowser (336)
[2021.01.20-16.37.50:127][997]LogModuleManager: Shutting down and abandoning module MobileLauncherProfileWizard (334)
[2021.01.20-16.37.50:133][997]LogModuleManager: Shutting down and abandoning module PolygonModeling (332)
[2021.01.20-16.37.50:134][997]LogModuleManager: Shutting down and abandoning module MeshEditor (330)
[2021.01.20-16.37.50:137][997]LogModuleManager: Shutting down and abandoning module CryptoKeysOpenSSL (328)
[2021.01.20-16.37.50:138][997]LogModuleManager: Shutting down and abandoning module CryptoKeys (326)
[2021.01.20-16.37.50:138][997]LogModuleManager: Shutting down and abandoning module VisualStudioSourceCodeAccess (324)
[2021.01.20-16.37.50:140][997]LogModuleManager: Shutting down and abandoning module VisualStudioCodeSourceCodeAccess (322)
[2021.01.20-16.37.50:140][997]LogModuleManager: Shutting down and abandoning module UObjectPlugin (320)
[2021.01.20-16.37.50:140][997]LogModuleManager: Shutting down and abandoning module SubversionSourceControl (318)
[2021.01.20-16.37.50:148][997]LogModuleManager: Shutting down and abandoning module PerforceSourceControl (316)
[2021.01.20-16.37.50:158][997]LogModuleManager: Shutting down and abandoning module GitSourceControl (314)
[2021.01.20-16.37.50:166][997]LogModuleManager: Shutting down and abandoning module SourceControl (313)
[2021.01.20-16.37.50:174][997]LogModuleManager: Shutting down and abandoning module CLionSourceCodeAccess (310)
[2021.01.20-16.37.50:176][997]LogModuleManager: Shutting down and abandoning module LightPropagationVolumeEditor (308)
[2021.01.20-16.37.50:176][997]LogModuleManager: Shutting down and abandoning module PaperTiledImporter (306)
[2021.01.20-16.37.50:176][997]LogModuleManager: Shutting down and abandoning module PaperSpriteSheetImporter (304)
[2021.01.20-16.37.50:177][997]LogModuleManager: Shutting down and abandoning module Paper2DEditor (302)
[2021.01.20-16.37.50:194][997]LogModuleManager: Shutting down and abandoning module MeshPaint (301)
[2021.01.20-16.37.50:200][997]LogModuleManager: Shutting down and abandoning module RuntimePhysXCooking (298)
[2021.01.20-16.37.50:200][997]LogModuleManager: Shutting down and abandoning module PhysXVehiclesEditor (296)
[2021.01.20-16.37.50:201][997]LogModuleManager: Shutting down and abandoning module PhysXVehicles (294)
[2021.01.20-16.37.50:201][997]LogModuleManager: Shutting down and abandoning module OculusEditor (292)
[2021.01.20-16.37.50:203][997]LogModuleManager: Shutting down and abandoning module LocationServicesBPLibrary (290)
[2021.01.20-16.37.50:203][997]LogModuleManager: Shutting down and abandoning module ImmediatePhysicsEditor (288)
[2021.01.20-16.37.50:203][997]LogModuleManager: Shutting down and abandoning module ImmediatePhysics (286)
[2021.01.20-16.37.50:204][997]LogModuleManager: Shutting down and abandoning module ActorSequence (284)
[2021.01.20-16.37.50:204][997]LogModuleManager: Shutting down and abandoning module UdpMessaging (282)
[2021.01.20-16.37.50:306][997]LogModuleManager: Shutting down and abandoning module TcpMessaging (280)
[2021.01.20-16.37.50:413][997]LogModuleManager: Shutting down and abandoning module MagicLeapAudio (278)
[2021.01.20-16.37.50:414][997]LogModuleManager: Shutting down and abandoning module GameplayTagsEditor (276)
[2021.01.20-16.37.50:418][997]LogModuleManager: Shutting down and abandoning module FacialAnimationEditor (274)
[2021.01.20-16.37.50:419][997]LogModuleManager: Shutting down and abandoning module FacialAnimation (272)
[2021.01.20-16.37.50:419][997]LogModuleManager: Shutting down and abandoning module DataValidation (270)
[2021.01.20-16.37.50:421][997]LogModuleManager: Shutting down and abandoning module AssetManagerEditor (268)
[2021.01.20-16.37.50:427][997]LogModuleManager: Shutting down and abandoning module LevelEditor (267)
[2021.01.20-16.37.50:461][997]LogModuleManager: Shutting down and abandoning module PixelInspectorModule (266)
[2021.01.20-16.37.50:469][997]LogModuleManager: Shutting down and abandoning module CommonMenuExtensions (264)
[2021.01.20-16.37.50:481][997]LogModuleManager: Shutting down and abandoning module MainFrame (262)
[2021.01.20-16.37.50:482][997]LogModuleManager: Shutting down and abandoning module HotReload (261)
[2021.01.20-16.37.50:488][997]LogModuleManager: Shutting down and abandoning module ContentBrowser (257)
[2021.01.20-16.37.50:523][997]LogModuleManager: Shutting down and abandoning module TreeMap (255)
[2021.01.20-16.37.50:528][997]LogModuleManager: Shutting down and abandoning module LightPropagationVolumeRuntime (252)
[2021.01.20-16.37.50:528][997]LogModuleManager: Shutting down and abandoning module AISupportModule (250)
[2021.01.20-16.37.50:531][997]LogModuleManager: Shutting down and abandoning module Paper2D (248)
[2021.01.20-16.37.50:536][997]LogModuleManager: Shutting down and abandoning module WindowsMoviePlayer (246)
[2021.01.20-16.37.50:549][997]LogModuleManager: Shutting down and abandoning module WmfMedia (244)
[2021.01.20-16.37.50:559][997]LogModuleManager: Shutting down and abandoning module Media (243)
[2021.01.20-16.37.50:569][997]LogModuleManager: Shutting down and abandoning module PacketHandler (240)
[2021.01.20-16.37.50:571][997]LogModuleManager: Shutting down and abandoning module ClothingSystemEditor (238)
[2021.01.20-16.37.50:571][997]LogModuleManager: Shutting down and abandoning module ClothingSystemRuntime (236)
[2021.01.20-16.37.50:586][997]LogModuleManager: Shutting down and abandoning module MediaAssets (234)
[2021.01.20-16.37.50:589][997]LogModuleManager: Shutting down and abandoning module Overlay (232)
[2021.01.20-16.37.50:589][997]LogModuleManager: Shutting down and abandoning module OverlayEditor (231)
[2021.01.20-16.37.50:589][997]LogModuleManager: Shutting down and abandoning module VREditor (228)
[2021.01.20-16.37.50:590][997]LogModuleManager: Shutting down and abandoning module StringTableEditor (226)
[2021.01.20-16.37.50:596][997]LogModuleManager: Shutting down and abandoning module GameplayTasksEditor (224)
[2021.01.20-16.37.50:596][997]LogModuleManager: Shutting down and abandoning module BehaviorTreeEditor (222)
[2021.01.20-16.37.50:608][997]LogModuleManager: Shutting down and abandoning module FunctionalTesting (220)
[2021.01.20-16.37.50:609][997]LogModuleManager: Shutting down and abandoning module CollisionAnalyzer (218)
[2021.01.20-16.37.50:620][997]LogModuleManager: Shutting down and abandoning module WorkspaceMenuStructure (217)
[2021.01.20-16.37.50:628][997]LogModuleManager: Shutting down and abandoning module UMG (214)
[2021.01.20-16.37.50:640][997]LogModuleManager: Shutting down and abandoning module UMGEditor (213)
[2021.01.20-16.37.50:647][997]LogModuleManager: Shutting down and abandoning module Sequencer (212)
[2021.01.20-16.37.50:662][997]LogModuleManager: Shutting down and abandoning module MessageLog (209)
[2021.01.20-16.37.50:662][997]LogModuleManager: Shutting down and abandoning module SlateReflector (204)
[2021.01.20-16.37.50:669][997]LogModuleManager: Shutting down and abandoning module Slate (202)
[2021.01.20-16.37.50:671][997]LogModuleManager: Shutting down and abandoning module EditorStyle (200)
[2021.01.20-16.37.50:766][997]LogModuleManager: Shutting down and abandoning module MRMesh (198)
[2021.01.20-16.37.50:767][997]LogModuleManager: Shutting down and abandoning module SourceCodeAccess (196)
[2021.01.20-16.37.50:769][997]LogModuleManager: Shutting down and abandoning module HeadMountedDisplay (194)
[2021.01.20-16.37.50:770][997]LogModuleManager: Shutting down and abandoning module XAudio2 (192)
[2021.01.20-16.37.50:771][997]LogModuleManager: Shutting down and abandoning module Networking (190)
[2021.01.20-16.37.50:773][997]LogModuleManager: Shutting down and abandoning module Core (188)
[2021.01.20-16.37.50:773][997]LogModuleManager: Shutting down and abandoning module LevelSequence (186)
[2021.01.20-16.37.50:773][997]LogModuleManager: Shutting down and abandoning module KismetCompiler (184)
[2021.01.20-16.37.50:773][997]LogModuleManager: Shutting down and abandoning module MeshUtilities (182)
[2021.01.20-16.37.50:781][997]LogModuleManager: Shutting down and abandoning module MeshMergeUtilities (181)
[2021.01.20-16.37.50:787][997]LogModuleManager: Shutting down and abandoning module MeshReductionInterface (180)
[2021.01.20-16.37.50:788][997]LogModuleManager: Shutting down and abandoning module SimplygonSwarm (179)
[2021.01.20-16.37.50:791][997]LogModuleManager: Shutting down and abandoning module ProxyLODMeshReduction (177)
[2021.01.20-16.37.50:801][997]LogModuleManager: Shutting down and abandoning module SimplygonMeshReduction (175)
[2021.01.20-16.37.50:808][997]LogModuleManager: Shutting down and abandoning module QuadricMeshReduction (173)
[2021.01.20-16.37.50:809][997]LogModuleManager: Shutting down and abandoning module MaterialBaking (169)
[2021.01.20-16.37.50:814][997]LogModuleManager: Shutting down and abandoning module DirectoryWatcher (165)
[2021.01.20-16.37.50:830][997]LogModuleManager: Shutting down and abandoning module DerivedDataCache (162)
[2021.01.20-16.37.50:866][997]LogDerivedDataCache: Shutdown
[2021.01.20-16.37.50:867][997]LogModuleManager: Shutting down and abandoning module XGEController (160)
[2021.01.20-16.37.50:869][997]LogModuleManager: Shutting down and abandoning module TargetPlatform (158)
[2021.01.20-16.37.50:870][997]LogModuleManager: Shutting down and abandoning module VulkanShaderFormat (157)
[2021.01.20-16.37.50:873][997]LogModuleManager: Shutting down and abandoning module ShaderFormatVectorVM (155)
[2021.01.20-16.37.50:873][997]LogModuleManager: Shutting down and abandoning module ShaderFormatOpenGL (153)
[2021.01.20-16.37.50:873][997]LogModuleManager: Shutting down and abandoning module ShaderFormatD3D (151)
[2021.01.20-16.37.50:873][997]LogModuleManager: Shutting down and abandoning module MetalShaderFormat (149)
[2021.01.20-16.37.50:874][997]LogModuleManager: Shutting down and abandoning module TextureFormatUncompressed (147)
[2021.01.20-16.37.50:875][997]LogModuleManager: Shutting down and abandoning module TextureFormatPVR (145)
[2021.01.20-16.37.50:875][997]LogModuleManager: Shutting down and abandoning module TextureFormatDXT (143)
[2021.01.20-16.37.50:876][997]LogModuleManager: Shutting down and abandoning module TextureFormatIntelISPCTexComp (141)
[2021.01.20-16.37.50:878][997]LogModuleManager: Shutting down and abandoning module TextureFormatASTC (139)
[2021.01.20-16.37.50:878][997]LogModuleManager: Shutting down and abandoning module ImageWrapper (138)
[2021.01.20-16.37.50:878][997]LogModuleManager: Shutting down and abandoning module TextureFormatAndroid (135)
[2021.01.20-16.37.50:879][997]LogModuleManager: Shutting down and abandoning module AudioFormatOpus (133)
[2021.01.20-16.37.50:879][997]LogModuleManager: Shutting down and abandoning module AudioFormatOgg (131)
[2021.01.20-16.37.50:879][997]LogModuleManager: Shutting down and abandoning module AudioFormatADPCM (129)
[2021.01.20-16.37.50:879][997]LogModuleManager: Shutting down and abandoning module LuminTargetPlatform (127)
[2021.01.20-16.37.50:879][997]LogModuleManager: Shutting down and abandoning module LinuxTargetPlatform (125)
[2021.01.20-16.37.50:881][997]LogModuleManager: Shutting down and abandoning module LinuxServerTargetPlatform (123)
[2021.01.20-16.37.50:881][997]LogModuleManager: Shutting down and abandoning module LinuxNoEditorTargetPlatform (121)
[2021.01.20-16.37.50:882][997]LogModuleManager: Shutting down and abandoning module LinuxClientTargetPlatform (119)
[2021.01.20-16.37.50:883][997]LogModuleManager: Shutting down and abandoning module TVOSTargetPlatform (117)
[2021.01.20-16.37.50:987][997]LogModuleManager: Shutting down and abandoning module Messaging (115)
[2021.01.20-16.37.50:988][997]LogModuleManager: Shutting down and abandoning module IOSTargetPlatform (113)
[2021.01.20-16.37.51:034][997]LogModuleManager: Shutting down and abandoning module HTML5TargetPlatform (111)
[2021.01.20-16.37.51:034][997]LogModuleManager: Shutting down and abandoning module AndroidTargetPlatform (109)
[2021.01.20-16.37.51:414][997]LogModuleManager: Shutting down and abandoning module WindowsTargetPlatform (107)
[2021.01.20-16.37.51:415][997]LogModuleManager: Shutting down and abandoning module WindowsServerTargetPlatform (105)
[2021.01.20-16.37.51:415][997]LogModuleManager: Shutting down and abandoning module WindowsNoEditorTargetPlatform (103)
[2021.01.20-16.37.51:416][997]LogModuleManager: Shutting down and abandoning module WindowsClientTargetPlatform (101)
[2021.01.20-16.37.51:417][997]LogModuleManager: Shutting down and abandoning module MacTargetPlatform (99)
[2021.01.20-16.37.51:418][997]LogModuleManager: Shutting down and abandoning module MacServerTargetPlatform (97)
[2021.01.20-16.37.51:418][997]LogModuleManager: Shutting down and abandoning module MacNoEditorTargetPlatform (95)
[2021.01.20-16.37.51:418][997]LogModuleManager: Shutting down and abandoning module MacClientTargetPlatform (93)
[2021.01.20-16.37.51:419][997]LogModuleManager: Shutting down and abandoning module AllDesktopTargetPlatform (91)
[2021.01.20-16.37.51:419][997]LogModuleManager: Shutting down and abandoning module InputCore (88)
[2021.01.20-16.37.51:419][997]LogModuleManager: Shutting down and abandoning module Settings (86)
[2021.01.20-16.37.51:421][997]LogModuleManager: Shutting down and abandoning module PhysXCooking (84)
[2021.01.20-16.37.51:421][997]LogModuleManager: Shutting down and abandoning module SteamVR (82)
[2021.01.20-16.37.51:422][997]LogModuleManager: Shutting down and abandoning module OculusHMD (80)
[2021.01.20-16.37.51:423][997]LogModuleManager: Shutting down and abandoning module ExampleDeviceProfileSelector (78)
[2021.01.20-16.37.51:423][997]LogModuleManager: Shutting down and abandoning module LauncherChunkInstaller (76)
[2021.01.20-16.37.51:423][997]LogModuleManager: Shutting down and abandoning module OnlineBlueprintSupport (74)
[2021.01.20-16.37.51:423][997]LogModuleManager: Shutting down and abandoning module OnlineSubsystem (70)
[2021.01.20-16.37.51:431][997]LogModuleManager: Shutting down and abandoning module XMPP (65)
[2021.01.20-16.37.51:436][997]LogModuleManager: Shutting down and abandoning module WebSockets (64)
[2021.01.20-16.37.51:463][997]LogModuleManager: Shutting down and abandoning module HTTP (61)
[2021.01.20-16.37.51:465][997]LogHttp: Display: Http module shutting down, but needs to wait on 1 outstanding Http requests:
[2021.01.20-16.37.51:465][997]LogHttp: Display: 	verb=[POST] url=[https://datarouter.ol.epicgames.com/datarouter/api/v1/public/data?SessionID=%7B2C7D6070-4F89-E41E-8450-BEBA3A7F4EDC%7D&AppID=UEEditor.Rocket.Release&AppVersion=4.20.3-4369336%2B%2B%2BUE4%2BRelease-4.20&UserID=d7d3e7284b8a7f87e79664ad512aebe5%7C7ede1786c189451d8c8b058b8a6f1116%7C87cbad50-ee9d-4bb5-a81d-6bac323f0805&AppEnvironment=datacollector-binary&UploadType=eteventstream] status=Processing
[2021.01.20-16.37.51:492][997]LogModuleManager: Shutting down and abandoning module SSL (60)
[2021.01.20-16.37.51:506][997]LogModuleManager: Shutting down and abandoning module MagicLeapEmulator (56)
[2021.01.20-16.37.51:507][997]LogModuleManager: Shutting down and abandoning module MagicLeapPrivileges (54)
[2021.01.20-16.37.51:507][997]LogModuleManager: Shutting down and abandoning module MagicLeapIdentity (52)
[2021.01.20-16.37.51:507][997]LogModuleManager: Shutting down and abandoning module MagicLeapHelperVulkan (50)
[2021.01.20-16.37.51:507][997]LogModuleManager: Shutting down and abandoning module MagicLeapHelperOpenGL (48)
[2021.01.20-16.37.51:507][997]LogModuleManager: Shutting down and abandoning module MagicLeapSecureStorage (46)
[2021.01.20-16.37.51:507][997]LogModuleManager: Shutting down and abandoning module MagicLeapGestures (44)
[2021.01.20-16.37.51:508][997]LogModuleManager: Shutting down and abandoning module MagicLeapEyeTracker (42)
[2021.01.20-16.37.51:508][997]LogModuleManager: Shutting down and abandoning module MagicLeapController (40)
[2021.01.20-16.37.51:511][997]LogSlate: Slate User Destroyed.  User Index 0, Is Virtual User: 0
[2021.01.20-16.37.51:511][997]LogModuleManager: Shutting down and abandoning module MagicLeap (38)
[2021.01.20-16.37.51:514][997]LogModuleManager: Shutting down and abandoning module AnimationModifiers (36)
[2021.01.20-16.37.51:516][997]LogModuleManager: Shutting down and abandoning module PropertyEditor (35)
[2021.01.20-16.37.51:521][997]LogModuleManager: Shutting down and abandoning module AudioEditor (32)
[2021.01.20-16.37.51:523][997]LogModuleManager: Shutting down and abandoning module TextureCompressor (30)
[2021.01.20-16.37.51:530][997]LogModuleManager: Shutting down and abandoning module ShaderCore (28)
[2021.01.20-16.37.51:530][997]LogModuleManager: Shutting down and abandoning module Landscape (26)
[2021.01.20-16.37.51:530][997]LogModuleManager: Shutting down and abandoning module SlateRHIRenderer (24)
[2021.01.20-16.37.51:549][997]LogModuleManager: Shutting down and abandoning module OpenGLDrv (22)
[2021.01.20-16.37.51:551][997]LogModuleManager: Shutting down and abandoning module D3D11RHI (20)
[2021.01.20-16.37.51:551][997]LogModuleManager: Shutting down and abandoning module AnimGraphRuntime (18)
[2021.01.20-16.37.51:551][997]LogModuleManager: Shutting down and abandoning module Renderer (16)
[2021.01.20-16.37.51:551][997]LogModuleManager: Shutting down and abandoning module Engine (14)
[2021.01.20-16.37.51:552][997]LogModuleManager: Shutting down and abandoning module CoreUObject (12)
[2021.01.20-16.37.51:552][997]LogModuleManager: Shutting down and abandoning module NetworkFile (10)
[2021.01.20-16.37.51:552][997]LogModuleManager: Shutting down and abandoning module CookedIterativeFile (8)
[2021.01.20-16.37.51:552][997]LogModuleManager: Shutting down and abandoning module StreamingFile (6)
[2021.01.20-16.37.51:553][997]LogModuleManager: Shutting down and abandoning module SandboxFile (4)
[2021.01.20-16.37.51:553][997]LogModuleManager: Shutting down and abandoning module PakFile (2)
[2021.01.20-16.37.51:570][997]LogExit: Exiting.
[2021.01.20-16.37.51:637][997]Log file closed, 01/20/21 17:37:51
