Log file open, 10/13/20 14:46:02
LogWindows: Failed to load 'aqProf.dll' (GetLastError=126)
LogWindows: File 'aqProf.dll' does not exist
LogWindows: Failed to load 'VSPerf140.dll' (GetLastError=126)
LogWindows: File 'VSPerf140.dll' does not exist
LogWindows: Failed to load 'VtuneApi.dll' (GetLastError=126)
LogWindows: File 'VtuneApi.dll' does not exist
LogWindows: Failed to load 'VtuneApi32e.dll' (GetLastError=126)
LogWindows: File 'VtuneApi32e.dll' does not exist
LogInit: Display: Running engine for game: Zadanie01IgaBudnik
LogPlatformFile: Not using cached read wrapper
LogTaskGraph: Started task graph with 5 named threads and 23 total threads with 3 sets of task threads.
LogStats: Stats thread started at 0.275819
LogD3D11RHI: Loaded GFSDK_Aftermath_Lib.x64.dll
LogICUInternationalization: Display: ICU TimeZone Detection - Raw Offset: +1:00, Platform Override: ''
LogPluginManager: Mounting plugin Paper2D
LogPluginManager: Mounting plugin AISupport
LogPluginManager: Mounting plugin LightPropagationVolume
LogPluginManager: Mounting plugin CLionSourceCodeAccess
LogPluginManager: Mounting plugin CodeLiteSourceCodeAccess
LogPluginManager: Mounting plugin GitSourceControl
LogPluginManager: Mounting plugin KDevelopSourceCodeAccess
LogPluginManager: Mounting plugin NullSourceCodeAccess
LogPluginManager: Mounting plugin PerforceSourceControl
LogPluginManager: Mounting plugin SubversionSourceControl
LogPluginManager: Mounting plugin UObjectPlugin
LogPluginManager: Mounting plugin VisualStudioCodeSourceCodeAccess
LogPluginManager: Mounting plugin VisualStudioSourceCodeAccess
LogPluginManager: Mounting plugin XCodeSourceCodeAccess
LogPluginManager: Mounting plugin AssetManagerEditor
LogPluginManager: Mounting plugin CryptoKeys
LogPluginManager: Mounting plugin DataValidation
LogPluginManager: Mounting plugin FacialAnimation
LogPluginManager: Mounting plugin GameplayTagsEditor
LogPluginManager: Mounting plugin MacGraphicsSwitching
LogPluginManager: Mounting plugin MeshEditor
LogPluginManager: Mounting plugin MobileLauncherProfileWizard
LogPluginManager: Mounting plugin PluginBrowser
LogPluginManager: Mounting plugin SpeedTreeImporter
LogPluginManager: Mounting plugin DatasmithContent
LogPluginManager: Mounting plugin AlembicImporter
LogPluginManager: Mounting plugin AppleImageUtils
LogPluginManager: Mounting plugin AppleVision
LogPluginManager: Mounting plugin BackChannel
LogPluginManager: Mounting plugin CharacterAI
LogPluginManager: Mounting plugin GeometryCache
LogPluginManager: Mounting plugin HTML5Networking
LogPluginManager: Mounting plugin ProxyLODPlugin
LogPluginManager: Mounting plugin MagicLeap
LogPluginManager: Mounting plugin MagicLeapEmulator
LogPluginManager: Mounting plugin MagicLeapMedia
LogPluginManager: Mounting plugin AndroidMedia
LogPluginManager: Mounting plugin AvfMedia
LogPluginManager: Mounting plugin ImgMedia
LogPluginManager: Mounting plugin LinearTimecode
LogPluginManager: Mounting plugin MediaCompositing
LogPluginManager: Mounting plugin MediaPlayerEditor
LogPluginManager: Mounting plugin WmfMedia
LogPluginManager: Mounting plugin TcpMessaging
LogPluginManager: Mounting plugin UdpMessaging
LogPluginManager: Mounting plugin ActorSequence
LogPluginManager: Mounting plugin LevelSequenceEditor
LogPluginManager: Mounting plugin MatineeToLevelSequence
LogPluginManager: Mounting plugin NetcodeUnitTest
LogPluginManager: Mounting plugin NUTUnrealEngine4
LogPluginManager: Mounting plugin OnlineSubsystemGooglePlay
LogPluginManager: Mounting plugin OnlineSubsystemIOS
LogPluginManager: Mounting plugin OnlineSubsystem
LogPluginManager: Mounting plugin OnlineSubsystemNull
LogPluginManager: Mounting plugin OnlineSubsystemUtils
LogPluginManager: Mounting plugin LauncherChunkInstaller
LogPluginManager: Mounting plugin AndroidDeviceProfileSelector
LogPluginManager: Mounting plugin AndroidMoviePlayer
LogPluginManager: Mounting plugin AndroidPermission
LogPluginManager: Mounting plugin AppleMoviePlayer
LogPluginManager: Mounting plugin ArchVisCharacter
LogPluginManager: Mounting plugin AudioCapture
LogPluginManager: Mounting plugin CableComponent
LogPluginManager: Mounting plugin CustomMeshComponent
LogPluginManager: Mounting plugin EditableMesh
LogPluginManager: Mounting plugin ExampleDeviceProfileSelector
LogPluginManager: Mounting plugin GoogleCloudMessaging
LogPluginManager: Mounting plugin ImmediatePhysics
LogPluginManager: Mounting plugin IOSDeviceProfileSelector
LogPluginManager: Mounting plugin LinuxDeviceProfileSelector
LogPluginManager: Mounting plugin LocationServicesBPLibrary
LogPluginManager: Mounting plugin MobilePatchingUtils
LogPluginManager: Mounting plugin OculusVR
LogPluginManager: Plugin shader directory ../../../Engine/Plugins/Runtime/Oculus/OculusVR/Shaders found
LogPluginManager: Mapping shader source directory ../../../Engine/Plugins/Runtime/Oculus/OculusVR/Shaders to virtual directory /Plugin/OculusVR
LogPluginManager: Mounting plugin PhysXVehicles
LogPluginManager: Mounting plugin ProceduralMeshComponent
LogPluginManager: Mounting plugin RuntimePhysXCooking
LogPluginManager: Mounting plugin SteamVR
LogPluginManager: Mounting plugin WindowsMoviePlayer
LogStreaming: Display: Took  0.139s to configure plugins.
LogInit: Using libcurl 7.55.1-DEV
LogInit:  - built for x86_64-pc-win32
LogInit:  - supports SSL with OpenSSL/1.0.2h
LogInit:  - supports HTTP deflate (compression) using libz 1.2.8
LogInit:  - other features:
LogInit:      CURL_VERSION_SSL
LogInit:      CURL_VERSION_LIBZ
LogInit:      CURL_VERSION_IPV6
LogInit:      CURL_VERSION_ASYNCHDNS
LogInit:      CURL_VERSION_LARGEFILE
LogInit:      CURL_VERSION_IDN
LogInit:  CurlRequestOptions (configurable via config and command line):
LogInit:  - bVerifyPeer = false  - Libcurl will NOT verify peer certificate
LogInit:  - bUseHttpProxy = false  - Libcurl will NOT use HTTP proxy
LogInit:  - bDontReuseConnections = false  - Libcurl will reuse connections
LogInit:  - CertBundlePath = nullptr  - Libcurl will use whatever was configured at build time.
LogInit:  - MaxHostConnections = 16  - Libcurl will limit the number of connections to a host
LogInit:  - LocalHostAddr = Default
LogInit:  - BufferSize = 65536
LogInit: WinSock: version 1.1 (2.2), MaxSocks=32767, MaxUdp=65467
LogInit: Build: ++UE4+Release-4.20-CL-4369336
LogInit: Engine Version: 4.20.3-4369336+++UE4+Release-4.20
LogInit: Compatible Engine Version: 4.20.0-4212847+++UE4+Release-4.20
LogInit: Net CL: 4212847
LogInit: OS: Windows 10 (), CPU: Intel(R) Core(TM) i5-8300H CPU @ 2.30GHz, GPU: Intel(R) UHD Graphics 630
LogInit: Compiled (64-bit): Sep 17 2018 12:26:19
LogInit: Compiled with Visual C++: 19.13.26129.00
LogInit: Build Configuration: Development
LogInit: Branch Name: ++UE4+Release-4.20
LogInit: Command Line: 
LogInit: Base Directory: C:/Program Files/Epic Games/UE_4.20/Engine/Binaries/Win64/
LogInit: Installed Engine Build: 1
LogDevObjectVersion: Number of dev versions registered: 20
LogDevObjectVersion:   Dev-Blueprints (B0D832E4-1F89-4F0D-ACCF-7EB736FD4AA2): 10
LogDevObjectVersion:   Dev-Build (E1C64328-A22C-4D53-A36C-8E866417BD8C): 0
LogDevObjectVersion:   Dev-Core (375EC13C-06E4-48FB-B500-84F0262A717E): 2
LogDevObjectVersion:   Dev-Editor (E4B068ED-F494-42E9-A231-DA0B2E46BB41): 24
LogDevObjectVersion:   Dev-Framework (CFFC743F-43B0-4480-9391-14DF171D2073): 34
LogDevObjectVersion:   Dev-Mobile (B02B49B5-BB20-44E9-A304-32B752E40360): 2
LogDevObjectVersion:   Dev-Networking (A4E4105C-59A1-49B5-A7C5-40C4547EDFEE): 0
LogDevObjectVersion:   Dev-Online (39C831C9-5AE6-47DC-9A44-9C173E1C8E7C): 0
LogDevObjectVersion:   Dev-Physics (78F01B33-EBEA-4F98-B9B4-84EACCB95AA2): 0
LogDevObjectVersion:   Dev-Platform (6631380F-2D4D-43E0-8009-CF276956A95A): 0
LogDevObjectVersion:   Dev-Rendering (12F88B9F-8875-4AFC-A67C-D90C383ABD29): 26
LogDevObjectVersion:   Dev-Sequencer (7B5AE74C-D270-4C10-A958-57980B212A5A): 9
LogDevObjectVersion:   Dev-VR (D7296918-1DD6-4BDD-9DE2-64A83CC13884): 2
LogDevObjectVersion:   Dev-LoadTimes (C2A15278-BFE7-4AFE-6C17-90FF531DF755): 1
LogDevObjectVersion:   Private-Geometry (6EACA3D4-40EC-4CC1-B786-8BED09428FC5): 3
LogDevObjectVersion:   Dev-AnimPhys (29E575DD-E0A3-4627-9D10-D276232CDCEA): 17
LogDevObjectVersion:   Dev-ReflectionCapture (6B266CEC-1EC7-4B8F-A30B-E4D90942FC07): 1
LogDevObjectVersion:   Dev-Automation (0DF73D61-A23F-47EA-B727-89E90C41499A): 1
LogDevObjectVersion:   FortniteMain (601D1886-AC64-4F84-AA16-D3DE0DEAC7D6): 12
LogDevObjectVersion:   Dev-Enterprise (9DFFBCD6-494F-0158-E221-12823C92A888): 1
LogStreaming: Display: Took  0.000s to delete old logs.
LogInit: Presizing for max 8388607 objects, including 0 objects not considered by GC, pre-allocating 0 bytes for permanent pool.
LogInit: Object subsystem initialized
[2020.10.13-12.46.03:285][  0]LogInit: Selected Device Profile: [Windows]
[2020.10.13-12.46.03:285][  0]LogInit: Applying CVar settings loaded from the selected device profile: [Windows]
[2020.10.13-12.46.03:292][  0]LogHAL: Display: Platform has ~ 8 GB [8458031104 / 8589934592 / 8], which maps to Default [LargestMinGB=32, LargerMinGB=12, DefaultMinGB=8, SmallerMinGB=6, SmallestMinGB=0)
[2020.10.13-12.46.03:292][  0]LogInit: Setting Device Profile CVar: [[r.Vulkan.UseRealUBs:1]]
[2020.10.13-12.46.03:292][  0]LogInit: Going up to parent DeviceProfile []
[2020.10.13-12.46.03:293][  0]LogInit: Computer: DESKTOP-L4EJC2M
[2020.10.13-12.46.03:293][  0]LogInit: User: niech
[2020.10.13-12.46.03:293][  0]LogInit: CPU Page size=4096, Cores=4
[2020.10.13-12.46.03:293][  0]LogInit: High frequency timer resolution =10.000000 MHz
[2020.10.13-12.46.03:293][  0]LogMemory: Memory total: Physical=7.9GB (8GB approx)
[2020.10.13-12.46.03:293][  0]LogMemory: Platform Memory Stats for Windows
[2020.10.13-12.46.03:293][  0]LogMemory: Process Physical Memory: 101.03 MB used, 101.04 MB peak
[2020.10.13-12.46.03:293][  0]LogMemory: Process Virtual Memory: 89.34 MB used, 89.34 MB peak
[2020.10.13-12.46.03:293][  0]LogMemory: Physical Memory: 6523.75 MB used,  1542.46 MB free, 8066.21 MB total
[2020.10.13-12.46.03:293][  0]LogMemory: Virtual Memory: 4612.66 MB used,  1542.46 MB free, 134217728.00 MB total
[2020.10.13-12.46.03:313][  0]LogInit: Using OS detected language (pl-PL).
[2020.10.13-12.46.03:314][  0]LogInit: Using OS detected locale (pl-PL).
[2020.10.13-12.46.03:315][  0]LogTextLocalizationManager: No specific localization for 'pl-PL' exists, so the 'pl' localization will be used.
[2020.10.13-12.46.03:317][  0]LogStreaming: Display: Took  0.004s to InitEngineTextLocalization.
[2020.10.13-12.46.03:317][  0]LogInit: Setting process to per monitor DPI aware
[2020.10.13-12.46.03:355][  0]LogSlate: New Slate User Created.  User Index 0, Is Virtual User: 0
[2020.10.13-12.46.03:355][  0]LogSlate: Slate User Registered.  User Index 0, Is Virtual User: 0
[2020.10.13-12.46.03:645][  0]LogHMD: Failed to initialize OpenVR with code 110
[2020.10.13-12.46.03:645][  0]LogD3D11RHI: D3D11 adapters:
[2020.10.13-12.46.03:711][  0]LogD3D11RHI:    0. 'NVIDIA GeForce GTX 1050' (Feature Level 11_0)
[2020.10.13-12.46.03:711][  0]LogD3D11RHI:       4021/0/4033 MB DedicatedVideo/DedicatedSystem/SharedSystem, Outputs:1, VendorId:0x10de
[2020.10.13-12.46.03:733][  0]LogD3D11RHI:    1. 'Intel(R) UHD Graphics 630' (Feature Level 11_0)
[2020.10.13-12.46.03:733][  0]LogD3D11RHI:       128/0/4033 MB DedicatedVideo/DedicatedSystem/SharedSystem, Outputs:0, VendorId:0x8086
[2020.10.13-12.46.03:735][  0]LogD3D11RHI:    2. 'Microsoft Basic Render Driver' (Feature Level 11_0)
[2020.10.13-12.46.03:735][  0]LogD3D11RHI:       0/0/4033 MB DedicatedVideo/DedicatedSystem/SharedSystem, Outputs:0, VendorId:0x1414
[2020.10.13-12.46.03:735][  0]LogD3D11RHI: Chosen D3D11 Adapter: 0
[2020.10.13-12.46.03:776][  0]LogD3D11RHI: Creating new Direct3DDevice
[2020.10.13-12.46.03:776][  0]LogD3D11RHI:     GPU DeviceId: 0x1c8d (for the marketing name, search the web for "GPU Device Id")
[2020.10.13-12.46.03:776][  0]LogWindows: EnumDisplayDevices:
[2020.10.13-12.46.03:776][  0]LogWindows:    0. 'Intel(R) UHD Graphics 630' (P:1 D:1)
[2020.10.13-12.46.03:776][  0]LogWindows:    1. 'Intel(R) UHD Graphics 630' (P:0 D:0)
[2020.10.13-12.46.03:777][  0]LogWindows:    2. 'Intel(R) UHD Graphics 630' (P:0 D:0)
[2020.10.13-12.46.03:777][  0]LogWindows: DebugString: PrimaryIsNotTheChoosenAdapter PrimaryIsNotTheChoosenAdapter PrimaryIsNotTheChoosenAdapter FoundDriverCount:0 
[2020.10.13-12.46.03:777][  0]LogD3D11RHI:     Adapter Name: NVIDIA GeForce GTX 1050
[2020.10.13-12.46.03:777][  0]LogD3D11RHI:   Driver Version: Unknown (internal:Unknown, unified:Unknown)
[2020.10.13-12.46.03:777][  0]LogD3D11RHI:      Driver Date: Unknown
[2020.10.13-12.46.03:777][  0]LogRHI: Texture pool is 2814 MB (70% of 4021 MB)
[2020.10.13-12.46.03:816][  0]LogD3D11RHI: Async texture creation enabled
[2020.10.13-12.46.03:827][  0]LogD3D11RHI: GPU Timing Frequency: 1000.000000 (Debug: 2 1)
[2020.10.13-12.46.03:829][  0]LogShaderCompilers: Guid format shader working directory is -15 characters bigger than the processId version (../../../../../../UnrealEngine/MazeGameIB/Zadanie01IgaBudnik/Intermediate/Shaders/WorkingDirectory/19532/).
[2020.10.13-12.46.03:829][  0]LogShaderCompilers: Cleaned the shader compiler working directory 'C:/Users/niech/AppData/Local/Temp/UnrealShaderWorkingDir/8C1B0A1F4FD02F9EF0A2458B27F899DD/'.
[2020.10.13-12.46.04:142][  0]LogTemp: Display: Loaded TP AllDesktopTargetPlatform
[2020.10.13-12.46.04:155][  0]LogTemp: Display: Loaded TP MacClientTargetPlatform
[2020.10.13-12.46.04:166][  0]LogTemp: Display: Loaded TP MacNoEditorTargetPlatform
[2020.10.13-12.46.04:179][  0]LogTemp: Display: Loaded TP MacServerTargetPlatform
[2020.10.13-12.46.04:192][  0]LogTemp: Display: Loaded TP MacTargetPlatform
[2020.10.13-12.46.04:206][  0]LogTemp: Display: Loaded TP WindowsClientTargetPlatform
[2020.10.13-12.46.04:219][  0]LogTemp: Display: Loaded TP WindowsNoEditorTargetPlatform
[2020.10.13-12.46.04:232][  0]LogTemp: Display: Loaded TP WindowsServerTargetPlatform
[2020.10.13-12.46.04:238][  0]LogTemp: Display: Loaded TP WindowsTargetPlatform
[2020.10.13-12.46.04:311][  0]LogTemp: Display: Loaded TP AndroidTargetPlatform
[2020.10.13-12.46.04:311][  0]LogTemp: Display: Loaded TP AndroidTargetPlatform
[2020.10.13-12.46.04:311][  0]LogTemp: Display: Loaded TP AndroidTargetPlatform
[2020.10.13-12.46.04:311][  0]LogTemp: Display: Loaded TP AndroidTargetPlatform
[2020.10.13-12.46.04:311][  0]LogTemp: Display: Loaded TP AndroidTargetPlatform
[2020.10.13-12.46.04:311][  0]LogTemp: Display: Loaded TP AndroidTargetPlatform
[2020.10.13-12.46.04:312][  0]LogTemp: Display: Loaded TP AndroidTargetPlatform
[2020.10.13-12.46.04:312][  0]LogTemp: Display: Loaded TP AndroidTargetPlatform
[2020.10.13-12.46.04:312][  0]LogTemp: Display: Loaded TP AndroidTargetPlatform
[2020.10.13-12.46.04:312][  0]LogTemp: Display: Loaded TP AndroidTargetPlatform
[2020.10.13-12.46.04:312][  0]LogTemp: Display: Loaded TP AndroidTargetPlatform
[2020.10.13-12.46.04:312][  0]LogTemp: Display: Loaded TP AndroidTargetPlatform
[2020.10.13-12.46.04:312][  0]LogTemp: Display: Loaded TP AndroidTargetPlatform
[2020.10.13-12.46.04:312][  0]LogTemp: Display: Loaded TP AndroidTargetPlatform
[2020.10.13-12.46.04:312][  0]LogTemp: Display: Loaded TP AndroidTargetPlatform
[2020.10.13-12.46.04:312][  0]LogTemp: Display: Loaded TP AndroidTargetPlatform
[2020.10.13-12.46.04:312][  0]LogTemp: Display: Loaded TP AndroidTargetPlatform
[2020.10.13-12.46.04:312][  0]LogTemp: Display: Loaded TP AndroidTargetPlatform
[2020.10.13-12.46.04:313][  0]LogTemp: Display: Loaded TP HTML5TargetPlatform
[2020.10.13-12.46.04:371][  0]LogTemp: Display: Loaded TP IOSTargetPlatform
[2020.10.13-12.46.04:371][  0]LogTemp: Display: Loaded TP IOSTargetPlatform
[2020.10.13-12.46.04:391][  0]LogTemp: Display: Loaded TP TVOSTargetPlatform
[2020.10.13-12.46.04:391][  0]LogTemp: Display: Loaded TP TVOSTargetPlatform
[2020.10.13-12.46.04:402][  0]LogTemp: Display: Loaded TP LinuxClientTargetPlatform
[2020.10.13-12.46.04:413][  0]LogTemp: Display: Loaded TP LinuxNoEditorTargetPlatform
[2020.10.13-12.46.04:424][  0]LogTemp: Display: Loaded TP LinuxServerTargetPlatform
[2020.10.13-12.46.04:435][  0]LogTemp: Display: Loaded TP LinuxTargetPlatform
[2020.10.13-12.46.04:443][  0]LogTemp: Display: Loaded TP LuminTargetPlatform
[2020.10.13-12.46.04:443][  0]LogTargetPlatformManager: Display: Building Assets For Windows
[2020.10.13-12.46.04:506][  0]LogXGEController: Cannot use XGE Controller as Incredibuild is not installed on this machine.
[2020.10.13-12.46.04:507][  0]LogShaderCompilers: Cannot use XGE Shader Compiler as Incredibuild is not installed on this machine.
[2020.10.13-12.46.04:507][  0]LogShaderCompilers: Display: Using Local Shader Compiler.
[2020.10.13-12.46.05:277][  0]LogDerivedDataCache: Display: Max Cache Size: 512 MB
[2020.10.13-12.46.05:324][  0]LogDerivedDataCache: Loaded boot cache 0.05s 71MB C:/Users/niech/AppData/Local/UnrealEngine/4.20/DerivedDataCache/Boot.ddc.
[2020.10.13-12.46.05:324][  0]LogDerivedDataCache: Display: Loaded Boot cache: C:/Users/niech/AppData/Local/UnrealEngine/4.20/DerivedDataCache/Boot.ddc
[2020.10.13-12.46.05:324][  0]LogDerivedDataCache: FDerivedDataBackendGraph:  Pak pak cache file ../../../../../../UnrealEngine/MazeGameIB/Zadanie01IgaBudnik/DerivedDataCache/DDC.ddp not found, will not use a pak cache.
[2020.10.13-12.46.05:324][  0]LogDerivedDataCache: Unable to find inner node Pak for hierarchical cache Hierarchy.
[2020.10.13-12.46.05:324][  0]LogDerivedDataCache: FDerivedDataBackendGraph:  CompressedPak pak cache file ../../../../../../UnrealEngine/MazeGameIB/Zadanie01IgaBudnik/DerivedDataCache/Compressed.ddp not found, will not use a pak cache.
[2020.10.13-12.46.05:324][  0]LogDerivedDataCache: Unable to find inner node CompressedPak for hierarchical cache Hierarchy.
[2020.10.13-12.46.05:337][  0]LogDerivedDataCache: Display: Pak cache opened for reading ../../../Engine/DerivedDataCache/Compressed.ddp.
[2020.10.13-12.46.05:349][  0]LogDerivedDataCache: Using Local data cache path C:/Users/niech/AppData/Local/UnrealEngine/Common/DerivedDataCache: Writable
[2020.10.13-12.46.05:349][  0]LogDerivedDataCache: Shared data cache path not found in *engine.ini, will not use an Shared cache.
[2020.10.13-12.46.05:349][  0]LogDerivedDataCache: Unable to find inner node Shared for hierarchical cache Hierarchy.
[2020.10.13-12.46.05:365][  0]LogMaterial: Verifying Global Shaders for PCD3D_SM5
[2020.10.13-12.46.05:366][  0]LogSlate: Using FreeType 2.6.0
[2020.10.13-12.46.05:367][  0]LogSlate: SlateFontServices - WITH_FREETYPE: 1, WITH_HARFBUZZ: 1
[2020.10.13-12.46.05:445][  0]LogAssetRegistry: FAssetRegistry took 0.0251 seconds to start up
[2020.10.13-12.46.05:739][  0]LogInit: Selected Device Profile: [Windows]
[2020.10.13-12.46.05:867][  0]LogSimplygon: Simplygon DLL not present - disabling.
[2020.10.13-12.46.05:872][  0]LogMeshReduction: Using SimplygonSwarm for distributed automatic mesh merging
[2020.10.13-12.46.05:872][  0]LogMeshReduction: Using ProxyLODMeshReduction for automatic mesh merging
[2020.10.13-12.46.05:872][  0]LogMeshReduction: Using QuadricMeshReduction for automatic static mesh reduction
[2020.10.13-12.46.05:872][  0]LogMeshReduction: No automatic skeletal mesh reduction module available
[2020.10.13-12.46.05:889][  0]LogNetVersion: Zadanie01IgaBudnik 1.0.0, NetCL: 4212847, EngineNetVer: 5, GameNetVer: 0 (Checksum: 2151953312)
[2020.10.13-12.46.06:361][  0]LogPackageLocalizationCache: Processed 11 localized package path(s) for 2 prioritized culture(s) in 0.086249 seconds
[2020.10.13-12.46.06:367][  0]LogUObjectArray: 38425 objects as part of root set at end of initial load.
[2020.10.13-12.46.06:367][  0]LogUObjectAllocator: 6690864 out of 0 bytes used by permanent object pool.
[2020.10.13-12.46.06:367][  0]LogUObjectArray: CloseDisregardForGC: 0/0 objects in disregard for GC pool
[2020.10.13-12.46.07:257][  0]LogTcpMessaging: Initializing TcpMessaging bridge
[2020.10.13-12.46.07:278][  0]LogUdpMessaging: Initializing bridge on interface 0.0.0.0:0 to multicast group 230.0.0.1:6666.
[2020.10.13-12.46.07:418][  0]SourceControl: Source control is disabled
[2020.10.13-12.46.07:418][  0]SourceControl: Source control is disabled
[2020.10.13-12.46.07:420][  0]SourceControl: Source control is disabled
[2020.10.13-12.46.07:420][  0]SourceControl: Source control is disabled
[2020.10.13-12.46.07:585][  0]LogAndroidPermission: UAndroidPermissionCallbackProxy::GetInstance
[2020.10.13-12.46.07:654][  0]LogOcInput: OculusInput pre-init called
[2020.10.13-12.46.07:710][  0]LogEngine: Initializing Engine...
[2020.10.13-12.46.07:711][  0]LogHMD: Failed to initialize OpenVR with code 110
[2020.10.13-12.46.07:712][  0]LogStats: UGameplayTagsManager::ConstructGameplayTagTree: ImportINI prefixes -  0.000 s
[2020.10.13-12.46.07:712][  0]LogStats: UGameplayTagsManager::ConstructGameplayTagTree: Construct from data asset -  0.000 s
[2020.10.13-12.46.07:712][  0]LogStats: UGameplayTagsManager::ConstructGameplayTagTree: ImportINI -  0.000 s
[2020.10.13-12.46.07:712][  0]LogStats: UGameplayTagsManager::ConstructGameplayTagTree: GameplayTagTreeChangedEvent.Broadcast -  0.000 s
[2020.10.13-12.46.07:904][  0]LogInit: Initializing FReadOnlyCVARCache
[2020.10.13-12.46.07:919][  0]LogAIModule: Creating AISystem for world Untitled
[2020.10.13-12.46.07:939][  0]LogInit: XAudio2 using 'Głośniki (Realtek(R) Audio)' : 2 channels at 48 kHz using 16 bits per sample (channel mask 0x3)
[2020.10.13-12.46.07:964][  0]LogInit: FAudioDevice initialized.
[2020.10.13-12.46.07:964][  0]LogNetVersion: Set ProjectVersion to 1.0.0.0. Version Checksum will be recalculated on next use.
[2020.10.13-12.46.08:041][  0]LogDerivedDataCache: Saved boot cache 0.08s 71MB C:/Users/niech/AppData/Local/UnrealEngine/4.20/DerivedDataCache/Boot.ddc.
[2020.10.13-12.46.08:046][  0]LogInit: Texture streaming: Enabled
[2020.10.13-12.46.08:065][  0]LogEngineSessionManager: EngineSessionManager initialized
[2020.10.13-12.46.08:078][  0]LogInit: Transaction tracking system initialized
[2020.10.13-12.46.08:103][  0]BlueprintLog: New page: Editor Load
[2020.10.13-12.46.08:223][  0]LocalizationService: Localization service is disabled
[2020.10.13-12.46.08:495][  0]LogFileCache: Scanning file cache for directory 'C:/UnrealEngine/MazeGameIB/Zadanie01IgaBudnik/Content/' took 0.01s
[2020.10.13-12.46.08:495][  0]LogCook: Display: Max memory allowance for cook 16384mb min free memory 0mb
[2020.10.13-12.46.08:495][  0]LogCook: Display: Mobile HDR setting 1
[2020.10.13-12.46.08:495][  0]LogGameplayTags: Display: UGameplayTagsManager::DoneAddingNativeTags. DelegateIsBound: 0
[2020.10.13-12.46.08:495][  0]LogStats: UGameplayTagsManager::ConstructGameplayTagTree: ImportINI prefixes -  0.000 s
[2020.10.13-12.46.08:495][  0]LogStats: UGameplayTagsManager::ConstructGameplayTagTree: Construct from data asset -  0.000 s
[2020.10.13-12.46.08:496][  0]LogStats: UGameplayTagsManager::ConstructGameplayTagTree: ImportINI -  0.000 s
[2020.10.13-12.46.08:496][  0]LogStats: UGameplayTagsManager::ConstructGameplayTagTree: GameplayTagTreeChangedEvent.Broadcast -  0.000 s
[2020.10.13-12.46.08:640][  0]SourceControl: Source control is disabled
[2020.10.13-12.46.08:642][  0]LogFactory: FactoryCreateFile: PackFactory with PackFactory (0 0 C:/Program Files/Epic Games/UE_4.20/FeaturePacks/StarterContent.upack)
[2020.10.13-12.46.08:648][  0]LogPackFactory: Finished extracting 8 files (including 0 errors).
[2020.10.13-12.46.08:650][  0]LogPackFactory: Copied "../../../Samples/StarterContent/Content/StarterContent/Architecture/Floor_400x400.uasset" to "../../../../../../UnrealEngine/MazeGameIB/Zadanie01IgaBudnik/Content/StarterContent/Architecture/Floor_400x400.uasset"
[2020.10.13-12.46.08:651][  0]LogPackFactory: Copied "../../../Samples/StarterContent/Content/StarterContent/Architecture/Pillar_50x500.uasset" to "../../../../../../UnrealEngine/MazeGameIB/Zadanie01IgaBudnik/Content/StarterContent/Architecture/Pillar_50x500.uasset"
[2020.10.13-12.46.08:656][  0]LogPackFactory: Copied "../../../Samples/StarterContent/Content/StarterContent/Architecture/SM_AssetPlatform.uasset" to "../../../../../../UnrealEngine/MazeGameIB/Zadanie01IgaBudnik/Content/StarterContent/Architecture/SM_AssetPlatform.uasset"
[2020.10.13-12.46.08:657][  0]LogPackFactory: Copied "../../../Samples/StarterContent/Content/StarterContent/Architecture/Wall_400x200.uasset" to "../../../../../../UnrealEngine/MazeGameIB/Zadanie01IgaBudnik/Content/StarterContent/Architecture/Wall_400x200.uasset"
[2020.10.13-12.46.08:659][  0]LogPackFactory: Copied "../../../Samples/StarterContent/Content/StarterContent/Architecture/Wall_400x300.uasset" to "../../../../../../UnrealEngine/MazeGameIB/Zadanie01IgaBudnik/Content/StarterContent/Architecture/Wall_400x300.uasset"
[2020.10.13-12.46.08:660][  0]LogPackFactory: Copied "../../../Samples/StarterContent/Content/StarterContent/Architecture/Wall_400x400.uasset" to "../../../../../../UnrealEngine/MazeGameIB/Zadanie01IgaBudnik/Content/StarterContent/Architecture/Wall_400x400.uasset"
[2020.10.13-12.46.08:661][  0]LogPackFactory: Copied "../../../Samples/StarterContent/Content/StarterContent/Architecture/Wall_500x500.uasset" to "../../../../../../UnrealEngine/MazeGameIB/Zadanie01IgaBudnik/Content/StarterContent/Architecture/Wall_500x500.uasset"
[2020.10.13-12.46.08:663][  0]LogPackFactory: Copied "../../../Samples/StarterContent/Content/StarterContent/Architecture/Wall_Door_400x300.uasset" to "../../../../../../UnrealEngine/MazeGameIB/Zadanie01IgaBudnik/Content/StarterContent/Architecture/Wall_Door_400x300.uasset"
[2020.10.13-12.46.08:664][  0]LogPackFactory: Copied "../../../Samples/StarterContent/Content/StarterContent/Architecture/Wall_Door_400x400.uasset" to "../../../../../../UnrealEngine/MazeGameIB/Zadanie01IgaBudnik/Content/StarterContent/Architecture/Wall_Door_400x400.uasset"
[2020.10.13-12.46.08:665][  0]LogPackFactory: Copied "../../../Samples/StarterContent/Content/StarterContent/Architecture/Wall_Window_400x300.uasset" to "../../../../../../UnrealEngine/MazeGameIB/Zadanie01IgaBudnik/Content/StarterContent/Architecture/Wall_Window_400x300.uasset"
[2020.10.13-12.46.08:667][  0]LogPackFactory: Copied "../../../Samples/StarterContent/Content/StarterContent/Architecture/Wall_Window_400x400.uasset" to "../../../../../../UnrealEngine/MazeGameIB/Zadanie01IgaBudnik/Content/StarterContent/Architecture/Wall_Window_400x400.uasset"
[2020.10.13-12.46.08:672][  0]LogPackFactory: Copied "../../../Samples/StarterContent/Content/StarterContent/Audio/Collapse01.uasset" to "../../../../../../UnrealEngine/MazeGameIB/Zadanie01IgaBudnik/Content/StarterContent/Audio/Collapse01.uasset"
[2020.10.13-12.46.08:676][  0]LogPackFactory: Copied "../../../Samples/StarterContent/Content/StarterContent/Audio/Collapse02.uasset" to "../../../../../../UnrealEngine/MazeGameIB/Zadanie01IgaBudnik/Content/StarterContent/Audio/Collapse02.uasset"
[2020.10.13-12.46.08:677][  0]LogPackFactory: Copied "../../../Samples/StarterContent/Content/StarterContent/Audio/Collapse_Cue.uasset" to "../../../../../../UnrealEngine/MazeGameIB/Zadanie01IgaBudnik/Content/StarterContent/Audio/Collapse_Cue.uasset"
[2020.10.13-12.46.08:680][  0]LogPackFactory: Copied "../../../Samples/StarterContent/Content/StarterContent/Audio/Explosion01.uasset" to "../../../../../../UnrealEngine/MazeGameIB/Zadanie01IgaBudnik/Content/StarterContent/Audio/Explosion01.uasset"
[2020.10.13-12.46.08:683][  0]LogPackFactory: Copied "../../../Samples/StarterContent/Content/StarterContent/Audio/Explosion02.uasset" to "../../../../../../UnrealEngine/MazeGameIB/Zadanie01IgaBudnik/Content/StarterContent/Audio/Explosion02.uasset"
[2020.10.13-12.46.08:685][  0]LogPackFactory: Copied "../../../Samples/StarterContent/Content/StarterContent/Audio/Explosion_Cue.uasset" to "../../../../../../UnrealEngine/MazeGameIB/Zadanie01IgaBudnik/Content/StarterContent/Audio/Explosion_Cue.uasset"
[2020.10.13-12.46.08:690][  0]LogPackFactory: Copied "../../../Samples/StarterContent/Content/StarterContent/Audio/Fire01.uasset" to "../../../../../../UnrealEngine/MazeGameIB/Zadanie01IgaBudnik/Content/StarterContent/Audio/Fire01.uasset"
[2020.10.13-12.46.08:691][  0]LogPackFactory: Copied "../../../Samples/StarterContent/Content/StarterContent/Audio/Fire01_Cue.uasset" to "../../../../../../UnrealEngine/MazeGameIB/Zadanie01IgaBudnik/Content/StarterContent/Audio/Fire01_Cue.uasset"
[2020.10.13-12.46.08:697][  0]LogPackFactory: Copied "../../../Samples/StarterContent/Content/StarterContent/Audio/Fire_Sparks01.uasset" to "../../../../../../UnrealEngine/MazeGameIB/Zadanie01IgaBudnik/Content/StarterContent/Audio/Fire_Sparks01.uasset"
[2020.10.13-12.46.08:698][  0]LogPackFactory: Copied "../../../Samples/StarterContent/Content/StarterContent/Audio/Fire_Sparks01_Cue.uasset" to "../../../../../../UnrealEngine/MazeGameIB/Zadanie01IgaBudnik/Content/StarterContent/Audio/Fire_Sparks01_Cue.uasset"
[2020.10.13-12.46.08:702][  0]LogPackFactory: Copied "../../../Samples/StarterContent/Content/StarterContent/Audio/Light01.uasset" to "../../../../../../UnrealEngine/MazeGameIB/Zadanie01IgaBudnik/Content/StarterContent/Audio/Light01.uasset"
[2020.10.13-12.46.08:703][  0]LogPackFactory: Copied "../../../Samples/StarterContent/Content/StarterContent/Audio/Light01_Cue.uasset" to "../../../../../../UnrealEngine/MazeGameIB/Zadanie01IgaBudnik/Content/StarterContent/Audio/Light01_Cue.uasset"
[2020.10.13-12.46.08:706][  0]LogPackFactory: Copied "../../../Samples/StarterContent/Content/StarterContent/Audio/Light02.uasset" to "../../../../../../UnrealEngine/MazeGameIB/Zadanie01IgaBudnik/Content/StarterContent/Audio/Light02.uasset"
[2020.10.13-12.46.08:707][  0]LogPackFactory: Copied "../../../Samples/StarterContent/Content/StarterContent/Audio/Light02_Cue.uasset" to "../../../../../../UnrealEngine/MazeGameIB/Zadanie01IgaBudnik/Content/StarterContent/Audio/Light02_Cue.uasset"
[2020.10.13-12.46.08:711][  0]LogPackFactory: Copied "../../../Samples/StarterContent/Content/StarterContent/Audio/Smoke01.uasset" to "../../../../../../UnrealEngine/MazeGameIB/Zadanie01IgaBudnik/Content/StarterContent/Audio/Smoke01.uasset"
[2020.10.13-12.46.08:713][  0]LogPackFactory: Copied "../../../Samples/StarterContent/Content/StarterContent/Audio/Smoke01_Cue.uasset" to "../../../../../../UnrealEngine/MazeGameIB/Zadanie01IgaBudnik/Content/StarterContent/Audio/Smoke01_Cue.uasset"
[2020.10.13-12.46.08:714][  0]LogPackFactory: Copied "../../../Samples/StarterContent/Content/StarterContent/Audio/Starter_Background_Cue.uasset" to "../../../../../../UnrealEngine/MazeGameIB/Zadanie01IgaBudnik/Content/StarterContent/Audio/Starter_Background_Cue.uasset"
[2020.10.13-12.46.08:727][  0]LogPackFactory: Copied "../../../Samples/StarterContent/Content/StarterContent/Audio/Starter_Birds01.uasset" to "../../../../../../UnrealEngine/MazeGameIB/Zadanie01IgaBudnik/Content/StarterContent/Audio/Starter_Birds01.uasset"
[2020.10.13-12.46.08:759][  0]LogPackFactory: Copied "../../../Samples/StarterContent/Content/StarterContent/Audio/Starter_Music01.uasset" to "../../../../../../UnrealEngine/MazeGameIB/Zadanie01IgaBudnik/Content/StarterContent/Audio/Starter_Music01.uasset"
[2020.10.13-12.46.08:761][  0]LogPackFactory: Copied "../../../Samples/StarterContent/Content/StarterContent/Audio/Starter_Music_Cue.uasset" to "../../../../../../UnrealEngine/MazeGameIB/Zadanie01IgaBudnik/Content/StarterContent/Audio/Starter_Music_Cue.uasset"
[2020.10.13-12.46.08:775][  0]LogPackFactory: Copied "../../../Samples/StarterContent/Content/StarterContent/Audio/Starter_Wind05.uasset" to "../../../../../../UnrealEngine/MazeGameIB/Zadanie01IgaBudnik/Content/StarterContent/Audio/Starter_Wind05.uasset"
[2020.10.13-12.46.08:784][  0]LogPackFactory: Copied "../../../Samples/StarterContent/Content/StarterContent/Audio/Starter_Wind06.uasset" to "../../../../../../UnrealEngine/MazeGameIB/Zadanie01IgaBudnik/Content/StarterContent/Audio/Starter_Wind06.uasset"
[2020.10.13-12.46.08:790][  0]LogPackFactory: Copied "../../../Samples/StarterContent/Content/StarterContent/Audio/Steam01.uasset" to "../../../../../../UnrealEngine/MazeGameIB/Zadanie01IgaBudnik/Content/StarterContent/Audio/Steam01.uasset"
[2020.10.13-12.46.08:791][  0]LogPackFactory: Copied "../../../Samples/StarterContent/Content/StarterContent/Audio/Steam01_Cue.uasset" to "../../../../../../UnrealEngine/MazeGameIB/Zadanie01IgaBudnik/Content/StarterContent/Audio/Steam01_Cue.uasset"
[2020.10.13-12.46.08:794][  0]LogPackFactory: Copied "../../../Samples/StarterContent/Content/StarterContent/Blueprints/Blueprint_CeilingLight.uasset" to "../../../../../../UnrealEngine/MazeGameIB/Zadanie01IgaBudnik/Content/StarterContent/Blueprints/Blueprint_CeilingLight.uasset"
[2020.10.13-12.46.08:795][  0]LogPackFactory: Copied "../../../Samples/StarterContent/Content/StarterContent/Blueprints/Blueprint_Effect_Explosion.uasset" to "../../../../../../UnrealEngine/MazeGameIB/Zadanie01IgaBudnik/Content/StarterContent/Blueprints/Blueprint_Effect_Explosion.uasset"
[2020.10.13-12.46.08:796][  0]LogPackFactory: Copied "../../../Samples/StarterContent/Content/StarterContent/Blueprints/Blueprint_Effect_Fire.uasset" to "../../../../../../UnrealEngine/MazeGameIB/Zadanie01IgaBudnik/Content/StarterContent/Blueprints/Blueprint_Effect_Fire.uasset"
[2020.10.13-12.46.08:798][  0]LogPackFactory: Copied "../../../Samples/StarterContent/Content/StarterContent/Blueprints/Blueprint_Effect_Smoke.uasset" to "../../../../../../UnrealEngine/MazeGameIB/Zadanie01IgaBudnik/Content/StarterContent/Blueprints/Blueprint_Effect_Smoke.uasset"
[2020.10.13-12.46.08:799][  0]LogPackFactory: Copied "../../../Samples/StarterContent/Content/StarterContent/Blueprints/Blueprint_Effect_Sparks.uasset" to "../../../../../../UnrealEngine/MazeGameIB/Zadanie01IgaBudnik/Content/StarterContent/Blueprints/Blueprint_Effect_Sparks.uasset"
[2020.10.13-12.46.08:801][  0]LogPackFactory: Copied "../../../Samples/StarterContent/Content/StarterContent/Blueprints/Blueprint_Effect_Steam.uasset" to "../../../../../../UnrealEngine/MazeGameIB/Zadanie01IgaBudnik/Content/StarterContent/Blueprints/Blueprint_Effect_Steam.uasset"
[2020.10.13-12.46.08:803][  0]LogPackFactory: Copied "../../../Samples/StarterContent/Content/StarterContent/Blueprints/Blueprint_WallSconce.uasset" to "../../../../../../UnrealEngine/MazeGameIB/Zadanie01IgaBudnik/Content/StarterContent/Blueprints/Blueprint_WallSconce.uasset"
[2020.10.13-12.46.08:808][  0]LogPackFactory: Copied "../../../Samples/StarterContent/Content/StarterContent/Blueprints/BP_LightStudio.uasset" to "../../../../../../UnrealEngine/MazeGameIB/Zadanie01IgaBudnik/Content/StarterContent/Blueprints/BP_LightStudio.uasset"
[2020.10.13-12.46.08:810][  0]LogPackFactory: Copied "../../../Samples/StarterContent/Content/StarterContent/Blueprints/Assets/FogBrightnessLUT.uasset" to "../../../../../../UnrealEngine/MazeGameIB/Zadanie01IgaBudnik/Content/StarterContent/Blueprints/Assets/FogBrightnessLUT.uasset"
[2020.10.13-12.46.08:811][  0]LogPackFactory: Copied "../../../Samples/StarterContent/Content/StarterContent/Blueprints/Assets/M_LightStage_Arrows.uasset" to "../../../../../../UnrealEngine/MazeGameIB/Zadanie01IgaBudnik/Content/StarterContent/Blueprints/Assets/M_LightStage_Arrows.uasset"
[2020.10.13-12.46.08:813][  0]LogPackFactory: Copied "../../../Samples/StarterContent/Content/StarterContent/Blueprints/Assets/M_LightStage_Skybox_Black.uasset" to "../../../../../../UnrealEngine/MazeGameIB/Zadanie01IgaBudnik/Content/StarterContent/Blueprints/Assets/M_LightStage_Skybox_Black.uasset"
[2020.10.13-12.46.08:815][  0]LogPackFactory: Copied "../../../Samples/StarterContent/Content/StarterContent/Blueprints/Assets/M_LightStage_Skybox_HDRI.uasset" to "../../../../../../UnrealEngine/MazeGameIB/Zadanie01IgaBudnik/Content/StarterContent/Blueprints/Assets/M_LightStage_Skybox_HDRI.uasset"
[2020.10.13-12.46.08:818][  0]LogPackFactory: Copied "../../../Samples/StarterContent/Content/StarterContent/Blueprints/Assets/M_LightStage_Skybox_Master.uasset" to "../../../../../../UnrealEngine/MazeGameIB/Zadanie01IgaBudnik/Content/StarterContent/Blueprints/Assets/M_LightStage_Skybox_Master.uasset"
[2020.10.13-12.46.08:824][  0]LogPackFactory: Copied "../../../Samples/StarterContent/Content/StarterContent/Blueprints/Assets/Skybox.uasset" to "../../../../../../UnrealEngine/MazeGameIB/Zadanie01IgaBudnik/Content/StarterContent/Blueprints/Assets/Skybox.uasset"
[2020.10.13-12.46.08:828][  0]LogPackFactory: Copied "../../../Samples/StarterContent/Content/StarterContent/Blueprints/Assets/SM_Arrows.uasset" to "../../../../../../UnrealEngine/MazeGameIB/Zadanie01IgaBudnik/Content/StarterContent/Blueprints/Assets/SM_Arrows.uasset"
[2020.10.13-12.46.08:829][  0]LogPackFactory: Copied "../../../Samples/StarterContent/Content/StarterContent/Blueprints/Assets/SunlightColorLUT.uasset" to "../../../../../../UnrealEngine/MazeGameIB/Zadanie01IgaBudnik/Content/StarterContent/Blueprints/Assets/SunlightColorLUT.uasset"
[2020.10.13-12.46.09:076][  0]LogPackFactory: Copied "../../../Samples/StarterContent/Content/StarterContent/HDRI/HDRI_Epic_Courtyard_Daylight.uasset" to "../../../../../../UnrealEngine/MazeGameIB/Zadanie01IgaBudnik/Content/StarterContent/HDRI/HDRI_Epic_Courtyard_Daylight.uasset"
[2020.10.13-12.46.09:078][  0]LogPackFactory: Copied "../../../Samples/StarterContent/Content/StarterContent/Maps/Advanced_Lighting.umap" to "../../../../../../UnrealEngine/MazeGameIB/Zadanie01IgaBudnik/Content/StarterContent/Maps/Advanced_Lighting.umap"
[2020.10.13-12.46.09:088][  0]LogPackFactory: Copied "../../../Samples/StarterContent/Content/StarterContent/Maps/Advanced_Lighting_BuiltData.uasset" to "../../../../../../UnrealEngine/MazeGameIB/Zadanie01IgaBudnik/Content/StarterContent/Maps/Advanced_Lighting_BuiltData.uasset"
[2020.10.13-12.46.09:093][  0]LogPackFactory: Copied "../../../Samples/StarterContent/Content/StarterContent/Maps/Minimal_Default.umap" to "../../../../../../UnrealEngine/MazeGameIB/Zadanie01IgaBudnik/Content/StarterContent/Maps/Minimal_Default.umap"
[2020.10.13-12.46.09:107][  0]LogPackFactory: Copied "../../../Samples/StarterContent/Content/StarterContent/Maps/Minimal_Default_BuiltData.uasset" to "../../../../../../UnrealEngine/MazeGameIB/Zadanie01IgaBudnik/Content/StarterContent/Maps/Minimal_Default_BuiltData.uasset"
[2020.10.13-12.46.09:112][  0]LogPackFactory: Copied "../../../Samples/StarterContent/Content/StarterContent/Maps/StarterMap.umap" to "../../../../../../UnrealEngine/MazeGameIB/Zadanie01IgaBudnik/Content/StarterContent/Maps/StarterMap.umap"
[2020.10.13-12.46.09:186][  0]LogPackFactory: Copied "../../../Samples/StarterContent/Content/StarterContent/Maps/StarterMap_BuiltData.uasset" to "../../../../../../UnrealEngine/MazeGameIB/Zadanie01IgaBudnik/Content/StarterContent/Maps/StarterMap_BuiltData.uasset"
[2020.10.13-12.46.09:188][  0]LogPackFactory: Copied "../../../Samples/StarterContent/Content/StarterContent/Materials/M_AssetPlatform.uasset" to "../../../../../../UnrealEngine/MazeGameIB/Zadanie01IgaBudnik/Content/StarterContent/Materials/M_AssetPlatform.uasset"
[2020.10.13-12.46.09:190][  0]LogPackFactory: Copied "../../../Samples/StarterContent/Content/StarterContent/Materials/M_Basic_Floor.uasset" to "../../../../../../UnrealEngine/MazeGameIB/Zadanie01IgaBudnik/Content/StarterContent/Materials/M_Basic_Floor.uasset"
[2020.10.13-12.46.09:192][  0]LogPackFactory: Copied "../../../Samples/StarterContent/Content/StarterContent/Materials/M_Basic_Wall.uasset" to "../../../../../../UnrealEngine/MazeGameIB/Zadanie01IgaBudnik/Content/StarterContent/Materials/M_Basic_Wall.uasset"
[2020.10.13-12.46.09:194][  0]LogPackFactory: Copied "../../../Samples/StarterContent/Content/StarterContent/Materials/M_Brick_Clay_Beveled.uasset" to "../../../../../../UnrealEngine/MazeGameIB/Zadanie01IgaBudnik/Content/StarterContent/Materials/M_Brick_Clay_Beveled.uasset"
[2020.10.13-12.46.09:196][  0]LogPackFactory: Copied "../../../Samples/StarterContent/Content/StarterContent/Materials/M_Brick_Clay_New.uasset" to "../../../../../../UnrealEngine/MazeGameIB/Zadanie01IgaBudnik/Content/StarterContent/Materials/M_Brick_Clay_New.uasset"
[2020.10.13-12.46.09:198][  0]LogPackFactory: Copied "../../../Samples/StarterContent/Content/StarterContent/Materials/M_Brick_Clay_Old.uasset" to "../../../../../../UnrealEngine/MazeGameIB/Zadanie01IgaBudnik/Content/StarterContent/Materials/M_Brick_Clay_Old.uasset"
[2020.10.13-12.46.09:200][  0]LogPackFactory: Copied "../../../Samples/StarterContent/Content/StarterContent/Materials/M_Brick_Cut_Stone.uasset" to "../../../../../../UnrealEngine/MazeGameIB/Zadanie01IgaBudnik/Content/StarterContent/Materials/M_Brick_Cut_Stone.uasset"
[2020.10.13-12.46.09:202][  0]LogPackFactory: Copied "../../../Samples/StarterContent/Content/StarterContent/Materials/M_Brick_Hewn_Stone.uasset" to "../../../../../../UnrealEngine/MazeGameIB/Zadanie01IgaBudnik/Content/StarterContent/Materials/M_Brick_Hewn_Stone.uasset"
[2020.10.13-12.46.09:205][  0]LogPackFactory: Copied "../../../Samples/StarterContent/Content/StarterContent/Materials/M_Ceramic_Tile_Checker.uasset" to "../../../../../../UnrealEngine/MazeGameIB/Zadanie01IgaBudnik/Content/StarterContent/Materials/M_Ceramic_Tile_Checker.uasset"
[2020.10.13-12.46.09:207][  0]LogPackFactory: Copied "../../../Samples/StarterContent/Content/StarterContent/Materials/M_CobbleStone_Pebble.uasset" to "../../../../../../UnrealEngine/MazeGameIB/Zadanie01IgaBudnik/Content/StarterContent/Materials/M_CobbleStone_Pebble.uasset"
[2020.10.13-12.46.09:211][  0]LogPackFactory: Copied "../../../Samples/StarterContent/Content/StarterContent/Materials/M_CobbleStone_Rough.uasset" to "../../../../../../UnrealEngine/MazeGameIB/Zadanie01IgaBudnik/Content/StarterContent/Materials/M_CobbleStone_Rough.uasset"
[2020.10.13-12.46.09:215][  0]LogPackFactory: Copied "../../../Samples/StarterContent/Content/StarterContent/Materials/M_CobbleStone_Smooth.uasset" to "../../../../../../UnrealEngine/MazeGameIB/Zadanie01IgaBudnik/Content/StarterContent/Materials/M_CobbleStone_Smooth.uasset"
[2020.10.13-12.46.09:217][  0]LogPackFactory: Copied "../../../Samples/StarterContent/Content/StarterContent/Materials/M_ColorGrid_LowSpec.uasset" to "../../../../../../UnrealEngine/MazeGameIB/Zadanie01IgaBudnik/Content/StarterContent/Materials/M_ColorGrid_LowSpec.uasset"
[2020.10.13-12.46.09:220][  0]LogPackFactory: Copied "../../../Samples/StarterContent/Content/StarterContent/Materials/M_Concrete_Grime.uasset" to "../../../../../../UnrealEngine/MazeGameIB/Zadanie01IgaBudnik/Content/StarterContent/Materials/M_Concrete_Grime.uasset"
[2020.10.13-12.46.09:222][  0]LogPackFactory: Copied "../../../Samples/StarterContent/Content/StarterContent/Materials/M_Concrete_Panels.uasset" to "../../../../../../UnrealEngine/MazeGameIB/Zadanie01IgaBudnik/Content/StarterContent/Materials/M_Concrete_Panels.uasset"
[2020.10.13-12.46.09:225][  0]LogPackFactory: Copied "../../../Samples/StarterContent/Content/StarterContent/Materials/M_Concrete_Poured.uasset" to "../../../../../../UnrealEngine/MazeGameIB/Zadanie01IgaBudnik/Content/StarterContent/Materials/M_Concrete_Poured.uasset"
[2020.10.13-12.46.09:229][  0]LogPackFactory: Copied "../../../Samples/StarterContent/Content/StarterContent/Materials/M_Concrete_Tiles.uasset" to "../../../../../../UnrealEngine/MazeGameIB/Zadanie01IgaBudnik/Content/StarterContent/Materials/M_Concrete_Tiles.uasset"
[2020.10.13-12.46.09:231][  0]LogPackFactory: Copied "../../../Samples/StarterContent/Content/StarterContent/Materials/M_Glass.uasset" to "../../../../../../UnrealEngine/MazeGameIB/Zadanie01IgaBudnik/Content/StarterContent/Materials/M_Glass.uasset"
[2020.10.13-12.46.09:234][  0]LogPackFactory: Copied "../../../Samples/StarterContent/Content/StarterContent/Materials/M_Ground_Grass.uasset" to "../../../../../../UnrealEngine/MazeGameIB/Zadanie01IgaBudnik/Content/StarterContent/Materials/M_Ground_Grass.uasset"
[2020.10.13-12.46.09:237][  0]LogPackFactory: Copied "../../../Samples/StarterContent/Content/StarterContent/Materials/M_Ground_Gravel.uasset" to "../../../../../../UnrealEngine/MazeGameIB/Zadanie01IgaBudnik/Content/StarterContent/Materials/M_Ground_Gravel.uasset"
[2020.10.13-12.46.09:239][  0]LogPackFactory: Copied "../../../Samples/StarterContent/Content/StarterContent/Materials/M_Ground_Moss.uasset" to "../../../../../../UnrealEngine/MazeGameIB/Zadanie01IgaBudnik/Content/StarterContent/Materials/M_Ground_Moss.uasset"
[2020.10.13-12.46.09:242][  0]LogPackFactory: Copied "../../../Samples/StarterContent/Content/StarterContent/Materials/M_Metal_Brushed_Nickel.uasset" to "../../../../../../UnrealEngine/MazeGameIB/Zadanie01IgaBudnik/Content/StarterContent/Materials/M_Metal_Brushed_Nickel.uasset"
[2020.10.13-12.46.09:244][  0]LogPackFactory: Copied "../../../Samples/StarterContent/Content/StarterContent/Materials/M_Metal_Burnished_Steel.uasset" to "../../../../../../UnrealEngine/MazeGameIB/Zadanie01IgaBudnik/Content/StarterContent/Materials/M_Metal_Burnished_Steel.uasset"
[2020.10.13-12.46.09:246][  0]LogPackFactory: Copied "../../../Samples/StarterContent/Content/StarterContent/Materials/M_Metal_Chrome.uasset" to "../../../../../../UnrealEngine/MazeGameIB/Zadanie01IgaBudnik/Content/StarterContent/Materials/M_Metal_Chrome.uasset"
[2020.10.13-12.46.09:249][  0]LogPackFactory: Copied "../../../Samples/StarterContent/Content/StarterContent/Materials/M_Metal_Copper.uasset" to "../../../../../../UnrealEngine/MazeGameIB/Zadanie01IgaBudnik/Content/StarterContent/Materials/M_Metal_Copper.uasset"
[2020.10.13-12.46.09:252][  0]LogPackFactory: Copied "../../../Samples/StarterContent/Content/StarterContent/Materials/M_Metal_Gold.uasset" to "../../../../../../UnrealEngine/MazeGameIB/Zadanie01IgaBudnik/Content/StarterContent/Materials/M_Metal_Gold.uasset"
[2020.10.13-12.46.09:260][  0]LogPackFactory: Copied "../../../Samples/StarterContent/Content/StarterContent/Materials/M_Metal_Rust.uasset" to "../../../../../../UnrealEngine/MazeGameIB/Zadanie01IgaBudnik/Content/StarterContent/Materials/M_Metal_Rust.uasset"
[2020.10.13-12.46.09:268][  0]LogPackFactory: Copied "../../../Samples/StarterContent/Content/StarterContent/Materials/M_Metal_Steel.uasset" to "../../../../../../UnrealEngine/MazeGameIB/Zadanie01IgaBudnik/Content/StarterContent/Materials/M_Metal_Steel.uasset"
[2020.10.13-12.46.09:275][  0]LogPackFactory: Copied "../../../Samples/StarterContent/Content/StarterContent/Materials/M_Rock_Basalt.uasset" to "../../../../../../UnrealEngine/MazeGameIB/Zadanie01IgaBudnik/Content/StarterContent/Materials/M_Rock_Basalt.uasset"
[2020.10.13-12.46.09:283][  0]LogPackFactory: Copied "../../../Samples/StarterContent/Content/StarterContent/Materials/M_Rock_Marble_Polished.uasset" to "../../../../../../UnrealEngine/MazeGameIB/Zadanie01IgaBudnik/Content/StarterContent/Materials/M_Rock_Marble_Polished.uasset"
[2020.10.13-12.46.09:290][  0]LogPackFactory: Copied "../../../Samples/StarterContent/Content/StarterContent/Materials/M_Rock_Sandstone.uasset" to "../../../../../../UnrealEngine/MazeGameIB/Zadanie01IgaBudnik/Content/StarterContent/Materials/M_Rock_Sandstone.uasset"
[2020.10.13-12.46.09:297][  0]LogPackFactory: Copied "../../../Samples/StarterContent/Content/StarterContent/Materials/M_Rock_Slate.uasset" to "../../../../../../UnrealEngine/MazeGameIB/Zadanie01IgaBudnik/Content/StarterContent/Materials/M_Rock_Slate.uasset"
[2020.10.13-12.46.09:304][  0]LogPackFactory: Copied "../../../Samples/StarterContent/Content/StarterContent/Materials/M_Tech_Checker_Dot.uasset" to "../../../../../../UnrealEngine/MazeGameIB/Zadanie01IgaBudnik/Content/StarterContent/Materials/M_Tech_Checker_Dot.uasset"
[2020.10.13-12.46.09:312][  0]LogPackFactory: Copied "../../../Samples/StarterContent/Content/StarterContent/Materials/M_Tech_Hex_Tile.uasset" to "../../../../../../UnrealEngine/MazeGameIB/Zadanie01IgaBudnik/Content/StarterContent/Materials/M_Tech_Hex_Tile.uasset"
[2020.10.13-12.46.09:321][  0]LogPackFactory: Copied "../../../Samples/StarterContent/Content/StarterContent/Materials/M_Tech_Hex_Tile_Pulse.uasset" to "../../../../../../UnrealEngine/MazeGameIB/Zadanie01IgaBudnik/Content/StarterContent/Materials/M_Tech_Hex_Tile_Pulse.uasset"
[2020.10.13-12.46.09:329][  0]LogPackFactory: Copied "../../../Samples/StarterContent/Content/StarterContent/Materials/M_Tech_Panel.uasset" to "../../../../../../UnrealEngine/MazeGameIB/Zadanie01IgaBudnik/Content/StarterContent/Materials/M_Tech_Panel.uasset"
[2020.10.13-12.46.09:336][  0]LogPackFactory: Copied "../../../Samples/StarterContent/Content/StarterContent/Materials/M_Water_Lake.uasset" to "../../../../../../UnrealEngine/MazeGameIB/Zadanie01IgaBudnik/Content/StarterContent/Materials/M_Water_Lake.uasset"
[2020.10.13-12.46.09:344][  0]LogPackFactory: Copied "../../../Samples/StarterContent/Content/StarterContent/Materials/M_Water_Ocean.uasset" to "../../../../../../UnrealEngine/MazeGameIB/Zadanie01IgaBudnik/Content/StarterContent/Materials/M_Water_Ocean.uasset"
[2020.10.13-12.46.09:350][  0]LogPackFactory: Copied "../../../Samples/StarterContent/Content/StarterContent/Materials/M_Wood_Floor_Walnut_Polished.uasset" to "../../../../../../UnrealEngine/MazeGameIB/Zadanie01IgaBudnik/Content/StarterContent/Materials/M_Wood_Floor_Walnut_Polished.uasset"
[2020.10.13-12.46.09:358][  0]LogPackFactory: Copied "../../../Samples/StarterContent/Content/StarterContent/Materials/M_Wood_Floor_Walnut_Worn.uasset" to "../../../../../../UnrealEngine/MazeGameIB/Zadanie01IgaBudnik/Content/StarterContent/Materials/M_Wood_Floor_Walnut_Worn.uasset"
[2020.10.13-12.46.09:365][  0]LogPackFactory: Copied "../../../Samples/StarterContent/Content/StarterContent/Materials/M_Wood_Oak.uasset" to "../../../../../../UnrealEngine/MazeGameIB/Zadanie01IgaBudnik/Content/StarterContent/Materials/M_Wood_Oak.uasset"
[2020.10.13-12.46.09:382][  0]LogPackFactory: Copied "../../../Samples/StarterContent/Content/StarterContent/Materials/M_Wood_Pine.uasset" to "../../../../../../UnrealEngine/MazeGameIB/Zadanie01IgaBudnik/Content/StarterContent/Materials/M_Wood_Pine.uasset"
[2020.10.13-12.46.09:390][  0]LogPackFactory: Copied "../../../Samples/StarterContent/Content/StarterContent/Materials/M_Wood_Walnut.uasset" to "../../../../../../UnrealEngine/MazeGameIB/Zadanie01IgaBudnik/Content/StarterContent/Materials/M_Wood_Walnut.uasset"
[2020.10.13-12.46.09:394][  0]LogPackFactory: Copied "../../../Samples/StarterContent/Content/StarterContent/Particles/P_Ambient_Dust.uasset" to "../../../../../../UnrealEngine/MazeGameIB/Zadanie01IgaBudnik/Content/StarterContent/Particles/P_Ambient_Dust.uasset"
[2020.10.13-12.46.09:399][  0]LogPackFactory: Copied "../../../Samples/StarterContent/Content/StarterContent/Particles/P_Explosion.uasset" to "../../../../../../UnrealEngine/MazeGameIB/Zadanie01IgaBudnik/Content/StarterContent/Particles/P_Explosion.uasset"
[2020.10.13-12.46.09:403][  0]LogPackFactory: Copied "../../../Samples/StarterContent/Content/StarterContent/Particles/P_Fire.uasset" to "../../../../../../UnrealEngine/MazeGameIB/Zadanie01IgaBudnik/Content/StarterContent/Particles/P_Fire.uasset"
[2020.10.13-12.46.09:404][  0]LogPackFactory: Copied "../../../Samples/StarterContent/Content/StarterContent/Particles/P_Smoke.uasset" to "../../../../../../UnrealEngine/MazeGameIB/Zadanie01IgaBudnik/Content/StarterContent/Particles/P_Smoke.uasset"
[2020.10.13-12.46.09:407][  0]LogPackFactory: Copied "../../../Samples/StarterContent/Content/StarterContent/Particles/P_Sparks.uasset" to "../../../../../../UnrealEngine/MazeGameIB/Zadanie01IgaBudnik/Content/StarterContent/Particles/P_Sparks.uasset"
[2020.10.13-12.46.09:409][  0]LogPackFactory: Copied "../../../Samples/StarterContent/Content/StarterContent/Particles/P_Steam_Lit.uasset" to "../../../../../../UnrealEngine/MazeGameIB/Zadanie01IgaBudnik/Content/StarterContent/Particles/P_Steam_Lit.uasset"
[2020.10.13-12.46.09:411][  0]LogPackFactory: Copied "../../../Samples/StarterContent/Content/StarterContent/Particles/Materials/M_Burst.uasset" to "../../../../../../UnrealEngine/MazeGameIB/Zadanie01IgaBudnik/Content/StarterContent/Particles/Materials/M_Burst.uasset"
[2020.10.13-12.46.09:412][  0]LogPackFactory: Copied "../../../Samples/StarterContent/Content/StarterContent/Particles/Materials/M_Dust_Particle.uasset" to "../../../../../../UnrealEngine/MazeGameIB/Zadanie01IgaBudnik/Content/StarterContent/Particles/Materials/M_Dust_Particle.uasset"
[2020.10.13-12.46.09:414][  0]LogPackFactory: Copied "../../../Samples/StarterContent/Content/StarterContent/Particles/Materials/M_explosion_subUV.uasset" to "../../../../../../UnrealEngine/MazeGameIB/Zadanie01IgaBudnik/Content/StarterContent/Particles/Materials/M_explosion_subUV.uasset"
[2020.10.13-12.46.09:416][  0]LogPackFactory: Copied "../../../Samples/StarterContent/Content/StarterContent/Particles/Materials/M_Fire_SubUV.uasset" to "../../../../../../UnrealEngine/MazeGameIB/Zadanie01IgaBudnik/Content/StarterContent/Particles/Materials/M_Fire_SubUV.uasset"
[2020.10.13-12.46.09:418][  0]LogPackFactory: Copied "../../../Samples/StarterContent/Content/StarterContent/Particles/Materials/m_flare_01.uasset" to "../../../../../../UnrealEngine/MazeGameIB/Zadanie01IgaBudnik/Content/StarterContent/Particles/Materials/m_flare_01.uasset"
[2020.10.13-12.46.09:420][  0]LogPackFactory: Copied "../../../Samples/StarterContent/Content/StarterContent/Particles/Materials/M_Heat_Distortion.uasset" to "../../../../../../UnrealEngine/MazeGameIB/Zadanie01IgaBudnik/Content/StarterContent/Particles/Materials/M_Heat_Distortion.uasset"
[2020.10.13-12.46.09:421][  0]LogPackFactory: Copied "../../../Samples/StarterContent/Content/StarterContent/Particles/Materials/M_Radial_Gradient.uasset" to "../../../../../../UnrealEngine/MazeGameIB/Zadanie01IgaBudnik/Content/StarterContent/Particles/Materials/M_Radial_Gradient.uasset"
[2020.10.13-12.46.09:423][  0]LogPackFactory: Copied "../../../Samples/StarterContent/Content/StarterContent/Particles/Materials/M_radial_ramp.uasset" to "../../../../../../UnrealEngine/MazeGameIB/Zadanie01IgaBudnik/Content/StarterContent/Particles/Materials/M_radial_ramp.uasset"
[2020.10.13-12.46.09:425][  0]LogPackFactory: Copied "../../../Samples/StarterContent/Content/StarterContent/Particles/Materials/M_smoke_subUV.uasset" to "../../../../../../UnrealEngine/MazeGameIB/Zadanie01IgaBudnik/Content/StarterContent/Particles/Materials/M_smoke_subUV.uasset"
[2020.10.13-12.46.09:427][  0]LogPackFactory: Copied "../../../Samples/StarterContent/Content/StarterContent/Particles/Materials/M_Spark.uasset" to "../../../../../../UnrealEngine/MazeGameIB/Zadanie01IgaBudnik/Content/StarterContent/Particles/Materials/M_Spark.uasset"
[2020.10.13-12.46.09:430][  0]LogPackFactory: Copied "../../../Samples/StarterContent/Content/StarterContent/Props/MaterialSphere.uasset" to "../../../../../../UnrealEngine/MazeGameIB/Zadanie01IgaBudnik/Content/StarterContent/Props/MaterialSphere.uasset"
[2020.10.13-12.46.09:432][  0]LogPackFactory: Copied "../../../Samples/StarterContent/Content/StarterContent/Props/SM_Bush.uasset" to "../../../../../../UnrealEngine/MazeGameIB/Zadanie01IgaBudnik/Content/StarterContent/Props/SM_Bush.uasset"
[2020.10.13-12.46.09:436][  0]LogPackFactory: Copied "../../../Samples/StarterContent/Content/StarterContent/Props/SM_Chair.uasset" to "../../../../../../UnrealEngine/MazeGameIB/Zadanie01IgaBudnik/Content/StarterContent/Props/SM_Chair.uasset"
[2020.10.13-12.46.09:438][  0]LogPackFactory: Copied "../../../Samples/StarterContent/Content/StarterContent/Props/SM_CornerFrame.uasset" to "../../../../../../UnrealEngine/MazeGameIB/Zadanie01IgaBudnik/Content/StarterContent/Props/SM_CornerFrame.uasset"
[2020.10.13-12.46.09:441][  0]LogPackFactory: Copied "../../../Samples/StarterContent/Content/StarterContent/Props/SM_Couch.uasset" to "../../../../../../UnrealEngine/MazeGameIB/Zadanie01IgaBudnik/Content/StarterContent/Props/SM_Couch.uasset"
[2020.10.13-12.46.09:444][  0]LogPackFactory: Copied "../../../Samples/StarterContent/Content/StarterContent/Props/SM_Door.uasset" to "../../../../../../UnrealEngine/MazeGameIB/Zadanie01IgaBudnik/Content/StarterContent/Props/SM_Door.uasset"
[2020.10.13-12.46.09:445][  0]LogPackFactory: Copied "../../../Samples/StarterContent/Content/StarterContent/Props/SM_DoorFrame.uasset" to "../../../../../../UnrealEngine/MazeGameIB/Zadanie01IgaBudnik/Content/StarterContent/Props/SM_DoorFrame.uasset"
[2020.10.13-12.46.09:447][  0]LogPackFactory: Copied "../../../Samples/StarterContent/Content/StarterContent/Props/SM_GlassWindow.uasset" to "../../../../../../UnrealEngine/MazeGameIB/Zadanie01IgaBudnik/Content/StarterContent/Props/SM_GlassWindow.uasset"
[2020.10.13-12.46.09:451][  0]LogPackFactory: Copied "../../../Samples/StarterContent/Content/StarterContent/Props/SM_Lamp_Ceiling.uasset" to "../../../../../../UnrealEngine/MazeGameIB/Zadanie01IgaBudnik/Content/StarterContent/Props/SM_Lamp_Ceiling.uasset"
[2020.10.13-12.46.09:453][  0]LogPackFactory: Copied "../../../Samples/StarterContent/Content/StarterContent/Props/SM_Lamp_Wall.uasset" to "../../../../../../UnrealEngine/MazeGameIB/Zadanie01IgaBudnik/Content/StarterContent/Props/SM_Lamp_Wall.uasset"
[2020.10.13-12.46.09:465][  0]LogPackFactory: Copied "../../../Samples/StarterContent/Content/StarterContent/Props/SM_MatPreviewMesh_02.uasset" to "../../../../../../UnrealEngine/MazeGameIB/Zadanie01IgaBudnik/Content/StarterContent/Props/SM_MatPreviewMesh_02.uasset"
[2020.10.13-12.46.09:467][  0]LogPackFactory: Copied "../../../Samples/StarterContent/Content/StarterContent/Props/SM_PillarFrame.uasset" to "../../../../../../UnrealEngine/MazeGameIB/Zadanie01IgaBudnik/Content/StarterContent/Props/SM_PillarFrame.uasset"
[2020.10.13-12.46.09:469][  0]LogPackFactory: Copied "../../../Samples/StarterContent/Content/StarterContent/Props/SM_PillarFrame300.uasset" to "../../../../../../UnrealEngine/MazeGameIB/Zadanie01IgaBudnik/Content/StarterContent/Props/SM_PillarFrame300.uasset"
[2020.10.13-12.46.09:471][  0]LogPackFactory: Copied "../../../Samples/StarterContent/Content/StarterContent/Props/SM_Rock.uasset" to "../../../../../../UnrealEngine/MazeGameIB/Zadanie01IgaBudnik/Content/StarterContent/Props/SM_Rock.uasset"
[2020.10.13-12.46.09:472][  0]LogPackFactory: Copied "../../../Samples/StarterContent/Content/StarterContent/Props/SM_Shelf.uasset" to "../../../../../../UnrealEngine/MazeGameIB/Zadanie01IgaBudnik/Content/StarterContent/Props/SM_Shelf.uasset"
[2020.10.13-12.46.09:474][  0]LogPackFactory: Copied "../../../Samples/StarterContent/Content/StarterContent/Props/SM_Stairs.uasset" to "../../../../../../UnrealEngine/MazeGameIB/Zadanie01IgaBudnik/Content/StarterContent/Props/SM_Stairs.uasset"
[2020.10.13-12.46.09:478][  0]LogPackFactory: Copied "../../../Samples/StarterContent/Content/StarterContent/Props/SM_Statue.uasset" to "../../../../../../UnrealEngine/MazeGameIB/Zadanie01IgaBudnik/Content/StarterContent/Props/SM_Statue.uasset"
[2020.10.13-12.46.09:483][  0]LogPackFactory: Copied "../../../Samples/StarterContent/Content/StarterContent/Props/SM_TableRound.uasset" to "../../../../../../UnrealEngine/MazeGameIB/Zadanie01IgaBudnik/Content/StarterContent/Props/SM_TableRound.uasset"
[2020.10.13-12.46.09:484][  0]LogPackFactory: Copied "../../../Samples/StarterContent/Content/StarterContent/Props/SM_WindowFrame.uasset" to "../../../../../../UnrealEngine/MazeGameIB/Zadanie01IgaBudnik/Content/StarterContent/Props/SM_WindowFrame.uasset"
[2020.10.13-12.46.09:487][  0]LogPackFactory: Copied "../../../Samples/StarterContent/Content/StarterContent/Props/Materials/M_Bush.uasset" to "../../../../../../UnrealEngine/MazeGameIB/Zadanie01IgaBudnik/Content/StarterContent/Props/Materials/M_Bush.uasset"
[2020.10.13-12.46.09:488][  0]LogPackFactory: Copied "../../../Samples/StarterContent/Content/StarterContent/Props/Materials/M_Chair.uasset" to "../../../../../../UnrealEngine/MazeGameIB/Zadanie01IgaBudnik/Content/StarterContent/Props/Materials/M_Chair.uasset"
[2020.10.13-12.46.09:491][  0]LogPackFactory: Copied "../../../Samples/StarterContent/Content/StarterContent/Props/Materials/M_Door.uasset" to "../../../../../../UnrealEngine/MazeGameIB/Zadanie01IgaBudnik/Content/StarterContent/Props/Materials/M_Door.uasset"
[2020.10.13-12.46.09:493][  0]LogPackFactory: Copied "../../../Samples/StarterContent/Content/StarterContent/Props/Materials/M_Frame.uasset" to "../../../../../../UnrealEngine/MazeGameIB/Zadanie01IgaBudnik/Content/StarterContent/Props/Materials/M_Frame.uasset"
[2020.10.13-12.46.09:495][  0]LogPackFactory: Copied "../../../Samples/StarterContent/Content/StarterContent/Props/Materials/M_Lamp.uasset" to "../../../../../../UnrealEngine/MazeGameIB/Zadanie01IgaBudnik/Content/StarterContent/Props/Materials/M_Lamp.uasset"
[2020.10.13-12.46.09:497][  0]LogPackFactory: Copied "../../../Samples/StarterContent/Content/StarterContent/Props/Materials/M_MaterialSphere.uasset" to "../../../../../../UnrealEngine/MazeGameIB/Zadanie01IgaBudnik/Content/StarterContent/Props/Materials/M_MaterialSphere.uasset"
[2020.10.13-12.46.09:499][  0]LogPackFactory: Copied "../../../Samples/StarterContent/Content/StarterContent/Props/Materials/M_MaterialSphere_Plain.uasset" to "../../../../../../UnrealEngine/MazeGameIB/Zadanie01IgaBudnik/Content/StarterContent/Props/Materials/M_MaterialSphere_Plain.uasset"
[2020.10.13-12.46.09:501][  0]LogPackFactory: Copied "../../../Samples/StarterContent/Content/StarterContent/Props/Materials/M_Rock.uasset" to "../../../../../../UnrealEngine/MazeGameIB/Zadanie01IgaBudnik/Content/StarterContent/Props/Materials/M_Rock.uasset"
[2020.10.13-12.46.09:503][  0]LogPackFactory: Copied "../../../Samples/StarterContent/Content/StarterContent/Props/Materials/M_Shelf.uasset" to "../../../../../../UnrealEngine/MazeGameIB/Zadanie01IgaBudnik/Content/StarterContent/Props/Materials/M_Shelf.uasset"
[2020.10.13-12.46.09:506][  0]LogPackFactory: Copied "../../../Samples/StarterContent/Content/StarterContent/Props/Materials/M_Statue.uasset" to "../../../../../../UnrealEngine/MazeGameIB/Zadanie01IgaBudnik/Content/StarterContent/Props/Materials/M_Statue.uasset"
[2020.10.13-12.46.09:508][  0]LogPackFactory: Copied "../../../Samples/StarterContent/Content/StarterContent/Props/Materials/M_StatueGlass.uasset" to "../../../../../../UnrealEngine/MazeGameIB/Zadanie01IgaBudnik/Content/StarterContent/Props/Materials/M_StatueGlass.uasset"
[2020.10.13-12.46.09:510][  0]LogPackFactory: Copied "../../../Samples/StarterContent/Content/StarterContent/Props/Materials/M_TableRound.uasset" to "../../../../../../UnrealEngine/MazeGameIB/Zadanie01IgaBudnik/Content/StarterContent/Props/Materials/M_TableRound.uasset"
[2020.10.13-12.46.09:512][  0]LogPackFactory: Copied "../../../Samples/StarterContent/Content/StarterContent/Shapes/Shape_Cone.uasset" to "../../../../../../UnrealEngine/MazeGameIB/Zadanie01IgaBudnik/Content/StarterContent/Shapes/Shape_Cone.uasset"
[2020.10.13-12.46.09:514][  0]LogPackFactory: Copied "../../../Samples/StarterContent/Content/StarterContent/Shapes/Shape_Cube.uasset" to "../../../../../../UnrealEngine/MazeGameIB/Zadanie01IgaBudnik/Content/StarterContent/Shapes/Shape_Cube.uasset"
[2020.10.13-12.46.09:516][  0]LogPackFactory: Copied "../../../Samples/StarterContent/Content/StarterContent/Shapes/Shape_Cylinder.uasset" to "../../../../../../UnrealEngine/MazeGameIB/Zadanie01IgaBudnik/Content/StarterContent/Shapes/Shape_Cylinder.uasset"
[2020.10.13-12.46.09:519][  0]LogPackFactory: Copied "../../../Samples/StarterContent/Content/StarterContent/Shapes/Shape_NarrowCapsule.uasset" to "../../../../../../UnrealEngine/MazeGameIB/Zadanie01IgaBudnik/Content/StarterContent/Shapes/Shape_NarrowCapsule.uasset"
[2020.10.13-12.46.09:520][  0]LogPackFactory: Copied "../../../Samples/StarterContent/Content/StarterContent/Shapes/Shape_Pipe.uasset" to "../../../../../../UnrealEngine/MazeGameIB/Zadanie01IgaBudnik/Content/StarterContent/Shapes/Shape_Pipe.uasset"
[2020.10.13-12.46.09:522][  0]LogPackFactory: Copied "../../../Samples/StarterContent/Content/StarterContent/Shapes/Shape_Pipe_180.uasset" to "../../../../../../UnrealEngine/MazeGameIB/Zadanie01IgaBudnik/Content/StarterContent/Shapes/Shape_Pipe_180.uasset"
[2020.10.13-12.46.09:524][  0]LogPackFactory: Copied "../../../Samples/StarterContent/Content/StarterContent/Shapes/Shape_Pipe_90.uasset" to "../../../../../../UnrealEngine/MazeGameIB/Zadanie01IgaBudnik/Content/StarterContent/Shapes/Shape_Pipe_90.uasset"
[2020.10.13-12.46.09:525][  0]LogPackFactory: Copied "../../../Samples/StarterContent/Content/StarterContent/Shapes/Shape_Plane.uasset" to "../../../../../../UnrealEngine/MazeGameIB/Zadanie01IgaBudnik/Content/StarterContent/Shapes/Shape_Plane.uasset"
[2020.10.13-12.46.09:526][  0]LogPackFactory: Copied "../../../Samples/StarterContent/Content/StarterContent/Shapes/Shape_QuadPyramid.uasset" to "../../../../../../UnrealEngine/MazeGameIB/Zadanie01IgaBudnik/Content/StarterContent/Shapes/Shape_QuadPyramid.uasset"
[2020.10.13-12.46.09:529][  0]LogPackFactory: Copied "../../../Samples/StarterContent/Content/StarterContent/Shapes/Shape_Sphere.uasset" to "../../../../../../UnrealEngine/MazeGameIB/Zadanie01IgaBudnik/Content/StarterContent/Shapes/Shape_Sphere.uasset"
[2020.10.13-12.46.09:534][  0]LogPackFactory: Copied "../../../Samples/StarterContent/Content/StarterContent/Shapes/Shape_Torus.uasset" to "../../../../../../UnrealEngine/MazeGameIB/Zadanie01IgaBudnik/Content/StarterContent/Shapes/Shape_Torus.uasset"
[2020.10.13-12.46.09:536][  0]LogPackFactory: Copied "../../../Samples/StarterContent/Content/StarterContent/Shapes/Shape_Trim.uasset" to "../../../../../../UnrealEngine/MazeGameIB/Zadanie01IgaBudnik/Content/StarterContent/Shapes/Shape_Trim.uasset"
[2020.10.13-12.46.09:537][  0]LogPackFactory: Copied "../../../Samples/StarterContent/Content/StarterContent/Shapes/Shape_Trim_90_In.uasset" to "../../../../../../UnrealEngine/MazeGameIB/Zadanie01IgaBudnik/Content/StarterContent/Shapes/Shape_Trim_90_In.uasset"
[2020.10.13-12.46.09:539][  0]LogPackFactory: Copied "../../../Samples/StarterContent/Content/StarterContent/Shapes/Shape_Trim_90_Out.uasset" to "../../../../../../UnrealEngine/MazeGameIB/Zadanie01IgaBudnik/Content/StarterContent/Shapes/Shape_Trim_90_Out.uasset"
[2020.10.13-12.46.09:540][  0]LogPackFactory: Copied "../../../Samples/StarterContent/Content/StarterContent/Shapes/Shape_TriPyramid.uasset" to "../../../../../../UnrealEngine/MazeGameIB/Zadanie01IgaBudnik/Content/StarterContent/Shapes/Shape_TriPyramid.uasset"
[2020.10.13-12.46.09:544][  0]LogPackFactory: Copied "../../../Samples/StarterContent/Content/StarterContent/Shapes/Shape_Tube.uasset" to "../../../../../../UnrealEngine/MazeGameIB/Zadanie01IgaBudnik/Content/StarterContent/Shapes/Shape_Tube.uasset"
[2020.10.13-12.46.09:545][  0]LogPackFactory: Copied "../../../Samples/StarterContent/Content/StarterContent/Shapes/Shape_Wedge_A.uasset" to "../../../../../../UnrealEngine/MazeGameIB/Zadanie01IgaBudnik/Content/StarterContent/Shapes/Shape_Wedge_A.uasset"
[2020.10.13-12.46.09:547][  0]LogPackFactory: Copied "../../../Samples/StarterContent/Content/StarterContent/Shapes/Shape_Wedge_B.uasset" to "../../../../../../UnrealEngine/MazeGameIB/Zadanie01IgaBudnik/Content/StarterContent/Shapes/Shape_Wedge_B.uasset"
[2020.10.13-12.46.09:550][  0]LogPackFactory: Copied "../../../Samples/StarterContent/Content/StarterContent/Shapes/Shape_WideCapsule.uasset" to "../../../../../../UnrealEngine/MazeGameIB/Zadanie01IgaBudnik/Content/StarterContent/Shapes/Shape_WideCapsule.uasset"
[2020.10.13-12.46.09:580][  0]LogPackFactory: Copied "../../../Samples/StarterContent/Content/StarterContent/Textures/T_Brick_Clay_Beveled_D.uasset" to "../../../../../../UnrealEngine/MazeGameIB/Zadanie01IgaBudnik/Content/StarterContent/Textures/T_Brick_Clay_Beveled_D.uasset"
[2020.10.13-12.46.09:611][  0]LogPackFactory: Copied "../../../Samples/StarterContent/Content/StarterContent/Textures/T_Brick_Clay_Beveled_M.uasset" to "../../../../../../UnrealEngine/MazeGameIB/Zadanie01IgaBudnik/Content/StarterContent/Textures/T_Brick_Clay_Beveled_M.uasset"
[2020.10.13-12.46.09:640][  0]LogPackFactory: Copied "../../../Samples/StarterContent/Content/StarterContent/Textures/T_Brick_Clay_Beveled_N.uasset" to "../../../../../../UnrealEngine/MazeGameIB/Zadanie01IgaBudnik/Content/StarterContent/Textures/T_Brick_Clay_Beveled_N.uasset"
[2020.10.13-12.46.09:663][  0]LogPackFactory: Copied "../../../Samples/StarterContent/Content/StarterContent/Textures/T_Brick_Clay_New_D.uasset" to "../../../../../../UnrealEngine/MazeGameIB/Zadanie01IgaBudnik/Content/StarterContent/Textures/T_Brick_Clay_New_D.uasset"
[2020.10.13-12.46.09:700][  0]LogPackFactory: Copied "../../../Samples/StarterContent/Content/StarterContent/Textures/T_Brick_Clay_New_M.uasset" to "../../../../../../UnrealEngine/MazeGameIB/Zadanie01IgaBudnik/Content/StarterContent/Textures/T_Brick_Clay_New_M.uasset"
[2020.10.13-12.46.09:736][  0]LogPackFactory: Copied "../../../Samples/StarterContent/Content/StarterContent/Textures/T_Brick_Clay_New_N.uasset" to "../../../../../../UnrealEngine/MazeGameIB/Zadanie01IgaBudnik/Content/StarterContent/Textures/T_Brick_Clay_New_N.uasset"
[2020.10.13-12.46.10:050][  0]LogPackFactory: Copied "../../../Samples/StarterContent/Content/StarterContent/Textures/T_Brick_Clay_Old_D.uasset" to "../../../../../../UnrealEngine/MazeGameIB/Zadanie01IgaBudnik/Content/StarterContent/Textures/T_Brick_Clay_Old_D.uasset"
[2020.10.13-12.46.10:316][  0]LogPackFactory: Copied "../../../Samples/StarterContent/Content/StarterContent/Textures/T_Brick_Clay_Old_N.uasset" to "../../../../../../UnrealEngine/MazeGameIB/Zadanie01IgaBudnik/Content/StarterContent/Textures/T_Brick_Clay_Old_N.uasset"
[2020.10.13-12.46.10:367][  0]LogPackFactory: Copied "../../../Samples/StarterContent/Content/StarterContent/Textures/T_Brick_Cut_Stone_D.uasset" to "../../../../../../UnrealEngine/MazeGameIB/Zadanie01IgaBudnik/Content/StarterContent/Textures/T_Brick_Cut_Stone_D.uasset"
[2020.10.13-12.46.10:391][  0]LogPackFactory: Copied "../../../Samples/StarterContent/Content/StarterContent/Textures/T_Brick_Cut_Stone_N.uasset" to "../../../../../../UnrealEngine/MazeGameIB/Zadanie01IgaBudnik/Content/StarterContent/Textures/T_Brick_Cut_Stone_N.uasset"
[2020.10.13-12.46.10:417][  0]LogPackFactory: Copied "../../../Samples/StarterContent/Content/StarterContent/Textures/T_Brick_Hewn_Stone_D.uasset" to "../../../../../../UnrealEngine/MazeGameIB/Zadanie01IgaBudnik/Content/StarterContent/Textures/T_Brick_Hewn_Stone_D.uasset"
[2020.10.13-12.46.10:440][  0]LogPackFactory: Copied "../../../Samples/StarterContent/Content/StarterContent/Textures/T_Brick_Hewn_Stone_M.uasset" to "../../../../../../UnrealEngine/MazeGameIB/Zadanie01IgaBudnik/Content/StarterContent/Textures/T_Brick_Hewn_Stone_M.uasset"
[2020.10.13-12.46.10:471][  0]LogPackFactory: Copied "../../../Samples/StarterContent/Content/StarterContent/Textures/T_Brick_Hewn_Stone_N.uasset" to "../../../../../../UnrealEngine/MazeGameIB/Zadanie01IgaBudnik/Content/StarterContent/Textures/T_Brick_Hewn_Stone_N.uasset"
[2020.10.13-12.46.10:473][  0]LogPackFactory: Copied "../../../Samples/StarterContent/Content/StarterContent/Textures/T_Burst_M.uasset" to "../../../../../../UnrealEngine/MazeGameIB/Zadanie01IgaBudnik/Content/StarterContent/Textures/T_Burst_M.uasset"
[2020.10.13-12.46.10:476][  0]LogPackFactory: Copied "../../../Samples/StarterContent/Content/StarterContent/Textures/T_Bush_D.uasset" to "../../../../../../UnrealEngine/MazeGameIB/Zadanie01IgaBudnik/Content/StarterContent/Textures/T_Bush_D.uasset"
[2020.10.13-12.46.10:479][  0]LogPackFactory: Copied "../../../Samples/StarterContent/Content/StarterContent/Textures/T_Bush_N.uasset" to "../../../../../../UnrealEngine/MazeGameIB/Zadanie01IgaBudnik/Content/StarterContent/Textures/T_Bush_N.uasset"
[2020.10.13-12.46.10:482][  0]LogPackFactory: Copied "../../../Samples/StarterContent/Content/StarterContent/Textures/T_Ceramic_Tile_M.uasset" to "../../../../../../UnrealEngine/MazeGameIB/Zadanie01IgaBudnik/Content/StarterContent/Textures/T_Ceramic_Tile_M.uasset"
[2020.10.13-12.46.10:485][  0]LogPackFactory: Copied "../../../Samples/StarterContent/Content/StarterContent/Textures/T_Ceramic_Tile_N.uasset" to "../../../../../../UnrealEngine/MazeGameIB/Zadanie01IgaBudnik/Content/StarterContent/Textures/T_Ceramic_Tile_N.uasset"
[2020.10.13-12.46.10:488][  0]LogPackFactory: Copied "../../../Samples/StarterContent/Content/StarterContent/Textures/T_Chair_M.uasset" to "../../../../../../UnrealEngine/MazeGameIB/Zadanie01IgaBudnik/Content/StarterContent/Textures/T_Chair_M.uasset"
[2020.10.13-12.46.10:498][  0]LogPackFactory: Copied "../../../Samples/StarterContent/Content/StarterContent/Textures/T_Chair_N.uasset" to "../../../../../../UnrealEngine/MazeGameIB/Zadanie01IgaBudnik/Content/StarterContent/Textures/T_Chair_N.uasset"
[2020.10.13-12.46.10:500][  0]LogPackFactory: Copied "../../../Samples/StarterContent/Content/StarterContent/Textures/T_Checker_Noise_M.uasset" to "../../../../../../UnrealEngine/MazeGameIB/Zadanie01IgaBudnik/Content/StarterContent/Textures/T_Checker_Noise_M.uasset"
[2020.10.13-12.46.10:543][  0]LogPackFactory: Copied "../../../Samples/StarterContent/Content/StarterContent/Textures/T_CobbleStone_Pebble_D.uasset" to "../../../../../../UnrealEngine/MazeGameIB/Zadanie01IgaBudnik/Content/StarterContent/Textures/T_CobbleStone_Pebble_D.uasset"
[2020.10.13-12.46.10:549][  0]LogPackFactory: Copied "../../../Samples/StarterContent/Content/StarterContent/Textures/T_CobbleStone_Pebble_M.uasset" to "../../../../../../UnrealEngine/MazeGameIB/Zadanie01IgaBudnik/Content/StarterContent/Textures/T_CobbleStone_Pebble_M.uasset"
[2020.10.13-12.46.10:592][  0]LogPackFactory: Copied "../../../Samples/StarterContent/Content/StarterContent/Textures/T_CobbleStone_Pebble_N.uasset" to "../../../../../../UnrealEngine/MazeGameIB/Zadanie01IgaBudnik/Content/StarterContent/Textures/T_CobbleStone_Pebble_N.uasset"
[2020.10.13-12.46.10:605][  0]LogPackFactory: Copied "../../../Samples/StarterContent/Content/StarterContent/Textures/T_CobbleStone_Rough_D.uasset" to "../../../../../../UnrealEngine/MazeGameIB/Zadanie01IgaBudnik/Content/StarterContent/Textures/T_CobbleStone_Rough_D.uasset"
[2020.10.13-12.46.10:617][  0]LogPackFactory: Copied "../../../Samples/StarterContent/Content/StarterContent/Textures/T_CobbleStone_Rough_N.uasset" to "../../../../../../UnrealEngine/MazeGameIB/Zadanie01IgaBudnik/Content/StarterContent/Textures/T_CobbleStone_Rough_N.uasset"
[2020.10.13-12.46.10:641][  0]LogPackFactory: Copied "../../../Samples/StarterContent/Content/StarterContent/Textures/T_CobbleStone_Smooth_D.uasset" to "../../../../../../UnrealEngine/MazeGameIB/Zadanie01IgaBudnik/Content/StarterContent/Textures/T_CobbleStone_Smooth_D.uasset"
[2020.10.13-12.46.10:662][  0]LogPackFactory: Copied "../../../Samples/StarterContent/Content/StarterContent/Textures/T_CobbleStone_Smooth_M.uasset" to "../../../../../../UnrealEngine/MazeGameIB/Zadanie01IgaBudnik/Content/StarterContent/Textures/T_CobbleStone_Smooth_M.uasset"
[2020.10.13-12.46.10:694][  0]LogPackFactory: Copied "../../../Samples/StarterContent/Content/StarterContent/Textures/T_CobbleStone_Smooth_N.uasset" to "../../../../../../UnrealEngine/MazeGameIB/Zadanie01IgaBudnik/Content/StarterContent/Textures/T_CobbleStone_Smooth_N.uasset"
[2020.10.13-12.46.10:731][  0]LogPackFactory: Copied "../../../Samples/StarterContent/Content/StarterContent/Textures/T_Concrete_Grime_D.uasset" to "../../../../../../UnrealEngine/MazeGameIB/Zadanie01IgaBudnik/Content/StarterContent/Textures/T_Concrete_Grime_D.uasset"
[2020.10.13-12.46.10:762][  0]LogPackFactory: Copied "../../../Samples/StarterContent/Content/StarterContent/Textures/T_Concrete_Panels_D.uasset" to "../../../../../../UnrealEngine/MazeGameIB/Zadanie01IgaBudnik/Content/StarterContent/Textures/T_Concrete_Panels_D.uasset"
[2020.10.13-12.46.10:792][  0]LogPackFactory: Copied "../../../Samples/StarterContent/Content/StarterContent/Textures/T_Concrete_Panels_N.uasset" to "../../../../../../UnrealEngine/MazeGameIB/Zadanie01IgaBudnik/Content/StarterContent/Textures/T_Concrete_Panels_N.uasset"
[2020.10.13-12.46.10:833][  0]LogPackFactory: Copied "../../../Samples/StarterContent/Content/StarterContent/Textures/T_Concrete_Poured_D.uasset" to "../../../../../../UnrealEngine/MazeGameIB/Zadanie01IgaBudnik/Content/StarterContent/Textures/T_Concrete_Poured_D.uasset"
[2020.10.13-12.46.10:859][  0]LogPackFactory: Copied "../../../Samples/StarterContent/Content/StarterContent/Textures/T_Concrete_Poured_N.uasset" to "../../../../../../UnrealEngine/MazeGameIB/Zadanie01IgaBudnik/Content/StarterContent/Textures/T_Concrete_Poured_N.uasset"
[2020.10.13-12.46.10:881][  0]LogPackFactory: Copied "../../../Samples/StarterContent/Content/StarterContent/Textures/T_Concrete_Tiles_D.uasset" to "../../../../../../UnrealEngine/MazeGameIB/Zadanie01IgaBudnik/Content/StarterContent/Textures/T_Concrete_Tiles_D.uasset"
[2020.10.13-12.46.10:901][  0]LogPackFactory: Copied "../../../Samples/StarterContent/Content/StarterContent/Textures/T_Concrete_Tiles_M.uasset" to "../../../../../../UnrealEngine/MazeGameIB/Zadanie01IgaBudnik/Content/StarterContent/Textures/T_Concrete_Tiles_M.uasset"
[2020.10.13-12.46.10:923][  0]LogPackFactory: Copied "../../../Samples/StarterContent/Content/StarterContent/Textures/T_Concrete_Tiles_N.uasset" to "../../../../../../UnrealEngine/MazeGameIB/Zadanie01IgaBudnik/Content/StarterContent/Textures/T_Concrete_Tiles_N.uasset"
[2020.10.13-12.46.10:925][  0]LogPackFactory: Copied "../../../Samples/StarterContent/Content/StarterContent/Textures/T_Concrete_Tiles_Variation_M.uasset" to "../../../../../../UnrealEngine/MazeGameIB/Zadanie01IgaBudnik/Content/StarterContent/Textures/T_Concrete_Tiles_Variation_M.uasset"
[2020.10.13-12.46.10:937][  0]LogPackFactory: Copied "../../../Samples/StarterContent/Content/StarterContent/Textures/T_Detail_Rocky_N.uasset" to "../../../../../../UnrealEngine/MazeGameIB/Zadanie01IgaBudnik/Content/StarterContent/Textures/T_Detail_Rocky_N.uasset"
[2020.10.13-12.46.10:941][  0]LogPackFactory: Copied "../../../Samples/StarterContent/Content/StarterContent/Textures/T_Door_M.uasset" to "../../../../../../UnrealEngine/MazeGameIB/Zadanie01IgaBudnik/Content/StarterContent/Textures/T_Door_M.uasset"
[2020.10.13-12.46.10:945][  0]LogPackFactory: Copied "../../../Samples/StarterContent/Content/StarterContent/Textures/T_Door_N.uasset" to "../../../../../../UnrealEngine/MazeGameIB/Zadanie01IgaBudnik/Content/StarterContent/Textures/T_Door_N.uasset"
[2020.10.13-12.46.10:947][  0]LogPackFactory: Copied "../../../Samples/StarterContent/Content/StarterContent/Textures/T_Dust_Particle_D.uasset" to "../../../../../../UnrealEngine/MazeGameIB/Zadanie01IgaBudnik/Content/StarterContent/Textures/T_Dust_Particle_D.uasset"
[2020.10.13-12.46.10:959][  0]LogPackFactory: Copied "../../../Samples/StarterContent/Content/StarterContent/Textures/T_Explosion_SubUV.uasset" to "../../../../../../UnrealEngine/MazeGameIB/Zadanie01IgaBudnik/Content/StarterContent/Textures/T_Explosion_SubUV.uasset"
[2020.10.13-12.46.10:962][  0]LogPackFactory: Copied "../../../Samples/StarterContent/Content/StarterContent/Textures/T_Fire_SubUV.uasset" to "../../../../../../UnrealEngine/MazeGameIB/Zadanie01IgaBudnik/Content/StarterContent/Textures/T_Fire_SubUV.uasset"
[2020.10.13-12.46.10:967][  0]LogPackFactory: Copied "../../../Samples/StarterContent/Content/StarterContent/Textures/T_Fire_Tiled_D.uasset" to "../../../../../../UnrealEngine/MazeGameIB/Zadanie01IgaBudnik/Content/StarterContent/Textures/T_Fire_Tiled_D.uasset"
[2020.10.13-12.46.10:971][  0]LogPackFactory: Copied "../../../Samples/StarterContent/Content/StarterContent/Textures/T_Frame_M.uasset" to "../../../../../../UnrealEngine/MazeGameIB/Zadanie01IgaBudnik/Content/StarterContent/Textures/T_Frame_M.uasset"
[2020.10.13-12.46.10:978][  0]LogPackFactory: Copied "../../../Samples/StarterContent/Content/StarterContent/Textures/T_Frame_N.uasset" to "../../../../../../UnrealEngine/MazeGameIB/Zadanie01IgaBudnik/Content/StarterContent/Textures/T_Frame_N.uasset"
[2020.10.13-12.46.10:979][  0]LogPackFactory: Copied "../../../Samples/StarterContent/Content/StarterContent/Textures/T_Gradinet_01.uasset" to "../../../../../../UnrealEngine/MazeGameIB/Zadanie01IgaBudnik/Content/StarterContent/Textures/T_Gradinet_01.uasset"
[2020.10.13-12.46.11:024][  0]LogPackFactory: Copied "../../../Samples/StarterContent/Content/StarterContent/Textures/T_Ground_Grass_D.uasset" to "../../../../../../UnrealEngine/MazeGameIB/Zadanie01IgaBudnik/Content/StarterContent/Textures/T_Ground_Grass_D.uasset"
[2020.10.13-12.46.11:117][  0]LogPackFactory: Copied "../../../Samples/StarterContent/Content/StarterContent/Textures/T_Ground_Grass_N.uasset" to "../../../../../../UnrealEngine/MazeGameIB/Zadanie01IgaBudnik/Content/StarterContent/Textures/T_Ground_Grass_N.uasset"
[2020.10.13-12.46.11:237][  0]LogPackFactory: Copied "../../../Samples/StarterContent/Content/StarterContent/Textures/T_Ground_Gravel_D.uasset" to "../../../../../../UnrealEngine/MazeGameIB/Zadanie01IgaBudnik/Content/StarterContent/Textures/T_Ground_Gravel_D.uasset"
[2020.10.13-12.46.11:631][  0]LogPackFactory: Copied "../../../Samples/StarterContent/Content/StarterContent/Textures/T_Ground_Gravel_N.uasset" to "../../../../../../UnrealEngine/MazeGameIB/Zadanie01IgaBudnik/Content/StarterContent/Textures/T_Ground_Gravel_N.uasset"
[2020.10.13-12.46.11:674][  0]LogPackFactory: Copied "../../../Samples/StarterContent/Content/StarterContent/Textures/T_ground_Moss_D.uasset" to "../../../../../../UnrealEngine/MazeGameIB/Zadanie01IgaBudnik/Content/StarterContent/Textures/T_ground_Moss_D.uasset"
[2020.10.13-12.46.11:708][  0]LogPackFactory: Copied "../../../Samples/StarterContent/Content/StarterContent/Textures/T_Ground_Moss_N.uasset" to "../../../../../../UnrealEngine/MazeGameIB/Zadanie01IgaBudnik/Content/StarterContent/Textures/T_Ground_Moss_N.uasset"
[2020.10.13-12.46.11:713][  0]LogPackFactory: Copied "../../../Samples/StarterContent/Content/StarterContent/Textures/T_Lamp_M.uasset" to "../../../../../../UnrealEngine/MazeGameIB/Zadanie01IgaBudnik/Content/StarterContent/Textures/T_Lamp_M.uasset"
[2020.10.13-12.46.11:722][  0]LogPackFactory: Copied "../../../Samples/StarterContent/Content/StarterContent/Textures/T_Lamp_N.uasset" to "../../../../../../UnrealEngine/MazeGameIB/Zadanie01IgaBudnik/Content/StarterContent/Textures/T_Lamp_N.uasset"
[2020.10.13-12.46.11:759][  0]LogPackFactory: Copied "../../../Samples/StarterContent/Content/StarterContent/Textures/T_MacroVariation.uasset" to "../../../../../../UnrealEngine/MazeGameIB/Zadanie01IgaBudnik/Content/StarterContent/Textures/T_MacroVariation.uasset"
[2020.10.13-12.46.11:792][  0]LogPackFactory: Copied "../../../Samples/StarterContent/Content/StarterContent/Textures/T_Metal_Aluminum_D.uasset" to "../../../../../../UnrealEngine/MazeGameIB/Zadanie01IgaBudnik/Content/StarterContent/Textures/T_Metal_Aluminum_D.uasset"
[2020.10.13-12.46.11:824][  0]LogPackFactory: Copied "../../../Samples/StarterContent/Content/StarterContent/Textures/T_Metal_Copper_D.uasset" to "../../../../../../UnrealEngine/MazeGameIB/Zadanie01IgaBudnik/Content/StarterContent/Textures/T_Metal_Copper_D.uasset"
[2020.10.13-12.46.11:855][  0]LogPackFactory: Copied "../../../Samples/StarterContent/Content/StarterContent/Textures/T_Metal_Gold_D.uasset" to "../../../../../../UnrealEngine/MazeGameIB/Zadanie01IgaBudnik/Content/StarterContent/Textures/T_Metal_Gold_D.uasset"
[2020.10.13-12.46.11:868][  0]LogPackFactory: Copied "../../../Samples/StarterContent/Content/StarterContent/Textures/T_Metal_Gold_N.uasset" to "../../../../../../UnrealEngine/MazeGameIB/Zadanie01IgaBudnik/Content/StarterContent/Textures/T_Metal_Gold_N.uasset"
[2020.10.13-12.46.11:902][  0]LogPackFactory: Copied "../../../Samples/StarterContent/Content/StarterContent/Textures/T_Metal_Rust_D.uasset" to "../../../../../../UnrealEngine/MazeGameIB/Zadanie01IgaBudnik/Content/StarterContent/Textures/T_Metal_Rust_D.uasset"
[2020.10.13-12.46.11:931][  0]LogPackFactory: Copied "../../../Samples/StarterContent/Content/StarterContent/Textures/T_Metal_Rust_N.uasset" to "../../../../../../UnrealEngine/MazeGameIB/Zadanie01IgaBudnik/Content/StarterContent/Textures/T_Metal_Rust_N.uasset"
[2020.10.13-12.46.11:946][  0]LogPackFactory: Copied "../../../Samples/StarterContent/Content/StarterContent/Textures/T_Metal_Steel_D.uasset" to "../../../../../../UnrealEngine/MazeGameIB/Zadanie01IgaBudnik/Content/StarterContent/Textures/T_Metal_Steel_D.uasset"
[2020.10.13-12.46.11:965][  0]LogPackFactory: Copied "../../../Samples/StarterContent/Content/StarterContent/Textures/T_Metal_Steel_N.uasset" to "../../../../../../UnrealEngine/MazeGameIB/Zadanie01IgaBudnik/Content/StarterContent/Textures/T_Metal_Steel_N.uasset"
[2020.10.13-12.46.11:992][  0]LogPackFactory: Copied "../../../Samples/StarterContent/Content/StarterContent/Textures/T_Perlin_Noise_M.uasset" to "../../../../../../UnrealEngine/MazeGameIB/Zadanie01IgaBudnik/Content/StarterContent/Textures/T_Perlin_Noise_M.uasset"
[2020.10.13-12.46.12:004][  0]LogPackFactory: Copied "../../../Samples/StarterContent/Content/StarterContent/Textures/T_RockMesh_M.uasset" to "../../../../../../UnrealEngine/MazeGameIB/Zadanie01IgaBudnik/Content/StarterContent/Textures/T_RockMesh_M.uasset"
[2020.10.13-12.46.12:026][  0]LogPackFactory: Copied "../../../Samples/StarterContent/Content/StarterContent/Textures/T_RockMesh_N.uasset" to "../../../../../../UnrealEngine/MazeGameIB/Zadanie01IgaBudnik/Content/StarterContent/Textures/T_RockMesh_N.uasset"
[2020.10.13-12.46.12:061][  0]LogPackFactory: Copied "../../../Samples/StarterContent/Content/StarterContent/Textures/T_Rock_Basalt_D.uasset" to "../../../../../../UnrealEngine/MazeGameIB/Zadanie01IgaBudnik/Content/StarterContent/Textures/T_Rock_Basalt_D.uasset"
[2020.10.13-12.46.12:089][  0]LogPackFactory: Copied "../../../Samples/StarterContent/Content/StarterContent/Textures/T_Rock_Basalt_N.uasset" to "../../../../../../UnrealEngine/MazeGameIB/Zadanie01IgaBudnik/Content/StarterContent/Textures/T_Rock_Basalt_N.uasset"
[2020.10.13-12.46.12:111][  0]LogPackFactory: Copied "../../../Samples/StarterContent/Content/StarterContent/Textures/T_Rock_Marble_Polished_D.uasset" to "../../../../../../UnrealEngine/MazeGameIB/Zadanie01IgaBudnik/Content/StarterContent/Textures/T_Rock_Marble_Polished_D.uasset"
[2020.10.13-12.46.12:146][  0]LogPackFactory: Copied "../../../Samples/StarterContent/Content/StarterContent/Textures/T_Rock_Sandstone_D.uasset" to "../../../../../../UnrealEngine/MazeGameIB/Zadanie01IgaBudnik/Content/StarterContent/Textures/T_Rock_Sandstone_D.uasset"
[2020.10.13-12.46.12:177][  0]LogPackFactory: Copied "../../../Samples/StarterContent/Content/StarterContent/Textures/T_Rock_Sandstone_N.uasset" to "../../../../../../UnrealEngine/MazeGameIB/Zadanie01IgaBudnik/Content/StarterContent/Textures/T_Rock_Sandstone_N.uasset"
[2020.10.13-12.46.12:221][  0]LogPackFactory: Copied "../../../Samples/StarterContent/Content/StarterContent/Textures/T_Rock_Slate_D.uasset" to "../../../../../../UnrealEngine/MazeGameIB/Zadanie01IgaBudnik/Content/StarterContent/Textures/T_Rock_Slate_D.uasset"
[2020.10.13-12.46.12:256][  0]LogPackFactory: Copied "../../../Samples/StarterContent/Content/StarterContent/Textures/T_Rock_Slate_N.uasset" to "../../../../../../UnrealEngine/MazeGameIB/Zadanie01IgaBudnik/Content/StarterContent/Textures/T_Rock_Slate_N.uasset"
[2020.10.13-12.46.12:289][  0]LogPackFactory: Copied "../../../Samples/StarterContent/Content/StarterContent/Textures/T_Rock_Smooth_Granite_D.uasset" to "../../../../../../UnrealEngine/MazeGameIB/Zadanie01IgaBudnik/Content/StarterContent/Textures/T_Rock_Smooth_Granite_D.uasset"
[2020.10.13-12.46.12:293][  0]LogPackFactory: Copied "../../../Samples/StarterContent/Content/StarterContent/Textures/T_Shelf_M.uasset" to "../../../../../../UnrealEngine/MazeGameIB/Zadanie01IgaBudnik/Content/StarterContent/Textures/T_Shelf_M.uasset"
[2020.10.13-12.46.12:303][  0]LogPackFactory: Copied "../../../Samples/StarterContent/Content/StarterContent/Textures/T_Shelf_N.uasset" to "../../../../../../UnrealEngine/MazeGameIB/Zadanie01IgaBudnik/Content/StarterContent/Textures/T_Shelf_N.uasset"
[2020.10.13-12.46.12:304][  0]LogPackFactory: Copied "../../../Samples/StarterContent/Content/StarterContent/Textures/T_Single_Tile_N.uasset" to "../../../../../../UnrealEngine/MazeGameIB/Zadanie01IgaBudnik/Content/StarterContent/Textures/T_Single_Tile_N.uasset"
[2020.10.13-12.46.12:329][  0]LogPackFactory: Copied "../../../Samples/StarterContent/Content/StarterContent/Textures/T_Smoke_SubUV.uasset" to "../../../../../../UnrealEngine/MazeGameIB/Zadanie01IgaBudnik/Content/StarterContent/Textures/T_Smoke_SubUV.uasset"
[2020.10.13-12.46.12:331][  0]LogPackFactory: Copied "../../../Samples/StarterContent/Content/StarterContent/Textures/T_Smoke_Tiled_D.uasset" to "../../../../../../UnrealEngine/MazeGameIB/Zadanie01IgaBudnik/Content/StarterContent/Textures/T_Smoke_Tiled_D.uasset"
[2020.10.13-12.46.12:333][  0]LogPackFactory: Copied "../../../Samples/StarterContent/Content/StarterContent/Textures/T_Spark_Core.uasset" to "../../../../../../UnrealEngine/MazeGameIB/Zadanie01IgaBudnik/Content/StarterContent/Textures/T_Spark_Core.uasset"
[2020.10.13-12.46.12:337][  0]LogPackFactory: Copied "../../../Samples/StarterContent/Content/StarterContent/Textures/T_Statue_M.uasset" to "../../../../../../UnrealEngine/MazeGameIB/Zadanie01IgaBudnik/Content/StarterContent/Textures/T_Statue_M.uasset"
[2020.10.13-12.46.12:341][  0]LogPackFactory: Copied "../../../Samples/StarterContent/Content/StarterContent/Textures/T_Statue_N.uasset" to "../../../../../../UnrealEngine/MazeGameIB/Zadanie01IgaBudnik/Content/StarterContent/Textures/T_Statue_N.uasset"
[2020.10.13-12.46.12:346][  0]LogPackFactory: Copied "../../../Samples/StarterContent/Content/StarterContent/Textures/T_TableRound_M.uasset" to "../../../../../../UnrealEngine/MazeGameIB/Zadanie01IgaBudnik/Content/StarterContent/Textures/T_TableRound_M.uasset"
[2020.10.13-12.46.12:353][  0]LogPackFactory: Copied "../../../Samples/StarterContent/Content/StarterContent/Textures/T_TableRound_N.uasset" to "../../../../../../UnrealEngine/MazeGameIB/Zadanie01IgaBudnik/Content/StarterContent/Textures/T_TableRound_N.uasset"
[2020.10.13-12.46.12:355][  0]LogPackFactory: Copied "../../../Samples/StarterContent/Content/StarterContent/Textures/T_Tech_Dot_M.uasset" to "../../../../../../UnrealEngine/MazeGameIB/Zadanie01IgaBudnik/Content/StarterContent/Textures/T_Tech_Dot_M.uasset"
[2020.10.13-12.46.12:357][  0]LogPackFactory: Copied "../../../Samples/StarterContent/Content/StarterContent/Textures/T_Tech_Dot_N.uasset" to "../../../../../../UnrealEngine/MazeGameIB/Zadanie01IgaBudnik/Content/StarterContent/Textures/T_Tech_Dot_N.uasset"
[2020.10.13-12.46.12:364][  0]LogPackFactory: Copied "../../../Samples/StarterContent/Content/StarterContent/Textures/T_Tech_Hex_Tile_M.uasset" to "../../../../../../UnrealEngine/MazeGameIB/Zadanie01IgaBudnik/Content/StarterContent/Textures/T_Tech_Hex_Tile_M.uasset"
[2020.10.13-12.46.12:368][  0]LogPackFactory: Copied "../../../Samples/StarterContent/Content/StarterContent/Textures/T_Tech_Hex_Tile_N.uasset" to "../../../../../../UnrealEngine/MazeGameIB/Zadanie01IgaBudnik/Content/StarterContent/Textures/T_Tech_Hex_Tile_N.uasset"
[2020.10.13-12.46.12:399][  0]LogPackFactory: Copied "../../../Samples/StarterContent/Content/StarterContent/Textures/T_Tech_Panel_M.uasset" to "../../../../../../UnrealEngine/MazeGameIB/Zadanie01IgaBudnik/Content/StarterContent/Textures/T_Tech_Panel_M.uasset"
[2020.10.13-12.46.12:409][  0]LogPackFactory: Copied "../../../Samples/StarterContent/Content/StarterContent/Textures/T_Tech_Panel_N.uasset" to "../../../../../../UnrealEngine/MazeGameIB/Zadanie01IgaBudnik/Content/StarterContent/Textures/T_Tech_Panel_N.uasset"
[2020.10.13-12.46.12:417][  0]LogPackFactory: Copied "../../../Samples/StarterContent/Content/StarterContent/Textures/T_Water_M.uasset" to "../../../../../../UnrealEngine/MazeGameIB/Zadanie01IgaBudnik/Content/StarterContent/Textures/T_Water_M.uasset"
[2020.10.13-12.46.12:427][  0]LogPackFactory: Copied "../../../Samples/StarterContent/Content/StarterContent/Textures/T_Water_N.uasset" to "../../../../../../UnrealEngine/MazeGameIB/Zadanie01IgaBudnik/Content/StarterContent/Textures/T_Water_N.uasset"
[2020.10.13-12.46.12:443][  0]LogPackFactory: Copied "../../../Samples/StarterContent/Content/StarterContent/Textures/T_Wood_Floor_Walnut_D.uasset" to "../../../../../../UnrealEngine/MazeGameIB/Zadanie01IgaBudnik/Content/StarterContent/Textures/T_Wood_Floor_Walnut_D.uasset"
[2020.10.13-12.46.12:488][  0]LogPackFactory: Copied "../../../Samples/StarterContent/Content/StarterContent/Textures/T_Wood_Floor_Walnut_M.uasset" to "../../../../../../UnrealEngine/MazeGameIB/Zadanie01IgaBudnik/Content/StarterContent/Textures/T_Wood_Floor_Walnut_M.uasset"
[2020.10.13-12.46.12:502][  0]LogPackFactory: Copied "../../../Samples/StarterContent/Content/StarterContent/Textures/T_Wood_Floor_Walnut_N.uasset" to "../../../../../../UnrealEngine/MazeGameIB/Zadanie01IgaBudnik/Content/StarterContent/Textures/T_Wood_Floor_Walnut_N.uasset"
[2020.10.13-12.46.12:700][  0]LogPackFactory: Copied "../../../Samples/StarterContent/Content/StarterContent/Textures/T_Wood_Oak_D.uasset" to "../../../../../../UnrealEngine/MazeGameIB/Zadanie01IgaBudnik/Content/StarterContent/Textures/T_Wood_Oak_D.uasset"
[2020.10.13-12.46.12:985][  0]LogPackFactory: Copied "../../../Samples/StarterContent/Content/StarterContent/Textures/T_Wood_Oak_N.uasset" to "../../../../../../UnrealEngine/MazeGameIB/Zadanie01IgaBudnik/Content/StarterContent/Textures/T_Wood_Oak_N.uasset"
[2020.10.13-12.46.13:021][  0]LogPackFactory: Copied "../../../Samples/StarterContent/Content/StarterContent/Textures/T_Wood_Pine_D.uasset" to "../../../../../../UnrealEngine/MazeGameIB/Zadanie01IgaBudnik/Content/StarterContent/Textures/T_Wood_Pine_D.uasset"
[2020.10.13-12.46.13:035][  0]LogPackFactory: Copied "../../../Samples/StarterContent/Content/StarterContent/Textures/T_Wood_Pine_N.uasset" to "../../../../../../UnrealEngine/MazeGameIB/Zadanie01IgaBudnik/Content/StarterContent/Textures/T_Wood_Pine_N.uasset"
[2020.10.13-12.46.13:058][  0]LogPackFactory: Copied "../../../Samples/StarterContent/Content/StarterContent/Textures/T_Wood_Walnut_D.uasset" to "../../../../../../UnrealEngine/MazeGameIB/Zadanie01IgaBudnik/Content/StarterContent/Textures/T_Wood_Walnut_D.uasset"
[2020.10.13-12.46.13:072][  0]LogPackFactory: Copied "../../../Samples/StarterContent/Content/StarterContent/Textures/T_Wood_Walnut_N.uasset" to "../../../../../../UnrealEngine/MazeGameIB/Zadanie01IgaBudnik/Content/StarterContent/Textures/T_Wood_Walnut_N.uasset"
[2020.10.13-12.46.13:253][  0]LogRenderer: Reallocating scene render targets to support 256x256 Format 10 NumSamples 1 (Frame:1).
[2020.10.13-12.46.13:416][  0]LogSavePackage: Moving '../../../../../../UnrealEngine/MazeGameIB/Zadanie01IgaBudnik/Saved/Floor_400x40069590AAC4816FABCF3F59A908A1F4BDF.tmp' to '../../../../../../UnrealEngine/MazeGameIB/Zadanie01IgaBudnik/Content/StarterContent/Architecture/Floor_400x400.uasset'
[2020.10.13-12.46.13:429][  0]LogFeaturePack: Warning: Inserted 1 feature packs
[2020.10.13-12.46.13:432][  0]Cmd: MAP LOAD FILE="../../../../../../UnrealEngine/MazeGameIB/Zadanie01IgaBudnik/Content/StarterContent/Maps/Minimal_Default.umap" TEMPLATE=0 SHOWPROGRESS=1 FEATURELEVEL=3
[2020.10.13-12.46.13:434][  0]LightingResults: New page: Lighting Build
[2020.10.13-12.46.13:462][  0]MapCheck: New page: Map Check
[2020.10.13-12.46.13:462][  0]LightingResults: New page: Lighting Build
[2020.10.13-12.46.13:980][  0]LogAIModule: Creating AISystem for world Minimal_Default
[2020.10.13-12.46.14:025][  0]LogEditorServer: Finished looking for orphan Actors (0.000 secs)
[2020.10.13-12.46.14:051][  0]Cmd: MAP CHECKDEP NOCLEARLOG
[2020.10.13-12.46.14:149][  0]MapCheck: Map check complete: 0 Error(s), 0 Warning(s), took 98,383ms to complete.
[2020.10.13-12.46.14:150][  0]LogFileHelpers: Loading map 'Minimal_Default' took 0.719
[2020.10.13-12.46.14:411][  0]LogSlate: Updating window title bar state: overlay mode, drag disabled, window buttons hidden, title bar hidden
[2020.10.13-12.46.14:420][  0]LogSlate: Updating window title bar state: overlay mode, drag disabled, window buttons hidden, title bar hidden
[2020.10.13-12.46.14:426][  0]LogSlate: Updating window title bar state: overlay mode, drag disabled, window buttons hidden, title bar hidden
[2020.10.13-12.46.14:431][  0]LogSlate: Updating window title bar state: overlay mode, drag disabled, window buttons hidden, title bar hidden
[2020.10.13-12.46.14:455][  0]LogCollectionManager: Loaded 0 collections in 0.001917 seconds
[2020.10.13-12.46.14:534][  0]LogFileCache: Scanning file cache for directory 'C:/UnrealEngine/MazeGameIB/Zadanie01IgaBudnik/Saved/Collections/' took 0.01s
[2020.10.13-12.46.14:534][  0]LogFileCache: Scanning file cache for directory 'C:/UnrealEngine/MazeGameIB/Zadanie01IgaBudnik/Content/Developers/niech/Collections/' took 0.01s
[2020.10.13-12.46.14:534][  0]LogFileCache: Scanning file cache for directory 'C:/UnrealEngine/MazeGameIB/Zadanie01IgaBudnik/Content/Collections/' took 0.01s
[2020.10.13-12.46.14:534][  0]LogCollectionManager: Rebuilt the GUID cache for 0 collections in 0.000000 seconds
[2020.10.13-12.46.14:547][  0]LogContentBrowser: Native class hierarchy populated in 0.0102 seconds. Added 2572 classes and 603 folders.
[2020.10.13-12.46.14:572][  0]LogContentBrowser: Native class hierarchy updated for 'WidgetCarousel' in 0.0002 seconds. Added 0 classes and 0 folders.
[2020.10.13-12.46.14:723][  0]LogContentBrowser: Native class hierarchy updated for 'AddContentDialog' in 0.0002 seconds. Added 0 classes and 0 folders.
[2020.10.13-12.46.14:785][  0]LogContentBrowser: Native class hierarchy updated for 'SceneOutliner' in 0.0002 seconds. Added 1 classes and 2 folders.
[2020.10.13-12.46.14:822][  0]LogSlate: Took 0.003230 seconds to synchronously load lazily loaded font '../../../Engine/Content/Slate/Fonts/Roboto-Regular.ttf' (155K)
[2020.10.13-12.46.14:833][  0]LogSlate: Took 0.001552 seconds to synchronously load lazily loaded font '../../../Engine/Content/Slate/Fonts/Roboto-Bold.ttf' (160K)
[2020.10.13-12.46.14:842][  0]LogSlate: Took 0.001208 seconds to synchronously load lazily loaded font '../../../Engine/Content/Editor/Slate/Fonts/FontAwesome.ttf' (139K)
[2020.10.13-12.46.14:923][  0]LogRenderer: Reallocating scene render targets to support 964x528 Format 10 NumSamples 1 (Frame:1).
[2020.10.13-12.46.14:974][  0]LogSlate: Took 0.002100 seconds to synchronously load lazily loaded font '../../../Engine/Content/Slate/Fonts/Roboto-Light.ttf' (167K)
[2020.10.13-12.46.15:099][  0]LogContentBrowser: Native class hierarchy updated for 'HierarchicalLODOutliner' in 0.0003 seconds. Added 0 classes and 0 folders.
[2020.10.13-12.46.15:099][  0]LogLoad: (Engine Initialization) Total time: 13.94 seconds
[2020.10.13-12.46.15:099][  0]LogLoad: (Engine Initialization) Total Blueprint compile time: 0.00 seconds
[2020.10.13-12.46.15:417][  0]LogContentStreaming: Texture pool size now 1000 MB
[2020.10.13-12.46.15:581][  1]LogAssetRegistry: Asset discovery search completed in 10.1579 seconds
[2020.10.13-12.46.15:582][  1]LogCollectionManager: Rebuilt the object cache for 0 collections in 0.000000 seconds (found 0 objects)
[2020.10.13-12.46.15:582][  1]LogCollectionManager: Fixed up redirectors for 0 collections in 0.000058 seconds (updated 0 objects)
[2020.10.13-12.46.24:410][479]LogEditorViewport: Clicking on Actor (LMB): StaticMeshActor (Floor)
[2020.10.13-12.46.38:179][272]LogEditorViewport: Clicking on Actor (LMB): StaticMeshActor (Floor3)
[2020.10.13-12.46.51:028][ 38]LogEditorViewport: Clicking on Actor (LMB): BP_Sky_Sphere_C (BP_Sky_Sphere)
[2020.10.13-12.46.56:949][392]LogEditorViewport: Clicking on Actor (LMB): StaticMeshActor (Table)
[2020.10.13-12.47.10:404][189]LogSlate: FSceneViewport::OnFocusLost() reason 0
